[0.024s] Invoking command in '/home/a/harurobo/build/joy_linux': CMAKE_PREFIX_PATH=${CMAKE_PREFIX_PATH}:/home/a/ros2_ws/install/py_pubsub:/home/a/ros2_ws/install/launch_testing_examples:/home/a/ros2_ws/install/examples_rclpy_pointcloud_publisher:/home/a/ros2_ws/install/examples_rclpy_minimal_subscriber:/home/a/ros2_ws/install/examples_rclpy_minimal_service:/home/a/ros2_ws/install/examples_rclpy_minimal_publisher:/home/a/ros2_ws/install/examples_rclpy_minimal_client:/home/a/ros2_ws/install/examples_rclpy_minimal_action_server:/home/a/ros2_ws/install/examples_rclpy_minimal_action_client:/home/a/ros2_ws/install/examples_rclpy_guard_conditions:/home/a/ros2_ws/install/examples_rclpy_executors:/opt/ros/humble /usr/bin/cmake --build /home/a/harurobo/build/joy_linux -- -j6 -l6
[0.374s] [100%] Built target joy_linux_node
[0.386s] Invoked command in '/home/a/harurobo/build/joy_linux' returned '0': CMAKE_PREFIX_PATH=${CMAKE_PREFIX_PATH}:/home/a/ros2_ws/install/py_pubsub:/home/a/ros2_ws/install/launch_testing_examples:/home/a/ros2_ws/install/examples_rclpy_pointcloud_publisher:/home/a/ros2_ws/install/examples_rclpy_minimal_subscriber:/home/a/ros2_ws/install/examples_rclpy_minimal_service:/home/a/ros2_ws/install/examples_rclpy_minimal_publisher:/home/a/ros2_ws/install/examples_rclpy_minimal_client:/home/a/ros2_ws/install/examples_rclpy_minimal_action_server:/home/a/ros2_ws/install/examples_rclpy_minimal_action_client:/home/a/ros2_ws/install/examples_rclpy_guard_conditions:/home/a/ros2_ws/install/examples_rclpy_executors:/opt/ros/humble /usr/bin/cmake --build /home/a/harurobo/build/joy_linux -- -j6 -l6
[0.389s] Invoking command in '/home/a/harurobo/build/joy_linux': CMAKE_PREFIX_PATH=${CMAKE_PREFIX_PATH}:/home/a/ros2_ws/install/py_pubsub:/home/a/ros2_ws/install/launch_testing_examples:/home/a/ros2_ws/install/examples_rclpy_pointcloud_publisher:/home/a/ros2_ws/install/examples_rclpy_minimal_subscriber:/home/a/ros2_ws/install/examples_rclpy_minimal_service:/home/a/ros2_ws/install/examples_rclpy_minimal_publisher:/home/a/ros2_ws/install/examples_rclpy_minimal_client:/home/a/ros2_ws/install/examples_rclpy_minimal_action_server:/home/a/ros2_ws/install/examples_rclpy_minimal_action_client:/home/a/ros2_ws/install/examples_rclpy_guard_conditions:/home/a/ros2_ws/install/examples_rclpy_executors:/opt/ros/humble /usr/bin/cmake --install /home/a/harurobo/build/joy_linux
[0.393s] -- Install configuration: ""
[0.394s] -- Up-to-date: /home/a/harurobo/install/joy_linux/lib/joy_linux/joy_linux_node
[0.396s] -- Up-to-date: /home/a/harurobo/install/joy_linux/share/ament_index/resource_index/package_run_dependencies/joy_linux
[0.396s] -- Up-to-date: /home/a/harurobo/install/joy_linux/share/ament_index/resource_index/parent_prefix_path/joy_linux
[0.396s] -- Up-to-date: /home/a/harurobo/install/joy_linux/share/joy_linux/environment/ament_prefix_path.sh
[0.396s] -- Up-to-date: /home/a/harurobo/install/joy_linux/share/joy_linux/environment/ament_prefix_path.dsv
[0.396s] -- Up-to-date: /home/a/harurobo/install/joy_linux/share/joy_linux/environment/path.sh
[0.396s] -- Up-to-date: /home/a/harurobo/install/joy_linux/share/joy_linux/environment/path.dsv
[0.396s] -- Up-to-date: /home/a/harurobo/install/joy_linux/share/joy_linux/local_setup.bash
[0.396s] -- Up-to-date: /home/a/harurobo/install/joy_linux/share/joy_linux/local_setup.sh
[0.396s] -- Up-to-date: /home/a/harurobo/install/joy_linux/share/joy_linux/local_setup.zsh
[0.396s] -- Up-to-date: /home/a/harurobo/install/joy_linux/share/joy_linux/local_setup.dsv
[0.396s] -- Installing: /home/a/harurobo/install/joy_linux/share/joy_linux/package.dsv
[0.397s] -- Up-to-date: /home/a/harurobo/install/joy_linux/share/ament_index/resource_index/packages/joy_linux
[0.397s] -- Up-to-date: /home/a/harurobo/install/joy_linux/share/joy_linux/cmake/joy_linuxConfig.cmake
[0.397s] -- Up-to-date: /home/a/harurobo/install/joy_linux/share/joy_linux/cmake/joy_linuxConfig-version.cmake
[0.397s] -- Up-to-date: /home/a/harurobo/install/joy_linux/share/joy_linux/package.xml
[0.413s] Invoked command in '/home/a/harurobo/build/joy_linux' returned '0': CMAKE_PREFIX_PATH=${CMAKE_PREFIX_PATH}:/home/a/ros2_ws/install/py_pubsub:/home/a/ros2_ws/install/launch_testing_examples:/home/a/ros2_ws/install/examples_rclpy_pointcloud_publisher:/home/a/ros2_ws/install/examples_rclpy_minimal_subscriber:/home/a/ros2_ws/install/examples_rclpy_minimal_service:/home/a/ros2_ws/install/examples_rclpy_minimal_publisher:/home/a/ros2_ws/install/examples_rclpy_minimal_client:/home/a/ros2_ws/install/examples_rclpy_minimal_action_server:/home/a/ros2_ws/install/examples_rclpy_minimal_action_client:/home/a/ros2_ws/install/examples_rclpy_guard_conditions:/home/a/ros2_ws/install/examples_rclpy_executors:/opt/ros/humble /usr/bin/cmake --install /home/a/harurobo/build/joy_linux
