running egg_info
creating ../../build/joy_sub/joy_sub.egg-info
writing ../../build/joy_sub/joy_sub.egg-info/PKG-INFO
writing dependency_links to ../../build/joy_sub/joy_sub.egg-info/dependency_links.txt
writing entry points to ../../build/joy_sub/joy_sub.egg-info/entry_points.txt
writing requirements to ../../build/joy_sub/joy_sub.egg-info/requires.txt
writing top-level names to ../../build/joy_sub/joy_sub.egg-info/top_level.txt
writing manifest file '../../build/joy_sub/joy_sub.egg-info/SOURCES.txt'
reading manifest file '../../build/joy_sub/joy_sub.egg-info/SOURCES.txt'
writing manifest file '../../build/joy_sub/joy_sub.egg-info/SOURCES.txt'
running build
running build_py
creating /home/a/harurobo/build/joy_sub/build
creating /home/a/harurobo/build/joy_sub/build/lib
creating /home/a/harurobo/build/joy_sub/build/lib/joy_sub
copying joy_sub/__init__.py -> /home/a/harurobo/build/joy_sub/build/lib/joy_sub
copying joy_sub/joy_sub.py -> /home/a/harurobo/build/joy_sub/build/lib/joy_sub
running install
running install_lib
creating /home/a/harurobo/install/joy_sub/lib/python3.10/site-packages/joy_sub
copying /home/a/harurobo/build/joy_sub/build/lib/joy_sub/__init__.py -> /home/a/harurobo/install/joy_sub/lib/python3.10/site-packages/joy_sub
copying /home/a/harurobo/build/joy_sub/build/lib/joy_sub/joy_sub.py -> /home/a/harurobo/install/joy_sub/lib/python3.10/site-packages/joy_sub
byte-compiling /home/a/harurobo/install/joy_sub/lib/python3.10/site-packages/joy_sub/__init__.py to __init__.cpython-310.pyc
byte-compiling /home/a/harurobo/install/joy_sub/lib/python3.10/site-packages/joy_sub/joy_sub.py to joy_sub.cpython-310.pyc
running install_data
creating /home/a/harurobo/install/joy_sub/share/ament_index
creating /home/a/harurobo/install/joy_sub/share/ament_index/resource_index
creating /home/a/harurobo/install/joy_sub/share/ament_index/resource_index/packages
copying resource/joy_sub -> /home/a/harurobo/install/joy_sub/share/ament_index/resource_index/packages
copying package.xml -> /home/a/harurobo/install/joy_sub/share/joy_sub
running install_egg_info
Copying ../../build/joy_sub/joy_sub.egg-info to /home/a/harurobo/install/joy_sub/lib/python3.10/site-packages/joy_sub-0.0.0-py3.10.egg-info
running install_scripts
Installing joy_sub script to /home/a/harurobo/install/joy_sub/lib/joy_sub
writing list of installed files to '/home/a/harurobo/build/joy_sub/install.log'
