[0.646s] Invoking command in '/home/a/harurobo/src/joy_sub': PYTHONPATH=/home/a/harurobo/build/joy_sub/prefix_override:/usr/lib/python3/dist-packages/colcon_core/task/python/colcon_distutils_commands:/home/a/harurobo/install/joy_sub/lib/python3.10/site-packages:${PYTHONPATH} /usr/bin/python3 -W ignore:setup.py install is deprecated -W ignore:easy_install command is deprecated setup.py egg_info --egg-base ../../build/joy_sub build --build-base /home/a/harurobo/build/joy_sub/build install --record /home/a/harurobo/build/joy_sub/install.log --single-version-externally-managed install_data
[0.824s] running egg_info
[0.824s] creating ../../build/joy_sub/joy_sub.egg-info
[0.824s] writing ../../build/joy_sub/joy_sub.egg-info/PKG-INFO
[0.825s] writing dependency_links to ../../build/joy_sub/joy_sub.egg-info/dependency_links.txt
[0.825s] writing entry points to ../../build/joy_sub/joy_sub.egg-info/entry_points.txt
[0.825s] writing requirements to ../../build/joy_sub/joy_sub.egg-info/requires.txt
[0.825s] writing top-level names to ../../build/joy_sub/joy_sub.egg-info/top_level.txt
[0.825s] writing manifest file '../../build/joy_sub/joy_sub.egg-info/SOURCES.txt'
[0.826s] reading manifest file '../../build/joy_sub/joy_sub.egg-info/SOURCES.txt'
[0.826s] writing manifest file '../../build/joy_sub/joy_sub.egg-info/SOURCES.txt'
[0.826s] running build
[0.826s] running build_py
[0.826s] creating /home/a/harurobo/build/joy_sub/build
[0.826s] creating /home/a/harurobo/build/joy_sub/build/lib
[0.827s] creating /home/a/harurobo/build/joy_sub/build/lib/joy_sub
[0.827s] copying joy_sub/__init__.py -> /home/a/harurobo/build/joy_sub/build/lib/joy_sub
[0.827s] copying joy_sub/joy_sub.py -> /home/a/harurobo/build/joy_sub/build/lib/joy_sub
[0.827s] running install
[0.827s] running install_lib
[0.828s] creating /home/a/harurobo/install/joy_sub/lib/python3.10/site-packages/joy_sub
[0.828s] copying /home/a/harurobo/build/joy_sub/build/lib/joy_sub/__init__.py -> /home/a/harurobo/install/joy_sub/lib/python3.10/site-packages/joy_sub
[0.828s] copying /home/a/harurobo/build/joy_sub/build/lib/joy_sub/joy_sub.py -> /home/a/harurobo/install/joy_sub/lib/python3.10/site-packages/joy_sub
[0.828s] byte-compiling /home/a/harurobo/install/joy_sub/lib/python3.10/site-packages/joy_sub/__init__.py to __init__.cpython-310.pyc
[0.828s] byte-compiling /home/a/harurobo/install/joy_sub/lib/python3.10/site-packages/joy_sub/joy_sub.py to joy_sub.cpython-310.pyc
[0.828s] running install_data
[0.828s] creating /home/a/harurobo/install/joy_sub/share/ament_index
[0.828s] creating /home/a/harurobo/install/joy_sub/share/ament_index/resource_index
[0.828s] creating /home/a/harurobo/install/joy_sub/share/ament_index/resource_index/packages
[0.828s] copying resource/joy_sub -> /home/a/harurobo/install/joy_sub/share/ament_index/resource_index/packages
[0.828s] copying package.xml -> /home/a/harurobo/install/joy_sub/share/joy_sub
[0.828s] running install_egg_info
[0.829s] Copying ../../build/joy_sub/joy_sub.egg-info to /home/a/harurobo/install/joy_sub/lib/python3.10/site-packages/joy_sub-0.0.0-py3.10.egg-info
[0.830s] running install_scripts
[0.849s] Installing joy_sub script to /home/a/harurobo/install/joy_sub/lib/joy_sub
[0.850s] writing list of installed files to '/home/a/harurobo/build/joy_sub/install.log'
