[0.029s] Invoking command in '/home/a/harurobo/build/diagnostic_aggregator': CMAKE_PREFIX_PATH=${CMAKE_PREFIX_PATH}:/home/a/harurobo/install/joy_sub:/home/a/ros2_ws/install/py_pubsub:/home/a/ros2_ws/install/launch_testing_examples:/home/a/ros2_ws/install/examples_rclpy_pointcloud_publisher:/home/a/ros2_ws/install/examples_rclpy_minimal_subscriber:/home/a/ros2_ws/install/examples_rclpy_minimal_service:/home/a/ros2_ws/install/examples_rclpy_minimal_publisher:/home/a/ros2_ws/install/examples_rclpy_minimal_client:/home/a/ros2_ws/install/examples_rclpy_minimal_action_server:/home/a/ros2_ws/install/examples_rclpy_minimal_action_client:/home/a/ros2_ws/install/examples_rclpy_guard_conditions:/home/a/ros2_ws/install/examples_rclpy_executors:/opt/ros/humble /usr/bin/cmake --build /home/a/harurobo/build/diagnostic_aggregator -- -j6 -l6
[0.338s] [  0%] Built target ament_cmake_python_copy_diagnostic_aggregator
[0.338s] [ 33%] Built target diagnostic_aggregator
[0.338s] [ 50%] Built target add_analyzer
[0.338s] [ 83%] Built target diagnostic_aggregator_analyzers
[0.338s] [100%] Built target aggregator_node
[0.385s] running egg_info
[0.386s] writing diagnostic_aggregator.egg-info/PKG-INFO
[0.386s] writing dependency_links to diagnostic_aggregator.egg-info/dependency_links.txt
[0.386s] writing top-level names to diagnostic_aggregator.egg-info/top_level.txt
[0.387s] reading manifest file 'diagnostic_aggregator.egg-info/SOURCES.txt'
[0.388s] writing manifest file 'diagnostic_aggregator.egg-info/SOURCES.txt'
[0.409s] [100%] Built target ament_cmake_python_build_diagnostic_aggregator_egg
[0.517s] Invoked command in '/home/a/harurobo/build/diagnostic_aggregator' returned '0': CMAKE_PREFIX_PATH=${CMAKE_PREFIX_PATH}:/home/a/harurobo/install/joy_sub:/home/a/ros2_ws/install/py_pubsub:/home/a/ros2_ws/install/launch_testing_examples:/home/a/ros2_ws/install/examples_rclpy_pointcloud_publisher:/home/a/ros2_ws/install/examples_rclpy_minimal_subscriber:/home/a/ros2_ws/install/examples_rclpy_minimal_service:/home/a/ros2_ws/install/examples_rclpy_minimal_publisher:/home/a/ros2_ws/install/examples_rclpy_minimal_client:/home/a/ros2_ws/install/examples_rclpy_minimal_action_server:/home/a/ros2_ws/install/examples_rclpy_minimal_action_client:/home/a/ros2_ws/install/examples_rclpy_guard_conditions:/home/a/ros2_ws/install/examples_rclpy_executors:/opt/ros/humble /usr/bin/cmake --build /home/a/harurobo/build/diagnostic_aggregator -- -j6 -l6
[0.517s] Invoking command in '/home/a/harurobo/build/diagnostic_aggregator': CMAKE_PREFIX_PATH=${CMAKE_PREFIX_PATH}:/home/a/harurobo/install/joy_sub:/home/a/ros2_ws/install/py_pubsub:/home/a/ros2_ws/install/launch_testing_examples:/home/a/ros2_ws/install/examples_rclpy_pointcloud_publisher:/home/a/ros2_ws/install/examples_rclpy_minimal_subscriber:/home/a/ros2_ws/install/examples_rclpy_minimal_service:/home/a/ros2_ws/install/examples_rclpy_minimal_publisher:/home/a/ros2_ws/install/examples_rclpy_minimal_client:/home/a/ros2_ws/install/examples_rclpy_minimal_action_server:/home/a/ros2_ws/install/examples_rclpy_minimal_action_client:/home/a/ros2_ws/install/examples_rclpy_guard_conditions:/home/a/ros2_ws/install/examples_rclpy_executors:/opt/ros/humble /usr/bin/cmake --install /home/a/harurobo/build/diagnostic_aggregator
[0.530s] -- Install configuration: ""
[0.530s] -- Up-to-date: /home/a/harurobo/install/diagnostic_aggregator/lib/diagnostic_aggregator/aggregator_node
[0.531s] -- Up-to-date: /home/a/harurobo/install/diagnostic_aggregator/lib/diagnostic_aggregator/add_analyzer
[0.531s] -- Up-to-date: /home/a/harurobo/install/diagnostic_aggregator/lib/libdiagnostic_aggregator.so
[0.531s] -- Up-to-date: /home/a/harurobo/install/diagnostic_aggregator/lib/libdiagnostic_aggregator_analyzers.so
[0.532s] -- Up-to-date: /home/a/harurobo/install/diagnostic_aggregator/include
[0.532s] -- Up-to-date: /home/a/harurobo/install/diagnostic_aggregator/include/diagnostic_aggregator
[0.532s] -- Up-to-date: /home/a/harurobo/install/diagnostic_aggregator/include/diagnostic_aggregator/ignore_analyzer.hpp
[0.532s] -- Up-to-date: /home/a/harurobo/install/diagnostic_aggregator/include/diagnostic_aggregator/generic_analyzer.hpp
[0.532s] -- Up-to-date: /home/a/harurobo/install/diagnostic_aggregator/include/diagnostic_aggregator/analyzer_group.hpp
[0.532s] -- Up-to-date: /home/a/harurobo/install/diagnostic_aggregator/include/diagnostic_aggregator/other_analyzer.hpp
[0.533s] -- Up-to-date: /home/a/harurobo/install/diagnostic_aggregator/include/diagnostic_aggregator/analyzer.hpp
[0.533s] -- Up-to-date: /home/a/harurobo/install/diagnostic_aggregator/include/diagnostic_aggregator/visibility_control.hpp
[0.533s] -- Up-to-date: /home/a/harurobo/install/diagnostic_aggregator/include/diagnostic_aggregator/discard_analyzer.hpp
[0.533s] -- Up-to-date: /home/a/harurobo/install/diagnostic_aggregator/include/diagnostic_aggregator/generic_analyzer_base.hpp
[0.533s] -- Up-to-date: /home/a/harurobo/install/diagnostic_aggregator/include/diagnostic_aggregator/aggregator.hpp
[0.533s] -- Up-to-date: /home/a/harurobo/install/diagnostic_aggregator/include/diagnostic_aggregator/status_item.hpp
[0.533s] -- Up-to-date: /home/a/harurobo/install/diagnostic_aggregator/share/diagnostic_aggregator/environment/pythonpath.sh
[0.533s] -- Up-to-date: /home/a/harurobo/install/diagnostic_aggregator/share/diagnostic_aggregator/environment/pythonpath.dsv
[0.533s] -- Up-to-date: /home/a/harurobo/install/diagnostic_aggregator/local/lib/python3.10/dist-packages/diagnostic_aggregator-4.3.1-py3.10.egg-info
[0.533s] -- Installing: /home/a/harurobo/install/diagnostic_aggregator/local/lib/python3.10/dist-packages/diagnostic_aggregator-4.3.1-py3.10.egg-info/PKG-INFO
[0.533s] -- Installing: /home/a/harurobo/install/diagnostic_aggregator/local/lib/python3.10/dist-packages/diagnostic_aggregator-4.3.1-py3.10.egg-info/top_level.txt
[0.533s] -- Installing: /home/a/harurobo/install/diagnostic_aggregator/local/lib/python3.10/dist-packages/diagnostic_aggregator-4.3.1-py3.10.egg-info/dependency_links.txt
[0.534s] -- Installing: /home/a/harurobo/install/diagnostic_aggregator/local/lib/python3.10/dist-packages/diagnostic_aggregator-4.3.1-py3.10.egg-info/SOURCES.txt
[0.534s] -- Up-to-date: /home/a/harurobo/install/diagnostic_aggregator/local/lib/python3.10/dist-packages/diagnostic_aggregator
[0.534s] -- Up-to-date: /home/a/harurobo/install/diagnostic_aggregator/local/lib/python3.10/dist-packages/diagnostic_aggregator/__init__.py
[0.556s] Listing '/home/a/harurobo/install/diagnostic_aggregator/local/lib/python3.10/dist-packages/diagnostic_aggregator'...
[0.559s] -- Up-to-date: /home/a/harurobo/install/diagnostic_aggregator/share/diagnostic_aggregator/example.launch.py
[0.559s] -- Up-to-date: /home/a/harurobo/install/diagnostic_aggregator/lib/diagnostic_aggregator/example_pub.py
[0.560s] -- Up-to-date: /home/a/harurobo/install/diagnostic_aggregator/share/diagnostic_aggregator/example_analyzers.yaml
[0.561s] -- Up-to-date: /home/a/harurobo/install/diagnostic_aggregator/share/diagnostic_aggregator/example_add_analyzers.yaml
[0.561s] -- Up-to-date: /home/a/harurobo/install/diagnostic_aggregator/share/diagnostic_aggregator/plugin_description.xml
[0.561s] -- Up-to-date: /home/a/harurobo/install/diagnostic_aggregator/share/diagnostic_aggregator/environment/library_path.sh
[0.561s] -- Up-to-date: /home/a/harurobo/install/diagnostic_aggregator/share/diagnostic_aggregator/environment/library_path.dsv
[0.561s] -- Up-to-date: /home/a/harurobo/install/diagnostic_aggregator/share/ament_index/resource_index/package_run_dependencies/diagnostic_aggregator
[0.561s] -- Up-to-date: /home/a/harurobo/install/diagnostic_aggregator/share/ament_index/resource_index/parent_prefix_path/diagnostic_aggregator
[0.561s] -- Up-to-date: /home/a/harurobo/install/diagnostic_aggregator/share/diagnostic_aggregator/environment/ament_prefix_path.sh
[0.561s] -- Up-to-date: /home/a/harurobo/install/diagnostic_aggregator/share/diagnostic_aggregator/environment/ament_prefix_path.dsv
[0.561s] -- Up-to-date: /home/a/harurobo/install/diagnostic_aggregator/share/diagnostic_aggregator/environment/path.sh
[0.561s] -- Up-to-date: /home/a/harurobo/install/diagnostic_aggregator/share/diagnostic_aggregator/environment/path.dsv
[0.561s] -- Up-to-date: /home/a/harurobo/install/diagnostic_aggregator/share/diagnostic_aggregator/local_setup.bash
[0.561s] -- Up-to-date: /home/a/harurobo/install/diagnostic_aggregator/share/diagnostic_aggregator/local_setup.sh
[0.562s] -- Up-to-date: /home/a/harurobo/install/diagnostic_aggregator/share/diagnostic_aggregator/local_setup.zsh
[0.562s] -- Up-to-date: /home/a/harurobo/install/diagnostic_aggregator/share/diagnostic_aggregator/local_setup.dsv
[0.562s] -- Installing: /home/a/harurobo/install/diagnostic_aggregator/share/diagnostic_aggregator/package.dsv
[0.563s] -- Up-to-date: /home/a/harurobo/install/diagnostic_aggregator/share/ament_index/resource_index/packages/diagnostic_aggregator
[0.563s] -- Up-to-date: /home/a/harurobo/install/diagnostic_aggregator/share/ament_index/resource_index/diagnostic_aggregator__pluginlib__plugin/diagnostic_aggregator
[0.563s] -- Up-to-date: /home/a/harurobo/install/diagnostic_aggregator/share/diagnostic_aggregator/cmake/diagnostic_aggregatorTargetsExport.cmake
[0.563s] -- Up-to-date: /home/a/harurobo/install/diagnostic_aggregator/share/diagnostic_aggregator/cmake/diagnostic_aggregatorTargetsExport-noconfig.cmake
[0.563s] -- Up-to-date: /home/a/harurobo/install/diagnostic_aggregator/share/diagnostic_aggregator/cmake/ament_cmake_export_targets-extras.cmake
[0.563s] -- Up-to-date: /home/a/harurobo/install/diagnostic_aggregator/share/diagnostic_aggregator/cmake/ament_cmake_export_include_directories-extras.cmake
[0.564s] -- Up-to-date: /home/a/harurobo/install/diagnostic_aggregator/share/diagnostic_aggregator/cmake/ament_cmake_export_dependencies-extras.cmake
[0.564s] -- Up-to-date: /home/a/harurobo/install/diagnostic_aggregator/share/diagnostic_aggregator/cmake/diagnostic_aggregatorConfig.cmake
[0.564s] -- Up-to-date: /home/a/harurobo/install/diagnostic_aggregator/share/diagnostic_aggregator/cmake/diagnostic_aggregatorConfig-version.cmake
[0.564s] -- Up-to-date: /home/a/harurobo/install/diagnostic_aggregator/share/diagnostic_aggregator/package.xml
[0.597s] Invoked command in '/home/a/harurobo/build/diagnostic_aggregator' returned '0': CMAKE_PREFIX_PATH=${CMAKE_PREFIX_PATH}:/home/a/harurobo/install/joy_sub:/home/a/ros2_ws/install/py_pubsub:/home/a/ros2_ws/install/launch_testing_examples:/home/a/ros2_ws/install/examples_rclpy_pointcloud_publisher:/home/a/ros2_ws/install/examples_rclpy_minimal_subscriber:/home/a/ros2_ws/install/examples_rclpy_minimal_service:/home/a/ros2_ws/install/examples_rclpy_minimal_publisher:/home/a/ros2_ws/install/examples_rclpy_minimal_client:/home/a/ros2_ws/install/examples_rclpy_minimal_action_server:/home/a/ros2_ws/install/examples_rclpy_minimal_action_client:/home/a/ros2_ws/install/examples_rclpy_guard_conditions:/home/a/ros2_ws/install/examples_rclpy_executors:/opt/ros/humble /usr/bin/cmake --install /home/a/harurobo/build/diagnostic_aggregator
