-- Found ament_cmake: 1.3.10 (/opt/ros/humble/share/ament_cmake/cmake)
-- Override CMake install command with custom implementation using symlinks instead of copying resources
-- Found geometry_msgs: 4.2.4 (/opt/ros/humble/share/geometry_msgs/cmake)
-- Found rosidl_generator_c: 3.1.5 (/opt/ros/humble/share/rosidl_generator_c/cmake)
-- Found rosidl_adapter: 3.1.5 (/opt/ros/humble/share/rosidl_adapter/cmake)
-- Found rosidl_generator_cpp: 3.1.5 (/opt/ros/humble/share/rosidl_generator_cpp/cmake)
-- Using all available rosidl_typesupport_c: rosidl_typesupport_fastrtps_c;rosidl_typesupport_introspection_c
-- Using all available rosidl_typesupport_cpp: rosidl_typesupport_fastrtps_cpp;rosidl_typesupport_introspection_cpp
-- Found rclcpp: 16.0.10 (/opt/ros/humble/share/rclcpp/cmake)
-- Found rmw_implementation_cmake: 6.1.2 (/opt/ros/humble/share/rmw_implementation_cmake/cmake)
-- Found rmw_fastrtps_cpp: 6.2.7 (/opt/ros/humble/share/rmw_fastrtps_cpp/cmake)
-- Using RMW implementation 'rmw_fastrtps_cpp' as default
-- Found rclcpp_components: 16.0.10 (/opt/ros/humble/share/rclcpp_components/cmake)
-- Found sensor_msgs: 4.2.4 (/opt/ros/humble/share/sensor_msgs/cmake)
-- Found ament_lint_auto: 0.12.11 (/opt/ros/humble/share/ament_lint_auto/cmake)
-- Added test 'cppcheck' to perform static code analysis on C / C++ code
-- Configured cppcheck include dirs: $<BUILD_INTERFACE:/home/a/harurobo/src/joystick_drivers/spacenav/include>
-- Configured cppcheck exclude dirs and/or files: 
-- Added test 'cpplint' to check C / C++ code against the Google style
-- Configured cpplint exclude dirs and/or files: 
-- Added test 'flake8' to check Python code syntax and style conventions
-- Added test 'lint_cmake' to check CMake code style
-- Added test 'pep257' to check Python code against some of the docstring style conventions in PEP 257
-- Added test 'uncrustify' to check C / C++ code style
-- Configured uncrustify additional arguments: 
-- Added test 'xmllint' to check XML markup files
-- Configuring done
-- Generating done
-- Build files have been written to: /home/a/harurobo/build/spacenav
[35m[1mConsolidate compiler generated dependencies of target spacenav[0m
[35m[1mConsolidate compiler generated dependencies of target spacenav_node[0m
[ 50%] Built target spacenav
[ 75%] [32m[1mLinking CXX executable spacenav_node[0m
[100%] Built target spacenav_node
-- Install configuration: ""
-- Execute custom install script
-- Symlinking: /home/a/harurobo/install/spacenav/lib/spacenav/spacenav_node
-- Symlinking: /home/a/harurobo/install/spacenav/include/spacenav/spacenav/spacenav.hpp
-- Symlinking: /home/a/harurobo/install/spacenav/share/spacenav//launch/classic-launch.py
-- Symlinking: /home/a/harurobo/install/spacenav/share/spacenav//launch/no_deadband-launch.py
-- Symlinking: /home/a/harurobo/install/spacenav/share/spacenav//launch/static_deadband-launch.py
-- Symlinking: /home/a/harurobo/install/spacenav/share/ament_index/resource_index/package_run_dependencies/spacenav
-- Symlinking: /home/a/harurobo/install/spacenav/share/ament_index/resource_index/parent_prefix_path/spacenav
-- Symlinking: /home/a/harurobo/install/spacenav/share/spacenav/environment/ament_prefix_path.sh
-- Symlinking: /home/a/harurobo/install/spacenav/share/spacenav/environment/ament_prefix_path.dsv
-- Symlinking: /home/a/harurobo/install/spacenav/share/spacenav/environment/path.sh
-- Symlinking: /home/a/harurobo/install/spacenav/share/spacenav/environment/path.dsv
-- Symlinking: /home/a/harurobo/install/spacenav/share/spacenav/local_setup.bash
-- Symlinking: /home/a/harurobo/install/spacenav/share/spacenav/local_setup.sh
-- Symlinking: /home/a/harurobo/install/spacenav/share/spacenav/local_setup.zsh
-- Symlinking: /home/a/harurobo/install/spacenav/share/spacenav/local_setup.dsv
-- Symlinking: /home/a/harurobo/install/spacenav/share/spacenav/package.dsv
-- Symlinking: /home/a/harurobo/install/spacenav/share/ament_index/resource_index/packages/spacenav
-- Symlinking: /home/a/harurobo/install/spacenav/share/ament_index/resource_index/rclcpp_components/spacenav
-- Symlinking: /home/a/harurobo/install/spacenav/share/spacenav/cmake/ament_cmake_export_targets-extras.cmake
-- Symlinking: /home/a/harurobo/install/spacenav/share/spacenav/cmake/spacenavConfig.cmake
-- Symlinking: /home/a/harurobo/install/spacenav/share/spacenav/cmake/spacenavConfig-version.cmake
-- Symlinking: /home/a/harurobo/install/spacenav/share/spacenav/package.xml
-- Up-to-date: /home/a/harurobo/install/spacenav/lib/libspacenav.so
-- Up-to-date: /home/a/harurobo/install/spacenav/share/spacenav/cmake/export_spacenavExport.cmake
-- Up-to-date: /home/a/harurobo/install/spacenav/share/spacenav/cmake/export_spacenavExport-noconfig.cmake
