[0.288s] Invoking command in '/home/a/harurobo/build/spacenav': CMAKE_PREFIX_PATH=${CMAKE_PREFIX_PATH}:/home/a/ros2_ws/install/py_pubsub:/home/a/ros2_ws/install/launch_testing_examples:/home/a/ros2_ws/install/examples_rclpy_pointcloud_publisher:/home/a/ros2_ws/install/examples_rclpy_minimal_subscriber:/home/a/ros2_ws/install/examples_rclpy_minimal_service:/home/a/ros2_ws/install/examples_rclpy_minimal_publisher:/home/a/ros2_ws/install/examples_rclpy_minimal_client:/home/a/ros2_ws/install/examples_rclpy_minimal_action_server:/home/a/ros2_ws/install/examples_rclpy_minimal_action_client:/home/a/ros2_ws/install/examples_rclpy_guard_conditions:/home/a/ros2_ws/install/examples_rclpy_executors:/opt/ros/humble /usr/bin/cmake /home/a/harurobo/src/joystick_drivers/spacenav -DAMENT_CMAKE_SYMLINK_INSTALL=1 -DCMAKE_INSTALL_PREFIX=/home/a/harurobo/install/spacenav
[0.301s] -- Found ament_cmake: 1.3.10 (/opt/ros/humble/share/ament_cmake/cmake)
[0.407s] -- Override CMake install command with custom implementation using symlinks instead of copying resources
[0.414s] -- Found geometry_msgs: 4.2.4 (/opt/ros/humble/share/geometry_msgs/cmake)
[0.437s] -- Found rosidl_generator_c: 3.1.5 (/opt/ros/humble/share/rosidl_generator_c/cmake)
[0.440s] -- Found rosidl_adapter: 3.1.5 (/opt/ros/humble/share/rosidl_adapter/cmake)
[0.445s] -- Found rosidl_generator_cpp: 3.1.5 (/opt/ros/humble/share/rosidl_generator_cpp/cmake)
[0.452s] -- Using all available rosidl_typesupport_c: rosidl_typesupport_fastrtps_c;rosidl_typesupport_introspection_c
[0.462s] -- Using all available rosidl_typesupport_cpp: rosidl_typesupport_fastrtps_cpp;rosidl_typesupport_introspection_cpp
[0.491s] -- Found rclcpp: 16.0.10 (/opt/ros/humble/share/rclcpp/cmake)
[0.513s] -- Found rmw_implementation_cmake: 6.1.2 (/opt/ros/humble/share/rmw_implementation_cmake/cmake)
[0.514s] -- Found rmw_fastrtps_cpp: 6.2.7 (/opt/ros/humble/share/rmw_fastrtps_cpp/cmake)
[0.610s] -- Using RMW implementation 'rmw_fastrtps_cpp' as default
[0.653s] -- Found rclcpp_components: 16.0.10 (/opt/ros/humble/share/rclcpp_components/cmake)
[0.675s] -- Found sensor_msgs: 4.2.4 (/opt/ros/humble/share/sensor_msgs/cmake)
[0.701s] -- Found ament_lint_auto: 0.12.11 (/opt/ros/humble/share/ament_lint_auto/cmake)
[0.805s] -- Added test 'cppcheck' to perform static code analysis on C / C++ code
[0.805s] -- Configured cppcheck include dirs: $<BUILD_INTERFACE:/home/a/harurobo/src/joystick_drivers/spacenav/include>
[0.805s] -- Configured cppcheck exclude dirs and/or files: 
[0.806s] -- Added test 'cpplint' to check C / C++ code against the Google style
[0.806s] -- Configured cpplint exclude dirs and/or files: 
[0.806s] -- Added test 'flake8' to check Python code syntax and style conventions
[0.807s] -- Added test 'lint_cmake' to check CMake code style
[0.807s] -- Added test 'pep257' to check Python code against some of the docstring style conventions in PEP 257
[0.808s] -- Added test 'uncrustify' to check C / C++ code style
[0.808s] -- Configured uncrustify additional arguments: 
[0.809s] -- Added test 'xmllint' to check XML markup files
[0.817s] -- Configuring done
[0.851s] -- Generating done
[0.860s] -- Build files have been written to: /home/a/harurobo/build/spacenav
[0.883s] Invoked command in '/home/a/harurobo/build/spacenav' returned '0': CMAKE_PREFIX_PATH=${CMAKE_PREFIX_PATH}:/home/a/ros2_ws/install/py_pubsub:/home/a/ros2_ws/install/launch_testing_examples:/home/a/ros2_ws/install/examples_rclpy_pointcloud_publisher:/home/a/ros2_ws/install/examples_rclpy_minimal_subscriber:/home/a/ros2_ws/install/examples_rclpy_minimal_service:/home/a/ros2_ws/install/examples_rclpy_minimal_publisher:/home/a/ros2_ws/install/examples_rclpy_minimal_client:/home/a/ros2_ws/install/examples_rclpy_minimal_action_server:/home/a/ros2_ws/install/examples_rclpy_minimal_action_client:/home/a/ros2_ws/install/examples_rclpy_guard_conditions:/home/a/ros2_ws/install/examples_rclpy_executors:/opt/ros/humble /usr/bin/cmake /home/a/harurobo/src/joystick_drivers/spacenav -DAMENT_CMAKE_SYMLINK_INSTALL=1 -DCMAKE_INSTALL_PREFIX=/home/a/harurobo/install/spacenav
[0.892s] Invoking command in '/home/a/harurobo/build/spacenav': CMAKE_PREFIX_PATH=${CMAKE_PREFIX_PATH}:/home/a/ros2_ws/install/py_pubsub:/home/a/ros2_ws/install/launch_testing_examples:/home/a/ros2_ws/install/examples_rclpy_pointcloud_publisher:/home/a/ros2_ws/install/examples_rclpy_minimal_subscriber:/home/a/ros2_ws/install/examples_rclpy_minimal_service:/home/a/ros2_ws/install/examples_rclpy_minimal_publisher:/home/a/ros2_ws/install/examples_rclpy_minimal_client:/home/a/ros2_ws/install/examples_rclpy_minimal_action_server:/home/a/ros2_ws/install/examples_rclpy_minimal_action_client:/home/a/ros2_ws/install/examples_rclpy_guard_conditions:/home/a/ros2_ws/install/examples_rclpy_executors:/opt/ros/humble /usr/bin/cmake --build /home/a/harurobo/build/spacenav -- -j6 -l6
[1.262s] [35m[1mConsolidate compiler generated dependencies of target spacenav[0m
[1.262s] [35m[1mConsolidate compiler generated dependencies of target spacenav_node[0m
[1.262s] [ 50%] Built target spacenav
[1.262s] [ 75%] [32m[1mLinking CXX executable spacenav_node[0m
[1.262s] [100%] Built target spacenav_node
[1.264s] Invoked command in '/home/a/harurobo/build/spacenav' returned '0': CMAKE_PREFIX_PATH=${CMAKE_PREFIX_PATH}:/home/a/ros2_ws/install/py_pubsub:/home/a/ros2_ws/install/launch_testing_examples:/home/a/ros2_ws/install/examples_rclpy_pointcloud_publisher:/home/a/ros2_ws/install/examples_rclpy_minimal_subscriber:/home/a/ros2_ws/install/examples_rclpy_minimal_service:/home/a/ros2_ws/install/examples_rclpy_minimal_publisher:/home/a/ros2_ws/install/examples_rclpy_minimal_client:/home/a/ros2_ws/install/examples_rclpy_minimal_action_server:/home/a/ros2_ws/install/examples_rclpy_minimal_action_client:/home/a/ros2_ws/install/examples_rclpy_guard_conditions:/home/a/ros2_ws/install/examples_rclpy_executors:/opt/ros/humble /usr/bin/cmake --build /home/a/harurobo/build/spacenav -- -j6 -l6
[1.267s] Invoking command in '/home/a/harurobo/build/spacenav': CMAKE_PREFIX_PATH=${CMAKE_PREFIX_PATH}:/home/a/ros2_ws/install/py_pubsub:/home/a/ros2_ws/install/launch_testing_examples:/home/a/ros2_ws/install/examples_rclpy_pointcloud_publisher:/home/a/ros2_ws/install/examples_rclpy_minimal_subscriber:/home/a/ros2_ws/install/examples_rclpy_minimal_service:/home/a/ros2_ws/install/examples_rclpy_minimal_publisher:/home/a/ros2_ws/install/examples_rclpy_minimal_client:/home/a/ros2_ws/install/examples_rclpy_minimal_action_server:/home/a/ros2_ws/install/examples_rclpy_minimal_action_client:/home/a/ros2_ws/install/examples_rclpy_guard_conditions:/home/a/ros2_ws/install/examples_rclpy_executors:/opt/ros/humble /usr/bin/cmake --install /home/a/harurobo/build/spacenav
[1.335s] -- Install configuration: ""
[1.336s] -- Execute custom install script
[1.336s] -- Symlinking: /home/a/harurobo/install/spacenav/lib/spacenav/spacenav_node
[1.336s] -- Symlinking: /home/a/harurobo/install/spacenav/include/spacenav/spacenav/spacenav.hpp
[1.336s] -- Symlinking: /home/a/harurobo/install/spacenav/share/spacenav//launch/classic-launch.py
[1.336s] -- Symlinking: /home/a/harurobo/install/spacenav/share/spacenav//launch/no_deadband-launch.py
[1.336s] -- Symlinking: /home/a/harurobo/install/spacenav/share/spacenav//launch/static_deadband-launch.py
[1.336s] -- Symlinking: /home/a/harurobo/install/spacenav/share/ament_index/resource_index/package_run_dependencies/spacenav
[1.336s] -- Symlinking: /home/a/harurobo/install/spacenav/share/ament_index/resource_index/parent_prefix_path/spacenav
[1.341s] -- Symlinking: /home/a/harurobo/install/spacenav/share/spacenav/environment/ament_prefix_path.sh
[1.352s] -- Symlinking: /home/a/harurobo/install/spacenav/share/spacenav/environment/ament_prefix_path.dsv
[1.359s] -- Symlinking: /home/a/harurobo/install/spacenav/share/spacenav/environment/path.sh
[1.372s] -- Symlinking: /home/a/harurobo/install/spacenav/share/spacenav/environment/path.dsv
[1.379s] -- Symlinking: /home/a/harurobo/install/spacenav/share/spacenav/local_setup.bash
[1.390s] -- Symlinking: /home/a/harurobo/install/spacenav/share/spacenav/local_setup.sh
[1.395s] -- Symlinking: /home/a/harurobo/install/spacenav/share/spacenav/local_setup.zsh
[1.402s] -- Symlinking: /home/a/harurobo/install/spacenav/share/spacenav/local_setup.dsv
[1.409s] -- Symlinking: /home/a/harurobo/install/spacenav/share/spacenav/package.dsv
[1.418s] -- Symlinking: /home/a/harurobo/install/spacenav/share/ament_index/resource_index/packages/spacenav
[1.432s] -- Symlinking: /home/a/harurobo/install/spacenav/share/ament_index/resource_index/rclcpp_components/spacenav
[1.432s] -- Symlinking: /home/a/harurobo/install/spacenav/share/spacenav/cmake/ament_cmake_export_targets-extras.cmake
[1.443s] -- Symlinking: /home/a/harurobo/install/spacenav/share/spacenav/cmake/spacenavConfig.cmake
[1.448s] -- Symlinking: /home/a/harurobo/install/spacenav/share/spacenav/cmake/spacenavConfig-version.cmake
[1.455s] -- Symlinking: /home/a/harurobo/install/spacenav/share/spacenav/package.xml
[1.460s] -- Up-to-date: /home/a/harurobo/install/spacenav/lib/libspacenav.so
[1.460s] -- Up-to-date: /home/a/harurobo/install/spacenav/share/spacenav/cmake/export_spacenavExport.cmake
[1.460s] -- Up-to-date: /home/a/harurobo/install/spacenav/share/spacenav/cmake/export_spacenavExport-noconfig.cmake
