[0.842s] Invoking command in '/home/a/harurobo/src/joy_translate': PYTHONPATH=/home/a/harurobo/build/joy_translate/prefix_override:/usr/lib/python3/dist-packages/colcon_core/task/python/colcon_distutils_commands:/home/a/harurobo/install/joy_translate/lib/python3.10/site-packages:${PYTHONPATH} /usr/bin/python3 -W ignore:setup.py install is deprecated -W ignore:easy_install command is deprecated setup.py egg_info --egg-base ../../build/joy_translate build --build-base /home/a/harurobo/build/joy_translate/build install --record /home/a/harurobo/build/joy_translate/install.log --single-version-externally-managed install_data
[1.021s] running egg_info
[1.021s] writing ../../build/joy_translate/joy_translate.egg-info/PKG-INFO
[1.021s] writing dependency_links to ../../build/joy_translate/joy_translate.egg-info/dependency_links.txt
[1.021s] writing entry points to ../../build/joy_translate/joy_translate.egg-info/entry_points.txt
[1.021s] writing requirements to ../../build/joy_translate/joy_translate.egg-info/requires.txt
[1.021s] writing top-level names to ../../build/joy_translate/joy_translate.egg-info/top_level.txt
[1.023s] reading manifest file '../../build/joy_translate/joy_translate.egg-info/SOURCES.txt'
[1.023s] adding license file 'LICENSE'
[1.023s] writing manifest file '../../build/joy_translate/joy_translate.egg-info/SOURCES.txt'
[1.023s] running build
[1.023s] running build_py
[1.023s] copying joy_translate/__init__.py -> /home/a/harurobo/build/joy_translate/build/lib/joy_translate
[1.023s] running install
[1.023s] running install_lib
[1.023s] copying /home/a/harurobo/build/joy_translate/build/lib/joy_translate/__init__.py -> /home/a/harurobo/install/joy_translate/lib/python3.10/site-packages/joy_translate
[1.024s] byte-compiling /home/a/harurobo/install/joy_translate/lib/python3.10/site-packages/joy_translate/__init__.py to __init__.cpython-310.pyc
[1.024s] running install_data
[1.024s] copying resource/joy_translate -> /home/a/harurobo/install/joy_translate/share/ament_index/resource_index/packages
[1.024s] copying package.xml -> /home/a/harurobo/install/joy_translate/share/joy_translate
[1.024s] running install_egg_info
[1.025s] removing '/home/a/harurobo/install/joy_translate/lib/python3.10/site-packages/joy_translate-0.0.0-py3.10.egg-info' (and everything under it)
[1.025s] Copying ../../build/joy_translate/joy_translate.egg-info to /home/a/harurobo/install/joy_translate/lib/python3.10/site-packages/joy_translate-0.0.0-py3.10.egg-info
[1.026s] running install_scripts
[1.038s] writing list of installed files to '/home/a/harurobo/build/joy_translate/install.log'
[1.064s] Invoked command in '/home/a/harurobo/src/joy_translate' returned '0': PYTHONPATH=/home/a/harurobo/build/joy_translate/prefix_override:/usr/lib/python3/dist-packages/colcon_core/task/python/colcon_distutils_commands:/home/a/harurobo/install/joy_translate/lib/python3.10/site-packages:${PYTHONPATH} /usr/bin/python3 -W ignore:setup.py install is deprecated -W ignore:easy_install command is deprecated setup.py egg_info --egg-base ../../build/joy_translate build --build-base /home/a/harurobo/build/joy_translate/build install --record /home/a/harurobo/build/joy_translate/install.log --single-version-externally-managed install_data
