[0.775s] Invoking command in '/home/a/harurobo/src/joy_sub': PYTHONPATH=/home/a/harurobo/build/joy_sub/prefix_override:/usr/lib/python3/dist-packages/colcon_core/task/python/colcon_distutils_commands:/home/a/harurobo/install/joy_sub/lib/python3.10/site-packages:${PYTHONPATH} /usr/bin/python3 -W ignore:setup.py install is deprecated -W ignore:easy_install command is deprecated setup.py egg_info --egg-base ../../build/joy_sub build --build-base /home/a/harurobo/build/joy_sub/build install --record /home/a/harurobo/build/joy_sub/install.log --single-version-externally-managed install_data
[0.954s] running egg_info
[0.954s] writing ../../build/joy_sub/joy_sub.egg-info/PKG-INFO
[0.955s] writing dependency_links to ../../build/joy_sub/joy_sub.egg-info/dependency_links.txt
[0.955s] writing entry points to ../../build/joy_sub/joy_sub.egg-info/entry_points.txt
[0.955s] writing requirements to ../../build/joy_sub/joy_sub.egg-info/requires.txt
[0.955s] writing top-level names to ../../build/joy_sub/joy_sub.egg-info/top_level.txt
[0.955s] reading manifest file '../../build/joy_sub/joy_sub.egg-info/SOURCES.txt'
[0.955s] writing manifest file '../../build/joy_sub/joy_sub.egg-info/SOURCES.txt'
[0.956s] running build
[0.956s] running build_py
[0.956s] running install
[0.956s] running install_lib
[0.957s] running install_data
[0.957s] running install_egg_info
[0.958s] removing '/home/a/harurobo/install/joy_sub/lib/python3.10/site-packages/joy_sub-0.0.0-py3.10.egg-info' (and everything under it)
[0.958s] Copying ../../build/joy_sub/joy_sub.egg-info to /home/a/harurobo/install/joy_sub/lib/python3.10/site-packages/joy_sub-0.0.0-py3.10.egg-info
[0.958s] running install_scripts
[0.975s] Installing joy_sub script to /home/a/harurobo/install/joy_sub/lib/joy_sub
[0.975s] writing list of installed files to '/home/a/harurobo/build/joy_sub/install.log'
[0.998s] Invoked command in '/home/a/harurobo/src/joy_sub' returned '0': PYTHONPATH=/home/a/harurobo/build/joy_sub/prefix_override:/usr/lib/python3/dist-packages/colcon_core/task/python/colcon_distutils_commands:/home/a/harurobo/install/joy_sub/lib/python3.10/site-packages:${PYTHONPATH} /usr/bin/python3 -W ignore:setup.py install is deprecated -W ignore:easy_install command is deprecated setup.py egg_info --egg-base ../../build/joy_sub build --build-base /home/a/harurobo/build/joy_sub/build install --record /home/a/harurobo/build/joy_sub/install.log --single-version-externally-managed install_data
