running egg_info
creating ../../build/haru_launch/haru_launch.egg-info
writing ../../build/haru_launch/haru_launch.egg-info/PKG-INFO
writing dependency_links to ../../build/haru_launch/haru_launch.egg-info/dependency_links.txt
writing entry points to ../../build/haru_launch/haru_launch.egg-info/entry_points.txt
writing requirements to ../../build/haru_launch/haru_launch.egg-info/requires.txt
writing top-level names to ../../build/haru_launch/haru_launch.egg-info/top_level.txt
writing manifest file '../../build/haru_launch/haru_launch.egg-info/SOURCES.txt'
reading manifest file '../../build/haru_launch/haru_launch.egg-info/SOURCES.txt'
writing manifest file '../../build/haru_launch/haru_launch.egg-info/SOURCES.txt'
running build
running build_py
creating /home/a/harurobo/build/haru_launch/build
creating /home/a/harurobo/build/haru_launch/build/lib
creating /home/a/harurobo/build/haru_launch/build/lib/haru_launch
copying haru_launch/__init__.py -> /home/a/harurobo/build/haru_launch/build/lib/haru_launch
copying haru_launch/haru_launch.py -> /home/a/harurobo/build/haru_launch/build/lib/haru_launch
running install
running install_lib
creating /home/a/harurobo/install/haru_launch/lib/python3.10/site-packages/haru_launch
copying /home/a/harurobo/build/haru_launch/build/lib/haru_launch/__init__.py -> /home/a/harurobo/install/haru_launch/lib/python3.10/site-packages/haru_launch
copying /home/a/harurobo/build/haru_launch/build/lib/haru_launch/haru_launch.py -> /home/a/harurobo/install/haru_launch/lib/python3.10/site-packages/haru_launch
byte-compiling /home/a/harurobo/install/haru_launch/lib/python3.10/site-packages/haru_launch/__init__.py to __init__.cpython-310.pyc
byte-compiling /home/a/harurobo/install/haru_launch/lib/python3.10/site-packages/haru_launch/haru_launch.py to haru_launch.cpython-310.pyc
running install_data
creating /home/a/harurobo/install/haru_launch/share/ament_index
creating /home/a/harurobo/install/haru_launch/share/ament_index/resource_index
creating /home/a/harurobo/install/haru_launch/share/ament_index/resource_index/packages
copying resource/haru_launch -> /home/a/harurobo/install/haru_launch/share/ament_index/resource_index/packages
copying package.xml -> /home/a/harurobo/install/haru_launch/share/haru_launch
copying haru_launch/haru_launch.py -> /home/a/harurobo/install/haru_launch/share/haru_launch
running install_egg_info
Copying ../../build/haru_launch/haru_launch.egg-info to /home/a/harurobo/install/haru_launch/lib/python3.10/site-packages/haru_launch-0.0.0-py3.10.egg-info
running install_scripts
writing list of installed files to '/home/a/harurobo/build/haru_launch/install.log'
