[0.127s] DEBUG:colcon:Command line arguments: ['/usr/bin/colcon', 'build']
[0.127s] DEBUG:colcon:Parsed command line arguments: Namespace(log_base=None, log_level=None, verb_name='build', build_base='build', install_base='install', merge_install=False, symlink_install=False, test_result_base=None, continue_on_error=False, executor='parallel', parallel_workers=6, event_handlers=None, ignore_user_meta=False, metas=['./colcon.meta'], base_paths=['.'], packages_ignore=None, packages_ignore_regex=None, paths=None, packages_up_to=None, packages_up_to_regex=None, packages_above=None, packages_above_and_dependencies=None, packages_above_depth=None, packages_select_by_dep=None, packages_skip_by_dep=None, packages_skip_up_to=None, packages_select_build_failed=False, packages_skip_build_finished=False, packages_select_test_failures=False, packages_skip_test_passed=False, packages_select=None, packages_skip=None, packages_select_regex=None, packages_skip_regex=None, packages_start=None, packages_end=None, allow_overriding=[], cmake_args=None, cmake_target=None, cmake_target_skip_unavailable=False, cmake_clean_cache=False, cmake_clean_first=False, cmake_force_configure=False, ament_cmake_args=None, catkin_cmake_args=None, catkin_skip_building_tests=False, mixin_files=None, mixin=None, verb_parser=<colcon_mixin.mixin.mixin_argument.MixinArgumentDecorator object at 0xffffa84f2620>, verb_extension=<colcon_core.verb.build.BuildVerb object at 0xffffa84f1f90>, main=<bound method BuildVerb.main of <colcon_core.verb.build.BuildVerb object at 0xffffa84f1f90>>, mixin_verb=('build',))
[0.330s] Level 1:colcon.colcon_core.package_discovery:discover_packages(colcon_meta) check parameters
[0.330s] Level 1:colcon.colcon_core.package_discovery:discover_packages(recursive) check parameters
[0.330s] Level 1:colcon.colcon_core.package_discovery:discover_packages(ignore) check parameters
[0.330s] Level 1:colcon.colcon_core.package_discovery:discover_packages(path) check parameters
[0.330s] Level 1:colcon.colcon_core.package_discovery:discover_packages(colcon_meta) discover
[0.330s] Level 1:colcon.colcon_core.package_discovery:discover_packages(recursive) discover
[0.330s] INFO:colcon.colcon_core.package_discovery:Crawling recursively for packages in '/home/a/harurobo'
[0.330s] Level 1:colcon.colcon_core.package_identification:_identify(.) by extensions ['ignore', 'ignore_ament_install']
[0.330s] Level 1:colcon.colcon_core.package_identification:_identify(.) by extension 'ignore'
[0.330s] Level 1:colcon.colcon_core.package_identification:_identify(.) by extension 'ignore_ament_install'
[0.330s] Level 1:colcon.colcon_core.package_identification:_identify(.) by extensions ['colcon_pkg']
[0.330s] Level 1:colcon.colcon_core.package_identification:_identify(.) by extension 'colcon_pkg'
[0.330s] Level 1:colcon.colcon_core.package_identification:_identify(.) by extensions ['colcon_meta']
[0.330s] Level 1:colcon.colcon_core.package_identification:_identify(.) by extension 'colcon_meta'
[0.330s] Level 1:colcon.colcon_core.package_identification:_identify(.) by extensions ['ros']
[0.330s] Level 1:colcon.colcon_core.package_identification:_identify(.) by extension 'ros'
[0.342s] Level 1:colcon.colcon_core.package_identification:_identify(.) by extensions ['cmake', 'python']
[0.342s] Level 1:colcon.colcon_core.package_identification:_identify(.) by extension 'cmake'
[0.342s] Level 1:colcon.colcon_core.package_identification:_identify(.) by extension 'python'
[0.342s] Level 1:colcon.colcon_core.package_identification:_identify(.) by extensions ['python_setup_py']
[0.342s] Level 1:colcon.colcon_core.package_identification:_identify(.) by extension 'python_setup_py'
[0.342s] Level 1:colcon.colcon_core.package_identification:_identify(build) by extensions ['ignore', 'ignore_ament_install']
[0.342s] Level 1:colcon.colcon_core.package_identification:_identify(build) by extension 'ignore'
[0.342s] Level 1:colcon.colcon_core.package_identification:_identify(build) ignored
[0.342s] Level 1:colcon.colcon_core.package_identification:_identify(install) by extensions ['ignore', 'ignore_ament_install']
[0.342s] Level 1:colcon.colcon_core.package_identification:_identify(install) by extension 'ignore'
[0.342s] Level 1:colcon.colcon_core.package_identification:_identify(install) ignored
[0.342s] Level 1:colcon.colcon_core.package_identification:_identify(log) by extensions ['ignore', 'ignore_ament_install']
[0.342s] Level 1:colcon.colcon_core.package_identification:_identify(log) by extension 'ignore'
[0.342s] Level 1:colcon.colcon_core.package_identification:_identify(log) ignored
[0.342s] Level 1:colcon.colcon_core.package_identification:_identify(src) by extensions ['ignore', 'ignore_ament_install']
[0.342s] Level 1:colcon.colcon_core.package_identification:_identify(src) by extension 'ignore'
[0.342s] Level 1:colcon.colcon_core.package_identification:_identify(src) by extension 'ignore_ament_install'
[0.342s] Level 1:colcon.colcon_core.package_identification:_identify(src) by extensions ['colcon_pkg']
[0.343s] Level 1:colcon.colcon_core.package_identification:_identify(src) by extension 'colcon_pkg'
[0.343s] Level 1:colcon.colcon_core.package_identification:_identify(src) by extensions ['colcon_meta']
[0.343s] Level 1:colcon.colcon_core.package_identification:_identify(src) by extension 'colcon_meta'
[0.343s] Level 1:colcon.colcon_core.package_identification:_identify(src) by extensions ['ros']
[0.343s] Level 1:colcon.colcon_core.package_identification:_identify(src) by extension 'ros'
[0.343s] Level 1:colcon.colcon_core.package_identification:_identify(src) by extensions ['cmake', 'python']
[0.343s] Level 1:colcon.colcon_core.package_identification:_identify(src) by extension 'cmake'
[0.343s] Level 1:colcon.colcon_core.package_identification:_identify(src) by extension 'python'
[0.343s] Level 1:colcon.colcon_core.package_identification:_identify(src) by extensions ['python_setup_py']
[0.343s] Level 1:colcon.colcon_core.package_identification:_identify(src) by extension 'python_setup_py'
[0.343s] Level 1:colcon.colcon_core.package_identification:_identify(src/haru_launch) by extensions ['ignore', 'ignore_ament_install']
[0.343s] Level 1:colcon.colcon_core.package_identification:_identify(src/haru_launch) by extension 'ignore'
[0.343s] Level 1:colcon.colcon_core.package_identification:_identify(src/haru_launch) by extension 'ignore_ament_install'
[0.343s] Level 1:colcon.colcon_core.package_identification:_identify(src/haru_launch) by extensions ['colcon_pkg']
[0.343s] Level 1:colcon.colcon_core.package_identification:_identify(src/haru_launch) by extension 'colcon_pkg'
[0.343s] Level 1:colcon.colcon_core.package_identification:_identify(src/haru_launch) by extensions ['colcon_meta']
[0.343s] Level 1:colcon.colcon_core.package_identification:_identify(src/haru_launch) by extension 'colcon_meta'
[0.343s] Level 1:colcon.colcon_core.package_identification:_identify(src/haru_launch) by extensions ['ros']
[0.343s] Level 1:colcon.colcon_core.package_identification:_identify(src/haru_launch) by extension 'ros'
[0.346s] DEBUG:colcon.colcon_core.package_identification:Package 'src/haru_launch' with type 'ros.ament_python' and name 'haru_launch'
[0.346s] Level 1:colcon.colcon_core.package_identification:_identify(src/haru_odrive) by extensions ['ignore', 'ignore_ament_install']
[0.346s] Level 1:colcon.colcon_core.package_identification:_identify(src/haru_odrive) by extension 'ignore'
[0.347s] Level 1:colcon.colcon_core.package_identification:_identify(src/haru_odrive) by extension 'ignore_ament_install'
[0.347s] Level 1:colcon.colcon_core.package_identification:_identify(src/haru_odrive) by extensions ['colcon_pkg']
[0.347s] Level 1:colcon.colcon_core.package_identification:_identify(src/haru_odrive) by extension 'colcon_pkg'
[0.347s] Level 1:colcon.colcon_core.package_identification:_identify(src/haru_odrive) by extensions ['colcon_meta']
[0.347s] Level 1:colcon.colcon_core.package_identification:_identify(src/haru_odrive) by extension 'colcon_meta'
[0.347s] Level 1:colcon.colcon_core.package_identification:_identify(src/haru_odrive) by extensions ['ros']
[0.347s] Level 1:colcon.colcon_core.package_identification:_identify(src/haru_odrive) by extension 'ros'
[0.347s] DEBUG:colcon.colcon_core.package_identification:Package 'src/haru_odrive' with type 'ros.ament_python' and name 'haru_odrive'
[0.347s] Level 1:colcon.colcon_core.package_identification:_identify(src/joy_translate) by extensions ['ignore', 'ignore_ament_install']
[0.348s] Level 1:colcon.colcon_core.package_identification:_identify(src/joy_translate) by extension 'ignore'
[0.348s] Level 1:colcon.colcon_core.package_identification:_identify(src/joy_translate) by extension 'ignore_ament_install'
[0.348s] Level 1:colcon.colcon_core.package_identification:_identify(src/joy_translate) by extensions ['colcon_pkg']
[0.348s] Level 1:colcon.colcon_core.package_identification:_identify(src/joy_translate) by extension 'colcon_pkg'
[0.348s] Level 1:colcon.colcon_core.package_identification:_identify(src/joy_translate) by extensions ['colcon_meta']
[0.348s] Level 1:colcon.colcon_core.package_identification:_identify(src/joy_translate) by extension 'colcon_meta'
[0.348s] Level 1:colcon.colcon_core.package_identification:_identify(src/joy_translate) by extensions ['ros']
[0.348s] Level 1:colcon.colcon_core.package_identification:_identify(src/joy_translate) by extension 'ros'
[0.348s] DEBUG:colcon.colcon_core.package_identification:Package 'src/joy_translate' with type 'ros.ament_python' and name 'joy_translate'
[0.348s] Level 1:colcon.colcon_core.package_discovery:discover_packages(recursive) using defaults
[0.348s] Level 1:colcon.colcon_core.package_discovery:discover_packages(ignore) discover
[0.348s] Level 1:colcon.colcon_core.package_discovery:discover_packages(ignore) using defaults
[0.348s] Level 1:colcon.colcon_core.package_discovery:discover_packages(path) discover
[0.348s] Level 1:colcon.colcon_core.package_discovery:discover_packages(path) using defaults
[0.376s] Level 1:colcon.colcon_core.package_discovery:discover_packages(prefix_path) check parameters
[0.376s] Level 1:colcon.colcon_core.package_discovery:discover_packages(prefix_path) discover
[0.379s] DEBUG:colcon.colcon_installed_package_information.package_discovery:Found 3 installed packages in /home/a/harurobo/install
[0.380s] DEBUG:colcon.colcon_installed_package_information.package_discovery:Found 25 installed packages in /home/a/ros2_ws/install
[0.381s] DEBUG:colcon.colcon_installed_package_information.package_discovery:Found 3 installed packages in /home/a/install
[0.382s] DEBUG:colcon.colcon_installed_package_information.package_discovery:Found 236 installed packages in /opt/ros/humble
[0.383s] Level 1:colcon.colcon_core.package_discovery:discover_packages(prefix_path) using defaults
[0.418s] Level 5:colcon.colcon_core.verb:set package 'haru_odrive' build argument 'cmake_args' from command line to 'None'
[0.418s] Level 5:colcon.colcon_core.verb:set package 'haru_odrive' build argument 'cmake_target' from command line to 'None'
[0.418s] Level 5:colcon.colcon_core.verb:set package 'haru_odrive' build argument 'cmake_target_skip_unavailable' from command line to 'False'
[0.418s] Level 5:colcon.colcon_core.verb:set package 'haru_odrive' build argument 'cmake_clean_cache' from command line to 'False'
[0.418s] Level 5:colcon.colcon_core.verb:set package 'haru_odrive' build argument 'cmake_clean_first' from command line to 'False'
[0.418s] Level 5:colcon.colcon_core.verb:set package 'haru_odrive' build argument 'cmake_force_configure' from command line to 'False'
[0.418s] Level 5:colcon.colcon_core.verb:set package 'haru_odrive' build argument 'ament_cmake_args' from command line to 'None'
[0.418s] Level 5:colcon.colcon_core.verb:set package 'haru_odrive' build argument 'catkin_cmake_args' from command line to 'None'
[0.418s] Level 5:colcon.colcon_core.verb:set package 'haru_odrive' build argument 'catkin_skip_building_tests' from command line to 'False'
[0.418s] DEBUG:colcon.colcon_core.verb:Building package 'haru_odrive' with the following arguments: {'ament_cmake_args': None, 'build_base': '/home/a/harurobo/build/haru_odrive', 'catkin_cmake_args': None, 'catkin_skip_building_tests': False, 'cmake_args': None, 'cmake_clean_cache': False, 'cmake_clean_first': False, 'cmake_force_configure': False, 'cmake_target': None, 'cmake_target_skip_unavailable': False, 'install_base': '/home/a/harurobo/install/haru_odrive', 'merge_install': False, 'path': '/home/a/harurobo/src/haru_odrive', 'symlink_install': False, 'test_result_base': None}
[0.419s] Level 5:colcon.colcon_core.verb:set package 'joy_translate' build argument 'cmake_args' from command line to 'None'
[0.419s] Level 5:colcon.colcon_core.verb:set package 'joy_translate' build argument 'cmake_target' from command line to 'None'
[0.419s] Level 5:colcon.colcon_core.verb:set package 'joy_translate' build argument 'cmake_target_skip_unavailable' from command line to 'False'
[0.419s] Level 5:colcon.colcon_core.verb:set package 'joy_translate' build argument 'cmake_clean_cache' from command line to 'False'
[0.419s] Level 5:colcon.colcon_core.verb:set package 'joy_translate' build argument 'cmake_clean_first' from command line to 'False'
[0.419s] Level 5:colcon.colcon_core.verb:set package 'joy_translate' build argument 'cmake_force_configure' from command line to 'False'
[0.419s] Level 5:colcon.colcon_core.verb:set package 'joy_translate' build argument 'ament_cmake_args' from command line to 'None'
[0.419s] Level 5:colcon.colcon_core.verb:set package 'joy_translate' build argument 'catkin_cmake_args' from command line to 'None'
[0.419s] Level 5:colcon.colcon_core.verb:set package 'joy_translate' build argument 'catkin_skip_building_tests' from command line to 'False'
[0.419s] DEBUG:colcon.colcon_core.verb:Building package 'joy_translate' with the following arguments: {'ament_cmake_args': None, 'build_base': '/home/a/harurobo/build/joy_translate', 'catkin_cmake_args': None, 'catkin_skip_building_tests': False, 'cmake_args': None, 'cmake_clean_cache': False, 'cmake_clean_first': False, 'cmake_force_configure': False, 'cmake_target': None, 'cmake_target_skip_unavailable': False, 'install_base': '/home/a/harurobo/install/joy_translate', 'merge_install': False, 'path': '/home/a/harurobo/src/joy_translate', 'symlink_install': False, 'test_result_base': None}
[0.419s] Level 5:colcon.colcon_core.verb:set package 'haru_launch' build argument 'cmake_args' from command line to 'None'
[0.419s] Level 5:colcon.colcon_core.verb:set package 'haru_launch' build argument 'cmake_target' from command line to 'None'
[0.419s] Level 5:colcon.colcon_core.verb:set package 'haru_launch' build argument 'cmake_target_skip_unavailable' from command line to 'False'
[0.419s] Level 5:colcon.colcon_core.verb:set package 'haru_launch' build argument 'cmake_clean_cache' from command line to 'False'
[0.419s] Level 5:colcon.colcon_core.verb:set package 'haru_launch' build argument 'cmake_clean_first' from command line to 'False'
[0.419s] Level 5:colcon.colcon_core.verb:set package 'haru_launch' build argument 'cmake_force_configure' from command line to 'False'
[0.419s] Level 5:colcon.colcon_core.verb:set package 'haru_launch' build argument 'ament_cmake_args' from command line to 'None'
[0.419s] Level 5:colcon.colcon_core.verb:set package 'haru_launch' build argument 'catkin_cmake_args' from command line to 'None'
[0.419s] Level 5:colcon.colcon_core.verb:set package 'haru_launch' build argument 'catkin_skip_building_tests' from command line to 'False'
[0.419s] DEBUG:colcon.colcon_core.verb:Building package 'haru_launch' with the following arguments: {'ament_cmake_args': None, 'build_base': '/home/a/harurobo/build/haru_launch', 'catkin_cmake_args': None, 'catkin_skip_building_tests': False, 'cmake_args': None, 'cmake_clean_cache': False, 'cmake_clean_first': False, 'cmake_force_configure': False, 'cmake_target': None, 'cmake_target_skip_unavailable': False, 'install_base': '/home/a/harurobo/install/haru_launch', 'merge_install': False, 'path': '/home/a/harurobo/src/haru_launch', 'symlink_install': False, 'test_result_base': None}
[0.419s] INFO:colcon.colcon_core.executor:Executing jobs using 'parallel' executor
[0.420s] DEBUG:colcon.colcon_parallel_executor.executor.parallel:run_until_complete
[0.420s] INFO:colcon.colcon_ros.task.ament_python.build:Building ROS package in '/home/a/harurobo/src/joy_translate' with build type 'ament_python'
[0.420s] Level 1:colcon.colcon_core.shell:create_environment_hook('joy_translate', 'ament_prefix_path')
[0.423s] INFO:colcon.colcon_core.plugin_system:Skipping extension 'colcon_core.shell.bat': Not used on non-Windows systems
[0.423s] INFO:colcon.colcon_core.shell:Creating environment hook '/home/a/harurobo/install/joy_translate/share/joy_translate/hook/ament_prefix_path.ps1'
[0.425s] INFO:colcon.colcon_core.shell:Creating environment descriptor '/home/a/harurobo/install/joy_translate/share/joy_translate/hook/ament_prefix_path.dsv'
[0.425s] INFO:colcon.colcon_core.shell:Creating environment hook '/home/a/harurobo/install/joy_translate/share/joy_translate/hook/ament_prefix_path.sh'
[0.426s] INFO:colcon.colcon_core.shell:Skip shell extension 'powershell' for command environment: Not usable outside of PowerShell
[0.426s] DEBUG:colcon.colcon_core.shell:Skip shell extension 'dsv' for command environment
[0.429s] INFO:colcon.colcon_ros.task.ament_python.build:Building ROS package in '/home/a/harurobo/src/haru_odrive' with build type 'ament_python'
[0.430s] Level 1:colcon.colcon_core.shell:create_environment_hook('haru_odrive', 'ament_prefix_path')
[0.430s] INFO:colcon.colcon_core.shell:Creating environment hook '/home/a/harurobo/install/haru_odrive/share/haru_odrive/hook/ament_prefix_path.ps1'
[0.430s] INFO:colcon.colcon_core.shell:Creating environment descriptor '/home/a/harurobo/install/haru_odrive/share/haru_odrive/hook/ament_prefix_path.dsv'
[0.430s] INFO:colcon.colcon_core.shell:Creating environment hook '/home/a/harurobo/install/haru_odrive/share/haru_odrive/hook/ament_prefix_path.sh'
[0.431s] INFO:colcon.colcon_core.shell:Skip shell extension 'powershell' for command environment: Not usable outside of PowerShell
[0.431s] DEBUG:colcon.colcon_core.shell:Skip shell extension 'dsv' for command environment
[0.661s] INFO:colcon.colcon_core.task.python.build:Building Python package in '/home/a/harurobo/src/joy_translate'
[0.661s] INFO:colcon.colcon_core.shell:Skip shell extension 'powershell' for command environment: Not usable outside of PowerShell
[0.661s] DEBUG:colcon.colcon_core.shell:Skip shell extension 'dsv' for command environment
[0.889s] INFO:colcon.colcon_core.task.python.build:Building Python package in '/home/a/harurobo/src/haru_odrive'
[0.889s] INFO:colcon.colcon_core.shell:Skip shell extension 'powershell' for command environment: Not usable outside of PowerShell
[0.890s] DEBUG:colcon.colcon_core.shell:Skip shell extension 'dsv' for command environment
[1.286s] DEBUG:colcon.colcon_core.event_handler.log_command:Invoking command in '/home/a/harurobo/src/haru_odrive': PYTHONPATH=/home/a/harurobo/build/haru_odrive/prefix_override:/usr/lib/python3/dist-packages/colcon_core/task/python/colcon_distutils_commands:/home/a/harurobo/install/haru_odrive/lib/python3.10/site-packages:${PYTHONPATH} /usr/bin/python3 -W ignore:setup.py install is deprecated -W ignore:easy_install command is deprecated setup.py egg_info --egg-base ../../build/haru_odrive build --build-base /home/a/harurobo/build/haru_odrive/build install --record /home/a/harurobo/build/haru_odrive/install.log --single-version-externally-managed install_data
[1.294s] DEBUG:colcon.colcon_core.event_handler.log_command:Invoking command in '/home/a/harurobo/src/joy_translate': PYTHONPATH=/home/a/harurobo/build/joy_translate/prefix_override:/usr/lib/python3/dist-packages/colcon_core/task/python/colcon_distutils_commands:/home/a/harurobo/install/joy_translate/lib/python3.10/site-packages:${PYTHONPATH} /usr/bin/python3 -W ignore:setup.py install is deprecated -W ignore:easy_install command is deprecated setup.py egg_info --egg-base ../../build/joy_translate build --build-base /home/a/harurobo/build/joy_translate/build install --record /home/a/harurobo/build/joy_translate/install.log --single-version-externally-managed install_data
[1.530s] DEBUG:colcon.colcon_core.event_handler.log_command:Invoked command in '/home/a/harurobo/src/haru_odrive' returned '0': PYTHONPATH=/home/a/harurobo/build/haru_odrive/prefix_override:/usr/lib/python3/dist-packages/colcon_core/task/python/colcon_distutils_commands:/home/a/harurobo/install/haru_odrive/lib/python3.10/site-packages:${PYTHONPATH} /usr/bin/python3 -W ignore:setup.py install is deprecated -W ignore:easy_install command is deprecated setup.py egg_info --egg-base ../../build/haru_odrive build --build-base /home/a/harurobo/build/haru_odrive/build install --record /home/a/harurobo/build/haru_odrive/install.log --single-version-externally-managed install_data
[1.533s] Level 1:colcon.colcon_core.environment:checking '/home/a/harurobo/install/haru_odrive' for CMake module files
[1.534s] Level 1:colcon.colcon_core.environment:checking '/home/a/harurobo/install/haru_odrive' for CMake config files
[1.535s] Level 1:colcon.colcon_core.environment:checking '/home/a/harurobo/install/haru_odrive/lib'
[1.535s] Level 1:colcon.colcon_core.environment:checking '/home/a/harurobo/install/haru_odrive/bin'
[1.535s] Level 1:colcon.colcon_core.environment:checking '/home/a/harurobo/install/haru_odrive/lib/pkgconfig/haru_odrive.pc'
[1.535s] Level 1:colcon.colcon_core.environment:checking '/home/a/harurobo/install/haru_odrive/lib/python3.10/site-packages'
[1.535s] Level 1:colcon.colcon_core.shell:create_environment_hook('haru_odrive', 'pythonpath')
[1.535s] INFO:colcon.colcon_core.shell:Creating environment hook '/home/a/harurobo/install/haru_odrive/share/haru_odrive/hook/pythonpath.ps1'
[1.535s] INFO:colcon.colcon_core.shell:Creating environment descriptor '/home/a/harurobo/install/haru_odrive/share/haru_odrive/hook/pythonpath.dsv'
[1.536s] INFO:colcon.colcon_core.shell:Creating environment hook '/home/a/harurobo/install/haru_odrive/share/haru_odrive/hook/pythonpath.sh'
[1.536s] Level 1:colcon.colcon_core.environment:checking '/home/a/harurobo/install/haru_odrive/bin'
[1.536s] Level 1:colcon.colcon_core.environment:create_environment_scripts_only(haru_odrive)
[1.536s] INFO:colcon.colcon_core.shell:Creating package script '/home/a/harurobo/install/haru_odrive/share/haru_odrive/package.ps1'
[1.537s] INFO:colcon.colcon_core.shell:Creating package descriptor '/home/a/harurobo/install/haru_odrive/share/haru_odrive/package.dsv'
[1.537s] INFO:colcon.colcon_core.shell:Creating package script '/home/a/harurobo/install/haru_odrive/share/haru_odrive/package.sh'
[1.538s] INFO:colcon.colcon_core.shell:Creating package script '/home/a/harurobo/install/haru_odrive/share/haru_odrive/package.bash'
[1.538s] INFO:colcon.colcon_core.shell:Creating package script '/home/a/harurobo/install/haru_odrive/share/haru_odrive/package.zsh'
[1.539s] Level 1:colcon.colcon_core.environment:create_file_with_runtime_dependencies(/home/a/harurobo/install/haru_odrive/share/colcon-core/packages/haru_odrive)
[1.542s] Level 1:colcon.colcon_core.environment:checking '/home/a/harurobo/install/joy_translate' for CMake module files
[1.543s] DEBUG:colcon.colcon_core.event_handler.log_command:Invoked command in '/home/a/harurobo/src/joy_translate' returned '0': PYTHONPATH=/home/a/harurobo/build/joy_translate/prefix_override:/usr/lib/python3/dist-packages/colcon_core/task/python/colcon_distutils_commands:/home/a/harurobo/install/joy_translate/lib/python3.10/site-packages:${PYTHONPATH} /usr/bin/python3 -W ignore:setup.py install is deprecated -W ignore:easy_install command is deprecated setup.py egg_info --egg-base ../../build/joy_translate build --build-base /home/a/harurobo/build/joy_translate/build install --record /home/a/harurobo/build/joy_translate/install.log --single-version-externally-managed install_data
[1.543s] Level 1:colcon.colcon_core.environment:checking '/home/a/harurobo/install/joy_translate' for CMake config files
[1.543s] Level 1:colcon.colcon_core.environment:checking '/home/a/harurobo/install/joy_translate/lib'
[1.543s] Level 1:colcon.colcon_core.environment:checking '/home/a/harurobo/install/joy_translate/bin'
[1.544s] Level 1:colcon.colcon_core.environment:checking '/home/a/harurobo/install/joy_translate/lib/pkgconfig/joy_translate.pc'
[1.545s] Level 1:colcon.colcon_core.environment:checking '/home/a/harurobo/install/joy_translate/lib/python3.10/site-packages'
[1.545s] Level 1:colcon.colcon_core.shell:create_environment_hook('joy_translate', 'pythonpath')
[1.546s] INFO:colcon.colcon_core.shell:Creating environment hook '/home/a/harurobo/install/joy_translate/share/joy_translate/hook/pythonpath.ps1'
[1.549s] INFO:colcon.colcon_core.shell:Creating environment descriptor '/home/a/harurobo/install/joy_translate/share/joy_translate/hook/pythonpath.dsv'
[1.549s] INFO:colcon.colcon_core.shell:Creating environment hook '/home/a/harurobo/install/joy_translate/share/joy_translate/hook/pythonpath.sh'
[1.550s] Level 1:colcon.colcon_core.environment:checking '/home/a/harurobo/install/joy_translate/bin'
[1.550s] Level 1:colcon.colcon_core.environment:create_environment_scripts_only(joy_translate)
[1.550s] INFO:colcon.colcon_core.shell:Creating package script '/home/a/harurobo/install/joy_translate/share/joy_translate/package.ps1'
[1.550s] INFO:colcon.colcon_core.shell:Creating package descriptor '/home/a/harurobo/install/joy_translate/share/joy_translate/package.dsv'
[1.551s] INFO:colcon.colcon_core.shell:Creating package script '/home/a/harurobo/install/joy_translate/share/joy_translate/package.sh'
[1.551s] INFO:colcon.colcon_core.shell:Creating package script '/home/a/harurobo/install/joy_translate/share/joy_translate/package.bash'
[1.551s] INFO:colcon.colcon_core.shell:Creating package script '/home/a/harurobo/install/joy_translate/share/joy_translate/package.zsh'
[1.551s] Level 1:colcon.colcon_core.environment:create_file_with_runtime_dependencies(/home/a/harurobo/install/joy_translate/share/colcon-core/packages/joy_translate)
[1.552s] INFO:colcon.colcon_ros.task.ament_python.build:Building ROS package in '/home/a/harurobo/src/haru_launch' with build type 'ament_python'
[1.552s] Level 1:colcon.colcon_core.shell:create_environment_hook('haru_launch', 'ament_prefix_path')
[1.552s] INFO:colcon.colcon_core.shell:Creating environment hook '/home/a/harurobo/install/haru_launch/share/haru_launch/hook/ament_prefix_path.ps1'
[1.553s] INFO:colcon.colcon_core.shell:Creating environment descriptor '/home/a/harurobo/install/haru_launch/share/haru_launch/hook/ament_prefix_path.dsv'
[1.553s] INFO:colcon.colcon_core.shell:Creating environment hook '/home/a/harurobo/install/haru_launch/share/haru_launch/hook/ament_prefix_path.sh'
[1.553s] INFO:colcon.colcon_core.shell:Skip shell extension 'powershell' for command environment: Not usable outside of PowerShell
[1.553s] DEBUG:colcon.colcon_core.shell:Skip shell extension 'dsv' for command environment
[1.789s] INFO:colcon.colcon_core.task.python.build:Building Python package in '/home/a/harurobo/src/haru_launch'
[1.790s] INFO:colcon.colcon_core.shell:Skip shell extension 'powershell' for command environment: Not usable outside of PowerShell
[1.790s] DEBUG:colcon.colcon_core.shell:Skip shell extension 'dsv' for command environment
[2.112s] DEBUG:colcon.colcon_core.event_handler.log_command:Invoking command in '/home/a/harurobo/src/haru_launch': AMENT_PREFIX_PATH=/home/a/harurobo/install/joy_translate:/home/a/harurobo/install/haru_launch:/home/a/harurobo/install/haru_odrive:/home/a/ros2_ws/install/turtlesim:/home/a/ros2_ws/install/py_pubsub:/home/a/ros2_ws/install/my_package:/home/a/ros2_ws/install/launch_testing_examples:/home/a/ros2_ws/install/examples_rclpy_pointcloud_publisher:/home/a/ros2_ws/install/examples_rclpy_minimal_subscriber:/home/a/ros2_ws/install/examples_rclpy_minimal_service:/home/a/ros2_ws/install/examples_rclpy_minimal_publisher:/home/a/ros2_ws/install/examples_rclpy_minimal_client:/home/a/ros2_ws/install/examples_rclpy_minimal_action_server:/home/a/ros2_ws/install/examples_rclpy_minimal_action_client:/home/a/ros2_ws/install/examples_rclpy_guard_conditions:/home/a/ros2_ws/install/examples_rclpy_executors:/home/a/ros2_ws/install/examples_rclcpp_wait_set:/home/a/ros2_ws/install/examples_rclcpp_multithreaded_executor:/home/a/ros2_ws/install/examples_rclcpp_minimal_timer:/home/a/ros2_ws/install/examples_rclcpp_minimal_subscriber:/home/a/ros2_ws/install/examples_rclcpp_minimal_service:/home/a/ros2_ws/install/examples_rclcpp_minimal_publisher:/home/a/ros2_ws/install/examples_rclcpp_minimal_composition:/home/a/ros2_ws/install/examples_rclcpp_minimal_client:/home/a/ros2_ws/install/examples_rclcpp_minimal_action_server:/home/a/ros2_ws/install/examples_rclcpp_minimal_action_client:/home/a/ros2_ws/install/examples_rclcpp_async_client:/home/a/install/sdl2_vendor:/opt/ros/humble PYTHONPATH=/home/a/harurobo/build/haru_launch/prefix_override:/usr/lib/python3/dist-packages/colcon_core/task/python/colcon_distutils_commands:/home/a/harurobo/install/haru_launch/lib/python3.10/site-packages:/home/a/harurobo/install/joy_translate/lib/python3.10/site-packages:/home/a/harurobo/build/haru_launch:/home/a/harurobo/build/joy_translate:/home/a/harurobo/build/haru_odrive:/home/a/harurobo/install/haru_odrive/lib/python3.10/site-packages:/home/a/harurobo/install/haru_launch/lib/python3.10/site-packages:/home/a/harurobo1/install/od_ros/lib/python3.10/site-packages:/home/a/harurobo1/install/launch/lib/python3.10/site-packages:/home/a/harurobo1/install/joy_translate/lib/python3.10/site-packages:/home/a/harurobo1/install/haru_odrive/lib/python3.10/site-packages:/home/a/harurobo1/install/haru_launch/lib/python3.10/site-packages:/home/a/harurobo/install/od_ros/lib/python3.10/site-packages:/home/a/install/joy_translate/lib/python3.10/site-packages:/home/a/ros2_ws/install/turtlesim/local/lib/python3.10/dist-packages:/home/a/ros2_ws/install/py_pubsub/lib/python3.10/site-packages:/home/a/ros2_ws/install/launch_testing_examples/lib/python3.10/site-packages:/home/a/ros2_ws/install/examples_rclpy_pointcloud_publisher/lib/python3.10/site-packages:/home/a/ros2_ws/install/examples_rclpy_minimal_subscriber/lib/python3.10/site-packages:/home/a/ros2_ws/install/examples_rclpy_minimal_service/lib/python3.10/site-packages:/home/a/ros2_ws/install/examples_rclpy_minimal_publisher/lib/python3.10/site-packages:/home/a/ros2_ws/install/examples_rclpy_minimal_client/lib/python3.10/site-packages:/home/a/ros2_ws/install/examples_rclpy_minimal_action_server/lib/python3.10/site-packages:/home/a/ros2_ws/install/examples_rclpy_minimal_action_client/lib/python3.10/site-packages:/home/a/ros2_ws/install/examples_rclpy_guard_conditions/lib/python3.10/site-packages:/home/a/ros2_ws/install/examples_rclpy_executors/lib/python3.10/site-packages:/opt/ros/humble/lib/python3.10/site-packages:/opt/ros/humble/local/lib/python3.10/dist-packages /usr/bin/python3 -W ignore:setup.py install is deprecated -W ignore:easy_install command is deprecated setup.py egg_info --egg-base ../../build/haru_launch build --build-base /home/a/harurobo/build/haru_launch/build install --record /home/a/harurobo/build/haru_launch/install.log --single-version-externally-managed install_data
[2.359s] Level 1:colcon.colcon_core.environment:checking '/home/a/harurobo/install/haru_launch' for CMake module files
[2.359s] Level 1:colcon.colcon_core.environment:checking '/home/a/harurobo/install/haru_launch' for CMake config files
[2.360s] Level 1:colcon.colcon_core.environment:checking '/home/a/harurobo/install/haru_launch/lib'
[2.360s] Level 1:colcon.colcon_core.environment:checking '/home/a/harurobo/install/haru_launch/bin'
[2.360s] Level 1:colcon.colcon_core.environment:checking '/home/a/harurobo/install/haru_launch/lib/pkgconfig/haru_launch.pc'
[2.360s] Level 1:colcon.colcon_core.environment:checking '/home/a/harurobo/install/haru_launch/lib/python3.10/site-packages'
[2.360s] Level 1:colcon.colcon_core.shell:create_environment_hook('haru_launch', 'pythonpath')
[2.360s] INFO:colcon.colcon_core.shell:Creating environment hook '/home/a/harurobo/install/haru_launch/share/haru_launch/hook/pythonpath.ps1'
[2.361s] INFO:colcon.colcon_core.shell:Creating environment descriptor '/home/a/harurobo/install/haru_launch/share/haru_launch/hook/pythonpath.dsv'
[2.361s] INFO:colcon.colcon_core.shell:Creating environment hook '/home/a/harurobo/install/haru_launch/share/haru_launch/hook/pythonpath.sh'
[2.361s] Level 1:colcon.colcon_core.environment:checking '/home/a/harurobo/install/haru_launch/bin'
[2.361s] Level 1:colcon.colcon_core.environment:create_environment_scripts_only(haru_launch)
[2.362s] INFO:colcon.colcon_core.shell:Creating package script '/home/a/harurobo/install/haru_launch/share/haru_launch/package.ps1'
[2.362s] INFO:colcon.colcon_core.shell:Creating package descriptor '/home/a/harurobo/install/haru_launch/share/haru_launch/package.dsv'
[2.363s] INFO:colcon.colcon_core.shell:Creating package script '/home/a/harurobo/install/haru_launch/share/haru_launch/package.sh'
[2.363s] INFO:colcon.colcon_core.shell:Creating package script '/home/a/harurobo/install/haru_launch/share/haru_launch/package.bash'
[2.363s] INFO:colcon.colcon_core.shell:Creating package script '/home/a/harurobo/install/haru_launch/share/haru_launch/package.zsh'
[2.364s] Level 1:colcon.colcon_core.environment:create_file_with_runtime_dependencies(/home/a/harurobo/install/haru_launch/share/colcon-core/packages/haru_launch)
[2.364s] DEBUG:colcon.colcon_parallel_executor.executor.parallel:closing loop
[2.364s] DEBUG:colcon.colcon_parallel_executor.executor.parallel:loop closed
[2.364s] DEBUG:colcon.colcon_parallel_executor.executor.parallel:run_until_complete finished with '0'
[2.365s] DEBUG:colcon.colcon_core.event_reactor:joining thread
[2.365s] DEBUG:colcon.colcon_core.event_handler.log_command:Invoked command in '/home/a/harurobo/src/haru_launch' returned '0': AMENT_PREFIX_PATH=/home/a/harurobo/install/joy_translate:/home/a/harurobo/install/haru_launch:/home/a/harurobo/install/haru_odrive:/home/a/ros2_ws/install/turtlesim:/home/a/ros2_ws/install/py_pubsub:/home/a/ros2_ws/install/my_package:/home/a/ros2_ws/install/launch_testing_examples:/home/a/ros2_ws/install/examples_rclpy_pointcloud_publisher:/home/a/ros2_ws/install/examples_rclpy_minimal_subscriber:/home/a/ros2_ws/install/examples_rclpy_minimal_service:/home/a/ros2_ws/install/examples_rclpy_minimal_publisher:/home/a/ros2_ws/install/examples_rclpy_minimal_client:/home/a/ros2_ws/install/examples_rclpy_minimal_action_server:/home/a/ros2_ws/install/examples_rclpy_minimal_action_client:/home/a/ros2_ws/install/examples_rclpy_guard_conditions:/home/a/ros2_ws/install/examples_rclpy_executors:/home/a/ros2_ws/install/examples_rclcpp_wait_set:/home/a/ros2_ws/install/examples_rclcpp_multithreaded_executor:/home/a/ros2_ws/install/examples_rclcpp_minimal_timer:/home/a/ros2_ws/install/examples_rclcpp_minimal_subscriber:/home/a/ros2_ws/install/examples_rclcpp_minimal_service:/home/a/ros2_ws/install/examples_rclcpp_minimal_publisher:/home/a/ros2_ws/install/examples_rclcpp_minimal_composition:/home/a/ros2_ws/install/examples_rclcpp_minimal_client:/home/a/ros2_ws/install/examples_rclcpp_minimal_action_server:/home/a/ros2_ws/install/examples_rclcpp_minimal_action_client:/home/a/ros2_ws/install/examples_rclcpp_async_client:/home/a/install/sdl2_vendor:/opt/ros/humble PYTHONPATH=/home/a/harurobo/build/haru_launch/prefix_override:/usr/lib/python3/dist-packages/colcon_core/task/python/colcon_distutils_commands:/home/a/harurobo/install/haru_launch/lib/python3.10/site-packages:/home/a/harurobo/install/joy_translate/lib/python3.10/site-packages:/home/a/harurobo/build/haru_launch:/home/a/harurobo/build/joy_translate:/home/a/harurobo/build/haru_odrive:/home/a/harurobo/install/haru_odrive/lib/python3.10/site-packages:/home/a/harurobo/install/haru_launch/lib/python3.10/site-packages:/home/a/harurobo1/install/od_ros/lib/python3.10/site-packages:/home/a/harurobo1/install/launch/lib/python3.10/site-packages:/home/a/harurobo1/install/joy_translate/lib/python3.10/site-packages:/home/a/harurobo1/install/haru_odrive/lib/python3.10/site-packages:/home/a/harurobo1/install/haru_launch/lib/python3.10/site-packages:/home/a/harurobo/install/od_ros/lib/python3.10/site-packages:/home/a/install/joy_translate/lib/python3.10/site-packages:/home/a/ros2_ws/install/turtlesim/local/lib/python3.10/dist-packages:/home/a/ros2_ws/install/py_pubsub/lib/python3.10/site-packages:/home/a/ros2_ws/install/launch_testing_examples/lib/python3.10/site-packages:/home/a/ros2_ws/install/examples_rclpy_pointcloud_publisher/lib/python3.10/site-packages:/home/a/ros2_ws/install/examples_rclpy_minimal_subscriber/lib/python3.10/site-packages:/home/a/ros2_ws/install/examples_rclpy_minimal_service/lib/python3.10/site-packages:/home/a/ros2_ws/install/examples_rclpy_minimal_publisher/lib/python3.10/site-packages:/home/a/ros2_ws/install/examples_rclpy_minimal_client/lib/python3.10/site-packages:/home/a/ros2_ws/install/examples_rclpy_minimal_action_server/lib/python3.10/site-packages:/home/a/ros2_ws/install/examples_rclpy_minimal_action_client/lib/python3.10/site-packages:/home/a/ros2_ws/install/examples_rclpy_guard_conditions/lib/python3.10/site-packages:/home/a/ros2_ws/install/examples_rclpy_executors/lib/python3.10/site-packages:/opt/ros/humble/lib/python3.10/site-packages:/opt/ros/humble/local/lib/python3.10/dist-packages /usr/bin/python3 -W ignore:setup.py install is deprecated -W ignore:easy_install command is deprecated setup.py egg_info --egg-base ../../build/haru_launch build --build-base /home/a/harurobo/build/haru_launch/build install --record /home/a/harurobo/build/haru_launch/install.log --single-version-externally-managed install_data
[2.374s] INFO:colcon.colcon_core.plugin_system:Skipping extension 'colcon_notification.desktop_notification.terminal_notifier': Not used on non-Darwin systems
[2.374s] INFO:colcon.colcon_core.plugin_system:Skipping extension 'colcon_notification.desktop_notification.win32': Not used on non-Windows systems
[2.374s] INFO:colcon.colcon_notification.desktop_notification:Sending desktop notification using 'notify2'
[2.391s] DEBUG:colcon.colcon_core.event_reactor:joined thread
[2.391s] INFO:colcon.colcon_core.shell:Creating prefix script '/home/a/harurobo/install/local_setup.ps1'
[2.392s] INFO:colcon.colcon_core.shell:Creating prefix util module '/home/a/harurobo/install/_local_setup_util_ps1.py'
[2.394s] INFO:colcon.colcon_core.shell:Creating prefix chain script '/home/a/harurobo/install/setup.ps1'
[2.396s] INFO:colcon.colcon_core.shell:Creating prefix script '/home/a/harurobo/install/local_setup.sh'
[2.397s] INFO:colcon.colcon_core.shell:Creating prefix util module '/home/a/harurobo/install/_local_setup_util_sh.py'
[2.398s] INFO:colcon.colcon_core.shell:Creating prefix chain script '/home/a/harurobo/install/setup.sh'
[2.400s] INFO:colcon.colcon_core.shell:Creating prefix script '/home/a/harurobo/install/local_setup.bash'
[2.400s] INFO:colcon.colcon_core.shell:Creating prefix chain script '/home/a/harurobo/install/setup.bash'
[2.402s] INFO:colcon.colcon_core.shell:Creating prefix script '/home/a/harurobo/install/local_setup.zsh'
[2.403s] INFO:colcon.colcon_core.shell:Creating prefix chain script '/home/a/harurobo/install/setup.zsh'
