[0.735s] Invoking command in '/home/a/harurobo/src/haru_odrive': PYTHONPATH=/home/a/harurobo/build/haru_odrive/prefix_override:/usr/lib/python3/dist-packages/colcon_core/task/python/colcon_distutils_commands:/home/a/harurobo/install/haru_odrive/lib/python3.10/site-packages:${PYTHONPATH} /usr/bin/python3 -W ignore:setup.py install is deprecated -W ignore:easy_install command is deprecated setup.py egg_info --egg-base ../../build/haru_odrive build --build-base /home/a/harurobo/build/haru_odrive/build install --record /home/a/harurobo/build/haru_odrive/install.log --single-version-externally-managed install_data
[0.930s] running egg_info
[0.931s] creating ../../build/haru_odrive/haru_odrive.egg-info
[0.931s] writing ../../build/haru_odrive/haru_odrive.egg-info/PKG-INFO
[0.931s] writing dependency_links to ../../build/haru_odrive/haru_odrive.egg-info/dependency_links.txt
[0.931s] writing entry points to ../../build/haru_odrive/haru_odrive.egg-info/entry_points.txt
[0.931s] writing requirements to ../../build/haru_odrive/haru_odrive.egg-info/requires.txt
[0.932s] writing top-level names to ../../build/haru_odrive/haru_odrive.egg-info/top_level.txt
[0.932s] writing manifest file '../../build/haru_odrive/haru_odrive.egg-info/SOURCES.txt'
[0.932s] reading manifest file '../../build/haru_odrive/haru_odrive.egg-info/SOURCES.txt'
[0.932s] adding license file 'LICENSE'
[0.933s] writing manifest file '../../build/haru_odrive/haru_odrive.egg-info/SOURCES.txt'
[0.933s] running build
[0.933s] running build_py
[0.933s] creating /home/a/harurobo/build/haru_odrive/build
[0.933s] creating /home/a/harurobo/build/haru_odrive/build/lib
[0.933s] creating /home/a/harurobo/build/haru_odrive/build/lib/haru_odrive
[0.933s] copying haru_odrive/__init__.py -> /home/a/harurobo/build/haru_odrive/build/lib/haru_odrive
[0.933s] copying haru_odrive/od.py -> /home/a/harurobo/build/haru_odrive/build/lib/haru_odrive
[0.933s] running install
[0.933s] running install_lib
[0.934s] creating /home/a/harurobo/install/haru_odrive/lib/python3.10/site-packages/haru_odrive
[0.934s] copying /home/a/harurobo/build/haru_odrive/build/lib/haru_odrive/__init__.py -> /home/a/harurobo/install/haru_odrive/lib/python3.10/site-packages/haru_odrive
[0.934s] copying /home/a/harurobo/build/haru_odrive/build/lib/haru_odrive/od.py -> /home/a/harurobo/install/haru_odrive/lib/python3.10/site-packages/haru_odrive
[0.935s] byte-compiling /home/a/harurobo/install/haru_odrive/lib/python3.10/site-packages/haru_odrive/__init__.py to __init__.cpython-310.pyc
[0.935s] byte-compiling /home/a/harurobo/install/haru_odrive/lib/python3.10/site-packages/haru_odrive/od.py to od.cpython-310.pyc
[0.936s] running install_data
[0.936s] creating /home/a/harurobo/install/haru_odrive/share/ament_index
[0.936s] creating /home/a/harurobo/install/haru_odrive/share/ament_index/resource_index
[0.936s] creating /home/a/harurobo/install/haru_odrive/share/ament_index/resource_index/packages
[0.936s] copying resource/haru_odrive -> /home/a/harurobo/install/haru_odrive/share/ament_index/resource_index/packages
[0.936s] copying package.xml -> /home/a/harurobo/install/haru_odrive/share/haru_odrive
[0.936s] running install_egg_info
[0.938s] Copying ../../build/haru_odrive/haru_odrive.egg-info to /home/a/harurobo/install/haru_odrive/lib/python3.10/site-packages/haru_odrive-0.0.0-py3.10.egg-info
[0.939s] running install_scripts
[0.954s] Installing od script to /home/a/harurobo/install/haru_odrive/lib/od_ros
[0.955s] writing list of installed files to '/home/a/harurobo/build/haru_odrive/install.log'
[0.988s] Invoked command in '/home/a/harurobo/src/haru_odrive' returned '0': PYTHONPATH=/home/a/harurobo/build/haru_odrive/prefix_override:/usr/lib/python3/dist-packages/colcon_core/task/python/colcon_distutils_commands:/home/a/harurobo/install/haru_odrive/lib/python3.10/site-packages:${PYTHONPATH} /usr/bin/python3 -W ignore:setup.py install is deprecated -W ignore:easy_install command is deprecated setup.py egg_info --egg-base ../../build/haru_odrive build --build-base /home/a/harurobo/build/haru_odrive/build install --record /home/a/harurobo/build/haru_odrive/install.log --single-version-externally-managed install_data
