[0.855s] Invoking command in '/home/a/harurobo1/src/haru_odrive': PYTHONPATH=/home/a/harurobo1/build/od_ros/prefix_override:/usr/lib/python3/dist-packages/colcon_core/task/python/colcon_distutils_commands:/home/a/harurobo1/install/od_ros/lib/python3.10/site-packages:${PYTHONPATH} /usr/bin/python3 -W ignore:setup.py install is deprecated -W ignore:easy_install command is deprecated setup.py egg_info --egg-base ../../build/od_ros build --build-base /home/a/harurobo1/build/od_ros/build install --record /home/a/harurobo1/build/od_ros/install.log --single-version-externally-managed install_data
[1.055s] running egg_info
[1.055s] writing ../../build/od_ros/od_ros.egg-info/PKG-INFO
[1.056s] writing dependency_links to ../../build/od_ros/od_ros.egg-info/dependency_links.txt
[1.056s] writing entry points to ../../build/od_ros/od_ros.egg-info/entry_points.txt
[1.056s] writing requirements to ../../build/od_ros/od_ros.egg-info/requires.txt
[1.056s] writing top-level names to ../../build/od_ros/od_ros.egg-info/top_level.txt
[1.057s] reading manifest file '../../build/od_ros/od_ros.egg-info/SOURCES.txt'
[1.057s] adding license file 'LICENSE'
[1.058s] writing manifest file '../../build/od_ros/od_ros.egg-info/SOURCES.txt'
[1.058s] running build
[1.058s] running build_py
[1.058s] running install
[1.058s] running install_lib
[1.059s] running install_data
[1.059s] running install_egg_info
[1.061s] removing '/home/a/harurobo1/install/od_ros/lib/python3.10/site-packages/od_ros-0.0.0-py3.10.egg-info' (and everything under it)
[1.062s] Copying ../../build/od_ros/od_ros.egg-info to /home/a/harurobo1/install/od_ros/lib/python3.10/site-packages/od_ros-0.0.0-py3.10.egg-info
[1.062s] running install_scripts
[1.079s] Installing od script to /home/a/harurobo1/install/od_ros/lib/od_ros
[1.079s] writing list of installed files to '/home/a/harurobo1/build/od_ros/install.log'
[1.104s] Invoked command in '/home/a/harurobo1/src/haru_odrive' returned '0': PYTHONPATH=/home/a/harurobo1/build/od_ros/prefix_override:/usr/lib/python3/dist-packages/colcon_core/task/python/colcon_distutils_commands:/home/a/harurobo1/install/od_ros/lib/python3.10/site-packages:${PYTHONPATH} /usr/bin/python3 -W ignore:setup.py install is deprecated -W ignore:easy_install command is deprecated setup.py egg_info --egg-base ../../build/od_ros build --build-base /home/a/harurobo1/build/od_ros/build install --record /home/a/harurobo1/build/od_ros/install.log --single-version-externally-managed install_data
