[0.562s] Invoking command in '/home/a/harurobo/src/joy_translate': PYTHONPATH=/home/a/harurobo/build/joy_translate/prefix_override:/usr/lib/python3/dist-packages/colcon_core/task/python/colcon_distutils_commands:/home/a/harurobo/install/joy_translate/lib/python3.10/site-packages:${PYTHONPATH} /usr/bin/python3 -W ignore:setup.py install is deprecated -W ignore:easy_install command is deprecated setup.py egg_info --egg-base ../../build/joy_translate build --build-base /home/a/harurobo/build/joy_translate/build install --record /home/a/harurobo/build/joy_translate/install.log --single-version-externally-managed install_data
[0.755s] running egg_info
[0.756s] writing ../../build/joy_translate/joy_translate.egg-info/PKG-INFO
[0.757s] writing dependency_links to ../../build/joy_translate/joy_translate.egg-info/dependency_links.txt
[0.757s] writing entry points to ../../build/joy_translate/joy_translate.egg-info/entry_points.txt
[0.758s] writing requirements to ../../build/joy_translate/joy_translate.egg-info/requires.txt
[0.758s] writing top-level names to ../../build/joy_translate/joy_translate.egg-info/top_level.txt
[0.760s] reading manifest file '../../build/joy_translate/joy_translate.egg-info/SOURCES.txt'
[0.760s] adding license file 'LICENSE'
[0.761s] writing manifest file '../../build/joy_translate/joy_translate.egg-info/SOURCES.txt'
[0.761s] running build
[0.761s] running build_py
[0.762s] copying joy_translate/joy_translate_node.py -> /home/a/harurobo/build/joy_translate/build/lib/joy_translate
[0.762s] running install
[0.762s] running install_lib
[0.763s] copying /home/a/harurobo/build/joy_translate/build/lib/joy_translate/joy_translate_node.py -> /home/a/harurobo/install/joy_translate/lib/python3.10/site-packages/joy_translate
[0.764s] byte-compiling /home/a/harurobo/install/joy_translate/lib/python3.10/site-packages/joy_translate/joy_translate_node.py to joy_translate_node.cpython-310.pyc
[0.765s] running install_data
[0.765s] running install_egg_info
[0.767s] removing '/home/a/harurobo/install/joy_translate/lib/python3.10/site-packages/joy_translate-0.0.0-py3.10.egg-info' (and everything under it)
[0.768s] Copying ../../build/joy_translate/joy_translate.egg-info to /home/a/harurobo/install/joy_translate/lib/python3.10/site-packages/joy_translate-0.0.0-py3.10.egg-info
[0.768s] running install_scripts
[0.790s] Installing joy_translate_node script to /home/a/harurobo/install/joy_translate/lib/joy_translate
[0.791s] writing list of installed files to '/home/a/harurobo/build/joy_translate/install.log'
[0.813s] Invoked command in '/home/a/harurobo/src/joy_translate' returned '0': PYTHONPATH=/home/a/harurobo/build/joy_translate/prefix_override:/usr/lib/python3/dist-packages/colcon_core/task/python/colcon_distutils_commands:/home/a/harurobo/install/joy_translate/lib/python3.10/site-packages:${PYTHONPATH} /usr/bin/python3 -W ignore:setup.py install is deprecated -W ignore:easy_install command is deprecated setup.py egg_info --egg-base ../../build/joy_translate build --build-base /home/a/harurobo/build/joy_translate/build install --record /home/a/harurobo/build/joy_translate/install.log --single-version-externally-managed install_data
