[0.919s] Invoking command in '/home/a/harurobo/src/joy_translate': PYTHONPATH=/home/a/harurobo/build/joy_translate/prefix_override:/usr/lib/python3/dist-packages/colcon_core/task/python/colcon_distutils_commands:/home/a/harurobo/install/joy_translate/lib/python3.10/site-packages:${PYTHONPATH} /usr/bin/python3 -W ignore:setup.py install is deprecated -W ignore:easy_install command is deprecated setup.py egg_info --egg-base ../../build/joy_translate build --build-base /home/a/harurobo/build/joy_translate/build install --record /home/a/harurobo/build/joy_translate/install.log --single-version-externally-managed install_data
[1.124s] running egg_info
[1.125s] creating ../../build/joy_translate/joy_translate.egg-info
[1.125s] writing ../../build/joy_translate/joy_translate.egg-info/PKG-INFO
[1.125s] writing dependency_links to ../../build/joy_translate/joy_translate.egg-info/dependency_links.txt
[1.126s] writing entry points to ../../build/joy_translate/joy_translate.egg-info/entry_points.txt
[1.126s] writing requirements to ../../build/joy_translate/joy_translate.egg-info/requires.txt
[1.126s] writing top-level names to ../../build/joy_translate/joy_translate.egg-info/top_level.txt
[1.126s] writing manifest file '../../build/joy_translate/joy_translate.egg-info/SOURCES.txt'
[1.127s] reading manifest file '../../build/joy_translate/joy_translate.egg-info/SOURCES.txt'
[1.128s] adding license file 'LICENSE'
[1.128s] writing manifest file '../../build/joy_translate/joy_translate.egg-info/SOURCES.txt'
[1.128s] running build
[1.128s] running build_py
[1.129s] creating /home/a/harurobo/build/joy_translate/build
[1.129s] creating /home/a/harurobo/build/joy_translate/build/lib
[1.129s] creating /home/a/harurobo/build/joy_translate/build/lib/joy_translate
[1.129s] copying joy_translate/__init__.py -> /home/a/harurobo/build/joy_translate/build/lib/joy_translate
[1.129s] copying joy_translate/joy_translate_node.py -> /home/a/harurobo/build/joy_translate/build/lib/joy_translate
[1.130s] running install
[1.130s] running install_lib
[1.131s] creating /home/a/harurobo/install/joy_translate/lib/python3.10/site-packages/joy_translate
[1.131s] copying /home/a/harurobo/build/joy_translate/build/lib/joy_translate/__init__.py -> /home/a/harurobo/install/joy_translate/lib/python3.10/site-packages/joy_translate
[1.131s] copying /home/a/harurobo/build/joy_translate/build/lib/joy_translate/joy_translate_node.py -> /home/a/harurobo/install/joy_translate/lib/python3.10/site-packages/joy_translate
[1.132s] byte-compiling /home/a/harurobo/install/joy_translate/lib/python3.10/site-packages/joy_translate/__init__.py to __init__.cpython-310.pyc
[1.132s] byte-compiling /home/a/harurobo/install/joy_translate/lib/python3.10/site-packages/joy_translate/joy_translate_node.py to joy_translate_node.cpython-310.pyc
[1.132s]   File "/home/a/harurobo/install/joy_translate/lib/python3.10/site-packages/joy_translate/joy_translate_node.py", line 8
[1.132s]     from  /home/a/harurobo/src/rogilinkFlex-ros2/rogilink_flex_libimport Publisher, Subscriber
[1.132s]           ^
[1.132s] SyntaxError: invalid syntax
[1.132s] 
[1.132s] running install_data
[1.133s] creating /home/a/harurobo/install/joy_translate/share/ament_index
[1.133s] creating /home/a/harurobo/install/joy_translate/share/ament_index/resource_index
[1.133s] creating /home/a/harurobo/install/joy_translate/share/ament_index/resource_index/packages
[1.134s] copying resource/joy_translate -> /home/a/harurobo/install/joy_translate/share/ament_index/resource_index/packages
[1.134s] copying package.xml -> /home/a/harurobo/install/joy_translate/share/joy_translate
[1.134s] running install_egg_info
[1.136s] Copying ../../build/joy_translate/joy_translate.egg-info to /home/a/harurobo/install/joy_translate/lib/python3.10/site-packages/joy_translate-0.0.0-py3.10.egg-info
[1.136s] running install_scripts
[1.161s] Installing joy_translate_node script to /home/a/harurobo/install/joy_translate/lib/joy_translate
[1.162s] writing list of installed files to '/home/a/harurobo/build/joy_translate/install.log'
[1.186s] Invoked command in '/home/a/harurobo/src/joy_translate' returned '0': PYTHONPATH=/home/a/harurobo/build/joy_translate/prefix_override:/usr/lib/python3/dist-packages/colcon_core/task/python/colcon_distutils_commands:/home/a/harurobo/install/joy_translate/lib/python3.10/site-packages:${PYTHONPATH} /usr/bin/python3 -W ignore:setup.py install is deprecated -W ignore:easy_install command is deprecated setup.py egg_info --egg-base ../../build/joy_translate build --build-base /home/a/harurobo/build/joy_translate/build install --record /home/a/harurobo/build/joy_translate/install.log --single-version-externally-managed install_data
