[0.013s] Invoking command in '/home/a/harurobo/build/sdl2_vendor': CMAKE_PREFIX_PATH=${CMAKE_PREFIX_PATH}:/home/a/ros2_ws/install/py_pubsub:/home/a/ros2_ws/install/launch_testing_examples:/home/a/ros2_ws/install/examples_rclpy_pointcloud_publisher:/home/a/ros2_ws/install/examples_rclpy_minimal_subscriber:/home/a/ros2_ws/install/examples_rclpy_minimal_service:/home/a/ros2_ws/install/examples_rclpy_minimal_publisher:/home/a/ros2_ws/install/examples_rclpy_minimal_client:/home/a/ros2_ws/install/examples_rclpy_minimal_action_server:/home/a/ros2_ws/install/examples_rclpy_minimal_action_client:/home/a/ros2_ws/install/examples_rclpy_guard_conditions:/home/a/ros2_ws/install/examples_rclpy_executors:/opt/ros/humble /usr/bin/cmake /home/a/harurobo/src/joystick_drivers/sdl2_vendor -DCMAKE_INSTALL_PREFIX=/home/a/harurobo/install/sdl2_vendor
[0.078s] -- The C compiler identification is GNU 11.4.0
[0.143s] -- The CXX compiler identification is GNU 11.4.0
[0.148s] -- Detecting C compiler ABI info
[0.180s] -- Detecting C compiler ABI info - done
[0.184s] -- Check for working C compiler: /usr/bin/cc - skipped
[0.184s] -- Detecting C compile features
[0.184s] -- Detecting C compile features - done
[0.186s] -- Detecting CXX compiler ABI info
[0.224s] -- Detecting CXX compiler ABI info - done
[0.228s] -- Check for working CXX compiler: /usr/bin/c++ - skipped
[0.228s] -- Detecting CXX compile features
[0.228s] -- Detecting CXX compile features - done
[0.234s] -- Found ament_cmake: 1.3.10 (/opt/ros/humble/share/ament_cmake/cmake)
[0.321s] -- Found Python3: /usr/bin/python3 (found version "3.10.12") found components: Interpreter 
[0.436s] -- Configuring done
[0.437s] -- Generating done
[0.438s] -- Build files have been written to: /home/a/harurobo/build/sdl2_vendor
[0.441s] Invoked command in '/home/a/harurobo/build/sdl2_vendor' returned '0': CMAKE_PREFIX_PATH=${CMAKE_PREFIX_PATH}:/home/a/ros2_ws/install/py_pubsub:/home/a/ros2_ws/install/launch_testing_examples:/home/a/ros2_ws/install/examples_rclpy_pointcloud_publisher:/home/a/ros2_ws/install/examples_rclpy_minimal_subscriber:/home/a/ros2_ws/install/examples_rclpy_minimal_service:/home/a/ros2_ws/install/examples_rclpy_minimal_publisher:/home/a/ros2_ws/install/examples_rclpy_minimal_client:/home/a/ros2_ws/install/examples_rclpy_minimal_action_server:/home/a/ros2_ws/install/examples_rclpy_minimal_action_client:/home/a/ros2_ws/install/examples_rclpy_guard_conditions:/home/a/ros2_ws/install/examples_rclpy_executors:/opt/ros/humble /usr/bin/cmake /home/a/harurobo/src/joystick_drivers/sdl2_vendor -DCMAKE_INSTALL_PREFIX=/home/a/harurobo/install/sdl2_vendor
[0.442s] Invoking command in '/home/a/harurobo/build/sdl2_vendor': CMAKE_PREFIX_PATH=${CMAKE_PREFIX_PATH}:/home/a/ros2_ws/install/py_pubsub:/home/a/ros2_ws/install/launch_testing_examples:/home/a/ros2_ws/install/examples_rclpy_pointcloud_publisher:/home/a/ros2_ws/install/examples_rclpy_minimal_subscriber:/home/a/ros2_ws/install/examples_rclpy_minimal_service:/home/a/ros2_ws/install/examples_rclpy_minimal_publisher:/home/a/ros2_ws/install/examples_rclpy_minimal_client:/home/a/ros2_ws/install/examples_rclpy_minimal_action_server:/home/a/ros2_ws/install/examples_rclpy_minimal_action_client:/home/a/ros2_ws/install/examples_rclpy_guard_conditions:/home/a/ros2_ws/install/examples_rclpy_executors:/opt/ros/humble /usr/bin/cmake --build /home/a/harurobo/build/sdl2_vendor -- -j6 -l6
[0.457s] Invoked command in '/home/a/harurobo/build/sdl2_vendor' returned '0': CMAKE_PREFIX_PATH=${CMAKE_PREFIX_PATH}:/home/a/ros2_ws/install/py_pubsub:/home/a/ros2_ws/install/launch_testing_examples:/home/a/ros2_ws/install/examples_rclpy_pointcloud_publisher:/home/a/ros2_ws/install/examples_rclpy_minimal_subscriber:/home/a/ros2_ws/install/examples_rclpy_minimal_service:/home/a/ros2_ws/install/examples_rclpy_minimal_publisher:/home/a/ros2_ws/install/examples_rclpy_minimal_client:/home/a/ros2_ws/install/examples_rclpy_minimal_action_server:/home/a/ros2_ws/install/examples_rclpy_minimal_action_client:/home/a/ros2_ws/install/examples_rclpy_guard_conditions:/home/a/ros2_ws/install/examples_rclpy_executors:/opt/ros/humble /usr/bin/cmake --build /home/a/harurobo/build/sdl2_vendor -- -j6 -l6
[0.461s] Invoking command in '/home/a/harurobo/build/sdl2_vendor': CMAKE_PREFIX_PATH=${CMAKE_PREFIX_PATH}:/home/a/ros2_ws/install/py_pubsub:/home/a/ros2_ws/install/launch_testing_examples:/home/a/ros2_ws/install/examples_rclpy_pointcloud_publisher:/home/a/ros2_ws/install/examples_rclpy_minimal_subscriber:/home/a/ros2_ws/install/examples_rclpy_minimal_service:/home/a/ros2_ws/install/examples_rclpy_minimal_publisher:/home/a/ros2_ws/install/examples_rclpy_minimal_client:/home/a/ros2_ws/install/examples_rclpy_minimal_action_server:/home/a/ros2_ws/install/examples_rclpy_minimal_action_client:/home/a/ros2_ws/install/examples_rclpy_guard_conditions:/home/a/ros2_ws/install/examples_rclpy_executors:/opt/ros/humble /usr/bin/cmake --install /home/a/harurobo/build/sdl2_vendor
[0.463s] -- Install configuration: ""
[0.464s] -- Installing: /home/a/harurobo/install/sdl2_vendor/share/sdl2_vendor/cmake
[0.464s] -- Installing: /home/a/harurobo/install/sdl2_vendor/share/sdl2_vendor/cmake/Modules
[0.464s] -- Installing: /home/a/harurobo/install/sdl2_vendor/share/sdl2_vendor/cmake/Modules/Findsdl2_custom.cmake
[0.464s] -- Installing: /home/a/harurobo/install/sdl2_vendor/share/ament_index/resource_index/package_run_dependencies/sdl2_vendor
[0.464s] -- Installing: /home/a/harurobo/install/sdl2_vendor/share/ament_index/resource_index/parent_prefix_path/sdl2_vendor
[0.464s] -- Installing: /home/a/harurobo/install/sdl2_vendor/share/sdl2_vendor/environment/ament_prefix_path.sh
[0.464s] -- Installing: /home/a/harurobo/install/sdl2_vendor/share/sdl2_vendor/environment/ament_prefix_path.dsv
[0.464s] -- Installing: /home/a/harurobo/install/sdl2_vendor/share/sdl2_vendor/environment/path.sh
[0.464s] -- Installing: /home/a/harurobo/install/sdl2_vendor/share/sdl2_vendor/environment/path.dsv
[0.464s] -- Installing: /home/a/harurobo/install/sdl2_vendor/share/sdl2_vendor/local_setup.bash
[0.464s] -- Installing: /home/a/harurobo/install/sdl2_vendor/share/sdl2_vendor/local_setup.sh
[0.464s] -- Installing: /home/a/harurobo/install/sdl2_vendor/share/sdl2_vendor/local_setup.zsh
[0.464s] -- Installing: /home/a/harurobo/install/sdl2_vendor/share/sdl2_vendor/local_setup.dsv
[0.464s] -- Installing: /home/a/harurobo/install/sdl2_vendor/share/sdl2_vendor/package.dsv
[0.464s] -- Installing: /home/a/harurobo/install/sdl2_vendor/share/ament_index/resource_index/packages/sdl2_vendor
[0.464s] -- Installing: /home/a/harurobo/install/sdl2_vendor/share/sdl2_vendor/cmake/sdl2_vendor-extras.cmake
[0.464s] -- Installing: /home/a/harurobo/install/sdl2_vendor/share/sdl2_vendor/cmake/sdl2_vendorConfig.cmake
[0.464s] -- Installing: /home/a/harurobo/install/sdl2_vendor/share/sdl2_vendor/cmake/sdl2_vendorConfig-version.cmake
[0.464s] -- Installing: /home/a/harurobo/install/sdl2_vendor/share/sdl2_vendor/package.xml
[0.465s] Invoked command in '/home/a/harurobo/build/sdl2_vendor' returned '0': CMAKE_PREFIX_PATH=${CMAKE_PREFIX_PATH}:/home/a/ros2_ws/install/py_pubsub:/home/a/ros2_ws/install/launch_testing_examples:/home/a/ros2_ws/install/examples_rclpy_pointcloud_publisher:/home/a/ros2_ws/install/examples_rclpy_minimal_subscriber:/home/a/ros2_ws/install/examples_rclpy_minimal_service:/home/a/ros2_ws/install/examples_rclpy_minimal_publisher:/home/a/ros2_ws/install/examples_rclpy_minimal_client:/home/a/ros2_ws/install/examples_rclpy_minimal_action_server:/home/a/ros2_ws/install/examples_rclpy_minimal_action_client:/home/a/ros2_ws/install/examples_rclpy_guard_conditions:/home/a/ros2_ws/install/examples_rclpy_executors:/opt/ros/humble /usr/bin/cmake --install /home/a/harurobo/build/sdl2_vendor
