[0.041s] Invoking command in '/home/a/harurobo/build/wiimote': CMAKE_PREFIX_PATH=/home/a/harurobo/install/wiimote_msgs:/home/a/harurobo/install/wiimote:/home/a/harurobo/install/diagnostics:/home/a/harurobo/install/self_test:/home/a/harurobo/install/joy:/home/a/harurobo/install/joy_sub:/home/a/harurobo/install/joy_linux:/home/a/harurobo/install/diagnostic_common_diagnostics:/home/a/harurobo/install/diagnostic_updater:/home/a/harurobo/install/diagnostic_aggregator:/home/a/ros2_ws/install/turtlesim:/home/a/ros2_ws/install/my_package:/home/a/ros2_ws/install/examples_rclcpp_wait_set:/home/a/ros2_ws/install/examples_rclcpp_multithreaded_executor:/home/a/ros2_ws/install/examples_rclcpp_minimal_timer:/home/a/ros2_ws/install/examples_rclcpp_minimal_subscriber:/home/a/ros2_ws/install/examples_rclcpp_minimal_service:/home/a/ros2_ws/install/examples_rclcpp_minimal_publisher:/home/a/ros2_ws/install/examples_rclcpp_minimal_composition:/home/a/ros2_ws/install/examples_rclcpp_minimal_client:/home/a/ros2_ws/install/examples_rclcpp_minimal_action_server:/home/a/ros2_ws/install/examples_rclcpp_minimal_action_client:/home/a/ros2_ws/install/examples_rclcpp_cbg_executor:/home/a/ros2_ws/install/examples_rclcpp_async_client:/home/a/harurobo/install/spacenav:/home/a/harurobo/install/sdl2_vendor:/home/a/ros2_ws/install/py_pubsub:/home/a/ros2_ws/install/launch_testing_examples:/home/a/ros2_ws/install/examples_rclpy_pointcloud_publisher:/home/a/ros2_ws/install/examples_rclpy_minimal_subscriber:/home/a/ros2_ws/install/examples_rclpy_minimal_service:/home/a/ros2_ws/install/examples_rclpy_minimal_publisher:/home/a/ros2_ws/install/examples_rclpy_minimal_client:/home/a/ros2_ws/install/examples_rclpy_minimal_action_server:/home/a/ros2_ws/install/examples_rclpy_minimal_action_client:/home/a/ros2_ws/install/examples_rclpy_guard_conditions:/home/a/ros2_ws/install/examples_rclpy_executors:/opt/ros/humble LD_LIBRARY_PATH=/home/a/harurobo/install/wiimote_msgs/lib:/home/a/harurobo/install/wiimote/lib:/home/a/harurobo/install/joy/lib:/home/a/harurobo/install/diagnostic_updater/lib:/home/a/harurobo/install/diagnostic_aggregator/lib:/home/a/ros2_ws/install/turtlesim/lib:/home/a/ros2_ws/install/examples_rclcpp_wait_set/lib:/home/a/ros2_ws/install/examples_rclcpp_minimal_subscriber/lib:/home/a/ros2_ws/install/examples_rclcpp_minimal_composition/lib:/opt/ros/humble/opt/rviz_ogre_vendor/lib:/opt/ros/humble/lib/aarch64-linux-gnu:/opt/ros/humble/lib /usr/bin/cmake /home/a/harurobo/src/joystick_drivers/wiimote -DCMAKE_INSTALL_PREFIX=/home/a/harurobo/install/wiimote
[0.169s] -- The C compiler identification is GNU 11.4.0
[0.283s] -- The CXX compiler identification is GNU 11.4.0
[0.291s] -- Detecting C compiler ABI info
[0.511s] -- Detecting C compiler ABI info - done
[0.516s] -- Check for working C compiler: /usr/bin/cc - skipped
[0.516s] -- Detecting C compile features
[0.517s] -- Detecting C compile features - done
[0.520s] -- Detecting CXX compiler ABI info
[0.625s] -- Detecting CXX compiler ABI info - done
[0.632s] -- Check for working CXX compiler: /usr/bin/c++ - skipped
[0.633s] -- Detecting CXX compile features
[0.636s] -- Detecting CXX compile features - done
[0.654s] -- Found bluetooth library.
[0.656s] -- Found bluetooth header.
[0.658s] -- Found cwiid library.
[0.658s] -- Found cwiid header.
[0.661s] -- Found ament_cmake: 1.3.10 (/opt/ros/humble/share/ament_cmake/cmake)
[0.885s] -- Found Python3: /usr/bin/python3 (found version "3.10.12") found components: Interpreter 
[1.061s] -- Found geometry_msgs: 4.2.4 (/opt/ros/humble/share/geometry_msgs/cmake)
[1.129s] -- Found rosidl_generator_c: 3.1.5 (/opt/ros/humble/share/rosidl_generator_c/cmake)
[1.137s] -- Found rosidl_adapter: 3.1.5 (/opt/ros/humble/share/rosidl_adapter/cmake)
[1.147s] -- Found rosidl_generator_cpp: 3.1.5 (/opt/ros/humble/share/rosidl_generator_cpp/cmake)
[1.158s] -- Using all available rosidl_typesupport_c: rosidl_typesupport_fastrtps_c;rosidl_typesupport_introspection_c
[1.181s] -- Using all available rosidl_typesupport_cpp: rosidl_typesupport_fastrtps_cpp;rosidl_typesupport_introspection_cpp
[1.218s] -- Found rclcpp: 16.0.10 (/opt/ros/humble/share/rclcpp/cmake)
[1.268s] -- Found rmw_implementation_cmake: 6.1.2 (/opt/ros/humble/share/rmw_implementation_cmake/cmake)
[1.273s] -- Found rmw_fastrtps_cpp: 6.2.7 (/opt/ros/humble/share/rmw_fastrtps_cpp/cmake)
[1.390s] -- Found OpenSSL: /usr/lib/aarch64-linux-gnu/libcrypto.so (found version "3.0.2")  
[1.441s] -- Found FastRTPS: /opt/ros/humble/include  
[1.489s] -- Using RMW implementation 'rmw_fastrtps_cpp' as default
[1.500s] -- Looking for pthread.h
[1.609s] -- Looking for pthread.h - found
[1.609s] -- Performing Test CMAKE_HAVE_LIBC_PTHREAD
[1.757s] -- Performing Test CMAKE_HAVE_LIBC_PTHREAD - Success
[1.758s] -- Found Threads: TRUE  
[1.857s] -- Found rclcpp_components: 16.0.10 (/opt/ros/humble/share/rclcpp_components/cmake)
[1.942s] -- Found rclcpp_lifecycle: 16.0.10 (/opt/ros/humble/share/rclcpp_lifecycle/cmake)
[1.982s] -- Found sensor_msgs: 4.2.4 (/opt/ros/humble/share/sensor_msgs/cmake)
[2.028s] -- Found std_srvs: 4.2.4 (/opt/ros/humble/share/std_srvs/cmake)
[2.074s] -- Found wiimote_msgs: 3.3.0 (/home/a/harurobo/install/wiimote_msgs/share/wiimote_msgs/cmake)
[2.161s] -- Found ament_lint_auto: 0.12.11 (/opt/ros/humble/share/ament_lint_auto/cmake)
[2.417s] -- Added test 'copyright' to check source files copyright and LICENSE
[2.420s] -- Added test 'cppcheck' to perform static code analysis on C / C++ code
[2.420s] -- Configured cppcheck include dirs: $<BUILD_INTERFACE:/home/a/harurobo/src/joystick_drivers/wiimote/include>
[2.420s] -- Configured cppcheck exclude dirs and/or files: 
[2.422s] -- Added test 'cpplint' to check C / C++ code against the Google style
[2.422s] -- Configured cpplint exclude dirs and/or files: 
[2.422s] -- Added test 'flake8' to check Python code syntax and style conventions
[2.424s] -- Added test 'lint_cmake' to check CMake code style
[2.435s] -- Added test 'pep257' to check Python code against some of the docstring style conventions in PEP 257
[2.445s] -- Added test 'uncrustify' to check C / C++ code style
[2.445s] -- Configured uncrustify additional arguments: 
[2.451s] -- Added test 'xmllint' to check XML markup files
[2.458s] -- Configuring done
[2.505s] -- Generating done
[2.525s] -- Build files have been written to: /home/a/harurobo/build/wiimote
[2.570s] Invoked command in '/home/a/harurobo/build/wiimote' returned '0': CMAKE_PREFIX_PATH=/home/a/harurobo/install/wiimote_msgs:/home/a/harurobo/install/wiimote:/home/a/harurobo/install/diagnostics:/home/a/harurobo/install/self_test:/home/a/harurobo/install/joy:/home/a/harurobo/install/joy_sub:/home/a/harurobo/install/joy_linux:/home/a/harurobo/install/diagnostic_common_diagnostics:/home/a/harurobo/install/diagnostic_updater:/home/a/harurobo/install/diagnostic_aggregator:/home/a/ros2_ws/install/turtlesim:/home/a/ros2_ws/install/my_package:/home/a/ros2_ws/install/examples_rclcpp_wait_set:/home/a/ros2_ws/install/examples_rclcpp_multithreaded_executor:/home/a/ros2_ws/install/examples_rclcpp_minimal_timer:/home/a/ros2_ws/install/examples_rclcpp_minimal_subscriber:/home/a/ros2_ws/install/examples_rclcpp_minimal_service:/home/a/ros2_ws/install/examples_rclcpp_minimal_publisher:/home/a/ros2_ws/install/examples_rclcpp_minimal_composition:/home/a/ros2_ws/install/examples_rclcpp_minimal_client:/home/a/ros2_ws/install/examples_rclcpp_minimal_action_server:/home/a/ros2_ws/install/examples_rclcpp_minimal_action_client:/home/a/ros2_ws/install/examples_rclcpp_cbg_executor:/home/a/ros2_ws/install/examples_rclcpp_async_client:/home/a/harurobo/install/spacenav:/home/a/harurobo/install/sdl2_vendor:/home/a/ros2_ws/install/py_pubsub:/home/a/ros2_ws/install/launch_testing_examples:/home/a/ros2_ws/install/examples_rclpy_pointcloud_publisher:/home/a/ros2_ws/install/examples_rclpy_minimal_subscriber:/home/a/ros2_ws/install/examples_rclpy_minimal_service:/home/a/ros2_ws/install/examples_rclpy_minimal_publisher:/home/a/ros2_ws/install/examples_rclpy_minimal_client:/home/a/ros2_ws/install/examples_rclpy_minimal_action_server:/home/a/ros2_ws/install/examples_rclpy_minimal_action_client:/home/a/ros2_ws/install/examples_rclpy_guard_conditions:/home/a/ros2_ws/install/examples_rclpy_executors:/opt/ros/humble LD_LIBRARY_PATH=/home/a/harurobo/install/wiimote_msgs/lib:/home/a/harurobo/install/wiimote/lib:/home/a/harurobo/install/joy/lib:/home/a/harurobo/install/diagnostic_updater/lib:/home/a/harurobo/install/diagnostic_aggregator/lib:/home/a/ros2_ws/install/turtlesim/lib:/home/a/ros2_ws/install/examples_rclcpp_wait_set/lib:/home/a/ros2_ws/install/examples_rclcpp_minimal_subscriber/lib:/home/a/ros2_ws/install/examples_rclcpp_minimal_composition/lib:/opt/ros/humble/opt/rviz_ogre_vendor/lib:/opt/ros/humble/lib/aarch64-linux-gnu:/opt/ros/humble/lib /usr/bin/cmake /home/a/harurobo/src/joystick_drivers/wiimote -DCMAKE_INSTALL_PREFIX=/home/a/harurobo/install/wiimote
[2.572s] Invoking command in '/home/a/harurobo/build/wiimote': CMAKE_PREFIX_PATH=/home/a/harurobo/install/wiimote_msgs:/home/a/harurobo/install/wiimote:/home/a/harurobo/install/diagnostics:/home/a/harurobo/install/self_test:/home/a/harurobo/install/joy:/home/a/harurobo/install/joy_sub:/home/a/harurobo/install/joy_linux:/home/a/harurobo/install/diagnostic_common_diagnostics:/home/a/harurobo/install/diagnostic_updater:/home/a/harurobo/install/diagnostic_aggregator:/home/a/ros2_ws/install/turtlesim:/home/a/ros2_ws/install/my_package:/home/a/ros2_ws/install/examples_rclcpp_wait_set:/home/a/ros2_ws/install/examples_rclcpp_multithreaded_executor:/home/a/ros2_ws/install/examples_rclcpp_minimal_timer:/home/a/ros2_ws/install/examples_rclcpp_minimal_subscriber:/home/a/ros2_ws/install/examples_rclcpp_minimal_service:/home/a/ros2_ws/install/examples_rclcpp_minimal_publisher:/home/a/ros2_ws/install/examples_rclcpp_minimal_composition:/home/a/ros2_ws/install/examples_rclcpp_minimal_client:/home/a/ros2_ws/install/examples_rclcpp_minimal_action_server:/home/a/ros2_ws/install/examples_rclcpp_minimal_action_client:/home/a/ros2_ws/install/examples_rclcpp_cbg_executor:/home/a/ros2_ws/install/examples_rclcpp_async_client:/home/a/harurobo/install/spacenav:/home/a/harurobo/install/sdl2_vendor:/home/a/ros2_ws/install/py_pubsub:/home/a/ros2_ws/install/launch_testing_examples:/home/a/ros2_ws/install/examples_rclpy_pointcloud_publisher:/home/a/ros2_ws/install/examples_rclpy_minimal_subscriber:/home/a/ros2_ws/install/examples_rclpy_minimal_service:/home/a/ros2_ws/install/examples_rclpy_minimal_publisher:/home/a/ros2_ws/install/examples_rclpy_minimal_client:/home/a/ros2_ws/install/examples_rclpy_minimal_action_server:/home/a/ros2_ws/install/examples_rclpy_minimal_action_client:/home/a/ros2_ws/install/examples_rclpy_guard_conditions:/home/a/ros2_ws/install/examples_rclpy_executors:/opt/ros/humble LD_LIBRARY_PATH=/home/a/harurobo/install/wiimote_msgs/lib:/home/a/harurobo/install/wiimote/lib:/home/a/harurobo/install/joy/lib:/home/a/harurobo/install/diagnostic_updater/lib:/home/a/harurobo/install/diagnostic_aggregator/lib:/home/a/ros2_ws/install/turtlesim/lib:/home/a/ros2_ws/install/examples_rclcpp_wait_set/lib:/home/a/ros2_ws/install/examples_rclcpp_minimal_subscriber/lib:/home/a/ros2_ws/install/examples_rclcpp_minimal_composition/lib:/opt/ros/humble/opt/rviz_ogre_vendor/lib:/opt/ros/humble/lib/aarch64-linux-gnu:/opt/ros/humble/lib /usr/bin/cmake --build /home/a/harurobo/build/wiimote -- -j6 -l6
[2.885s] [ 11%] [32mBuilding CXX object CMakeFiles/wiimote_lib.dir/src/stat_vector_3d.cpp.o[0m
[2.893s] [ 22%] [32mBuilding CXX object CMakeFiles/wiimote_lib.dir/src/wiimote_controller.cpp.o[0m
[2.927s] [ 33%] [32mBuilding CXX object CMakeFiles/wiimote_node.dir/rclcpp_components/node_main_wiimote_node.cpp.o[0m
[2.944s] [ 44%] [32mBuilding CXX object CMakeFiles/teleop_wiimote.dir/src/teleop_wiimote.cpp.o[0m
[2.983s] [ 55%] [32mBuilding CXX object CMakeFiles/teleop_wiimote_node.dir/rclcpp_components/node_main_teleop_wiimote_node.cpp.o[0m
[37.376s] [ 66%] [32m[1mLinking CXX executable wiimote_node[0m
[38.426s] [ 77%] [32m[1mLinking CXX executable teleop_wiimote_node[0m
[38.426s] [ 77%] Built target wiimote_node
[39.031s] [ 77%] Built target teleop_wiimote_node
[75.616s] [ 88%] [32m[1mLinking CXX shared library libwiimote_lib.so[0m
[77.055s] [100%] [32m[1mLinking CXX shared library libteleop_wiimote.so[0m
[77.101s] [100%] Built target wiimote_lib
[78.157s] [100%] Built target teleop_wiimote
[78.203s] Invoked command in '/home/a/harurobo/build/wiimote' returned '0': CMAKE_PREFIX_PATH=/home/a/harurobo/install/wiimote_msgs:/home/a/harurobo/install/wiimote:/home/a/harurobo/install/diagnostics:/home/a/harurobo/install/self_test:/home/a/harurobo/install/joy:/home/a/harurobo/install/joy_sub:/home/a/harurobo/install/joy_linux:/home/a/harurobo/install/diagnostic_common_diagnostics:/home/a/harurobo/install/diagnostic_updater:/home/a/harurobo/install/diagnostic_aggregator:/home/a/ros2_ws/install/turtlesim:/home/a/ros2_ws/install/my_package:/home/a/ros2_ws/install/examples_rclcpp_wait_set:/home/a/ros2_ws/install/examples_rclcpp_multithreaded_executor:/home/a/ros2_ws/install/examples_rclcpp_minimal_timer:/home/a/ros2_ws/install/examples_rclcpp_minimal_subscriber:/home/a/ros2_ws/install/examples_rclcpp_minimal_service:/home/a/ros2_ws/install/examples_rclcpp_minimal_publisher:/home/a/ros2_ws/install/examples_rclcpp_minimal_composition:/home/a/ros2_ws/install/examples_rclcpp_minimal_client:/home/a/ros2_ws/install/examples_rclcpp_minimal_action_server:/home/a/ros2_ws/install/examples_rclcpp_minimal_action_client:/home/a/ros2_ws/install/examples_rclcpp_cbg_executor:/home/a/ros2_ws/install/examples_rclcpp_async_client:/home/a/harurobo/install/spacenav:/home/a/harurobo/install/sdl2_vendor:/home/a/ros2_ws/install/py_pubsub:/home/a/ros2_ws/install/launch_testing_examples:/home/a/ros2_ws/install/examples_rclpy_pointcloud_publisher:/home/a/ros2_ws/install/examples_rclpy_minimal_subscriber:/home/a/ros2_ws/install/examples_rclpy_minimal_service:/home/a/ros2_ws/install/examples_rclpy_minimal_publisher:/home/a/ros2_ws/install/examples_rclpy_minimal_client:/home/a/ros2_ws/install/examples_rclpy_minimal_action_server:/home/a/ros2_ws/install/examples_rclpy_minimal_action_client:/home/a/ros2_ws/install/examples_rclpy_guard_conditions:/home/a/ros2_ws/install/examples_rclpy_executors:/opt/ros/humble LD_LIBRARY_PATH=/home/a/harurobo/install/wiimote_msgs/lib:/home/a/harurobo/install/wiimote/lib:/home/a/harurobo/install/joy/lib:/home/a/harurobo/install/diagnostic_updater/lib:/home/a/harurobo/install/diagnostic_aggregator/lib:/home/a/ros2_ws/install/turtlesim/lib:/home/a/ros2_ws/install/examples_rclcpp_wait_set/lib:/home/a/ros2_ws/install/examples_rclcpp_minimal_subscriber/lib:/home/a/ros2_ws/install/examples_rclcpp_minimal_composition/lib:/opt/ros/humble/opt/rviz_ogre_vendor/lib:/opt/ros/humble/lib/aarch64-linux-gnu:/opt/ros/humble/lib /usr/bin/cmake --build /home/a/harurobo/build/wiimote -- -j6 -l6
[78.222s] Invoking command in '/home/a/harurobo/build/wiimote': CMAKE_PREFIX_PATH=/home/a/harurobo/install/wiimote_msgs:/home/a/harurobo/install/wiimote:/home/a/harurobo/install/diagnostics:/home/a/harurobo/install/self_test:/home/a/harurobo/install/joy:/home/a/harurobo/install/joy_sub:/home/a/harurobo/install/joy_linux:/home/a/harurobo/install/diagnostic_common_diagnostics:/home/a/harurobo/install/diagnostic_updater:/home/a/harurobo/install/diagnostic_aggregator:/home/a/ros2_ws/install/turtlesim:/home/a/ros2_ws/install/my_package:/home/a/ros2_ws/install/examples_rclcpp_wait_set:/home/a/ros2_ws/install/examples_rclcpp_multithreaded_executor:/home/a/ros2_ws/install/examples_rclcpp_minimal_timer:/home/a/ros2_ws/install/examples_rclcpp_minimal_subscriber:/home/a/ros2_ws/install/examples_rclcpp_minimal_service:/home/a/ros2_ws/install/examples_rclcpp_minimal_publisher:/home/a/ros2_ws/install/examples_rclcpp_minimal_composition:/home/a/ros2_ws/install/examples_rclcpp_minimal_client:/home/a/ros2_ws/install/examples_rclcpp_minimal_action_server:/home/a/ros2_ws/install/examples_rclcpp_minimal_action_client:/home/a/ros2_ws/install/examples_rclcpp_cbg_executor:/home/a/ros2_ws/install/examples_rclcpp_async_client:/home/a/harurobo/install/spacenav:/home/a/harurobo/install/sdl2_vendor:/home/a/ros2_ws/install/py_pubsub:/home/a/ros2_ws/install/launch_testing_examples:/home/a/ros2_ws/install/examples_rclpy_pointcloud_publisher:/home/a/ros2_ws/install/examples_rclpy_minimal_subscriber:/home/a/ros2_ws/install/examples_rclpy_minimal_service:/home/a/ros2_ws/install/examples_rclpy_minimal_publisher:/home/a/ros2_ws/install/examples_rclpy_minimal_client:/home/a/ros2_ws/install/examples_rclpy_minimal_action_server:/home/a/ros2_ws/install/examples_rclpy_minimal_action_client:/home/a/ros2_ws/install/examples_rclpy_guard_conditions:/home/a/ros2_ws/install/examples_rclpy_executors:/opt/ros/humble LD_LIBRARY_PATH=/home/a/harurobo/install/wiimote_msgs/lib:/home/a/harurobo/install/wiimote/lib:/home/a/harurobo/install/joy/lib:/home/a/harurobo/install/diagnostic_updater/lib:/home/a/harurobo/install/diagnostic_aggregator/lib:/home/a/ros2_ws/install/turtlesim/lib:/home/a/ros2_ws/install/examples_rclcpp_wait_set/lib:/home/a/ros2_ws/install/examples_rclcpp_minimal_subscriber/lib:/home/a/ros2_ws/install/examples_rclcpp_minimal_composition/lib:/opt/ros/humble/opt/rviz_ogre_vendor/lib:/opt/ros/humble/lib/aarch64-linux-gnu:/opt/ros/humble/lib /usr/bin/cmake --install /home/a/harurobo/build/wiimote
[78.252s] -- Install configuration: ""
[78.253s] -- Installing: /home/a/harurobo/install/wiimote/lib/wiimote/wiimote_node
[78.254s] -- Set runtime path of "/home/a/harurobo/install/wiimote/lib/wiimote/wiimote_node" to ""
[78.254s] -- Installing: /home/a/harurobo/install/wiimote/lib/wiimote/teleop_wiimote_node
[78.255s] -- Set runtime path of "/home/a/harurobo/install/wiimote/lib/wiimote/teleop_wiimote_node" to ""
[78.255s] -- Installing: /home/a/harurobo/install/wiimote/lib/libwiimote_lib.so
[78.283s] -- Set runtime path of "/home/a/harurobo/install/wiimote/lib/libwiimote_lib.so" to ""
[78.283s] -- Installing: /home/a/harurobo/install/wiimote/lib/libteleop_wiimote.so
[78.357s] -- Set runtime path of "/home/a/harurobo/install/wiimote/lib/libteleop_wiimote.so" to ""
[78.357s] -- Installing: /home/a/harurobo/install/wiimote/include/wiimote
[78.357s] -- Installing: /home/a/harurobo/install/wiimote/include/wiimote/wiimote
[78.357s] -- Installing: /home/a/harurobo/install/wiimote/include/wiimote/wiimote/stat_vector_3d.hpp
[78.358s] -- Installing: /home/a/harurobo/install/wiimote/include/wiimote/wiimote/teleop_wiimote.hpp
[78.358s] -- Installing: /home/a/harurobo/install/wiimote/include/wiimote/wiimote/wiimote_controller.hpp
[78.360s] -- Installing: /home/a/harurobo/install/wiimote/share/wiimote/launch
[78.360s] -- Installing: /home/a/harurobo/install/wiimote/share/wiimote/launch/feedback_test.launch.py
[78.360s] -- Installing: /home/a/harurobo/install/wiimote/share/wiimote/launch/wiimote_lifecycle.launch.py
[78.360s] -- Installing: /home/a/harurobo/install/wiimote/share/wiimote/launch/turtlesim.launch.py
[78.361s] -- Installing: /home/a/harurobo/install/wiimote/share/wiimote/config
[78.361s] -- Installing: /home/a/harurobo/install/wiimote/share/wiimote/config/wiimote_params.yaml
[78.362s] -- Installing: /home/a/harurobo/install/wiimote/share/wiimote/config/teleop_wiimote_params.yaml
[78.363s] -- Up-to-date: /home/a/harurobo/install/wiimote/lib/wiimote/wiimote_node
[78.363s] -- Installing: /home/a/harurobo/install/wiimote/lib/wiimote/feedback_tester.py
[78.366s] -- Installing: /home/a/harurobo/install/wiimote/share/ament_index/resource_index/package_run_dependencies/wiimote
[78.375s] -- Installing: /home/a/harurobo/install/wiimote/share/ament_index/resource_index/parent_prefix_path/wiimote
[78.375s] -- Installing: /home/a/harurobo/install/wiimote/share/wiimote/environment/ament_prefix_path.sh
[78.376s] -- Installing: /home/a/harurobo/install/wiimote/share/wiimote/environment/ament_prefix_path.dsv
[78.376s] -- Installing: /home/a/harurobo/install/wiimote/share/wiimote/environment/path.sh
[78.377s] -- Installing: /home/a/harurobo/install/wiimote/share/wiimote/environment/path.dsv
[78.377s] -- Installing: /home/a/harurobo/install/wiimote/share/wiimote/local_setup.bash
[78.377s] -- Installing: /home/a/harurobo/install/wiimote/share/wiimote/local_setup.sh
[78.378s] -- Installing: /home/a/harurobo/install/wiimote/share/wiimote/local_setup.zsh
[78.378s] -- Installing: /home/a/harurobo/install/wiimote/share/wiimote/local_setup.dsv
[78.378s] -- Installing: /home/a/harurobo/install/wiimote/share/wiimote/package.dsv
[78.379s] -- Installing: /home/a/harurobo/install/wiimote/share/ament_index/resource_index/packages/wiimote
[78.380s] -- Installing: /home/a/harurobo/install/wiimote/share/ament_index/resource_index/rclcpp_components/wiimote
[78.381s] -- Installing: /home/a/harurobo/install/wiimote/share/wiimote/cmake/export_wiimoteExport.cmake
[78.381s] -- Installing: /home/a/harurobo/install/wiimote/share/wiimote/cmake/export_wiimoteExport-noconfig.cmake
[78.382s] -- Installing: /home/a/harurobo/install/wiimote/share/wiimote/cmake/wiimote-extras.cmake
[78.382s] -- Installing: /home/a/harurobo/install/wiimote/share/wiimote/cmake/ament_cmake_export_targets-extras.cmake
[78.383s] -- Installing: /home/a/harurobo/install/wiimote/share/wiimote/cmake/ament_cmake_export_dependencies-extras.cmake
[78.384s] -- Installing: /home/a/harurobo/install/wiimote/share/wiimote/cmake/wiimoteConfig.cmake
[78.384s] -- Installing: /home/a/harurobo/install/wiimote/share/wiimote/cmake/wiimoteConfig-version.cmake
[78.384s] -- Installing: /home/a/harurobo/install/wiimote/share/wiimote/package.xml
[78.391s] Invoked command in '/home/a/harurobo/build/wiimote' returned '0': CMAKE_PREFIX_PATH=/home/a/harurobo/install/wiimote_msgs:/home/a/harurobo/install/wiimote:/home/a/harurobo/install/diagnostics:/home/a/harurobo/install/self_test:/home/a/harurobo/install/joy:/home/a/harurobo/install/joy_sub:/home/a/harurobo/install/joy_linux:/home/a/harurobo/install/diagnostic_common_diagnostics:/home/a/harurobo/install/diagnostic_updater:/home/a/harurobo/install/diagnostic_aggregator:/home/a/ros2_ws/install/turtlesim:/home/a/ros2_ws/install/my_package:/home/a/ros2_ws/install/examples_rclcpp_wait_set:/home/a/ros2_ws/install/examples_rclcpp_multithreaded_executor:/home/a/ros2_ws/install/examples_rclcpp_minimal_timer:/home/a/ros2_ws/install/examples_rclcpp_minimal_subscriber:/home/a/ros2_ws/install/examples_rclcpp_minimal_service:/home/a/ros2_ws/install/examples_rclcpp_minimal_publisher:/home/a/ros2_ws/install/examples_rclcpp_minimal_composition:/home/a/ros2_ws/install/examples_rclcpp_minimal_client:/home/a/ros2_ws/install/examples_rclcpp_minimal_action_server:/home/a/ros2_ws/install/examples_rclcpp_minimal_action_client:/home/a/ros2_ws/install/examples_rclcpp_cbg_executor:/home/a/ros2_ws/install/examples_rclcpp_async_client:/home/a/harurobo/install/spacenav:/home/a/harurobo/install/sdl2_vendor:/home/a/ros2_ws/install/py_pubsub:/home/a/ros2_ws/install/launch_testing_examples:/home/a/ros2_ws/install/examples_rclpy_pointcloud_publisher:/home/a/ros2_ws/install/examples_rclpy_minimal_subscriber:/home/a/ros2_ws/install/examples_rclpy_minimal_service:/home/a/ros2_ws/install/examples_rclpy_minimal_publisher:/home/a/ros2_ws/install/examples_rclpy_minimal_client:/home/a/ros2_ws/install/examples_rclpy_minimal_action_server:/home/a/ros2_ws/install/examples_rclpy_minimal_action_client:/home/a/ros2_ws/install/examples_rclpy_guard_conditions:/home/a/ros2_ws/install/examples_rclpy_executors:/opt/ros/humble LD_LIBRARY_PATH=/home/a/harurobo/install/wiimote_msgs/lib:/home/a/harurobo/install/wiimote/lib:/home/a/harurobo/install/joy/lib:/home/a/harurobo/install/diagnostic_updater/lib:/home/a/harurobo/install/diagnostic_aggregator/lib:/home/a/ros2_ws/install/turtlesim/lib:/home/a/ros2_ws/install/examples_rclcpp_wait_set/lib:/home/a/ros2_ws/install/examples_rclcpp_minimal_subscriber/lib:/home/a/ros2_ws/install/examples_rclcpp_minimal_composition/lib:/opt/ros/humble/opt/rviz_ogre_vendor/lib:/opt/ros/humble/lib/aarch64-linux-gnu:/opt/ros/humble/lib /usr/bin/cmake --install /home/a/harurobo/build/wiimote
