[0.789s] Invoking command in '/home/a/harurobo1/src/haru_odrive': PYTHONPATH=/home/a/harurobo1/build/od_ros/prefix_override:/usr/lib/python3/dist-packages/colcon_core/task/python/colcon_distutils_commands:/home/a/harurobo1/install/od_ros/lib/python3.10/site-packages:${PYTHONPATH} /usr/bin/python3 -W ignore:setup.py install is deprecated -W ignore:easy_install command is deprecated setup.py egg_info --egg-base ../../build/od_ros build --build-base /home/a/harurobo1/build/od_ros/build install --record /home/a/harurobo1/build/od_ros/install.log --single-version-externally-managed install_data
[0.972s] running egg_info
[0.972s] writing ../../build/od_ros/od_ros.egg-info/PKG-INFO
[0.972s] writing dependency_links to ../../build/od_ros/od_ros.egg-info/dependency_links.txt
[0.972s] writing entry points to ../../build/od_ros/od_ros.egg-info/entry_points.txt
[0.972s] writing requirements to ../../build/od_ros/od_ros.egg-info/requires.txt
[0.973s] writing top-level names to ../../build/od_ros/od_ros.egg-info/top_level.txt
[0.974s] reading manifest file '../../build/od_ros/od_ros.egg-info/SOURCES.txt'
[0.974s] adding license file 'LICENSE'
[0.975s] writing manifest file '../../build/od_ros/od_ros.egg-info/SOURCES.txt'
[0.975s] running build
[0.975s] running build_py
[0.975s] running install
[0.975s] running install_lib
[0.977s] running install_data
[0.977s] running install_egg_info
[0.978s] removing '/home/a/harurobo1/install/od_ros/lib/python3.10/site-packages/od_ros-0.0.0-py3.10.egg-info' (and everything under it)
[0.978s] Copying ../../build/od_ros/od_ros.egg-info to /home/a/harurobo1/install/od_ros/lib/python3.10/site-packages/od_ros-0.0.0-py3.10.egg-info
[0.979s] running install_scripts
[0.994s] Installing od script to /home/a/harurobo1/install/od_ros/lib/od_ros
[0.995s] writing list of installed files to '/home/a/harurobo1/build/od_ros/install.log'
[1.014s] Invoked command in '/home/a/harurobo1/src/haru_odrive' returned '0': PYTHONPATH=/home/a/harurobo1/build/od_ros/prefix_override:/usr/lib/python3/dist-packages/colcon_core/task/python/colcon_distutils_commands:/home/a/harurobo1/install/od_ros/lib/python3.10/site-packages:${PYTHONPATH} /usr/bin/python3 -W ignore:setup.py install is deprecated -W ignore:easy_install command is deprecated setup.py egg_info --egg-base ../../build/od_ros build --build-base /home/a/harurobo1/build/od_ros/build install --record /home/a/harurobo1/build/od_ros/install.log --single-version-externally-managed install_data
