[0.014s] Invoking command in '/home/a/harurobo/build/spacenav': CMAKE_PREFIX_PATH=${CMAKE_PREFIX_PATH}:/home/a/ros2_ws/install/py_pubsub:/home/a/ros2_ws/install/launch_testing_examples:/home/a/ros2_ws/install/examples_rclpy_pointcloud_publisher:/home/a/ros2_ws/install/examples_rclpy_minimal_subscriber:/home/a/ros2_ws/install/examples_rclpy_minimal_service:/home/a/ros2_ws/install/examples_rclpy_minimal_publisher:/home/a/ros2_ws/install/examples_rclpy_minimal_client:/home/a/ros2_ws/install/examples_rclpy_minimal_action_server:/home/a/ros2_ws/install/examples_rclpy_minimal_action_client:/home/a/ros2_ws/install/examples_rclpy_guard_conditions:/home/a/ros2_ws/install/examples_rclpy_executors:/opt/ros/humble /usr/bin/cmake /home/a/harurobo/src/joystick_drivers/spacenav -DCMAKE_INSTALL_PREFIX=/home/a/harurobo/install/spacenav
[0.077s] -- The C compiler identification is GNU 11.4.0
[0.145s] -- The CXX compiler identification is GNU 11.4.0
[0.149s] -- Detecting C compiler ABI info
[0.180s] -- Detecting C compiler ABI info - done
[0.184s] -- Check for working C compiler: /usr/bin/cc - skipped
[0.184s] -- Detecting C compile features
[0.184s] -- Detecting C compile features - done
[0.186s] -- Detecting CXX compiler ABI info
[0.224s] -- Detecting CXX compiler ABI info - done
[0.227s] -- Check for working CXX compiler: /usr/bin/c++ - skipped
[0.228s] -- Detecting CXX compile features
[0.228s] -- Detecting CXX compile features - done
[0.230s] -- Found ament_cmake: 1.3.10 (/opt/ros/humble/share/ament_cmake/cmake)
[0.336s] -- Found Python3: /usr/bin/python3 (found version "3.10.12") found components: Interpreter 
[0.394s] -- Found geometry_msgs: 4.2.4 (/opt/ros/humble/share/geometry_msgs/cmake)
[0.439s] -- Found rosidl_generator_c: 3.1.5 (/opt/ros/humble/share/rosidl_generator_c/cmake)
[0.442s] -- Found rosidl_adapter: 3.1.5 (/opt/ros/humble/share/rosidl_adapter/cmake)
[0.450s] -- Found rosidl_generator_cpp: 3.1.5 (/opt/ros/humble/share/rosidl_generator_cpp/cmake)
[0.463s] -- Using all available rosidl_typesupport_c: rosidl_typesupport_fastrtps_c;rosidl_typesupport_introspection_c
[0.481s] -- Using all available rosidl_typesupport_cpp: rosidl_typesupport_fastrtps_cpp;rosidl_typesupport_introspection_cpp
[0.514s] -- Found rclcpp: 16.0.10 (/opt/ros/humble/share/rclcpp/cmake)
[0.557s] -- Found rmw_implementation_cmake: 6.1.2 (/opt/ros/humble/share/rmw_implementation_cmake/cmake)
[0.562s] -- Found rmw_fastrtps_cpp: 6.2.7 (/opt/ros/humble/share/rmw_fastrtps_cpp/cmake)
[0.624s] -- Found OpenSSL: /usr/lib/aarch64-linux-gnu/libcrypto.so (found version "3.0.2")  
[0.641s] -- Found FastRTPS: /opt/ros/humble/include  
[0.669s] -- Using RMW implementation 'rmw_fastrtps_cpp' as default
[0.676s] -- Looking for pthread.h
[0.719s] -- Looking for pthread.h - found
[0.719s] -- Performing Test CMAKE_HAVE_LIBC_PTHREAD
[0.761s] -- Performing Test CMAKE_HAVE_LIBC_PTHREAD - Success
[0.761s] -- Found Threads: TRUE  
[0.801s] -- Found rclcpp_components: 16.0.10 (/opt/ros/humble/share/rclcpp_components/cmake)
[0.833s] -- Found sensor_msgs: 4.2.4 (/opt/ros/humble/share/sensor_msgs/cmake)
[0.854s] -- Found SPNAV: /usr/lib/libspnav.so  
[0.860s] -- Found ament_lint_auto: 0.12.11 (/opt/ros/humble/share/ament_lint_auto/cmake)
[0.919s] -- Added test 'cppcheck' to perform static code analysis on C / C++ code
[0.920s] -- Configured cppcheck include dirs: $<BUILD_INTERFACE:/home/a/harurobo/src/joystick_drivers/spacenav/include>
[0.920s] -- Configured cppcheck exclude dirs and/or files: 
[0.921s] -- Added test 'cpplint' to check C / C++ code against the Google style
[0.921s] -- Configured cpplint exclude dirs and/or files: 
[0.922s] -- Added test 'flake8' to check Python code syntax and style conventions
[0.922s] -- Added test 'lint_cmake' to check CMake code style
[0.923s] -- Added test 'pep257' to check Python code against some of the docstring style conventions in PEP 257
[0.924s] -- Added test 'uncrustify' to check C / C++ code style
[0.924s] -- Configured uncrustify additional arguments: 
[0.925s] -- Added test 'xmllint' to check XML markup files
[0.926s] -- Configuring done
[0.933s] -- Generating done
[0.936s] -- Build files have been written to: /home/a/harurobo/build/spacenav
[0.945s] Invoked command in '/home/a/harurobo/build/spacenav' returned '0': CMAKE_PREFIX_PATH=${CMAKE_PREFIX_PATH}:/home/a/ros2_ws/install/py_pubsub:/home/a/ros2_ws/install/launch_testing_examples:/home/a/ros2_ws/install/examples_rclpy_pointcloud_publisher:/home/a/ros2_ws/install/examples_rclpy_minimal_subscriber:/home/a/ros2_ws/install/examples_rclpy_minimal_service:/home/a/ros2_ws/install/examples_rclpy_minimal_publisher:/home/a/ros2_ws/install/examples_rclpy_minimal_client:/home/a/ros2_ws/install/examples_rclpy_minimal_action_server:/home/a/ros2_ws/install/examples_rclpy_minimal_action_client:/home/a/ros2_ws/install/examples_rclpy_guard_conditions:/home/a/ros2_ws/install/examples_rclpy_executors:/opt/ros/humble /usr/bin/cmake /home/a/harurobo/src/joystick_drivers/spacenav -DCMAKE_INSTALL_PREFIX=/home/a/harurobo/install/spacenav
[0.946s] Invoking command in '/home/a/harurobo/build/spacenav': CMAKE_PREFIX_PATH=${CMAKE_PREFIX_PATH}:/home/a/ros2_ws/install/py_pubsub:/home/a/ros2_ws/install/launch_testing_examples:/home/a/ros2_ws/install/examples_rclpy_pointcloud_publisher:/home/a/ros2_ws/install/examples_rclpy_minimal_subscriber:/home/a/ros2_ws/install/examples_rclpy_minimal_service:/home/a/ros2_ws/install/examples_rclpy_minimal_publisher:/home/a/ros2_ws/install/examples_rclpy_minimal_client:/home/a/ros2_ws/install/examples_rclpy_minimal_action_server:/home/a/ros2_ws/install/examples_rclpy_minimal_action_client:/home/a/ros2_ws/install/examples_rclpy_guard_conditions:/home/a/ros2_ws/install/examples_rclpy_executors:/opt/ros/humble /usr/bin/cmake --build /home/a/harurobo/build/spacenav -- -j6 -l6
[0.973s] [ 25%] [32mBuilding CXX object CMakeFiles/spacenav.dir/src/spacenav.cpp.o[0m
[0.984s] [ 50%] [32mBuilding CXX object CMakeFiles/spacenav_node.dir/rclcpp_components/node_main_spacenav_node.cpp.o[0m
[7.160s] [ 75%] [32m[1mLinking CXX executable spacenav_node[0m
[7.469s] [ 75%] Built target spacenav_node
[9.915s] [100%] [32m[1mLinking CXX shared library libspacenav.so[0m
[10.244s] [100%] Built target spacenav
[10.256s] Invoked command in '/home/a/harurobo/build/spacenav' returned '0': CMAKE_PREFIX_PATH=${CMAKE_PREFIX_PATH}:/home/a/ros2_ws/install/py_pubsub:/home/a/ros2_ws/install/launch_testing_examples:/home/a/ros2_ws/install/examples_rclpy_pointcloud_publisher:/home/a/ros2_ws/install/examples_rclpy_minimal_subscriber:/home/a/ros2_ws/install/examples_rclpy_minimal_service:/home/a/ros2_ws/install/examples_rclpy_minimal_publisher:/home/a/ros2_ws/install/examples_rclpy_minimal_client:/home/a/ros2_ws/install/examples_rclpy_minimal_action_server:/home/a/ros2_ws/install/examples_rclpy_minimal_action_client:/home/a/ros2_ws/install/examples_rclpy_guard_conditions:/home/a/ros2_ws/install/examples_rclpy_executors:/opt/ros/humble /usr/bin/cmake --build /home/a/harurobo/build/spacenav -- -j6 -l6
[10.257s] Invoking command in '/home/a/harurobo/build/spacenav': CMAKE_PREFIX_PATH=${CMAKE_PREFIX_PATH}:/home/a/ros2_ws/install/py_pubsub:/home/a/ros2_ws/install/launch_testing_examples:/home/a/ros2_ws/install/examples_rclpy_pointcloud_publisher:/home/a/ros2_ws/install/examples_rclpy_minimal_subscriber:/home/a/ros2_ws/install/examples_rclpy_minimal_service:/home/a/ros2_ws/install/examples_rclpy_minimal_publisher:/home/a/ros2_ws/install/examples_rclpy_minimal_client:/home/a/ros2_ws/install/examples_rclpy_minimal_action_server:/home/a/ros2_ws/install/examples_rclpy_minimal_action_client:/home/a/ros2_ws/install/examples_rclpy_guard_conditions:/home/a/ros2_ws/install/examples_rclpy_executors:/opt/ros/humble /usr/bin/cmake --install /home/a/harurobo/build/spacenav
[10.269s] -- Install configuration: ""
[10.269s] -- Installing: /home/a/harurobo/install/spacenav/lib/libspacenav.so
[10.269s] -- Set runtime path of "/home/a/harurobo/install/spacenav/lib/libspacenav.so" to ""
[10.269s] -- Installing: /home/a/harurobo/install/spacenav/lib/spacenav/spacenav_node
[10.269s] -- Set runtime path of "/home/a/harurobo/install/spacenav/lib/spacenav/spacenav_node" to ""
[10.269s] -- Installing: /home/a/harurobo/install/spacenav/include/spacenav
[10.269s] -- Installing: /home/a/harurobo/install/spacenav/include/spacenav/spacenav
[10.269s] -- Installing: /home/a/harurobo/install/spacenav/include/spacenav/spacenav/spacenav.hpp
[10.269s] -- Installing: /home/a/harurobo/install/spacenav/share/spacenav//launch
[10.269s] -- Installing: /home/a/harurobo/install/spacenav/share/spacenav//launch/classic-launch.py
[10.269s] -- Installing: /home/a/harurobo/install/spacenav/share/spacenav//launch/no_deadband-launch.py
[10.269s] -- Installing: /home/a/harurobo/install/spacenav/share/spacenav//launch/static_deadband-launch.py
[10.269s] -- Installing: /home/a/harurobo/install/spacenav/share/ament_index/resource_index/package_run_dependencies/spacenav
[10.269s] -- Installing: /home/a/harurobo/install/spacenav/share/ament_index/resource_index/parent_prefix_path/spacenav
[10.270s] -- Installing: /home/a/harurobo/install/spacenav/share/spacenav/environment/ament_prefix_path.sh
[10.270s] -- Installing: /home/a/harurobo/install/spacenav/share/spacenav/environment/ament_prefix_path.dsv
[10.270s] -- Installing: /home/a/harurobo/install/spacenav/share/spacenav/environment/path.sh
[10.270s] -- Installing: /home/a/harurobo/install/spacenav/share/spacenav/environment/path.dsv
[10.270s] -- Installing: /home/a/harurobo/install/spacenav/share/spacenav/local_setup.bash
[10.270s] -- Installing: /home/a/harurobo/install/spacenav/share/spacenav/local_setup.sh
[10.270s] -- Installing: /home/a/harurobo/install/spacenav/share/spacenav/local_setup.zsh
[10.270s] -- Installing: /home/a/harurobo/install/spacenav/share/spacenav/local_setup.dsv
[10.270s] -- Installing: /home/a/harurobo/install/spacenav/share/spacenav/package.dsv
[10.270s] -- Installing: /home/a/harurobo/install/spacenav/share/ament_index/resource_index/packages/spacenav
[10.270s] -- Installing: /home/a/harurobo/install/spacenav/share/ament_index/resource_index/rclcpp_components/spacenav
[10.270s] -- Installing: /home/a/harurobo/install/spacenav/share/spacenav/cmake/export_spacenavExport.cmake
[10.270s] -- Installing: /home/a/harurobo/install/spacenav/share/spacenav/cmake/export_spacenavExport-noconfig.cmake
[10.270s] -- Installing: /home/a/harurobo/install/spacenav/share/spacenav/cmake/ament_cmake_export_targets-extras.cmake
[10.270s] -- Installing: /home/a/harurobo/install/spacenav/share/spacenav/cmake/spacenavConfig.cmake
[10.270s] -- Installing: /home/a/harurobo/install/spacenav/share/spacenav/cmake/spacenavConfig-version.cmake
[10.270s] -- Installing: /home/a/harurobo/install/spacenav/share/spacenav/package.xml
[10.273s] Invoked command in '/home/a/harurobo/build/spacenav' returned '0': CMAKE_PREFIX_PATH=${CMAKE_PREFIX_PATH}:/home/a/ros2_ws/install/py_pubsub:/home/a/ros2_ws/install/launch_testing_examples:/home/a/ros2_ws/install/examples_rclpy_pointcloud_publisher:/home/a/ros2_ws/install/examples_rclpy_minimal_subscriber:/home/a/ros2_ws/install/examples_rclpy_minimal_service:/home/a/ros2_ws/install/examples_rclpy_minimal_publisher:/home/a/ros2_ws/install/examples_rclpy_minimal_client:/home/a/ros2_ws/install/examples_rclpy_minimal_action_server:/home/a/ros2_ws/install/examples_rclpy_minimal_action_client:/home/a/ros2_ws/install/examples_rclpy_guard_conditions:/home/a/ros2_ws/install/examples_rclpy_executors:/opt/ros/humble /usr/bin/cmake --install /home/a/harurobo/build/spacenav
