[1.012s] Invoking command in '/home/a/harurobo1/src/haru_odrive': PYTHONPATH=/home/a/harurobo1/build/haru_odrive/prefix_override:/usr/lib/python3/dist-packages/colcon_core/task/python/colcon_distutils_commands:/home/a/harurobo1/install/haru_odrive/lib/python3.10/site-packages:${PYTHONPATH} /usr/bin/python3 -W ignore:setup.py install is deprecated -W ignore:easy_install command is deprecated setup.py egg_info --egg-base ../../build/haru_odrive build --build-base /home/a/harurobo1/build/haru_odrive/build install --record /home/a/harurobo1/build/haru_odrive/install.log --single-version-externally-managed install_data
[1.229s] running egg_info
[1.229s] writing ../../build/haru_odrive/haru_odrive.egg-info/PKG-INFO
[1.230s] writing dependency_links to ../../build/haru_odrive/haru_odrive.egg-info/dependency_links.txt
[1.230s] writing entry points to ../../build/haru_odrive/haru_odrive.egg-info/entry_points.txt
[1.230s] writing requirements to ../../build/haru_odrive/haru_odrive.egg-info/requires.txt
[1.230s] writing top-level names to ../../build/haru_odrive/haru_odrive.egg-info/top_level.txt
[1.232s] reading manifest file '../../build/haru_odrive/haru_odrive.egg-info/SOURCES.txt'
[1.232s] adding license file 'LICENSE'
[1.233s] writing manifest file '../../build/haru_odrive/haru_odrive.egg-info/SOURCES.txt'
[1.233s] running build
[1.233s] running build_py
[1.233s] copying haru_odrive/od.py -> /home/a/harurobo1/build/haru_odrive/build/lib/haru_odrive
[1.233s] running install
[1.233s] running install_lib
[1.234s] copying /home/a/harurobo1/build/haru_odrive/build/lib/haru_odrive/od.py -> /home/a/harurobo1/install/haru_odrive/lib/python3.10/site-packages/haru_odrive
[1.235s] byte-compiling /home/a/harurobo1/install/haru_odrive/lib/python3.10/site-packages/haru_odrive/od.py to od.cpython-310.pyc
[1.237s] running install_data
[1.237s] running install_egg_info
[1.239s] removing '/home/a/harurobo1/install/haru_odrive/lib/python3.10/site-packages/haru_odrive-0.0.0-py3.10.egg-info' (and everything under it)
[1.239s] Copying ../../build/haru_odrive/haru_odrive.egg-info to /home/a/harurobo1/install/haru_odrive/lib/python3.10/site-packages/haru_odrive-0.0.0-py3.10.egg-info
[1.239s] running install_scripts
[1.259s] Installing od script to /home/a/harurobo1/install/haru_odrive/lib/od_ros
[1.259s] writing list of installed files to '/home/a/harurobo1/build/haru_odrive/install.log'
[1.289s] Invoked command in '/home/a/harurobo1/src/haru_odrive' returned '0': PYTHONPATH=/home/a/harurobo1/build/haru_odrive/prefix_override:/usr/lib/python3/dist-packages/colcon_core/task/python/colcon_distutils_commands:/home/a/harurobo1/install/haru_odrive/lib/python3.10/site-packages:${PYTHONPATH} /usr/bin/python3 -W ignore:setup.py install is deprecated -W ignore:easy_install command is deprecated setup.py egg_info --egg-base ../../build/haru_odrive build --build-base /home/a/harurobo1/build/haru_odrive/build install --record /home/a/harurobo1/build/haru_odrive/install.log --single-version-externally-managed install_data
