running egg_info
writing ../../build/joy_sub/joy_sub.egg-info/PKG-INFO
writing dependency_links to ../../build/joy_sub/joy_sub.egg-info/dependency_links.txt
writing entry points to ../../build/joy_sub/joy_sub.egg-info/entry_points.txt
writing requirements to ../../build/joy_sub/joy_sub.egg-info/requires.txt
writing top-level names to ../../build/joy_sub/joy_sub.egg-info/top_level.txt
reading manifest file '../../build/joy_sub/joy_sub.egg-info/SOURCES.txt'
writing manifest file '../../build/joy_sub/joy_sub.egg-info/SOURCES.txt'
running build
running build_py
copying joy_sub/joy_sub.py -> /home/a/harurobo/build/joy_sub/build/lib/joy_sub
running install
running install_lib
copying /home/a/harurobo/build/joy_sub/build/lib/joy_sub/joy_sub.py -> /home/a/harurobo/install/joy_sub/lib/python3.10/site-packages/joy_sub
byte-compiling /home/a/harurobo/install/joy_sub/lib/python3.10/site-packages/joy_sub/joy_sub.py to joy_sub.cpython-310.pyc
running install_data
running install_egg_info
removing '/home/a/harurobo/install/joy_sub/lib/python3.10/site-packages/joy_sub-0.0.0-py3.10.egg-info' (and everything under it)
Copying ../../build/joy_sub/joy_sub.egg-info to /home/a/harurobo/install/joy_sub/lib/python3.10/site-packages/joy_sub-0.0.0-py3.10.egg-info
running install_scripts
Installing joy_sub script to /home/a/harurobo/install/joy_sub/lib/joy_sub
writing list of installed files to '/home/a/harurobo/build/joy_sub/install.log'
