[0.926s] Invoking command in '/home/a/harurobo1/src/haru_odrive': PYTHONPATH=/home/a/harurobo1/build/haru_odrive/prefix_override:/usr/lib/python3/dist-packages/colcon_core/task/python/colcon_distutils_commands:/home/a/harurobo1/install/haru_odrive/lib/python3.10/site-packages:${PYTHONPATH} /usr/bin/python3 -W ignore:setup.py install is deprecated -W ignore:easy_install command is deprecated setup.py egg_info --egg-base ../../build/haru_odrive build --build-base /home/a/harurobo1/build/haru_odrive/build install --record /home/a/harurobo1/build/haru_odrive/install.log --single-version-externally-managed install_data
[1.123s] running egg_info
[1.123s] writing ../../build/haru_odrive/haru_odrive.egg-info/PKG-INFO
[1.124s] writing dependency_links to ../../build/haru_odrive/haru_odrive.egg-info/dependency_links.txt
[1.124s] writing entry points to ../../build/haru_odrive/haru_odrive.egg-info/entry_points.txt
[1.124s] writing requirements to ../../build/haru_odrive/haru_odrive.egg-info/requires.txt
[1.124s] writing top-level names to ../../build/haru_odrive/haru_odrive.egg-info/top_level.txt
[1.125s] reading manifest file '../../build/haru_odrive/haru_odrive.egg-info/SOURCES.txt'
[1.125s] adding license file 'LICENSE'
[1.126s] writing manifest file '../../build/haru_odrive/haru_odrive.egg-info/SOURCES.txt'
[1.126s] running build
[1.126s] running build_py
[1.126s] copying haru_odrive/od.py -> /home/a/harurobo1/build/haru_odrive/build/lib/haru_odrive
[1.126s] running install
[1.126s] running install_lib
[1.127s] copying /home/a/harurobo1/build/haru_odrive/build/lib/haru_odrive/od.py -> /home/a/harurobo1/install/haru_odrive/lib/python3.10/site-packages/haru_odrive
[1.128s] byte-compiling /home/a/harurobo1/install/haru_odrive/lib/python3.10/site-packages/haru_odrive/od.py to od.cpython-310.pyc
[1.129s] running install_data
[1.129s] running install_egg_info
[1.130s] removing '/home/a/harurobo1/install/haru_odrive/lib/python3.10/site-packages/haru_odrive-0.0.0-py3.10.egg-info' (and everything under it)
[1.130s] Copying ../../build/haru_odrive/haru_odrive.egg-info to /home/a/harurobo1/install/haru_odrive/lib/python3.10/site-packages/haru_odrive-0.0.0-py3.10.egg-info
[1.131s] running install_scripts
[1.149s] Installing od script to /home/a/harurobo1/install/haru_odrive/lib/od_ros
[1.150s] writing list of installed files to '/home/a/harurobo1/build/haru_odrive/install.log'
[1.172s] Invoked command in '/home/a/harurobo1/src/haru_odrive' returned '0': PYTHONPATH=/home/a/harurobo1/build/haru_odrive/prefix_override:/usr/lib/python3/dist-packages/colcon_core/task/python/colcon_distutils_commands:/home/a/harurobo1/install/haru_odrive/lib/python3.10/site-packages:${PYTHONPATH} /usr/bin/python3 -W ignore:setup.py install is deprecated -W ignore:easy_install command is deprecated setup.py egg_info --egg-base ../../build/haru_odrive build --build-base /home/a/harurobo1/build/haru_odrive/build install --record /home/a/harurobo1/build/haru_odrive/install.log --single-version-externally-managed install_data
