[0.029s] Invoking command in '/home/a/harurobo/build/diagnostic_updater': CMAKE_PREFIX_PATH=${CMAKE_PREFIX_PATH}:/home/a/ros2_ws/install/py_pubsub:/home/a/ros2_ws/install/launch_testing_examples:/home/a/ros2_ws/install/examples_rclpy_pointcloud_publisher:/home/a/ros2_ws/install/examples_rclpy_minimal_subscriber:/home/a/ros2_ws/install/examples_rclpy_minimal_service:/home/a/ros2_ws/install/examples_rclpy_minimal_publisher:/home/a/ros2_ws/install/examples_rclpy_minimal_client:/home/a/ros2_ws/install/examples_rclpy_minimal_action_server:/home/a/ros2_ws/install/examples_rclpy_minimal_action_client:/home/a/ros2_ws/install/examples_rclpy_guard_conditions:/home/a/ros2_ws/install/examples_rclpy_executors:/opt/ros/humble /usr/bin/cmake --build /home/a/harurobo/build/diagnostic_updater -- -j6 -l6
[0.580s] [ 16%] Built target gtest
[0.581s] [ 33%] Built target diagnostic_updater
[0.581s] [ 33%] Built target ament_cmake_python_copy_diagnostic_updater
[0.581s] [ 50%] Built target gtest_main
[0.581s] [ 66%] Built target example
[0.581s] [ 83%] Built target diagnostic_updater_test
[0.581s] [100%] Built target diagnostic_status_wrapper_test
[0.581s] running egg_info
[0.581s] writing diagnostic_updater.egg-info/PKG-INFO
[0.581s] writing dependency_links to diagnostic_updater.egg-info/dependency_links.txt
[0.582s] writing top-level names to diagnostic_updater.egg-info/top_level.txt
[0.582s] reading manifest file 'diagnostic_updater.egg-info/SOURCES.txt'
[0.582s] writing manifest file 'diagnostic_updater.egg-info/SOURCES.txt'
[0.582s] [100%] Built target ament_cmake_python_build_diagnostic_updater_egg
[0.591s] Invoked command in '/home/a/harurobo/build/diagnostic_updater' returned '0': CMAKE_PREFIX_PATH=${CMAKE_PREFIX_PATH}:/home/a/ros2_ws/install/py_pubsub:/home/a/ros2_ws/install/launch_testing_examples:/home/a/ros2_ws/install/examples_rclpy_pointcloud_publisher:/home/a/ros2_ws/install/examples_rclpy_minimal_subscriber:/home/a/ros2_ws/install/examples_rclpy_minimal_service:/home/a/ros2_ws/install/examples_rclpy_minimal_publisher:/home/a/ros2_ws/install/examples_rclpy_minimal_client:/home/a/ros2_ws/install/examples_rclpy_minimal_action_server:/home/a/ros2_ws/install/examples_rclpy_minimal_action_client:/home/a/ros2_ws/install/examples_rclpy_guard_conditions:/home/a/ros2_ws/install/examples_rclpy_executors:/opt/ros/humble /usr/bin/cmake --build /home/a/harurobo/build/diagnostic_updater -- -j6 -l6
[0.592s] Invoking command in '/home/a/harurobo/build/diagnostic_updater': CMAKE_PREFIX_PATH=${CMAKE_PREFIX_PATH}:/home/a/ros2_ws/install/py_pubsub:/home/a/ros2_ws/install/launch_testing_examples:/home/a/ros2_ws/install/examples_rclpy_pointcloud_publisher:/home/a/ros2_ws/install/examples_rclpy_minimal_subscriber:/home/a/ros2_ws/install/examples_rclpy_minimal_service:/home/a/ros2_ws/install/examples_rclpy_minimal_publisher:/home/a/ros2_ws/install/examples_rclpy_minimal_client:/home/a/ros2_ws/install/examples_rclpy_minimal_action_server:/home/a/ros2_ws/install/examples_rclpy_minimal_action_client:/home/a/ros2_ws/install/examples_rclpy_guard_conditions:/home/a/ros2_ws/install/examples_rclpy_executors:/opt/ros/humble /usr/bin/cmake --install /home/a/harurobo/build/diagnostic_updater
[0.596s] -- Install configuration: ""
[0.596s] -- Up-to-date: /home/a/harurobo/install/diagnostic_updater/lib/libdiagnostic_updater.so
[0.596s] -- Up-to-date: /home/a/harurobo/install/diagnostic_updater/share/diagnostic_updater/environment/pythonpath.sh
[0.596s] -- Up-to-date: /home/a/harurobo/install/diagnostic_updater/share/diagnostic_updater/environment/pythonpath.dsv
[0.596s] -- Up-to-date: /home/a/harurobo/install/diagnostic_updater/local/lib/python3.10/dist-packages/diagnostic_updater-4.3.1-py3.10.egg-info
[0.596s] -- Installing: /home/a/harurobo/install/diagnostic_updater/local/lib/python3.10/dist-packages/diagnostic_updater-4.3.1-py3.10.egg-info/PKG-INFO
[0.596s] -- Installing: /home/a/harurobo/install/diagnostic_updater/local/lib/python3.10/dist-packages/diagnostic_updater-4.3.1-py3.10.egg-info/top_level.txt
[0.597s] -- Installing: /home/a/harurobo/install/diagnostic_updater/local/lib/python3.10/dist-packages/diagnostic_updater-4.3.1-py3.10.egg-info/dependency_links.txt
[0.597s] -- Installing: /home/a/harurobo/install/diagnostic_updater/local/lib/python3.10/dist-packages/diagnostic_updater-4.3.1-py3.10.egg-info/SOURCES.txt
[0.597s] -- Up-to-date: /home/a/harurobo/install/diagnostic_updater/local/lib/python3.10/dist-packages/diagnostic_updater
[0.597s] -- Up-to-date: /home/a/harurobo/install/diagnostic_updater/local/lib/python3.10/dist-packages/diagnostic_updater/_diagnostic_status_wrapper.py
[0.597s] -- Up-to-date: /home/a/harurobo/install/diagnostic_updater/local/lib/python3.10/dist-packages/diagnostic_updater/example.py
[0.597s] -- Up-to-date: /home/a/harurobo/install/diagnostic_updater/local/lib/python3.10/dist-packages/diagnostic_updater/__init__.py
[0.597s] -- Up-to-date: /home/a/harurobo/install/diagnostic_updater/local/lib/python3.10/dist-packages/diagnostic_updater/_publisher.py
[0.597s] -- Up-to-date: /home/a/harurobo/install/diagnostic_updater/local/lib/python3.10/dist-packages/diagnostic_updater/_update_functions.py
[0.597s] -- Up-to-date: /home/a/harurobo/install/diagnostic_updater/local/lib/python3.10/dist-packages/diagnostic_updater/_diagnostic_updater.py
[0.622s] Listing '/home/a/harurobo/install/diagnostic_updater/local/lib/python3.10/dist-packages/diagnostic_updater'...
[0.627s] -- Up-to-date: /home/a/harurobo/install/diagnostic_updater/lib/diagnostic_updater/example.py
[0.628s] -- Up-to-date: /home/a/harurobo/install/diagnostic_updater/lib/diagnostic_updater/example
[0.628s] -- Up-to-date: /home/a/harurobo/install/diagnostic_updater/include
[0.628s] -- Up-to-date: /home/a/harurobo/install/diagnostic_updater/include/diagnostic_updater
[0.628s] -- Up-to-date: /home/a/harurobo/install/diagnostic_updater/include/diagnostic_updater/update_functions.hpp
[0.629s] -- Up-to-date: /home/a/harurobo/install/diagnostic_updater/include/diagnostic_updater/publisher.hpp
[0.629s] -- Up-to-date: /home/a/harurobo/install/diagnostic_updater/include/diagnostic_updater/diagnostic_updater.hpp
[0.629s] -- Up-to-date: /home/a/harurobo/install/diagnostic_updater/include/diagnostic_updater/diagnostic_status_wrapper.hpp
[0.629s] -- Up-to-date: /home/a/harurobo/install/diagnostic_updater/share/diagnostic_updater/environment/library_path.sh
[0.629s] -- Up-to-date: /home/a/harurobo/install/diagnostic_updater/share/diagnostic_updater/environment/library_path.dsv
[0.629s] -- Up-to-date: /home/a/harurobo/install/diagnostic_updater/share/ament_index/resource_index/package_run_dependencies/diagnostic_updater
[0.630s] -- Up-to-date: /home/a/harurobo/install/diagnostic_updater/share/ament_index/resource_index/parent_prefix_path/diagnostic_updater
[0.630s] -- Up-to-date: /home/a/harurobo/install/diagnostic_updater/share/diagnostic_updater/environment/ament_prefix_path.sh
[0.630s] -- Up-to-date: /home/a/harurobo/install/diagnostic_updater/share/diagnostic_updater/environment/ament_prefix_path.dsv
[0.630s] -- Up-to-date: /home/a/harurobo/install/diagnostic_updater/share/diagnostic_updater/environment/path.sh
[0.630s] -- Up-to-date: /home/a/harurobo/install/diagnostic_updater/share/diagnostic_updater/environment/path.dsv
[0.630s] -- Up-to-date: /home/a/harurobo/install/diagnostic_updater/share/diagnostic_updater/local_setup.bash
[0.631s] -- Up-to-date: /home/a/harurobo/install/diagnostic_updater/share/diagnostic_updater/local_setup.sh
[0.631s] -- Up-to-date: /home/a/harurobo/install/diagnostic_updater/share/diagnostic_updater/local_setup.zsh
[0.631s] -- Up-to-date: /home/a/harurobo/install/diagnostic_updater/share/diagnostic_updater/local_setup.dsv
[0.631s] -- Installing: /home/a/harurobo/install/diagnostic_updater/share/diagnostic_updater/package.dsv
[0.631s] -- Up-to-date: /home/a/harurobo/install/diagnostic_updater/share/ament_index/resource_index/packages/diagnostic_updater
[0.631s] -- Up-to-date: /home/a/harurobo/install/diagnostic_updater/share/diagnostic_updater/cmake/diagnostic_updaterTargetsExport.cmake
[0.631s] -- Up-to-date: /home/a/harurobo/install/diagnostic_updater/share/diagnostic_updater/cmake/diagnostic_updaterTargetsExport-noconfig.cmake
[0.631s] -- Up-to-date: /home/a/harurobo/install/diagnostic_updater/share/diagnostic_updater/cmake/ament_cmake_export_targets-extras.cmake
[0.631s] -- Up-to-date: /home/a/harurobo/install/diagnostic_updater/share/diagnostic_updater/cmake/ament_cmake_export_include_directories-extras.cmake
[0.631s] -- Up-to-date: /home/a/harurobo/install/diagnostic_updater/share/diagnostic_updater/cmake/ament_cmake_export_libraries-extras.cmake
[0.631s] -- Up-to-date: /home/a/harurobo/install/diagnostic_updater/share/diagnostic_updater/cmake/ament_cmake_export_dependencies-extras.cmake
[0.631s] -- Up-to-date: /home/a/harurobo/install/diagnostic_updater/share/diagnostic_updater/cmake/diagnostic_updaterConfig.cmake
[0.632s] -- Up-to-date: /home/a/harurobo/install/diagnostic_updater/share/diagnostic_updater/cmake/diagnostic_updaterConfig-version.cmake
[0.632s] -- Up-to-date: /home/a/harurobo/install/diagnostic_updater/share/diagnostic_updater/package.xml
[0.650s] Invoked command in '/home/a/harurobo/build/diagnostic_updater' returned '0': CMAKE_PREFIX_PATH=${CMAKE_PREFIX_PATH}:/home/a/ros2_ws/install/py_pubsub:/home/a/ros2_ws/install/launch_testing_examples:/home/a/ros2_ws/install/examples_rclpy_pointcloud_publisher:/home/a/ros2_ws/install/examples_rclpy_minimal_subscriber:/home/a/ros2_ws/install/examples_rclpy_minimal_service:/home/a/ros2_ws/install/examples_rclpy_minimal_publisher:/home/a/ros2_ws/install/examples_rclpy_minimal_client:/home/a/ros2_ws/install/examples_rclpy_minimal_action_server:/home/a/ros2_ws/install/examples_rclpy_minimal_action_client:/home/a/ros2_ws/install/examples_rclpy_guard_conditions:/home/a/ros2_ws/install/examples_rclpy_executors:/opt/ros/humble /usr/bin/cmake --install /home/a/harurobo/build/diagnostic_updater
