[0.016s] Invoking command in '/home/a/harurobo/build/wiimote': AMENT_PREFIX_PATH=/home/a/harurobo/install/wiimote_msgs:${AMENT_PREFIX_PATH} CMAKE_PREFIX_PATH=/home/a/harurobo/install/wiimote_msgs:/home/a/ros2_ws/install/turtlesim:/home/a/ros2_ws/install/my_package:/home/a/ros2_ws/install/examples_rclcpp_wait_set:/home/a/ros2_ws/install/examples_rclcpp_multithreaded_executor:/home/a/ros2_ws/install/examples_rclcpp_minimal_timer:/home/a/ros2_ws/install/examples_rclcpp_minimal_subscriber:/home/a/ros2_ws/install/examples_rclcpp_minimal_service:/home/a/ros2_ws/install/examples_rclcpp_minimal_publisher:/home/a/ros2_ws/install/examples_rclcpp_minimal_composition:/home/a/ros2_ws/install/examples_rclcpp_minimal_client:/home/a/ros2_ws/install/examples_rclcpp_minimal_action_server:/home/a/ros2_ws/install/examples_rclcpp_minimal_action_client:/home/a/ros2_ws/install/examples_rclcpp_cbg_executor:/home/a/ros2_ws/install/examples_rclcpp_async_client:/home/a/ros2_ws/install/py_pubsub:/home/a/ros2_ws/install/launch_testing_examples:/home/a/ros2_ws/install/examples_rclpy_pointcloud_publisher:/home/a/ros2_ws/install/examples_rclpy_minimal_subscriber:/home/a/ros2_ws/install/examples_rclpy_minimal_service:/home/a/ros2_ws/install/examples_rclpy_minimal_publisher:/home/a/ros2_ws/install/examples_rclpy_minimal_client:/home/a/ros2_ws/install/examples_rclpy_minimal_action_server:/home/a/ros2_ws/install/examples_rclpy_minimal_action_client:/home/a/ros2_ws/install/examples_rclpy_guard_conditions:/home/a/ros2_ws/install/examples_rclpy_executors:/opt/ros/humble LD_LIBRARY_PATH=/home/a/harurobo/install/wiimote_msgs/lib:${LD_LIBRARY_PATH} PYTHONPATH=/home/a/harurobo/install/wiimote_msgs/local/lib/python3.10/dist-packages:${PYTHONPATH} /usr/bin/cmake --build /home/a/harurobo/build/wiimote -- -j6 -l6
[0.078s] [ 33%] Built target wiimote_lib
[0.088s] [ 55%] Built target wiimote_node
[0.088s] [ 77%] Built target teleop_wiimote_node
[0.090s] [100%] Built target teleop_wiimote
[0.098s] Invoked command in '/home/a/harurobo/build/wiimote' returned '0': AMENT_PREFIX_PATH=/home/a/harurobo/install/wiimote_msgs:${AMENT_PREFIX_PATH} CMAKE_PREFIX_PATH=/home/a/harurobo/install/wiimote_msgs:/home/a/ros2_ws/install/turtlesim:/home/a/ros2_ws/install/my_package:/home/a/ros2_ws/install/examples_rclcpp_wait_set:/home/a/ros2_ws/install/examples_rclcpp_multithreaded_executor:/home/a/ros2_ws/install/examples_rclcpp_minimal_timer:/home/a/ros2_ws/install/examples_rclcpp_minimal_subscriber:/home/a/ros2_ws/install/examples_rclcpp_minimal_service:/home/a/ros2_ws/install/examples_rclcpp_minimal_publisher:/home/a/ros2_ws/install/examples_rclcpp_minimal_composition:/home/a/ros2_ws/install/examples_rclcpp_minimal_client:/home/a/ros2_ws/install/examples_rclcpp_minimal_action_server:/home/a/ros2_ws/install/examples_rclcpp_minimal_action_client:/home/a/ros2_ws/install/examples_rclcpp_cbg_executor:/home/a/ros2_ws/install/examples_rclcpp_async_client:/home/a/ros2_ws/install/py_pubsub:/home/a/ros2_ws/install/launch_testing_examples:/home/a/ros2_ws/install/examples_rclpy_pointcloud_publisher:/home/a/ros2_ws/install/examples_rclpy_minimal_subscriber:/home/a/ros2_ws/install/examples_rclpy_minimal_service:/home/a/ros2_ws/install/examples_rclpy_minimal_publisher:/home/a/ros2_ws/install/examples_rclpy_minimal_client:/home/a/ros2_ws/install/examples_rclpy_minimal_action_server:/home/a/ros2_ws/install/examples_rclpy_minimal_action_client:/home/a/ros2_ws/install/examples_rclpy_guard_conditions:/home/a/ros2_ws/install/examples_rclpy_executors:/opt/ros/humble LD_LIBRARY_PATH=/home/a/harurobo/install/wiimote_msgs/lib:${LD_LIBRARY_PATH} PYTHONPATH=/home/a/harurobo/install/wiimote_msgs/local/lib/python3.10/dist-packages:${PYTHONPATH} /usr/bin/cmake --build /home/a/harurobo/build/wiimote -- -j6 -l6
[0.099s] Invoking command in '/home/a/harurobo/build/wiimote': AMENT_PREFIX_PATH=/home/a/harurobo/install/wiimote_msgs:${AMENT_PREFIX_PATH} CMAKE_PREFIX_PATH=/home/a/harurobo/install/wiimote_msgs:/home/a/ros2_ws/install/turtlesim:/home/a/ros2_ws/install/my_package:/home/a/ros2_ws/install/examples_rclcpp_wait_set:/home/a/ros2_ws/install/examples_rclcpp_multithreaded_executor:/home/a/ros2_ws/install/examples_rclcpp_minimal_timer:/home/a/ros2_ws/install/examples_rclcpp_minimal_subscriber:/home/a/ros2_ws/install/examples_rclcpp_minimal_service:/home/a/ros2_ws/install/examples_rclcpp_minimal_publisher:/home/a/ros2_ws/install/examples_rclcpp_minimal_composition:/home/a/ros2_ws/install/examples_rclcpp_minimal_client:/home/a/ros2_ws/install/examples_rclcpp_minimal_action_server:/home/a/ros2_ws/install/examples_rclcpp_minimal_action_client:/home/a/ros2_ws/install/examples_rclcpp_cbg_executor:/home/a/ros2_ws/install/examples_rclcpp_async_client:/home/a/ros2_ws/install/py_pubsub:/home/a/ros2_ws/install/launch_testing_examples:/home/a/ros2_ws/install/examples_rclpy_pointcloud_publisher:/home/a/ros2_ws/install/examples_rclpy_minimal_subscriber:/home/a/ros2_ws/install/examples_rclpy_minimal_service:/home/a/ros2_ws/install/examples_rclpy_minimal_publisher:/home/a/ros2_ws/install/examples_rclpy_minimal_client:/home/a/ros2_ws/install/examples_rclpy_minimal_action_server:/home/a/ros2_ws/install/examples_rclpy_minimal_action_client:/home/a/ros2_ws/install/examples_rclpy_guard_conditions:/home/a/ros2_ws/install/examples_rclpy_executors:/opt/ros/humble LD_LIBRARY_PATH=/home/a/harurobo/install/wiimote_msgs/lib:${LD_LIBRARY_PATH} PYTHONPATH=/home/a/harurobo/install/wiimote_msgs/local/lib/python3.10/dist-packages:${PYTHONPATH} /usr/bin/cmake --install /home/a/harurobo/build/wiimote
[0.104s] -- Install configuration: ""
[0.104s] -- Up-to-date: /home/a/harurobo/install/wiimote/lib/wiimote/wiimote_node
[0.104s] -- Up-to-date: /home/a/harurobo/install/wiimote/lib/wiimote/teleop_wiimote_node
[0.104s] -- Up-to-date: /home/a/harurobo/install/wiimote/lib/libwiimote_lib.so
[0.105s] -- Up-to-date: /home/a/harurobo/install/wiimote/lib/libteleop_wiimote.so
[0.105s] -- Up-to-date: /home/a/harurobo/install/wiimote/include/wiimote
[0.105s] -- Up-to-date: /home/a/harurobo/install/wiimote/include/wiimote/wiimote
[0.105s] -- Up-to-date: /home/a/harurobo/install/wiimote/include/wiimote/wiimote/stat_vector_3d.hpp
[0.105s] -- Up-to-date: /home/a/harurobo/install/wiimote/include/wiimote/wiimote/teleop_wiimote.hpp
[0.105s] -- Up-to-date: /home/a/harurobo/install/wiimote/include/wiimote/wiimote/wiimote_controller.hpp
[0.105s] -- Up-to-date: /home/a/harurobo/install/wiimote/share/wiimote/launch
[0.105s] -- Up-to-date: /home/a/harurobo/install/wiimote/share/wiimote/launch/feedback_test.launch.py
[0.105s] -- Up-to-date: /home/a/harurobo/install/wiimote/share/wiimote/launch/wiimote_lifecycle.launch.py
[0.105s] -- Up-to-date: /home/a/harurobo/install/wiimote/share/wiimote/launch/turtlesim.launch.py
[0.105s] -- Up-to-date: /home/a/harurobo/install/wiimote/share/wiimote/config
[0.106s] -- Up-to-date: /home/a/harurobo/install/wiimote/share/wiimote/config/wiimote_params.yaml
[0.106s] -- Up-to-date: /home/a/harurobo/install/wiimote/share/wiimote/config/teleop_wiimote_params.yaml
[0.106s] -- Up-to-date: /home/a/harurobo/install/wiimote/lib/wiimote/wiimote_node
[0.106s] -- Up-to-date: /home/a/harurobo/install/wiimote/lib/wiimote/feedback_tester.py
[0.106s] -- Up-to-date: /home/a/harurobo/install/wiimote/share/ament_index/resource_index/package_run_dependencies/wiimote
[0.106s] -- Up-to-date: /home/a/harurobo/install/wiimote/share/ament_index/resource_index/parent_prefix_path/wiimote
[0.106s] -- Up-to-date: /home/a/harurobo/install/wiimote/share/wiimote/environment/ament_prefix_path.sh
[0.106s] -- Up-to-date: /home/a/harurobo/install/wiimote/share/wiimote/environment/ament_prefix_path.dsv
[0.106s] -- Up-to-date: /home/a/harurobo/install/wiimote/share/wiimote/environment/path.sh
[0.106s] -- Up-to-date: /home/a/harurobo/install/wiimote/share/wiimote/environment/path.dsv
[0.106s] -- Up-to-date: /home/a/harurobo/install/wiimote/share/wiimote/local_setup.bash
[0.106s] -- Up-to-date: /home/a/harurobo/install/wiimote/share/wiimote/local_setup.sh
[0.106s] -- Up-to-date: /home/a/harurobo/install/wiimote/share/wiimote/local_setup.zsh
[0.106s] -- Up-to-date: /home/a/harurobo/install/wiimote/share/wiimote/local_setup.dsv
[0.106s] -- Installing: /home/a/harurobo/install/wiimote/share/wiimote/package.dsv
[0.106s] -- Up-to-date: /home/a/harurobo/install/wiimote/share/ament_index/resource_index/packages/wiimote
[0.106s] -- Up-to-date: /home/a/harurobo/install/wiimote/share/ament_index/resource_index/rclcpp_components/wiimote
[0.106s] -- Up-to-date: /home/a/harurobo/install/wiimote/share/wiimote/cmake/export_wiimoteExport.cmake
[0.106s] -- Up-to-date: /home/a/harurobo/install/wiimote/share/wiimote/cmake/export_wiimoteExport-noconfig.cmake
[0.106s] -- Up-to-date: /home/a/harurobo/install/wiimote/share/wiimote/cmake/wiimote-extras.cmake
[0.106s] -- Up-to-date: /home/a/harurobo/install/wiimote/share/wiimote/cmake/ament_cmake_export_targets-extras.cmake
[0.106s] -- Up-to-date: /home/a/harurobo/install/wiimote/share/wiimote/cmake/ament_cmake_export_dependencies-extras.cmake
[0.106s] -- Up-to-date: /home/a/harurobo/install/wiimote/share/wiimote/cmake/wiimoteConfig.cmake
[0.106s] -- Up-to-date: /home/a/harurobo/install/wiimote/share/wiimote/cmake/wiimoteConfig-version.cmake
[0.106s] -- Up-to-date: /home/a/harurobo/install/wiimote/share/wiimote/package.xml
[0.107s] Invoked command in '/home/a/harurobo/build/wiimote' returned '0': AMENT_PREFIX_PATH=/home/a/harurobo/install/wiimote_msgs:${AMENT_PREFIX_PATH} CMAKE_PREFIX_PATH=/home/a/harurobo/install/wiimote_msgs:/home/a/ros2_ws/install/turtlesim:/home/a/ros2_ws/install/my_package:/home/a/ros2_ws/install/examples_rclcpp_wait_set:/home/a/ros2_ws/install/examples_rclcpp_multithreaded_executor:/home/a/ros2_ws/install/examples_rclcpp_minimal_timer:/home/a/ros2_ws/install/examples_rclcpp_minimal_subscriber:/home/a/ros2_ws/install/examples_rclcpp_minimal_service:/home/a/ros2_ws/install/examples_rclcpp_minimal_publisher:/home/a/ros2_ws/install/examples_rclcpp_minimal_composition:/home/a/ros2_ws/install/examples_rclcpp_minimal_client:/home/a/ros2_ws/install/examples_rclcpp_minimal_action_server:/home/a/ros2_ws/install/examples_rclcpp_minimal_action_client:/home/a/ros2_ws/install/examples_rclcpp_cbg_executor:/home/a/ros2_ws/install/examples_rclcpp_async_client:/home/a/ros2_ws/install/py_pubsub:/home/a/ros2_ws/install/launch_testing_examples:/home/a/ros2_ws/install/examples_rclpy_pointcloud_publisher:/home/a/ros2_ws/install/examples_rclpy_minimal_subscriber:/home/a/ros2_ws/install/examples_rclpy_minimal_service:/home/a/ros2_ws/install/examples_rclpy_minimal_publisher:/home/a/ros2_ws/install/examples_rclpy_minimal_client:/home/a/ros2_ws/install/examples_rclpy_minimal_action_server:/home/a/ros2_ws/install/examples_rclpy_minimal_action_client:/home/a/ros2_ws/install/examples_rclpy_guard_conditions:/home/a/ros2_ws/install/examples_rclpy_executors:/opt/ros/humble LD_LIBRARY_PATH=/home/a/harurobo/install/wiimote_msgs/lib:${LD_LIBRARY_PATH} PYTHONPATH=/home/a/harurobo/install/wiimote_msgs/local/lib/python3.10/dist-packages:${PYTHONPATH} /usr/bin/cmake --install /home/a/harurobo/build/wiimote
