[0.030s] Invoking command in '/home/a/harurobo/build/spacenav': CMAKE_PREFIX_PATH=${CMAKE_PREFIX_PATH}:/home/a/ros2_ws/install/py_pubsub:/home/a/ros2_ws/install/launch_testing_examples:/home/a/ros2_ws/install/examples_rclpy_pointcloud_publisher:/home/a/ros2_ws/install/examples_rclpy_minimal_subscriber:/home/a/ros2_ws/install/examples_rclpy_minimal_service:/home/a/ros2_ws/install/examples_rclpy_minimal_publisher:/home/a/ros2_ws/install/examples_rclpy_minimal_client:/home/a/ros2_ws/install/examples_rclpy_minimal_action_server:/home/a/ros2_ws/install/examples_rclpy_minimal_action_client:/home/a/ros2_ws/install/examples_rclpy_guard_conditions:/home/a/ros2_ws/install/examples_rclpy_executors:/opt/ros/humble /usr/bin/cmake --build /home/a/harurobo/build/spacenav -- -j6 -l6
[0.072s] [ 50%] Built target spacenav_node
[0.072s] [100%] Built target spacenav
[0.085s] Invoked command in '/home/a/harurobo/build/spacenav' returned '0': CMAKE_PREFIX_PATH=${CMAKE_PREFIX_PATH}:/home/a/ros2_ws/install/py_pubsub:/home/a/ros2_ws/install/launch_testing_examples:/home/a/ros2_ws/install/examples_rclpy_pointcloud_publisher:/home/a/ros2_ws/install/examples_rclpy_minimal_subscriber:/home/a/ros2_ws/install/examples_rclpy_minimal_service:/home/a/ros2_ws/install/examples_rclpy_minimal_publisher:/home/a/ros2_ws/install/examples_rclpy_minimal_client:/home/a/ros2_ws/install/examples_rclpy_minimal_action_server:/home/a/ros2_ws/install/examples_rclpy_minimal_action_client:/home/a/ros2_ws/install/examples_rclpy_guard_conditions:/home/a/ros2_ws/install/examples_rclpy_executors:/opt/ros/humble /usr/bin/cmake --build /home/a/harurobo/build/spacenav -- -j6 -l6
[0.086s] Invoking command in '/home/a/harurobo/build/spacenav': CMAKE_PREFIX_PATH=${CMAKE_PREFIX_PATH}:/home/a/ros2_ws/install/py_pubsub:/home/a/ros2_ws/install/launch_testing_examples:/home/a/ros2_ws/install/examples_rclpy_pointcloud_publisher:/home/a/ros2_ws/install/examples_rclpy_minimal_subscriber:/home/a/ros2_ws/install/examples_rclpy_minimal_service:/home/a/ros2_ws/install/examples_rclpy_minimal_publisher:/home/a/ros2_ws/install/examples_rclpy_minimal_client:/home/a/ros2_ws/install/examples_rclpy_minimal_action_server:/home/a/ros2_ws/install/examples_rclpy_minimal_action_client:/home/a/ros2_ws/install/examples_rclpy_guard_conditions:/home/a/ros2_ws/install/examples_rclpy_executors:/opt/ros/humble /usr/bin/cmake --install /home/a/harurobo/build/spacenav
[0.091s] -- Install configuration: ""
[0.091s] -- Up-to-date: /home/a/harurobo/install/spacenav/lib/libspacenav.so
[0.092s] -- Up-to-date: /home/a/harurobo/install/spacenav/lib/spacenav/spacenav_node
[0.092s] -- Up-to-date: /home/a/harurobo/install/spacenav/include/spacenav
[0.092s] -- Up-to-date: /home/a/harurobo/install/spacenav/include/spacenav/spacenav
[0.092s] -- Up-to-date: /home/a/harurobo/install/spacenav/include/spacenav/spacenav/spacenav.hpp
[0.092s] -- Up-to-date: /home/a/harurobo/install/spacenav/share/spacenav//launch
[0.092s] -- Up-to-date: /home/a/harurobo/install/spacenav/share/spacenav//launch/classic-launch.py
[0.092s] -- Up-to-date: /home/a/harurobo/install/spacenav/share/spacenav//launch/no_deadband-launch.py
[0.092s] -- Up-to-date: /home/a/harurobo/install/spacenav/share/spacenav//launch/static_deadband-launch.py
[0.092s] -- Up-to-date: /home/a/harurobo/install/spacenav/share/ament_index/resource_index/package_run_dependencies/spacenav
[0.092s] -- Up-to-date: /home/a/harurobo/install/spacenav/share/ament_index/resource_index/parent_prefix_path/spacenav
[0.093s] -- Up-to-date: /home/a/harurobo/install/spacenav/share/spacenav/environment/ament_prefix_path.sh
[0.093s] -- Up-to-date: /home/a/harurobo/install/spacenav/share/spacenav/environment/ament_prefix_path.dsv
[0.093s] -- Up-to-date: /home/a/harurobo/install/spacenav/share/spacenav/environment/path.sh
[0.093s] -- Up-to-date: /home/a/harurobo/install/spacenav/share/spacenav/environment/path.dsv
[0.093s] -- Up-to-date: /home/a/harurobo/install/spacenav/share/spacenav/local_setup.bash
[0.093s] -- Up-to-date: /home/a/harurobo/install/spacenav/share/spacenav/local_setup.sh
[0.093s] -- Up-to-date: /home/a/harurobo/install/spacenav/share/spacenav/local_setup.zsh
[0.094s] -- Up-to-date: /home/a/harurobo/install/spacenav/share/spacenav/local_setup.dsv
[0.094s] -- Installing: /home/a/harurobo/install/spacenav/share/spacenav/package.dsv
[0.094s] -- Up-to-date: /home/a/harurobo/install/spacenav/share/ament_index/resource_index/packages/spacenav
[0.094s] -- Up-to-date: /home/a/harurobo/install/spacenav/share/ament_index/resource_index/rclcpp_components/spacenav
[0.094s] -- Up-to-date: /home/a/harurobo/install/spacenav/share/spacenav/cmake/export_spacenavExport.cmake
[0.094s] -- Up-to-date: /home/a/harurobo/install/spacenav/share/spacenav/cmake/export_spacenavExport-noconfig.cmake
[0.094s] -- Up-to-date: /home/a/harurobo/install/spacenav/share/spacenav/cmake/ament_cmake_export_targets-extras.cmake
[0.094s] -- Up-to-date: /home/a/harurobo/install/spacenav/share/spacenav/cmake/spacenavConfig.cmake
[0.094s] -- Up-to-date: /home/a/harurobo/install/spacenav/share/spacenav/cmake/spacenavConfig-version.cmake
[0.095s] -- Up-to-date: /home/a/harurobo/install/spacenav/share/spacenav/package.xml
[0.095s] Invoked command in '/home/a/harurobo/build/spacenav' returned '0': CMAKE_PREFIX_PATH=${CMAKE_PREFIX_PATH}:/home/a/ros2_ws/install/py_pubsub:/home/a/ros2_ws/install/launch_testing_examples:/home/a/ros2_ws/install/examples_rclpy_pointcloud_publisher:/home/a/ros2_ws/install/examples_rclpy_minimal_subscriber:/home/a/ros2_ws/install/examples_rclpy_minimal_service:/home/a/ros2_ws/install/examples_rclpy_minimal_publisher:/home/a/ros2_ws/install/examples_rclpy_minimal_client:/home/a/ros2_ws/install/examples_rclpy_minimal_action_server:/home/a/ros2_ws/install/examples_rclpy_minimal_action_client:/home/a/ros2_ws/install/examples_rclpy_guard_conditions:/home/a/ros2_ws/install/examples_rclpy_executors:/opt/ros/humble /usr/bin/cmake --install /home/a/harurobo/build/spacenav
