[0.025s] Invoking command in '/home/a/harurobo/build/wiimote_msgs': CMAKE_PREFIX_PATH=${CMAKE_PREFIX_PATH}:/home/a/ros2_ws/install/py_pubsub:/home/a/ros2_ws/install/launch_testing_examples:/home/a/ros2_ws/install/examples_rclpy_pointcloud_publisher:/home/a/ros2_ws/install/examples_rclpy_minimal_subscriber:/home/a/ros2_ws/install/examples_rclpy_minimal_service:/home/a/ros2_ws/install/examples_rclpy_minimal_publisher:/home/a/ros2_ws/install/examples_rclpy_minimal_client:/home/a/ros2_ws/install/examples_rclpy_minimal_action_server:/home/a/ros2_ws/install/examples_rclpy_minimal_action_client:/home/a/ros2_ws/install/examples_rclpy_guard_conditions:/home/a/ros2_ws/install/examples_rclpy_executors:/opt/ros/humble /usr/bin/cmake --build /home/a/harurobo/build/wiimote_msgs -- -j6 -l6
[0.319s] [ 10%] Built target wiimote_msgs__rosidl_generator_c
[0.320s] [ 12%] Built target wiimote_msgs__cpp
[0.320s] [ 23%] Built target wiimote_msgs__rosidl_typesupport_introspection_c
[0.320s] [ 23%] Built target ament_cmake_python_copy_wiimote_msgs
[0.320s] [ 34%] Built target wiimote_msgs__rosidl_typesupport_fastrtps_c
[0.320s] [ 44%] Built target wiimote_msgs__rosidl_typesupport_cpp
[0.321s] [ 55%] Built target wiimote_msgs__rosidl_typesupport_fastrtps_cpp
[0.321s] [ 65%] Built target wiimote_msgs__rosidl_typesupport_c
[0.321s] [ 76%] Built target wiimote_msgs__rosidl_typesupport_introspection_cpp
[0.321s] [ 76%] Built target wiimote_msgs
[0.321s] [ 78%] Built target wiimote_msgs__py
[0.321s] [ 87%] Built target wiimote_msgs__rosidl_generator_py
[0.321s] [ 95%] Built target wiimote_msgs__rosidl_typesupport_introspection_c__pyext
[0.321s] [ 95%] Built target wiimote_msgs__rosidl_typesupport_c__pyext
[0.321s] [100%] Built target wiimote_msgs__rosidl_typesupport_fastrtps_c__pyext
[0.350s] running egg_info
[0.350s] writing wiimote_msgs.egg-info/PKG-INFO
[0.351s] writing dependency_links to wiimote_msgs.egg-info/dependency_links.txt
[0.351s] writing top-level names to wiimote_msgs.egg-info/top_level.txt
[0.354s] reading manifest file 'wiimote_msgs.egg-info/SOURCES.txt'
[0.354s] writing manifest file 'wiimote_msgs.egg-info/SOURCES.txt'
[0.374s] [100%] Built target ament_cmake_python_build_wiimote_msgs_egg
[0.486s] Invoked command in '/home/a/harurobo/build/wiimote_msgs' returned '0': CMAKE_PREFIX_PATH=${CMAKE_PREFIX_PATH}:/home/a/ros2_ws/install/py_pubsub:/home/a/ros2_ws/install/launch_testing_examples:/home/a/ros2_ws/install/examples_rclpy_pointcloud_publisher:/home/a/ros2_ws/install/examples_rclpy_minimal_subscriber:/home/a/ros2_ws/install/examples_rclpy_minimal_service:/home/a/ros2_ws/install/examples_rclpy_minimal_publisher:/home/a/ros2_ws/install/examples_rclpy_minimal_client:/home/a/ros2_ws/install/examples_rclpy_minimal_action_server:/home/a/ros2_ws/install/examples_rclpy_minimal_action_client:/home/a/ros2_ws/install/examples_rclpy_guard_conditions:/home/a/ros2_ws/install/examples_rclpy_executors:/opt/ros/humble /usr/bin/cmake --build /home/a/harurobo/build/wiimote_msgs -- -j6 -l6
[0.487s] Invoking command in '/home/a/harurobo/build/wiimote_msgs': CMAKE_PREFIX_PATH=${CMAKE_PREFIX_PATH}:/home/a/ros2_ws/install/py_pubsub:/home/a/ros2_ws/install/launch_testing_examples:/home/a/ros2_ws/install/examples_rclpy_pointcloud_publisher:/home/a/ros2_ws/install/examples_rclpy_minimal_subscriber:/home/a/ros2_ws/install/examples_rclpy_minimal_service:/home/a/ros2_ws/install/examples_rclpy_minimal_publisher:/home/a/ros2_ws/install/examples_rclpy_minimal_client:/home/a/ros2_ws/install/examples_rclpy_minimal_action_server:/home/a/ros2_ws/install/examples_rclpy_minimal_action_client:/home/a/ros2_ws/install/examples_rclpy_guard_conditions:/home/a/ros2_ws/install/examples_rclpy_executors:/opt/ros/humble /usr/bin/cmake --install /home/a/harurobo/build/wiimote_msgs
[0.494s] -- Install configuration: ""
[0.495s] -- Up-to-date: /home/a/harurobo/install/wiimote_msgs/share/ament_index/resource_index/rosidl_interfaces/wiimote_msgs
[0.495s] -- Up-to-date: /home/a/harurobo/install/wiimote_msgs/include/wiimote_msgs/wiimote_msgs
[0.495s] -- Up-to-date: /home/a/harurobo/install/wiimote_msgs/include/wiimote_msgs/wiimote_msgs/msg
[0.495s] -- Up-to-date: /home/a/harurobo/install/wiimote_msgs/include/wiimote_msgs/wiimote_msgs/msg/timed_switch.h
[0.496s] -- Up-to-date: /home/a/harurobo/install/wiimote_msgs/include/wiimote_msgs/wiimote_msgs/msg/state.h
[0.496s] -- Up-to-date: /home/a/harurobo/install/wiimote_msgs/include/wiimote_msgs/wiimote_msgs/msg/detail
[0.496s] -- Up-to-date: /home/a/harurobo/install/wiimote_msgs/include/wiimote_msgs/wiimote_msgs/msg/detail/timed_switch__functions.h
[0.496s] -- Up-to-date: /home/a/harurobo/install/wiimote_msgs/include/wiimote_msgs/wiimote_msgs/msg/detail/state__functions.c
[0.496s] -- Up-to-date: /home/a/harurobo/install/wiimote_msgs/include/wiimote_msgs/wiimote_msgs/msg/detail/timed_switch__type_support.h
[0.496s] -- Up-to-date: /home/a/harurobo/install/wiimote_msgs/include/wiimote_msgs/wiimote_msgs/msg/detail/state__struct.h
[0.497s] -- Up-to-date: /home/a/harurobo/install/wiimote_msgs/include/wiimote_msgs/wiimote_msgs/msg/detail/ir_source_info__struct.h
[0.497s] -- Up-to-date: /home/a/harurobo/install/wiimote_msgs/include/wiimote_msgs/wiimote_msgs/msg/detail/ir_source_info__functions.h
[0.498s] -- Up-to-date: /home/a/harurobo/install/wiimote_msgs/include/wiimote_msgs/wiimote_msgs/msg/detail/timed_switch__functions.c
[0.498s] -- Up-to-date: /home/a/harurobo/install/wiimote_msgs/include/wiimote_msgs/wiimote_msgs/msg/detail/timed_switch__struct.h
[0.499s] -- Up-to-date: /home/a/harurobo/install/wiimote_msgs/include/wiimote_msgs/wiimote_msgs/msg/detail/ir_source_info__type_support.h
[0.499s] -- Up-to-date: /home/a/harurobo/install/wiimote_msgs/include/wiimote_msgs/wiimote_msgs/msg/detail/ir_source_info__functions.c
[0.500s] -- Up-to-date: /home/a/harurobo/install/wiimote_msgs/include/wiimote_msgs/wiimote_msgs/msg/detail/state__type_support.h
[0.500s] -- Up-to-date: /home/a/harurobo/install/wiimote_msgs/include/wiimote_msgs/wiimote_msgs/msg/detail/state__functions.h
[0.500s] -- Up-to-date: /home/a/harurobo/install/wiimote_msgs/include/wiimote_msgs/wiimote_msgs/msg/ir_source_info.h
[0.500s] -- Up-to-date: /home/a/harurobo/install/wiimote_msgs/include/wiimote_msgs/wiimote_msgs/msg/rosidl_generator_c__visibility_control.h
[0.500s] -- Up-to-date: /home/a/harurobo/install/wiimote_msgs/share/wiimote_msgs/environment/library_path.sh
[0.501s] -- Up-to-date: /home/a/harurobo/install/wiimote_msgs/share/wiimote_msgs/environment/library_path.dsv
[0.501s] -- Up-to-date: /home/a/harurobo/install/wiimote_msgs/lib/libwiimote_msgs__rosidl_generator_c.so
[0.501s] -- Up-to-date: /home/a/harurobo/install/wiimote_msgs/include/wiimote_msgs/wiimote_msgs
[0.502s] -- Up-to-date: /home/a/harurobo/install/wiimote_msgs/include/wiimote_msgs/wiimote_msgs/msg
[0.502s] -- Up-to-date: /home/a/harurobo/install/wiimote_msgs/include/wiimote_msgs/wiimote_msgs/msg/detail
[0.502s] -- Up-to-date: /home/a/harurobo/install/wiimote_msgs/include/wiimote_msgs/wiimote_msgs/msg/detail/timed_switch__rosidl_typesupport_fastrtps_c.h
[0.502s] -- Up-to-date: /home/a/harurobo/install/wiimote_msgs/include/wiimote_msgs/wiimote_msgs/msg/detail/ir_source_info__rosidl_typesupport_fastrtps_c.h
[0.502s] -- Up-to-date: /home/a/harurobo/install/wiimote_msgs/include/wiimote_msgs/wiimote_msgs/msg/detail/state__rosidl_typesupport_fastrtps_c.h
[0.502s] -- Up-to-date: /home/a/harurobo/install/wiimote_msgs/include/wiimote_msgs/wiimote_msgs/msg/rosidl_typesupport_fastrtps_c__visibility_control.h
[0.502s] -- Up-to-date: /home/a/harurobo/install/wiimote_msgs/lib/libwiimote_msgs__rosidl_typesupport_fastrtps_c.so
[0.502s] -- Up-to-date: /home/a/harurobo/install/wiimote_msgs/include/wiimote_msgs/wiimote_msgs
[0.502s] -- Up-to-date: /home/a/harurobo/install/wiimote_msgs/include/wiimote_msgs/wiimote_msgs/msg
[0.502s] -- Up-to-date: /home/a/harurobo/install/wiimote_msgs/include/wiimote_msgs/wiimote_msgs/msg/state.hpp
[0.503s] -- Up-to-date: /home/a/harurobo/install/wiimote_msgs/include/wiimote_msgs/wiimote_msgs/msg/ir_source_info.hpp
[0.503s] -- Up-to-date: /home/a/harurobo/install/wiimote_msgs/include/wiimote_msgs/wiimote_msgs/msg/timed_switch.hpp
[0.503s] -- Up-to-date: /home/a/harurobo/install/wiimote_msgs/include/wiimote_msgs/wiimote_msgs/msg/detail
[0.503s] -- Up-to-date: /home/a/harurobo/install/wiimote_msgs/include/wiimote_msgs/wiimote_msgs/msg/detail/timed_switch__struct.hpp
[0.503s] -- Up-to-date: /home/a/harurobo/install/wiimote_msgs/include/wiimote_msgs/wiimote_msgs/msg/detail/timed_switch__traits.hpp
[0.504s] -- Up-to-date: /home/a/harurobo/install/wiimote_msgs/include/wiimote_msgs/wiimote_msgs/msg/detail/ir_source_info__traits.hpp
[0.504s] -- Up-to-date: /home/a/harurobo/install/wiimote_msgs/include/wiimote_msgs/wiimote_msgs/msg/detail/ir_source_info__struct.hpp
[0.504s] -- Up-to-date: /home/a/harurobo/install/wiimote_msgs/include/wiimote_msgs/wiimote_msgs/msg/detail/state__struct.hpp
[0.504s] -- Up-to-date: /home/a/harurobo/install/wiimote_msgs/include/wiimote_msgs/wiimote_msgs/msg/detail/timed_switch__builder.hpp
[0.504s] -- Up-to-date: /home/a/harurobo/install/wiimote_msgs/include/wiimote_msgs/wiimote_msgs/msg/detail/state__builder.hpp
[0.504s] -- Up-to-date: /home/a/harurobo/install/wiimote_msgs/include/wiimote_msgs/wiimote_msgs/msg/detail/state__traits.hpp
[0.505s] -- Up-to-date: /home/a/harurobo/install/wiimote_msgs/include/wiimote_msgs/wiimote_msgs/msg/detail/ir_source_info__builder.hpp
[0.505s] -- Up-to-date: /home/a/harurobo/install/wiimote_msgs/include/wiimote_msgs/wiimote_msgs
[0.505s] -- Up-to-date: /home/a/harurobo/install/wiimote_msgs/include/wiimote_msgs/wiimote_msgs/msg
[0.505s] -- Up-to-date: /home/a/harurobo/install/wiimote_msgs/include/wiimote_msgs/wiimote_msgs/msg/rosidl_typesupport_fastrtps_cpp__visibility_control.h
[0.505s] -- Up-to-date: /home/a/harurobo/install/wiimote_msgs/include/wiimote_msgs/wiimote_msgs/msg/detail
[0.505s] -- Up-to-date: /home/a/harurobo/install/wiimote_msgs/include/wiimote_msgs/wiimote_msgs/msg/detail/ir_source_info__rosidl_typesupport_fastrtps_cpp.hpp
[0.505s] -- Up-to-date: /home/a/harurobo/install/wiimote_msgs/include/wiimote_msgs/wiimote_msgs/msg/detail/dds_fastrtps
[0.506s] -- Up-to-date: /home/a/harurobo/install/wiimote_msgs/include/wiimote_msgs/wiimote_msgs/msg/detail/timed_switch__rosidl_typesupport_fastrtps_cpp.hpp
[0.506s] -- Up-to-date: /home/a/harurobo/install/wiimote_msgs/include/wiimote_msgs/wiimote_msgs/msg/detail/state__rosidl_typesupport_fastrtps_cpp.hpp
[0.506s] -- Up-to-date: /home/a/harurobo/install/wiimote_msgs/lib/libwiimote_msgs__rosidl_typesupport_fastrtps_cpp.so
[0.506s] -- Up-to-date: /home/a/harurobo/install/wiimote_msgs/include/wiimote_msgs/wiimote_msgs
[0.506s] -- Up-to-date: /home/a/harurobo/install/wiimote_msgs/include/wiimote_msgs/wiimote_msgs/msg
[0.507s] -- Up-to-date: /home/a/harurobo/install/wiimote_msgs/include/wiimote_msgs/wiimote_msgs/msg/rosidl_typesupport_introspection_c__visibility_control.h
[0.507s] -- Up-to-date: /home/a/harurobo/install/wiimote_msgs/include/wiimote_msgs/wiimote_msgs/msg/detail
[0.507s] -- Up-to-date: /home/a/harurobo/install/wiimote_msgs/include/wiimote_msgs/wiimote_msgs/msg/detail/state__rosidl_typesupport_introspection_c.h
[0.507s] -- Up-to-date: /home/a/harurobo/install/wiimote_msgs/include/wiimote_msgs/wiimote_msgs/msg/detail/timed_switch__type_support.c
[0.507s] -- Up-to-date: /home/a/harurobo/install/wiimote_msgs/include/wiimote_msgs/wiimote_msgs/msg/detail/ir_source_info__type_support.c
[0.507s] -- Up-to-date: /home/a/harurobo/install/wiimote_msgs/include/wiimote_msgs/wiimote_msgs/msg/detail/state__type_support.c
[0.507s] -- Up-to-date: /home/a/harurobo/install/wiimote_msgs/include/wiimote_msgs/wiimote_msgs/msg/detail/timed_switch__rosidl_typesupport_introspection_c.h
[0.507s] -- Up-to-date: /home/a/harurobo/install/wiimote_msgs/include/wiimote_msgs/wiimote_msgs/msg/detail/ir_source_info__rosidl_typesupport_introspection_c.h
[0.508s] -- Up-to-date: /home/a/harurobo/install/wiimote_msgs/lib/libwiimote_msgs__rosidl_typesupport_introspection_c.so
[0.508s] -- Up-to-date: /home/a/harurobo/install/wiimote_msgs/lib/libwiimote_msgs__rosidl_typesupport_c.so
[0.508s] -- Up-to-date: /home/a/harurobo/install/wiimote_msgs/include/wiimote_msgs/wiimote_msgs
[0.508s] -- Up-to-date: /home/a/harurobo/install/wiimote_msgs/include/wiimote_msgs/wiimote_msgs/msg
[0.508s] -- Up-to-date: /home/a/harurobo/install/wiimote_msgs/include/wiimote_msgs/wiimote_msgs/msg/detail
[0.508s] -- Up-to-date: /home/a/harurobo/install/wiimote_msgs/include/wiimote_msgs/wiimote_msgs/msg/detail/timed_switch__rosidl_typesupport_introspection_cpp.hpp
[0.508s] -- Up-to-date: /home/a/harurobo/install/wiimote_msgs/include/wiimote_msgs/wiimote_msgs/msg/detail/state__type_support.cpp
[0.508s] -- Up-to-date: /home/a/harurobo/install/wiimote_msgs/include/wiimote_msgs/wiimote_msgs/msg/detail/state__rosidl_typesupport_introspection_cpp.hpp
[0.508s] -- Up-to-date: /home/a/harurobo/install/wiimote_msgs/include/wiimote_msgs/wiimote_msgs/msg/detail/timed_switch__type_support.cpp
[0.508s] -- Up-to-date: /home/a/harurobo/install/wiimote_msgs/include/wiimote_msgs/wiimote_msgs/msg/detail/ir_source_info__type_support.cpp
[0.508s] -- Up-to-date: /home/a/harurobo/install/wiimote_msgs/include/wiimote_msgs/wiimote_msgs/msg/detail/ir_source_info__rosidl_typesupport_introspection_cpp.hpp
[0.508s] -- Up-to-date: /home/a/harurobo/install/wiimote_msgs/lib/libwiimote_msgs__rosidl_typesupport_introspection_cpp.so
[0.508s] -- Up-to-date: /home/a/harurobo/install/wiimote_msgs/lib/libwiimote_msgs__rosidl_typesupport_cpp.so
[0.508s] -- Up-to-date: /home/a/harurobo/install/wiimote_msgs/share/wiimote_msgs/environment/pythonpath.sh
[0.508s] -- Up-to-date: /home/a/harurobo/install/wiimote_msgs/share/wiimote_msgs/environment/pythonpath.dsv
[0.508s] -- Up-to-date: /home/a/harurobo/install/wiimote_msgs/local/lib/python3.10/dist-packages/wiimote_msgs-3.3.0-py3.10.egg-info
[0.508s] -- Installing: /home/a/harurobo/install/wiimote_msgs/local/lib/python3.10/dist-packages/wiimote_msgs-3.3.0-py3.10.egg-info/PKG-INFO
[0.508s] -- Installing: /home/a/harurobo/install/wiimote_msgs/local/lib/python3.10/dist-packages/wiimote_msgs-3.3.0-py3.10.egg-info/top_level.txt
[0.508s] -- Installing: /home/a/harurobo/install/wiimote_msgs/local/lib/python3.10/dist-packages/wiimote_msgs-3.3.0-py3.10.egg-info/dependency_links.txt
[0.508s] -- Installing: /home/a/harurobo/install/wiimote_msgs/local/lib/python3.10/dist-packages/wiimote_msgs-3.3.0-py3.10.egg-info/SOURCES.txt
[0.508s] -- Up-to-date: /home/a/harurobo/install/wiimote_msgs/local/lib/python3.10/dist-packages/wiimote_msgs
[0.508s] -- Up-to-date: /home/a/harurobo/install/wiimote_msgs/local/lib/python3.10/dist-packages/wiimote_msgs/__init__.py
[0.509s] -- Up-to-date: /home/a/harurobo/install/wiimote_msgs/local/lib/python3.10/dist-packages/wiimote_msgs/msg
[0.509s] -- Up-to-date: /home/a/harurobo/install/wiimote_msgs/local/lib/python3.10/dist-packages/wiimote_msgs/msg/_timed_switch_s.c
[0.509s] -- Up-to-date: /home/a/harurobo/install/wiimote_msgs/local/lib/python3.10/dist-packages/wiimote_msgs/msg/__init__.py
[0.509s] -- Up-to-date: /home/a/harurobo/install/wiimote_msgs/local/lib/python3.10/dist-packages/wiimote_msgs/msg/_state.py
[0.509s] -- Up-to-date: /home/a/harurobo/install/wiimote_msgs/local/lib/python3.10/dist-packages/wiimote_msgs/msg/_state_s.c
[0.509s] -- Up-to-date: /home/a/harurobo/install/wiimote_msgs/local/lib/python3.10/dist-packages/wiimote_msgs/msg/_ir_source_info_s.c
[0.509s] -- Up-to-date: /home/a/harurobo/install/wiimote_msgs/local/lib/python3.10/dist-packages/wiimote_msgs/msg/_ir_source_info.py
[0.509s] -- Up-to-date: /home/a/harurobo/install/wiimote_msgs/local/lib/python3.10/dist-packages/wiimote_msgs/msg/_timed_switch.py
[0.509s] -- Up-to-date: /home/a/harurobo/install/wiimote_msgs/local/lib/python3.10/dist-packages/wiimote_msgs/libwiimote_msgs__rosidl_generator_py.so
[0.509s] -- Up-to-date: /home/a/harurobo/install/wiimote_msgs/local/lib/python3.10/dist-packages/wiimote_msgs/wiimote_msgs_s__rosidl_typesupport_introspection_c.cpython-310-aarch64-linux-gnu.so
[0.509s] -- Up-to-date: /home/a/harurobo/install/wiimote_msgs/local/lib/python3.10/dist-packages/wiimote_msgs/_wiimote_msgs_s.ep.rosidl_typesupport_fastrtps_c.c
[0.509s] -- Up-to-date: /home/a/harurobo/install/wiimote_msgs/local/lib/python3.10/dist-packages/wiimote_msgs/_wiimote_msgs_s.ep.rosidl_typesupport_c.c
[0.509s] -- Up-to-date: /home/a/harurobo/install/wiimote_msgs/local/lib/python3.10/dist-packages/wiimote_msgs/wiimote_msgs_s__rosidl_typesupport_fastrtps_c.cpython-310-aarch64-linux-gnu.so
[0.509s] -- Up-to-date: /home/a/harurobo/install/wiimote_msgs/local/lib/python3.10/dist-packages/wiimote_msgs/wiimote_msgs_s__rosidl_typesupport_c.cpython-310-aarch64-linux-gnu.so
[0.509s] -- Up-to-date: /home/a/harurobo/install/wiimote_msgs/local/lib/python3.10/dist-packages/wiimote_msgs/_wiimote_msgs_s.ep.rosidl_typesupport_introspection_c.c
[0.551s] Listing '/home/a/harurobo/install/wiimote_msgs/local/lib/python3.10/dist-packages/wiimote_msgs'...
[0.551s] Listing '/home/a/harurobo/install/wiimote_msgs/local/lib/python3.10/dist-packages/wiimote_msgs/msg'...
[0.552s] -- Up-to-date: /home/a/harurobo/install/wiimote_msgs/local/lib/python3.10/dist-packages/wiimote_msgs/wiimote_msgs_s__rosidl_typesupport_fastrtps_c.cpython-310-aarch64-linux-gnu.so
[0.552s] -- Up-to-date: /home/a/harurobo/install/wiimote_msgs/local/lib/python3.10/dist-packages/wiimote_msgs/wiimote_msgs_s__rosidl_typesupport_introspection_c.cpython-310-aarch64-linux-gnu.so
[0.552s] -- Up-to-date: /home/a/harurobo/install/wiimote_msgs/local/lib/python3.10/dist-packages/wiimote_msgs/wiimote_msgs_s__rosidl_typesupport_c.cpython-310-aarch64-linux-gnu.so
[0.557s] -- Up-to-date: /home/a/harurobo/install/wiimote_msgs/lib/libwiimote_msgs__rosidl_generator_py.so
[0.557s] -- Up-to-date: /home/a/harurobo/install/wiimote_msgs/share/wiimote_msgs/msg/IrSourceInfo.idl
[0.557s] -- Up-to-date: /home/a/harurobo/install/wiimote_msgs/share/wiimote_msgs/msg/State.idl
[0.557s] -- Up-to-date: /home/a/harurobo/install/wiimote_msgs/share/wiimote_msgs/msg/TimedSwitch.idl
[0.557s] -- Up-to-date: /home/a/harurobo/install/wiimote_msgs/share/wiimote_msgs/msg/IrSourceInfo.msg
[0.557s] -- Up-to-date: /home/a/harurobo/install/wiimote_msgs/share/wiimote_msgs/msg/State.msg
[0.557s] -- Up-to-date: /home/a/harurobo/install/wiimote_msgs/share/wiimote_msgs/msg/TimedSwitch.msg
[0.557s] -- Up-to-date: /home/a/harurobo/install/wiimote_msgs/share/ament_index/resource_index/package_run_dependencies/wiimote_msgs
[0.557s] -- Up-to-date: /home/a/harurobo/install/wiimote_msgs/share/ament_index/resource_index/parent_prefix_path/wiimote_msgs
[0.557s] -- Up-to-date: /home/a/harurobo/install/wiimote_msgs/share/wiimote_msgs/environment/ament_prefix_path.sh
[0.557s] -- Up-to-date: /home/a/harurobo/install/wiimote_msgs/share/wiimote_msgs/environment/ament_prefix_path.dsv
[0.558s] -- Up-to-date: /home/a/harurobo/install/wiimote_msgs/share/wiimote_msgs/environment/path.sh
[0.558s] -- Up-to-date: /home/a/harurobo/install/wiimote_msgs/share/wiimote_msgs/environment/path.dsv
[0.559s] -- Up-to-date: /home/a/harurobo/install/wiimote_msgs/share/wiimote_msgs/local_setup.bash
[0.559s] -- Up-to-date: /home/a/harurobo/install/wiimote_msgs/share/wiimote_msgs/local_setup.sh
[0.559s] -- Up-to-date: /home/a/harurobo/install/wiimote_msgs/share/wiimote_msgs/local_setup.zsh
[0.559s] -- Up-to-date: /home/a/harurobo/install/wiimote_msgs/share/wiimote_msgs/local_setup.dsv
[0.559s] -- Installing: /home/a/harurobo/install/wiimote_msgs/share/wiimote_msgs/package.dsv
[0.559s] -- Up-to-date: /home/a/harurobo/install/wiimote_msgs/share/ament_index/resource_index/packages/wiimote_msgs
[0.560s] -- Up-to-date: /home/a/harurobo/install/wiimote_msgs/share/wiimote_msgs/cmake/export_wiimote_msgs__rosidl_generator_cExport.cmake
[0.560s] -- Up-to-date: /home/a/harurobo/install/wiimote_msgs/share/wiimote_msgs/cmake/export_wiimote_msgs__rosidl_generator_cExport-noconfig.cmake
[0.560s] -- Up-to-date: /home/a/harurobo/install/wiimote_msgs/share/wiimote_msgs/cmake/export_wiimote_msgs__rosidl_typesupport_fastrtps_cExport.cmake
[0.560s] -- Up-to-date: /home/a/harurobo/install/wiimote_msgs/share/wiimote_msgs/cmake/export_wiimote_msgs__rosidl_typesupport_fastrtps_cExport-noconfig.cmake
[0.560s] -- Up-to-date: /home/a/harurobo/install/wiimote_msgs/share/wiimote_msgs/cmake/export_wiimote_msgs__rosidl_generator_cppExport.cmake
[0.560s] -- Up-to-date: /home/a/harurobo/install/wiimote_msgs/share/wiimote_msgs/cmake/export_wiimote_msgs__rosidl_typesupport_fastrtps_cppExport.cmake
[0.560s] -- Up-to-date: /home/a/harurobo/install/wiimote_msgs/share/wiimote_msgs/cmake/export_wiimote_msgs__rosidl_typesupport_fastrtps_cppExport-noconfig.cmake
[0.560s] -- Up-to-date: /home/a/harurobo/install/wiimote_msgs/share/wiimote_msgs/cmake/wiimote_msgs__rosidl_typesupport_introspection_cExport.cmake
[0.560s] -- Up-to-date: /home/a/harurobo/install/wiimote_msgs/share/wiimote_msgs/cmake/wiimote_msgs__rosidl_typesupport_introspection_cExport-noconfig.cmake
[0.560s] -- Up-to-date: /home/a/harurobo/install/wiimote_msgs/share/wiimote_msgs/cmake/wiimote_msgs__rosidl_typesupport_cExport.cmake
[0.560s] -- Up-to-date: /home/a/harurobo/install/wiimote_msgs/share/wiimote_msgs/cmake/wiimote_msgs__rosidl_typesupport_cExport-noconfig.cmake
[0.560s] -- Up-to-date: /home/a/harurobo/install/wiimote_msgs/share/wiimote_msgs/cmake/wiimote_msgs__rosidl_typesupport_introspection_cppExport.cmake
[0.560s] -- Up-to-date: /home/a/harurobo/install/wiimote_msgs/share/wiimote_msgs/cmake/wiimote_msgs__rosidl_typesupport_introspection_cppExport-noconfig.cmake
[0.560s] -- Up-to-date: /home/a/harurobo/install/wiimote_msgs/share/wiimote_msgs/cmake/wiimote_msgs__rosidl_typesupport_cppExport.cmake
[0.560s] -- Up-to-date: /home/a/harurobo/install/wiimote_msgs/share/wiimote_msgs/cmake/wiimote_msgs__rosidl_typesupport_cppExport-noconfig.cmake
[0.560s] -- Up-to-date: /home/a/harurobo/install/wiimote_msgs/share/wiimote_msgs/cmake/export_wiimote_msgs__rosidl_generator_pyExport.cmake
[0.561s] -- Up-to-date: /home/a/harurobo/install/wiimote_msgs/share/wiimote_msgs/cmake/export_wiimote_msgs__rosidl_generator_pyExport-noconfig.cmake
[0.561s] -- Up-to-date: /home/a/harurobo/install/wiimote_msgs/share/wiimote_msgs/cmake/rosidl_cmake-extras.cmake
[0.561s] -- Up-to-date: /home/a/harurobo/install/wiimote_msgs/share/wiimote_msgs/cmake/ament_cmake_export_dependencies-extras.cmake
[0.561s] -- Up-to-date: /home/a/harurobo/install/wiimote_msgs/share/wiimote_msgs/cmake/ament_cmake_export_include_directories-extras.cmake
[0.561s] -- Up-to-date: /home/a/harurobo/install/wiimote_msgs/share/wiimote_msgs/cmake/ament_cmake_export_libraries-extras.cmake
[0.561s] -- Up-to-date: /home/a/harurobo/install/wiimote_msgs/share/wiimote_msgs/cmake/ament_cmake_export_targets-extras.cmake
[0.561s] -- Up-to-date: /home/a/harurobo/install/wiimote_msgs/share/wiimote_msgs/cmake/rosidl_cmake_export_typesupport_targets-extras.cmake
[0.561s] -- Up-to-date: /home/a/harurobo/install/wiimote_msgs/share/wiimote_msgs/cmake/rosidl_cmake_export_typesupport_libraries-extras.cmake
[0.561s] -- Up-to-date: /home/a/harurobo/install/wiimote_msgs/share/wiimote_msgs/cmake/wiimote_msgsConfig.cmake
[0.561s] -- Up-to-date: /home/a/harurobo/install/wiimote_msgs/share/wiimote_msgs/cmake/wiimote_msgsConfig-version.cmake
[0.561s] -- Up-to-date: /home/a/harurobo/install/wiimote_msgs/share/wiimote_msgs/package.xml
[0.583s] Invoked command in '/home/a/harurobo/build/wiimote_msgs' returned '0': CMAKE_PREFIX_PATH=${CMAKE_PREFIX_PATH}:/home/a/ros2_ws/install/py_pubsub:/home/a/ros2_ws/install/launch_testing_examples:/home/a/ros2_ws/install/examples_rclpy_pointcloud_publisher:/home/a/ros2_ws/install/examples_rclpy_minimal_subscriber:/home/a/ros2_ws/install/examples_rclpy_minimal_service:/home/a/ros2_ws/install/examples_rclpy_minimal_publisher:/home/a/ros2_ws/install/examples_rclpy_minimal_client:/home/a/ros2_ws/install/examples_rclpy_minimal_action_server:/home/a/ros2_ws/install/examples_rclpy_minimal_action_client:/home/a/ros2_ws/install/examples_rclpy_guard_conditions:/home/a/ros2_ws/install/examples_rclpy_executors:/opt/ros/humble /usr/bin/cmake --install /home/a/harurobo/build/wiimote_msgs
