[0.776s] Invoking command in '/home/a/harurobo/src/joy_sub': PYTHONPATH=/home/a/harurobo/build/joy_sub/prefix_override:/usr/lib/python3/dist-packages/colcon_core/task/python/colcon_distutils_commands:/home/a/harurobo/install/joy_sub/lib/python3.10/site-packages:${PYTHONPATH} /usr/bin/python3 -W ignore:setup.py install is deprecated -W ignore:easy_install command is deprecated setup.py egg_info --egg-base ../../build/joy_sub build --build-base /home/a/harurobo/build/joy_sub/build install --record /home/a/harurobo/build/joy_sub/install.log --single-version-externally-managed install_data
[0.937s] running egg_info
[0.938s] writing ../../build/joy_sub/joy_sub.egg-info/PKG-INFO
[0.938s] writing dependency_links to ../../build/joy_sub/joy_sub.egg-info/dependency_links.txt
[0.938s] writing entry points to ../../build/joy_sub/joy_sub.egg-info/entry_points.txt
[0.938s] writing requirements to ../../build/joy_sub/joy_sub.egg-info/requires.txt
[0.938s] writing top-level names to ../../build/joy_sub/joy_sub.egg-info/top_level.txt
[0.939s] reading manifest file '../../build/joy_sub/joy_sub.egg-info/SOURCES.txt'
[0.939s] writing manifest file '../../build/joy_sub/joy_sub.egg-info/SOURCES.txt'
[0.939s] running build
[0.940s] running build_py
[0.940s] running install
[0.940s] running install_lib
[0.940s] running install_data
[0.941s] running install_egg_info
[0.942s] removing '/home/a/harurobo/install/joy_sub/lib/python3.10/site-packages/joy_sub-0.0.0-py3.10.egg-info' (and everything under it)
[0.942s] Copying ../../build/joy_sub/joy_sub.egg-info to /home/a/harurobo/install/joy_sub/lib/python3.10/site-packages/joy_sub-0.0.0-py3.10.egg-info
[0.942s] running install_scripts
[0.953s] Installing joy_sub script to /home/a/harurobo/install/joy_sub/lib/joy_sub
[0.953s] writing list of installed files to '/home/a/harurobo/build/joy_sub/install.log'
[0.972s] Invoked command in '/home/a/harurobo/src/joy_sub' returned '0': PYTHONPATH=/home/a/harurobo/build/joy_sub/prefix_override:/usr/lib/python3/dist-packages/colcon_core/task/python/colcon_distutils_commands:/home/a/harurobo/install/joy_sub/lib/python3.10/site-packages:${PYTHONPATH} /usr/bin/python3 -W ignore:setup.py install is deprecated -W ignore:easy_install command is deprecated setup.py egg_info --egg-base ../../build/joy_sub build --build-base /home/a/harurobo/build/joy_sub/build install --record /home/a/harurobo/build/joy_sub/install.log --single-version-externally-managed install_data
