running egg_info
creating ../../build/od_ros/od_ros.egg-info
writing ../../build/od_ros/od_ros.egg-info/PKG-INFO
writing dependency_links to ../../build/od_ros/od_ros.egg-info/dependency_links.txt
writing entry points to ../../build/od_ros/od_ros.egg-info/entry_points.txt
writing requirements to ../../build/od_ros/od_ros.egg-info/requires.txt
writing top-level names to ../../build/od_ros/od_ros.egg-info/top_level.txt
writing manifest file '../../build/od_ros/od_ros.egg-info/SOURCES.txt'
reading manifest file '../../build/od_ros/od_ros.egg-info/SOURCES.txt'
adding license file 'LICENSE'
writing manifest file '../../build/od_ros/od_ros.egg-info/SOURCES.txt'
running build
running build_py
creating /home/a/harurobo/build/od_ros/build
creating /home/a/harurobo/build/od_ros/build/lib
creating /home/a/harurobo/build/od_ros/build/lib/od_ros
copying od_ros/__init__.py -> /home/a/harurobo/build/od_ros/build/lib/od_ros
copying od_ros/od.py -> /home/a/harurobo/build/od_ros/build/lib/od_ros
running install
running install_lib
creating /home/a/harurobo/install/od_ros/lib/python3.10/site-packages/od_ros
copying /home/a/harurobo/build/od_ros/build/lib/od_ros/__init__.py -> /home/a/harurobo/install/od_ros/lib/python3.10/site-packages/od_ros
copying /home/a/harurobo/build/od_ros/build/lib/od_ros/od.py -> /home/a/harurobo/install/od_ros/lib/python3.10/site-packages/od_ros
byte-compiling /home/a/harurobo/install/od_ros/lib/python3.10/site-packages/od_ros/__init__.py to __init__.cpython-310.pyc
byte-compiling /home/a/harurobo/install/od_ros/lib/python3.10/site-packages/od_ros/od.py to od.cpython-310.pyc
running install_data
creating /home/a/harurobo/install/od_ros/share/ament_index
creating /home/a/harurobo/install/od_ros/share/ament_index/resource_index
creating /home/a/harurobo/install/od_ros/share/ament_index/resource_index/packages
copying resource/od_ros -> /home/a/harurobo/install/od_ros/share/ament_index/resource_index/packages
copying package.xml -> /home/a/harurobo/install/od_ros/share/od_ros
running install_egg_info
Copying ../../build/od_ros/od_ros.egg-info to /home/a/harurobo/install/od_ros/lib/python3.10/site-packages/od_ros-0.0.0-py3.10.egg-info
running install_scripts
Installing od script to /home/a/harurobo/install/od_ros/lib/od_ros
writing list of installed files to '/home/a/harurobo/build/od_ros/install.log'
