[0.876s] Invoking command in '/home/a/harurobo/src/haru_odrive': PYTHONPATH=/home/a/harurobo/build/od_ros/prefix_override:/usr/lib/python3/dist-packages/colcon_core/task/python/colcon_distutils_commands:/home/a/harurobo/install/od_ros/lib/python3.10/site-packages:${PYTHONPATH} /usr/bin/python3 -W ignore:setup.py install is deprecated -W ignore:easy_install command is deprecated setup.py egg_info --egg-base ../../build/od_ros build --build-base /home/a/harurobo/build/od_ros/build install --record /home/a/harurobo/build/od_ros/install.log --single-version-externally-managed install_data
[1.086s] running egg_info
[1.087s] creating ../../build/od_ros/od_ros.egg-info
[1.087s] writing ../../build/od_ros/od_ros.egg-info/PKG-INFO
[1.087s] writing dependency_links to ../../build/od_ros/od_ros.egg-info/dependency_links.txt
[1.087s] writing entry points to ../../build/od_ros/od_ros.egg-info/entry_points.txt
[1.087s] writing requirements to ../../build/od_ros/od_ros.egg-info/requires.txt
[1.087s] writing top-level names to ../../build/od_ros/od_ros.egg-info/top_level.txt
[1.088s] writing manifest file '../../build/od_ros/od_ros.egg-info/SOURCES.txt'
[1.089s] reading manifest file '../../build/od_ros/od_ros.egg-info/SOURCES.txt'
[1.089s] adding license file 'LICENSE'
[1.089s] writing manifest file '../../build/od_ros/od_ros.egg-info/SOURCES.txt'
[1.089s] running build
[1.090s] running build_py
[1.090s] creating /home/a/harurobo/build/od_ros/build
[1.090s] creating /home/a/harurobo/build/od_ros/build/lib
[1.090s] creating /home/a/harurobo/build/od_ros/build/lib/od_ros
[1.090s] copying od_ros/__init__.py -> /home/a/harurobo/build/od_ros/build/lib/od_ros
[1.090s] copying od_ros/od.py -> /home/a/harurobo/build/od_ros/build/lib/od_ros
[1.090s] running install
[1.090s] running install_lib
[1.091s] creating /home/a/harurobo/install/od_ros/lib/python3.10/site-packages/od_ros
[1.091s] copying /home/a/harurobo/build/od_ros/build/lib/od_ros/__init__.py -> /home/a/harurobo/install/od_ros/lib/python3.10/site-packages/od_ros
[1.091s] copying /home/a/harurobo/build/od_ros/build/lib/od_ros/od.py -> /home/a/harurobo/install/od_ros/lib/python3.10/site-packages/od_ros
[1.091s] byte-compiling /home/a/harurobo/install/od_ros/lib/python3.10/site-packages/od_ros/__init__.py to __init__.cpython-310.pyc
[1.092s] byte-compiling /home/a/harurobo/install/od_ros/lib/python3.10/site-packages/od_ros/od.py to od.cpython-310.pyc
[1.092s] running install_data
[1.092s] creating /home/a/harurobo/install/od_ros/share/ament_index
[1.093s] creating /home/a/harurobo/install/od_ros/share/ament_index/resource_index
[1.093s] creating /home/a/harurobo/install/od_ros/share/ament_index/resource_index/packages
[1.093s] copying resource/od_ros -> /home/a/harurobo/install/od_ros/share/ament_index/resource_index/packages
[1.093s] copying package.xml -> /home/a/harurobo/install/od_ros/share/od_ros
[1.093s] running install_egg_info
[1.094s] Copying ../../build/od_ros/od_ros.egg-info to /home/a/harurobo/install/od_ros/lib/python3.10/site-packages/od_ros-0.0.0-py3.10.egg-info
[1.095s] running install_scripts
[1.113s] Installing od script to /home/a/harurobo/install/od_ros/lib/od_ros
[1.113s] writing list of installed files to '/home/a/harurobo/build/od_ros/install.log'
[1.138s] Invoked command in '/home/a/harurobo/src/haru_odrive' returned '0': PYTHONPATH=/home/a/harurobo/build/od_ros/prefix_override:/usr/lib/python3/dist-packages/colcon_core/task/python/colcon_distutils_commands:/home/a/harurobo/install/od_ros/lib/python3.10/site-packages:${PYTHONPATH} /usr/bin/python3 -W ignore:setup.py install is deprecated -W ignore:easy_install command is deprecated setup.py egg_info --egg-base ../../build/od_ros build --build-base /home/a/harurobo/build/od_ros/build install --record /home/a/harurobo/build/od_ros/install.log --single-version-externally-managed install_data
