[0.358s] Invoking command in '/home/a/harurobo/build/joy_sub': PYTHONPATH=/home/a/harurobo/build/joy_sub/prefix_override:/usr/lib/python3/dist-packages/colcon_core/task/python/colcon_distutils_commands:/home/a/harurobo/install/joy_sub/lib/python3.10/site-packages:${PYTHONPATH} /usr/bin/python3 -W ignore:setup.py install is deprecated -W ignore:easy_install command is deprecated setup.py develop --uninstall --editable --build-directory /home/a/harurobo/build/joy_sub/build
[0.496s] running develop
[0.588s] Removing /home/a/harurobo/install/joy_sub/lib/python3.10/site-packages/joy-sub.egg-link (link to .)
[0.602s] Invoked command in '/home/a/harurobo/build/joy_sub' returned '0': PYTHONPATH=/home/a/harurobo/build/joy_sub/prefix_override:/usr/lib/python3/dist-packages/colcon_core/task/python/colcon_distutils_commands:/home/a/harurobo/install/joy_sub/lib/python3.10/site-packages:${PYTHONPATH} /usr/bin/python3 -W ignore:setup.py install is deprecated -W ignore:easy_install command is deprecated setup.py develop --uninstall --editable --build-directory /home/a/harurobo/build/joy_sub/build
[0.604s] Invoking command in '/home/a/harurobo/src/joy_sub': PYTHONPATH=/home/a/harurobo/build/joy_sub/prefix_override:/usr/lib/python3/dist-packages/colcon_core/task/python/colcon_distutils_commands:/home/a/harurobo/install/joy_sub/lib/python3.10/site-packages:${PYTHONPATH} /usr/bin/python3 -W ignore:setup.py install is deprecated -W ignore:easy_install command is deprecated setup.py egg_info --egg-base ../../build/joy_sub build --build-base /home/a/harurobo/build/joy_sub/build install --record /home/a/harurobo/build/joy_sub/install.log --single-version-externally-managed install_data --force
[0.727s] running egg_info
[0.728s] writing ../../build/joy_sub/joy_sub.egg-info/PKG-INFO
[0.728s] writing dependency_links to ../../build/joy_sub/joy_sub.egg-info/dependency_links.txt
[0.728s] writing entry points to ../../build/joy_sub/joy_sub.egg-info/entry_points.txt
[0.728s] writing requirements to ../../build/joy_sub/joy_sub.egg-info/requires.txt
[0.728s] writing top-level names to ../../build/joy_sub/joy_sub.egg-info/top_level.txt
[0.729s] reading manifest file '../../build/joy_sub/joy_sub.egg-info/SOURCES.txt'
[0.730s] writing manifest file '../../build/joy_sub/joy_sub.egg-info/SOURCES.txt'
[0.730s] running build
[0.730s] running build_py
[0.730s] creating /home/a/harurobo/build/joy_sub/build
[0.730s] creating /home/a/harurobo/build/joy_sub/build/lib
[0.730s] creating /home/a/harurobo/build/joy_sub/build/lib/joy_sub
[0.730s] copying joy_sub/__init__.py -> /home/a/harurobo/build/joy_sub/build/lib/joy_sub
[0.730s] copying joy_sub/joy_sub.py -> /home/a/harurobo/build/joy_sub/build/lib/joy_sub
[0.730s] running install
[0.731s] running install_lib
[0.731s] creating /home/a/harurobo/install/joy_sub/lib/python3.10/site-packages/joy_sub
[0.731s] copying /home/a/harurobo/build/joy_sub/build/lib/joy_sub/__init__.py -> /home/a/harurobo/install/joy_sub/lib/python3.10/site-packages/joy_sub
[0.731s] copying /home/a/harurobo/build/joy_sub/build/lib/joy_sub/joy_sub.py -> /home/a/harurobo/install/joy_sub/lib/python3.10/site-packages/joy_sub
[0.731s] byte-compiling /home/a/harurobo/install/joy_sub/lib/python3.10/site-packages/joy_sub/__init__.py to __init__.cpython-310.pyc
[0.732s] byte-compiling /home/a/harurobo/install/joy_sub/lib/python3.10/site-packages/joy_sub/joy_sub.py to joy_sub.cpython-310.pyc
[0.732s]   File "/home/a/harurobo/install/joy_sub/lib/python3.10/site-packages/joy_sub/joy_sub.py", line 16
[0.732s]     def listener_callback(self,msg)    
[0.732s]                                        ^
[0.732s] SyntaxError: expected ':'
[0.732s] 
[0.732s] running install_data
[0.732s] copying resource/joy_sub -> /home/a/harurobo/install/joy_sub/share/ament_index/resource_index/packages
[0.732s] copying package.xml -> /home/a/harurobo/install/joy_sub/share/joy_sub
[0.732s] running install_egg_info
[0.734s] Copying ../../build/joy_sub/joy_sub.egg-info to /home/a/harurobo/install/joy_sub/lib/python3.10/site-packages/joy_sub-0.0.0-py3.10.egg-info
[0.734s] running install_scripts
[0.747s] Installing joy_sub script to /home/a/harurobo/install/joy_sub/lib/joy_sub
[0.747s] writing list of installed files to '/home/a/harurobo/build/joy_sub/install.log'
[0.760s] Invoked command in '/home/a/harurobo/src/joy_sub' returned '0': PYTHONPATH=/home/a/harurobo/build/joy_sub/prefix_override:/usr/lib/python3/dist-packages/colcon_core/task/python/colcon_distutils_commands:/home/a/harurobo/install/joy_sub/lib/python3.10/site-packages:${PYTHONPATH} /usr/bin/python3 -W ignore:setup.py install is deprecated -W ignore:easy_install command is deprecated setup.py egg_info --egg-base ../../build/joy_sub build --build-base /home/a/harurobo/build/joy_sub/build install --record /home/a/harurobo/build/joy_sub/install.log --single-version-externally-managed install_data --force
