[0.015s] Invoking command in '/home/a/harurobo/build/joy': CMAKE_PREFIX_PATH=/home/a/harurobo/install/sdl2_vendor:/home/a/harurobo/install/wiimote:/home/a/harurobo/install/wiimote_msgs:/home/a/harurobo/install/spacenav:/home/a/harurobo/install/diagnostics:/home/a/harurobo/install/self_test:/home/a/harurobo/install/joy:/home/a/harurobo/install/joy_linux:/home/a/harurobo/install/diagnostic_common_diagnostics:/home/a/harurobo/install/diagnostic_updater:/home/a/harurobo/install/diagnostic_aggregator:/home/a/ros2_ws/install/turtlesim:/home/a/ros2_ws/install/my_package:/home/a/ros2_ws/install/examples_rclcpp_wait_set:/home/a/ros2_ws/install/examples_rclcpp_multithreaded_executor:/home/a/ros2_ws/install/examples_rclcpp_minimal_timer:/home/a/ros2_ws/install/examples_rclcpp_minimal_subscriber:/home/a/ros2_ws/install/examples_rclcpp_minimal_service:/home/a/ros2_ws/install/examples_rclcpp_minimal_publisher:/home/a/ros2_ws/install/examples_rclcpp_minimal_composition:/home/a/ros2_ws/install/examples_rclcpp_minimal_client:/home/a/ros2_ws/install/examples_rclcpp_minimal_action_server:/home/a/ros2_ws/install/examples_rclcpp_minimal_action_client:/home/a/ros2_ws/install/examples_rclcpp_cbg_executor:/home/a/ros2_ws/install/examples_rclcpp_async_client:/home/a/ros2_ws/install/py_pubsub:/home/a/ros2_ws/install/launch_testing_examples:/home/a/ros2_ws/install/examples_rclpy_pointcloud_publisher:/home/a/ros2_ws/install/examples_rclpy_minimal_subscriber:/home/a/ros2_ws/install/examples_rclpy_minimal_service:/home/a/ros2_ws/install/examples_rclpy_minimal_publisher:/home/a/ros2_ws/install/examples_rclpy_minimal_client:/home/a/ros2_ws/install/examples_rclpy_minimal_action_server:/home/a/ros2_ws/install/examples_rclpy_minimal_action_client:/home/a/ros2_ws/install/examples_rclpy_guard_conditions:/home/a/ros2_ws/install/examples_rclpy_executors:/opt/ros/humble /usr/bin/cmake --build /home/a/harurobo/build/joy -- -j6 -l6
[0.060s] [ 10%] [32mBuilding CXX object CMakeFiles/joy.dir/src/joy.cpp.o[0m
[0.068s] [ 30%] Built target game_controller_node
[0.069s] [ 50%] Built target joy_node
[0.075s] [ 70%] Built target joy_enumerate_devices
[0.091s] [ 90%] Built target game_controller
[3.610s] [100%] [32m[1mLinking CXX shared library libjoy.so[0m
[3.820s] [100%] Built target joy
[3.823s] Invoked command in '/home/a/harurobo/build/joy' returned '0': CMAKE_PREFIX_PATH=/home/a/harurobo/install/sdl2_vendor:/home/a/harurobo/install/wiimote:/home/a/harurobo/install/wiimote_msgs:/home/a/harurobo/install/spacenav:/home/a/harurobo/install/diagnostics:/home/a/harurobo/install/self_test:/home/a/harurobo/install/joy:/home/a/harurobo/install/joy_linux:/home/a/harurobo/install/diagnostic_common_diagnostics:/home/a/harurobo/install/diagnostic_updater:/home/a/harurobo/install/diagnostic_aggregator:/home/a/ros2_ws/install/turtlesim:/home/a/ros2_ws/install/my_package:/home/a/ros2_ws/install/examples_rclcpp_wait_set:/home/a/ros2_ws/install/examples_rclcpp_multithreaded_executor:/home/a/ros2_ws/install/examples_rclcpp_minimal_timer:/home/a/ros2_ws/install/examples_rclcpp_minimal_subscriber:/home/a/ros2_ws/install/examples_rclcpp_minimal_service:/home/a/ros2_ws/install/examples_rclcpp_minimal_publisher:/home/a/ros2_ws/install/examples_rclcpp_minimal_composition:/home/a/ros2_ws/install/examples_rclcpp_minimal_client:/home/a/ros2_ws/install/examples_rclcpp_minimal_action_server:/home/a/ros2_ws/install/examples_rclcpp_minimal_action_client:/home/a/ros2_ws/install/examples_rclcpp_cbg_executor:/home/a/ros2_ws/install/examples_rclcpp_async_client:/home/a/ros2_ws/install/py_pubsub:/home/a/ros2_ws/install/launch_testing_examples:/home/a/ros2_ws/install/examples_rclpy_pointcloud_publisher:/home/a/ros2_ws/install/examples_rclpy_minimal_subscriber:/home/a/ros2_ws/install/examples_rclpy_minimal_service:/home/a/ros2_ws/install/examples_rclpy_minimal_publisher:/home/a/ros2_ws/install/examples_rclpy_minimal_client:/home/a/ros2_ws/install/examples_rclpy_minimal_action_server:/home/a/ros2_ws/install/examples_rclpy_minimal_action_client:/home/a/ros2_ws/install/examples_rclpy_guard_conditions:/home/a/ros2_ws/install/examples_rclpy_executors:/opt/ros/humble /usr/bin/cmake --build /home/a/harurobo/build/joy -- -j6 -l6
[3.824s] Invoking command in '/home/a/harurobo/build/joy': CMAKE_PREFIX_PATH=/home/a/harurobo/install/sdl2_vendor:/home/a/harurobo/install/wiimote:/home/a/harurobo/install/wiimote_msgs:/home/a/harurobo/install/spacenav:/home/a/harurobo/install/diagnostics:/home/a/harurobo/install/self_test:/home/a/harurobo/install/joy:/home/a/harurobo/install/joy_linux:/home/a/harurobo/install/diagnostic_common_diagnostics:/home/a/harurobo/install/diagnostic_updater:/home/a/harurobo/install/diagnostic_aggregator:/home/a/ros2_ws/install/turtlesim:/home/a/ros2_ws/install/my_package:/home/a/ros2_ws/install/examples_rclcpp_wait_set:/home/a/ros2_ws/install/examples_rclcpp_multithreaded_executor:/home/a/ros2_ws/install/examples_rclcpp_minimal_timer:/home/a/ros2_ws/install/examples_rclcpp_minimal_subscriber:/home/a/ros2_ws/install/examples_rclcpp_minimal_service:/home/a/ros2_ws/install/examples_rclcpp_minimal_publisher:/home/a/ros2_ws/install/examples_rclcpp_minimal_composition:/home/a/ros2_ws/install/examples_rclcpp_minimal_client:/home/a/ros2_ws/install/examples_rclcpp_minimal_action_server:/home/a/ros2_ws/install/examples_rclcpp_minimal_action_client:/home/a/ros2_ws/install/examples_rclcpp_cbg_executor:/home/a/ros2_ws/install/examples_rclcpp_async_client:/home/a/ros2_ws/install/py_pubsub:/home/a/ros2_ws/install/launch_testing_examples:/home/a/ros2_ws/install/examples_rclpy_pointcloud_publisher:/home/a/ros2_ws/install/examples_rclpy_minimal_subscriber:/home/a/ros2_ws/install/examples_rclpy_minimal_service:/home/a/ros2_ws/install/examples_rclpy_minimal_publisher:/home/a/ros2_ws/install/examples_rclpy_minimal_client:/home/a/ros2_ws/install/examples_rclpy_minimal_action_server:/home/a/ros2_ws/install/examples_rclpy_minimal_action_client:/home/a/ros2_ws/install/examples_rclpy_guard_conditions:/home/a/ros2_ws/install/examples_rclpy_executors:/opt/ros/humble /usr/bin/cmake --install /home/a/harurobo/build/joy
[3.827s] -- Install configuration: ""
[3.827s] -- Installing: /home/a/harurobo/install/joy/lib/libjoy.so
[3.830s] -- Set runtime path of "/home/a/harurobo/install/joy/lib/libjoy.so" to ""
[3.830s] -- Up-to-date: /home/a/harurobo/install/joy/lib/joy/joy_node
[3.830s] -- Up-to-date: /home/a/harurobo/install/joy/lib/libgame_controller.so
[3.830s] -- Up-to-date: /home/a/harurobo/install/joy/lib/joy/game_controller_node
[3.830s] -- Up-to-date: /home/a/harurobo/install/joy/lib/joy/joy_enumerate_devices
[3.830s] -- Up-to-date: /home/a/harurobo/install/joy/include/joy
[3.831s] -- Up-to-date: /home/a/harurobo/install/joy/include/joy/joy
[3.831s] -- Up-to-date: /home/a/harurobo/install/joy/include/joy/joy/game_controller.hpp
[3.831s] -- Up-to-date: /home/a/harurobo/install/joy/include/joy/joy/joy.hpp
[3.831s] -- Up-to-date: /home/a/harurobo/install/joy/share/joy/config
[3.831s] -- Up-to-date: /home/a/harurobo/install/joy/share/joy/config/joy-params.yaml
[3.831s] -- Up-to-date: /home/a/harurobo/install/joy/share/joy/launch
[3.831s] -- Up-to-date: /home/a/harurobo/install/joy/share/joy/launch/joy-composed-launch.py
[3.831s] -- Up-to-date: /home/a/harurobo/install/joy/share/joy/launch/joy-launch.py
[3.831s] -- Up-to-date: /home/a/harurobo/install/joy/share/ament_index/resource_index/package_run_dependencies/joy
[3.831s] -- Up-to-date: /home/a/harurobo/install/joy/share/ament_index/resource_index/parent_prefix_path/joy
[3.831s] -- Up-to-date: /home/a/harurobo/install/joy/share/joy/environment/ament_prefix_path.sh
[3.831s] -- Up-to-date: /home/a/harurobo/install/joy/share/joy/environment/ament_prefix_path.dsv
[3.831s] -- Up-to-date: /home/a/harurobo/install/joy/share/joy/environment/path.sh
[3.831s] -- Up-to-date: /home/a/harurobo/install/joy/share/joy/environment/path.dsv
[3.831s] -- Up-to-date: /home/a/harurobo/install/joy/share/joy/local_setup.bash
[3.831s] -- Up-to-date: /home/a/harurobo/install/joy/share/joy/local_setup.sh
[3.831s] -- Up-to-date: /home/a/harurobo/install/joy/share/joy/local_setup.zsh
[3.831s] -- Up-to-date: /home/a/harurobo/install/joy/share/joy/local_setup.dsv
[3.831s] -- Installing: /home/a/harurobo/install/joy/share/joy/package.dsv
[3.831s] -- Up-to-date: /home/a/harurobo/install/joy/share/ament_index/resource_index/packages/joy
[3.831s] -- Up-to-date: /home/a/harurobo/install/joy/share/ament_index/resource_index/rclcpp_components/joy
[3.831s] -- Up-to-date: /home/a/harurobo/install/joy/share/joy/cmake/export_joyExport.cmake
[3.831s] -- Up-to-date: /home/a/harurobo/install/joy/share/joy/cmake/export_joyExport-noconfig.cmake
[3.831s] -- Up-to-date: /home/a/harurobo/install/joy/share/joy/cmake/export_game_controllerExport.cmake
[3.831s] -- Up-to-date: /home/a/harurobo/install/joy/share/joy/cmake/export_game_controllerExport-noconfig.cmake
[3.831s] -- Up-to-date: /home/a/harurobo/install/joy/share/joy/cmake/ament_cmake_export_targets-extras.cmake
[3.831s] -- Up-to-date: /home/a/harurobo/install/joy/share/joy/cmake/ament_cmake_export_dependencies-extras.cmake
[3.831s] -- Up-to-date: /home/a/harurobo/install/joy/share/joy/cmake/joyConfig.cmake
[3.832s] -- Up-to-date: /home/a/harurobo/install/joy/share/joy/cmake/joyConfig-version.cmake
[3.832s] -- Up-to-date: /home/a/harurobo/install/joy/share/joy/package.xml
[3.832s] Invoked command in '/home/a/harurobo/build/joy' returned '0': CMAKE_PREFIX_PATH=/home/a/harurobo/install/sdl2_vendor:/home/a/harurobo/install/wiimote:/home/a/harurobo/install/wiimote_msgs:/home/a/harurobo/install/spacenav:/home/a/harurobo/install/diagnostics:/home/a/harurobo/install/self_test:/home/a/harurobo/install/joy:/home/a/harurobo/install/joy_linux:/home/a/harurobo/install/diagnostic_common_diagnostics:/home/a/harurobo/install/diagnostic_updater:/home/a/harurobo/install/diagnostic_aggregator:/home/a/ros2_ws/install/turtlesim:/home/a/ros2_ws/install/my_package:/home/a/ros2_ws/install/examples_rclcpp_wait_set:/home/a/ros2_ws/install/examples_rclcpp_multithreaded_executor:/home/a/ros2_ws/install/examples_rclcpp_minimal_timer:/home/a/ros2_ws/install/examples_rclcpp_minimal_subscriber:/home/a/ros2_ws/install/examples_rclcpp_minimal_service:/home/a/ros2_ws/install/examples_rclcpp_minimal_publisher:/home/a/ros2_ws/install/examples_rclcpp_minimal_composition:/home/a/ros2_ws/install/examples_rclcpp_minimal_client:/home/a/ros2_ws/install/examples_rclcpp_minimal_action_server:/home/a/ros2_ws/install/examples_rclcpp_minimal_action_client:/home/a/ros2_ws/install/examples_rclcpp_cbg_executor:/home/a/ros2_ws/install/examples_rclcpp_async_client:/home/a/ros2_ws/install/py_pubsub:/home/a/ros2_ws/install/launch_testing_examples:/home/a/ros2_ws/install/examples_rclpy_pointcloud_publisher:/home/a/ros2_ws/install/examples_rclpy_minimal_subscriber:/home/a/ros2_ws/install/examples_rclpy_minimal_service:/home/a/ros2_ws/install/examples_rclpy_minimal_publisher:/home/a/ros2_ws/install/examples_rclpy_minimal_client:/home/a/ros2_ws/install/examples_rclpy_minimal_action_server:/home/a/ros2_ws/install/examples_rclpy_minimal_action_client:/home/a/ros2_ws/install/examples_rclpy_guard_conditions:/home/a/ros2_ws/install/examples_rclpy_executors:/opt/ros/humble /usr/bin/cmake --install /home/a/harurobo/build/joy
