[0.018s] Invoking command in '/home/a/harurobo/build/joy': AMENT_PREFIX_PATH=/home/a/harurobo/install/sdl2_vendor:${AMENT_PREFIX_PATH} CMAKE_PREFIX_PATH=/home/a/harurobo/install/sdl2_vendor:/home/a/ros2_ws/install/turtlesim:/home/a/ros2_ws/install/my_package:/home/a/ros2_ws/install/examples_rclcpp_wait_set:/home/a/ros2_ws/install/examples_rclcpp_multithreaded_executor:/home/a/ros2_ws/install/examples_rclcpp_minimal_timer:/home/a/ros2_ws/install/examples_rclcpp_minimal_subscriber:/home/a/ros2_ws/install/examples_rclcpp_minimal_service:/home/a/ros2_ws/install/examples_rclcpp_minimal_publisher:/home/a/ros2_ws/install/examples_rclcpp_minimal_composition:/home/a/ros2_ws/install/examples_rclcpp_minimal_client:/home/a/ros2_ws/install/examples_rclcpp_minimal_action_server:/home/a/ros2_ws/install/examples_rclcpp_minimal_action_client:/home/a/ros2_ws/install/examples_rclcpp_cbg_executor:/home/a/ros2_ws/install/examples_rclcpp_async_client:/home/a/ros2_ws/install/py_pubsub:/home/a/ros2_ws/install/launch_testing_examples:/home/a/ros2_ws/install/examples_rclpy_pointcloud_publisher:/home/a/ros2_ws/install/examples_rclpy_minimal_subscriber:/home/a/ros2_ws/install/examples_rclpy_minimal_service:/home/a/ros2_ws/install/examples_rclpy_minimal_publisher:/home/a/ros2_ws/install/examples_rclpy_minimal_client:/home/a/ros2_ws/install/examples_rclpy_minimal_action_server:/home/a/ros2_ws/install/examples_rclpy_minimal_action_client:/home/a/ros2_ws/install/examples_rclpy_guard_conditions:/home/a/ros2_ws/install/examples_rclpy_executors:/opt/ros/humble /usr/bin/cmake /home/a/harurobo/src/joystick_drivers/joy -DCMAKE_INSTALL_PREFIX=/home/a/harurobo/install/joy
[0.034s] -- Found ament_cmake_ros: 0.10.0 (/opt/ros/humble/share/ament_cmake_ros/cmake)
[0.161s] -- Override CMake install command with custom implementation using symlinks instead of copying resources
[0.169s] -- Found rclcpp: 16.0.10 (/opt/ros/humble/share/rclcpp/cmake)
[0.196s] -- Found rosidl_generator_c: 3.1.5 (/opt/ros/humble/share/rosidl_generator_c/cmake)
[0.197s] -- Found rosidl_adapter: 3.1.5 (/opt/ros/humble/share/rosidl_adapter/cmake)
[0.202s] -- Found rosidl_generator_cpp: 3.1.5 (/opt/ros/humble/share/rosidl_generator_cpp/cmake)
[0.209s] -- Using all available rosidl_typesupport_c: rosidl_typesupport_fastrtps_c;rosidl_typesupport_introspection_c
[0.223s] -- Using all available rosidl_typesupport_cpp: rosidl_typesupport_fastrtps_cpp;rosidl_typesupport_introspection_cpp
[0.252s] -- Found rmw_implementation_cmake: 6.1.2 (/opt/ros/humble/share/rmw_implementation_cmake/cmake)
[0.254s] -- Found rmw_fastrtps_cpp: 6.2.7 (/opt/ros/humble/share/rmw_fastrtps_cpp/cmake)
[0.333s] -- Using RMW implementation 'rmw_fastrtps_cpp' as default
[0.371s] -- Found rclcpp_components: 16.0.10 (/opt/ros/humble/share/rclcpp_components/cmake)
[0.382s] -- Found sdl2_vendor: 3.3.0 (/home/a/harurobo/install/sdl2_vendor/share/sdl2_vendor/cmake)
[0.383s] -- Found sensor_msgs: 4.2.4 (/opt/ros/humble/share/sensor_msgs/cmake)
[0.405s] -- Found ament_lint_auto: 0.12.11 (/opt/ros/humble/share/ament_lint_auto/cmake)
[0.455s] -- Added test 'cppcheck' to perform static code analysis on C / C++ code
[0.455s] -- Configured cppcheck include dirs: $<BUILD_INTERFACE:/home/a/harurobo/src/joystick_drivers/joy/include>
[0.455s] -- Configured cppcheck exclude dirs and/or files: 
[0.456s] -- Added test 'cpplint' to check C / C++ code against the Google style
[0.456s] -- Configured cpplint exclude dirs and/or files: 
[0.456s] -- Added test 'flake8' to check Python code syntax and style conventions
[0.456s] -- Added test 'lint_cmake' to check CMake code style
[0.456s] -- Added test 'pep257' to check Python code against some of the docstring style conventions in PEP 257
[0.457s] -- Added test 'uncrustify' to check C / C++ code style
[0.457s] -- Configured uncrustify additional arguments: 
[0.457s] -- Added test 'xmllint' to check XML markup files
[0.458s] -- Configuring done
[0.472s] -- Generating done
[0.477s] -- Build files have been written to: /home/a/harurobo/build/joy
