[0.009s] Invoking command in '/home/a/harurobo/build/joy': CMAKE_PREFIX_PATH=/home/a/harurobo/install/sdl2_vendor:/home/a/harurobo/install/wiimote:/home/a/harurobo/install/wiimote_msgs:/home/a/harurobo/install/diagnostics:/home/a/harurobo/install/self_test:/home/a/harurobo/install/joy:/home/a/harurobo/install/joy_sub:/home/a/harurobo/install/joy_linux:/home/a/harurobo/install/diagnostic_common_diagnostics:/home/a/harurobo/install/diagnostic_updater:/home/a/harurobo/install/diagnostic_aggregator:/home/a/ros2_ws/install/turtlesim:/home/a/ros2_ws/install/my_package:/home/a/ros2_ws/install/examples_rclcpp_wait_set:/home/a/ros2_ws/install/examples_rclcpp_multithreaded_executor:/home/a/ros2_ws/install/examples_rclcpp_minimal_timer:/home/a/ros2_ws/install/examples_rclcpp_minimal_subscriber:/home/a/ros2_ws/install/examples_rclcpp_minimal_service:/home/a/ros2_ws/install/examples_rclcpp_minimal_publisher:/home/a/ros2_ws/install/examples_rclcpp_minimal_composition:/home/a/ros2_ws/install/examples_rclcpp_minimal_client:/home/a/ros2_ws/install/examples_rclcpp_minimal_action_server:/home/a/ros2_ws/install/examples_rclcpp_minimal_action_client:/home/a/ros2_ws/install/examples_rclcpp_cbg_executor:/home/a/ros2_ws/install/examples_rclcpp_async_client:/home/a/harurobo/install/spacenav:/home/a/ros2_ws/install/py_pubsub:/home/a/ros2_ws/install/launch_testing_examples:/home/a/ros2_ws/install/examples_rclpy_pointcloud_publisher:/home/a/ros2_ws/install/examples_rclpy_minimal_subscriber:/home/a/ros2_ws/install/examples_rclpy_minimal_service:/home/a/ros2_ws/install/examples_rclpy_minimal_publisher:/home/a/ros2_ws/install/examples_rclpy_minimal_client:/home/a/ros2_ws/install/examples_rclpy_minimal_action_server:/home/a/ros2_ws/install/examples_rclpy_minimal_action_client:/home/a/ros2_ws/install/examples_rclpy_guard_conditions:/home/a/ros2_ws/install/examples_rclpy_executors:/opt/ros/humble /usr/bin/cmake --build /home/a/harurobo/build/joy -- -j6 -l6
[0.049s] [ 10%] [32mBuilding CXX object CMakeFiles/joy.dir/src/joy.cpp.o[0m
[0.071s] [ 20%] [32mBuilding CXX object CMakeFiles/game_controller.dir/src/game_controller.cpp.o[0m
[0.074s] [ 30%] [32mBuilding CXX object CMakeFiles/joy_node.dir/rclcpp_components/node_main_joy_node.cpp.o[0m
[0.112s] [ 40%] [32mBuilding CXX object CMakeFiles/joy_enumerate_devices.dir/src/joy_enumerate_devices.cpp.o[0m
[0.127s] [ 50%] [32mBuilding CXX object CMakeFiles/game_controller_node.dir/rclcpp_components/node_main_game_controller_node.cpp.o[0m
[0.721s] [ 60%] [32m[1mLinking CXX executable joy_enumerate_devices[0m
[0.864s] [ 60%] Built target joy_enumerate_devices
[11.719s] [ 70%] [32m[1mLinking CXX executable joy_node[0m
[12.411s] [ 70%] Built target joy_node
[18.483s] [ 80%] [32m[1mLinking CXX executable game_controller_node[0m
[19.734s] [ 80%] Built target game_controller_node
[64.205s] [ 90%] [32m[1mLinking CXX shared library libjoy.so[0m
[65.242s] [ 90%] Built target joy
[68.439s] [100%] [32m[1mLinking CXX shared library libgame_controller.so[0m
[70.261s] [100%] Built target game_controller
[70.406s] Invoked command in '/home/a/harurobo/build/joy' returned '0': CMAKE_PREFIX_PATH=/home/a/harurobo/install/sdl2_vendor:/home/a/harurobo/install/wiimote:/home/a/harurobo/install/wiimote_msgs:/home/a/harurobo/install/diagnostics:/home/a/harurobo/install/self_test:/home/a/harurobo/install/joy:/home/a/harurobo/install/joy_sub:/home/a/harurobo/install/joy_linux:/home/a/harurobo/install/diagnostic_common_diagnostics:/home/a/harurobo/install/diagnostic_updater:/home/a/harurobo/install/diagnostic_aggregator:/home/a/ros2_ws/install/turtlesim:/home/a/ros2_ws/install/my_package:/home/a/ros2_ws/install/examples_rclcpp_wait_set:/home/a/ros2_ws/install/examples_rclcpp_multithreaded_executor:/home/a/ros2_ws/install/examples_rclcpp_minimal_timer:/home/a/ros2_ws/install/examples_rclcpp_minimal_subscriber:/home/a/ros2_ws/install/examples_rclcpp_minimal_service:/home/a/ros2_ws/install/examples_rclcpp_minimal_publisher:/home/a/ros2_ws/install/examples_rclcpp_minimal_composition:/home/a/ros2_ws/install/examples_rclcpp_minimal_client:/home/a/ros2_ws/install/examples_rclcpp_minimal_action_server:/home/a/ros2_ws/install/examples_rclcpp_minimal_action_client:/home/a/ros2_ws/install/examples_rclcpp_cbg_executor:/home/a/ros2_ws/install/examples_rclcpp_async_client:/home/a/harurobo/install/spacenav:/home/a/ros2_ws/install/py_pubsub:/home/a/ros2_ws/install/launch_testing_examples:/home/a/ros2_ws/install/examples_rclpy_pointcloud_publisher:/home/a/ros2_ws/install/examples_rclpy_minimal_subscriber:/home/a/ros2_ws/install/examples_rclpy_minimal_service:/home/a/ros2_ws/install/examples_rclpy_minimal_publisher:/home/a/ros2_ws/install/examples_rclpy_minimal_client:/home/a/ros2_ws/install/examples_rclpy_minimal_action_server:/home/a/ros2_ws/install/examples_rclpy_minimal_action_client:/home/a/ros2_ws/install/examples_rclpy_guard_conditions:/home/a/ros2_ws/install/examples_rclpy_executors:/opt/ros/humble /usr/bin/cmake --build /home/a/harurobo/build/joy -- -j6 -l6
[70.454s] Invoking command in '/home/a/harurobo/build/joy': CMAKE_PREFIX_PATH=/home/a/harurobo/install/sdl2_vendor:/home/a/harurobo/install/wiimote:/home/a/harurobo/install/wiimote_msgs:/home/a/harurobo/install/diagnostics:/home/a/harurobo/install/self_test:/home/a/harurobo/install/joy:/home/a/harurobo/install/joy_sub:/home/a/harurobo/install/joy_linux:/home/a/harurobo/install/diagnostic_common_diagnostics:/home/a/harurobo/install/diagnostic_updater:/home/a/harurobo/install/diagnostic_aggregator:/home/a/ros2_ws/install/turtlesim:/home/a/ros2_ws/install/my_package:/home/a/ros2_ws/install/examples_rclcpp_wait_set:/home/a/ros2_ws/install/examples_rclcpp_multithreaded_executor:/home/a/ros2_ws/install/examples_rclcpp_minimal_timer:/home/a/ros2_ws/install/examples_rclcpp_minimal_subscriber:/home/a/ros2_ws/install/examples_rclcpp_minimal_service:/home/a/ros2_ws/install/examples_rclcpp_minimal_publisher:/home/a/ros2_ws/install/examples_rclcpp_minimal_composition:/home/a/ros2_ws/install/examples_rclcpp_minimal_client:/home/a/ros2_ws/install/examples_rclcpp_minimal_action_server:/home/a/ros2_ws/install/examples_rclcpp_minimal_action_client:/home/a/ros2_ws/install/examples_rclcpp_cbg_executor:/home/a/ros2_ws/install/examples_rclcpp_async_client:/home/a/harurobo/install/spacenav:/home/a/ros2_ws/install/py_pubsub:/home/a/ros2_ws/install/launch_testing_examples:/home/a/ros2_ws/install/examples_rclpy_pointcloud_publisher:/home/a/ros2_ws/install/examples_rclpy_minimal_subscriber:/home/a/ros2_ws/install/examples_rclpy_minimal_service:/home/a/ros2_ws/install/examples_rclpy_minimal_publisher:/home/a/ros2_ws/install/examples_rclpy_minimal_client:/home/a/ros2_ws/install/examples_rclpy_minimal_action_server:/home/a/ros2_ws/install/examples_rclpy_minimal_action_client:/home/a/ros2_ws/install/examples_rclpy_guard_conditions:/home/a/ros2_ws/install/examples_rclpy_executors:/opt/ros/humble /usr/bin/cmake --install /home/a/harurobo/build/joy
[70.465s] -- Install configuration: ""
[70.466s] -- Installing: /home/a/harurobo/install/joy/lib/libjoy.so
[70.512s] -- Set runtime path of "/home/a/harurobo/install/joy/lib/libjoy.so" to ""
[70.512s] -- Installing: /home/a/harurobo/install/joy/lib/joy/joy_node
[70.545s] -- Set runtime path of "/home/a/harurobo/install/joy/lib/joy/joy_node" to ""
[70.550s] -- Installing: /home/a/harurobo/install/joy/lib/libgame_controller.so
[70.611s] -- Set runtime path of "/home/a/harurobo/install/joy/lib/libgame_controller.so" to ""
[70.611s] -- Installing: /home/a/harurobo/install/joy/lib/joy/game_controller_node
[70.618s] -- Set runtime path of "/home/a/harurobo/install/joy/lib/joy/game_controller_node" to ""
[70.619s] -- Installing: /home/a/harurobo/install/joy/lib/joy/joy_enumerate_devices
[70.624s] -- Installing: /home/a/harurobo/install/joy/include/joy
[70.629s] -- Installing: /home/a/harurobo/install/joy/include/joy/joy
[70.638s] -- Installing: /home/a/harurobo/install/joy/include/joy/joy/game_controller.hpp
[70.643s] -- Installing: /home/a/harurobo/install/joy/include/joy/joy/joy.hpp
[70.644s] -- Installing: /home/a/harurobo/install/joy/share/joy/config
[70.645s] -- Installing: /home/a/harurobo/install/joy/share/joy/config/joy-params.yaml
[70.645s] -- Installing: /home/a/harurobo/install/joy/share/joy/launch
[70.646s] -- Installing: /home/a/harurobo/install/joy/share/joy/launch/joy-composed-launch.py
[70.646s] -- Installing: /home/a/harurobo/install/joy/share/joy/launch/joy-launch.py
[70.656s] -- Installing: /home/a/harurobo/install/joy/share/ament_index/resource_index/package_run_dependencies/joy
[70.656s] -- Installing: /home/a/harurobo/install/joy/share/ament_index/resource_index/parent_prefix_path/joy
[70.662s] -- Installing: /home/a/harurobo/install/joy/share/joy/environment/ament_prefix_path.sh
[70.663s] -- Installing: /home/a/harurobo/install/joy/share/joy/environment/ament_prefix_path.dsv
[70.665s] -- Installing: /home/a/harurobo/install/joy/share/joy/environment/path.sh
[70.666s] -- Installing: /home/a/harurobo/install/joy/share/joy/environment/path.dsv
[70.673s] -- Installing: /home/a/harurobo/install/joy/share/joy/local_setup.bash
[70.675s] -- Installing: /home/a/harurobo/install/joy/share/joy/local_setup.sh
[70.677s] -- Installing: /home/a/harurobo/install/joy/share/joy/local_setup.zsh
[70.678s] -- Installing: /home/a/harurobo/install/joy/share/joy/local_setup.dsv
[70.679s] -- Installing: /home/a/harurobo/install/joy/share/joy/package.dsv
[70.681s] -- Installing: /home/a/harurobo/install/joy/share/ament_index/resource_index/packages/joy
[70.687s] -- Installing: /home/a/harurobo/install/joy/share/ament_index/resource_index/rclcpp_components/joy
[70.697s] -- Installing: /home/a/harurobo/install/joy/share/joy/cmake/export_joyExport.cmake
[70.697s] -- Installing: /home/a/harurobo/install/joy/share/joy/cmake/export_joyExport-noconfig.cmake
[70.703s] -- Installing: /home/a/harurobo/install/joy/share/joy/cmake/export_game_controllerExport.cmake
[70.704s] -- Installing: /home/a/harurobo/install/joy/share/joy/cmake/export_game_controllerExport-noconfig.cmake
[70.705s] -- Installing: /home/a/harurobo/install/joy/share/joy/cmake/ament_cmake_export_targets-extras.cmake
[70.705s] -- Installing: /home/a/harurobo/install/joy/share/joy/cmake/ament_cmake_export_dependencies-extras.cmake
[70.707s] -- Installing: /home/a/harurobo/install/joy/share/joy/cmake/joyConfig.cmake
[70.707s] -- Installing: /home/a/harurobo/install/joy/share/joy/cmake/joyConfig-version.cmake
[70.707s] -- Installing: /home/a/harurobo/install/joy/share/joy/package.xml
[70.729s] Invoked command in '/home/a/harurobo/build/joy' returned '0': CMAKE_PREFIX_PATH=/home/a/harurobo/install/sdl2_vendor:/home/a/harurobo/install/wiimote:/home/a/harurobo/install/wiimote_msgs:/home/a/harurobo/install/diagnostics:/home/a/harurobo/install/self_test:/home/a/harurobo/install/joy:/home/a/harurobo/install/joy_sub:/home/a/harurobo/install/joy_linux:/home/a/harurobo/install/diagnostic_common_diagnostics:/home/a/harurobo/install/diagnostic_updater:/home/a/harurobo/install/diagnostic_aggregator:/home/a/ros2_ws/install/turtlesim:/home/a/ros2_ws/install/my_package:/home/a/ros2_ws/install/examples_rclcpp_wait_set:/home/a/ros2_ws/install/examples_rclcpp_multithreaded_executor:/home/a/ros2_ws/install/examples_rclcpp_minimal_timer:/home/a/ros2_ws/install/examples_rclcpp_minimal_subscriber:/home/a/ros2_ws/install/examples_rclcpp_minimal_service:/home/a/ros2_ws/install/examples_rclcpp_minimal_publisher:/home/a/ros2_ws/install/examples_rclcpp_minimal_composition:/home/a/ros2_ws/install/examples_rclcpp_minimal_client:/home/a/ros2_ws/install/examples_rclcpp_minimal_action_server:/home/a/ros2_ws/install/examples_rclcpp_minimal_action_client:/home/a/ros2_ws/install/examples_rclcpp_cbg_executor:/home/a/ros2_ws/install/examples_rclcpp_async_client:/home/a/harurobo/install/spacenav:/home/a/ros2_ws/install/py_pubsub:/home/a/ros2_ws/install/launch_testing_examples:/home/a/ros2_ws/install/examples_rclpy_pointcloud_publisher:/home/a/ros2_ws/install/examples_rclpy_minimal_subscriber:/home/a/ros2_ws/install/examples_rclpy_minimal_service:/home/a/ros2_ws/install/examples_rclpy_minimal_publisher:/home/a/ros2_ws/install/examples_rclpy_minimal_client:/home/a/ros2_ws/install/examples_rclpy_minimal_action_server:/home/a/ros2_ws/install/examples_rclpy_minimal_action_client:/home/a/ros2_ws/install/examples_rclpy_guard_conditions:/home/a/ros2_ws/install/examples_rclpy_executors:/opt/ros/humble /usr/bin/cmake --install /home/a/harurobo/build/joy
