[0.015s] Invoking command in '/home/a/harurobo/build/turtlesim': CMAKE_PREFIX_PATH=${CMAKE_PREFIX_PATH}:/home/a/ros2_ws/install/py_pubsub:/home/a/ros2_ws/install/launch_testing_examples:/home/a/ros2_ws/install/examples_rclpy_pointcloud_publisher:/home/a/ros2_ws/install/examples_rclpy_minimal_subscriber:/home/a/ros2_ws/install/examples_rclpy_minimal_service:/home/a/ros2_ws/install/examples_rclpy_minimal_publisher:/home/a/ros2_ws/install/examples_rclpy_minimal_client:/home/a/ros2_ws/install/examples_rclpy_minimal_action_server:/home/a/ros2_ws/install/examples_rclpy_minimal_action_client:/home/a/ros2_ws/install/examples_rclpy_guard_conditions:/home/a/ros2_ws/install/examples_rclpy_executors:/opt/ros/humble /usr/bin/cmake /home/a/harurobo/src/turtlesim -DCMAKE_INSTALL_PREFIX=/home/a/harurobo/install/turtlesim
[0.105s] -- The C compiler identification is GNU 11.4.0
[0.185s] -- The CXX compiler identification is GNU 11.4.0
[0.190s] -- Detecting C compiler ABI info
[0.266s] -- Detecting C compiler ABI info - done
[0.272s] -- Check for working C compiler: /usr/bin/cc - skipped
[0.272s] -- Detecting C compile features
[0.272s] -- Detecting C compile features - done
[0.274s] -- Detecting CXX compiler ABI info
[0.356s] -- Detecting CXX compiler ABI info - done
[0.366s] -- Check for working CXX compiler: /usr/bin/c++ - skipped
[0.367s] -- Detecting CXX compile features
[0.370s] -- Detecting CXX compile features - done
[0.374s] -- Found ament_cmake: 1.3.10 (/opt/ros/humble/share/ament_cmake/cmake)
[0.516s] -- Found Python3: /usr/bin/python3 (found version "3.10.12") found components: Interpreter 
[0.588s] -- Found ament_index_cpp: 1.4.0 (/opt/ros/humble/share/ament_index_cpp/cmake)
[0.590s] -- Found geometry_msgs: 4.2.4 (/opt/ros/humble/share/geometry_msgs/cmake)
[0.620s] -- Found rosidl_generator_c: 3.1.5 (/opt/ros/humble/share/rosidl_generator_c/cmake)
[0.624s] -- Found rosidl_adapter: 3.1.5 (/opt/ros/humble/share/rosidl_adapter/cmake)
[0.630s] -- Found rosidl_generator_cpp: 3.1.5 (/opt/ros/humble/share/rosidl_generator_cpp/cmake)
[0.641s] -- Using all available rosidl_typesupport_c: rosidl_typesupport_fastrtps_c;rosidl_typesupport_introspection_c
[0.656s] -- Using all available rosidl_typesupport_cpp: rosidl_typesupport_fastrtps_cpp;rosidl_typesupport_introspection_cpp
[0.703s] -- Found rclcpp: 16.0.10 (/opt/ros/humble/share/rclcpp/cmake)
[0.732s] -- Found rmw_implementation_cmake: 6.1.2 (/opt/ros/humble/share/rmw_implementation_cmake/cmake)
[0.735s] -- Found rmw_fastrtps_cpp: 6.2.7 (/opt/ros/humble/share/rmw_fastrtps_cpp/cmake)
[0.783s] -- Found OpenSSL: /usr/lib/aarch64-linux-gnu/libcrypto.so (found version "3.0.2")  
[0.799s] -- Found FastRTPS: /opt/ros/humble/include  
[0.825s] -- Using RMW implementation 'rmw_fastrtps_cpp' as default
[0.834s] -- Looking for pthread.h
[0.871s] -- Looking for pthread.h - found
[0.871s] -- Performing Test CMAKE_HAVE_LIBC_PTHREAD
[0.905s] -- Performing Test CMAKE_HAVE_LIBC_PTHREAD - Success
[0.909s] -- Found Threads: TRUE  
[0.935s] -- Found rclcpp_action: 16.0.10 (/opt/ros/humble/share/rclcpp_action/cmake)
[0.964s] -- Found rosidl_default_generators: 1.2.0 (/opt/ros/humble/share/rosidl_default_generators/cmake)
[0.973s] -- Found std_srvs: 4.2.4 (/opt/ros/humble/share/std_srvs/cmake)
[1.157s] -- Found ament_cmake_ros: 0.10.0 (/opt/ros/humble/share/ament_cmake_ros/cmake)
[1.346s] -- Using all available rosidl_typesupport_c: rosidl_typesupport_fastrtps_c;rosidl_typesupport_introspection_c
[1.423s] -- Using all available rosidl_typesupport_cpp: rosidl_typesupport_fastrtps_cpp;rosidl_typesupport_introspection_cpp
[1.436s] -- Found PythonInterp: /usr/bin/python3 (found suitable version "3.10.12", minimum required is "3.6") 
[1.438s] -- Found python_cmake_module: 0.10.0 (/opt/ros/humble/share/python_cmake_module/cmake)
[1.459s] -- Found PythonLibs: /usr/lib/aarch64-linux-gnu/libpython3.10.so (found suitable version "3.10.12", minimum required is "3.5") 
[1.459s] -- Using PYTHON_EXECUTABLE: /usr/bin/python3
[1.459s] -- Using PYTHON_INCLUDE_DIRS: /usr/include/python3.10
[1.459s] -- Using PYTHON_LIBRARIES: /usr/lib/aarch64-linux-gnu/libpython3.10.so
[1.472s] -- Found PythonExtra: .so  
[1.519s] -- Configuring done
[1.558s] -- Generating done
[1.568s] -- Build files have been written to: /home/a/harurobo/build/turtlesim
[1.574s] Invoked command in '/home/a/harurobo/build/turtlesim' returned '0': CMAKE_PREFIX_PATH=${CMAKE_PREFIX_PATH}:/home/a/ros2_ws/install/py_pubsub:/home/a/ros2_ws/install/launch_testing_examples:/home/a/ros2_ws/install/examples_rclpy_pointcloud_publisher:/home/a/ros2_ws/install/examples_rclpy_minimal_subscriber:/home/a/ros2_ws/install/examples_rclpy_minimal_service:/home/a/ros2_ws/install/examples_rclpy_minimal_publisher:/home/a/ros2_ws/install/examples_rclpy_minimal_client:/home/a/ros2_ws/install/examples_rclpy_minimal_action_server:/home/a/ros2_ws/install/examples_rclpy_minimal_action_client:/home/a/ros2_ws/install/examples_rclpy_guard_conditions:/home/a/ros2_ws/install/examples_rclpy_executors:/opt/ros/humble /usr/bin/cmake /home/a/harurobo/src/turtlesim -DCMAKE_INSTALL_PREFIX=/home/a/harurobo/install/turtlesim
[1.575s] Invoking command in '/home/a/harurobo/build/turtlesim': CMAKE_PREFIX_PATH=${CMAKE_PREFIX_PATH}:/home/a/ros2_ws/install/py_pubsub:/home/a/ros2_ws/install/launch_testing_examples:/home/a/ros2_ws/install/examples_rclpy_pointcloud_publisher:/home/a/ros2_ws/install/examples_rclpy_minimal_subscriber:/home/a/ros2_ws/install/examples_rclpy_minimal_service:/home/a/ros2_ws/install/examples_rclpy_minimal_publisher:/home/a/ros2_ws/install/examples_rclpy_minimal_client:/home/a/ros2_ws/install/examples_rclpy_minimal_action_server:/home/a/ros2_ws/install/examples_rclpy_minimal_action_client:/home/a/ros2_ws/install/examples_rclpy_guard_conditions:/home/a/ros2_ws/install/examples_rclpy_executors:/opt/ros/humble /usr/bin/cmake --build /home/a/harurobo/build/turtlesim -- -j6 -l6
[1.595s] [  1%] [34m[1mGenerating C code for ROS interfaces[0m
[1.599s] [  2%] [34m[1mGenerating C++ code for ROS interfaces[0m
[1.604s] [  2%] Built target ament_cmake_python_copy_turtlesim
[1.755s] running egg_info
[1.756s] creating turtlesim.egg-info
[1.756s] writing turtlesim.egg-info/PKG-INFO
[1.756s] writing dependency_links to turtlesim.egg-info/dependency_links.txt
[1.756s] writing top-level names to turtlesim.egg-info/top_level.txt
[1.756s] writing manifest file 'turtlesim.egg-info/SOURCES.txt'
[1.758s] reading manifest file 'turtlesim.egg-info/SOURCES.txt'
[1.758s] writing manifest file 'turtlesim.egg-info/SOURCES.txt'
[1.774s] [  2%] Built target ament_cmake_python_build_turtlesim_egg
[2.098s] [  2%] Built target turtlesim__cpp
[2.104s] [  3%] [34m[1mGenerating C++ type support dispatch for ROS interfaces[0m
[2.128s] [  4%] [34m[1mGenerating C++ type support for eProsima Fast-RTPS[0m
[2.128s] [  5%] [34m[1mGenerating C++ introspection for ROS interfaces[0m
[2.145s] [  6%] [32mBuilding C object CMakeFiles/turtlesim__rosidl_generator_c.dir/rosidl_generator_c/turtlesim/msg/detail/pose__functions.c.o[0m
[2.145s] [  7%] [32mBuilding C object CMakeFiles/turtlesim__rosidl_generator_c.dir/rosidl_generator_c/turtlesim/action/detail/rotate_absolute__functions.c.o[0m
[2.145s] [  8%] [32mBuilding C object CMakeFiles/turtlesim__rosidl_generator_c.dir/rosidl_generator_c/turtlesim/msg/detail/color__functions.c.o[0m
[2.200s] [  9%] [32mBuilding C object CMakeFiles/turtlesim__rosidl_generator_c.dir/rosidl_generator_c/turtlesim/srv/detail/kill__functions.c.o[0m
[2.205s] [ 10%] [32mBuilding C object CMakeFiles/turtlesim__rosidl_generator_c.dir/rosidl_generator_c/turtlesim/srv/detail/set_pen__functions.c.o[0m
[2.258s] [ 11%] [32mBuilding C object CMakeFiles/turtlesim__rosidl_generator_c.dir/rosidl_generator_c/turtlesim/srv/detail/teleport_absolute__functions.c.o[0m
[2.258s] [ 12%] [32mBuilding C object CMakeFiles/turtlesim__rosidl_generator_c.dir/rosidl_generator_c/turtlesim/srv/detail/spawn__functions.c.o[0m
[2.259s] [ 13%] [32mBuilding C object CMakeFiles/turtlesim__rosidl_generator_c.dir/rosidl_generator_c/turtlesim/srv/detail/teleport_relative__functions.c.o[0m
[2.302s] [ 14%] [32m[1mLinking C shared library libturtlesim__rosidl_generator_c.so[0m
[2.326s] [ 14%] Built target turtlesim__rosidl_generator_c
[2.333s] [ 15%] [34m[1mGenerating C type support dispatch for ROS interfaces[0m
[2.334s] [ 16%] [34m[1mGenerating C introspection for ROS interfaces[0m
[2.337s] [ 17%] [34m[1mGenerating C type support for eProsima Fast-RTPS[0m
[2.503s] [ 18%] [32mBuilding CXX object CMakeFiles/turtlesim__rosidl_typesupport_cpp.dir/rosidl_typesupport_cpp/turtlesim/action/rotate_absolute__type_support.cpp.o[0m
[2.688s] [ 19%] [32mBuilding CXX object CMakeFiles/turtlesim__rosidl_typesupport_introspection_cpp.dir/rosidl_typesupport_introspection_cpp/turtlesim/action/detail/rotate_absolute__type_support.cpp.o[0m
[2.735s] [ 20%] [32mBuilding CXX object CMakeFiles/turtlesim__rosidl_typesupport_c.dir/rosidl_typesupport_c/turtlesim/action/rotate_absolute__type_support.cpp.o[0m
[2.783s] [ 21%] [32mBuilding CXX object CMakeFiles/turtlesim__rosidl_typesupport_c.dir/rosidl_typesupport_c/turtlesim/msg/color__type_support.cpp.o[0m
[2.802s] [ 22%] [32mBuilding CXX object CMakeFiles/turtlesim__rosidl_typesupport_fastrtps_cpp.dir/rosidl_typesupport_fastrtps_cpp/turtlesim/action/detail/dds_fastrtps/rotate_absolute__type_support.cpp.o[0m
[2.809s] [ 23%] [32mBuilding CXX object CMakeFiles/turtlesim__rosidl_typesupport_c.dir/rosidl_typesupport_c/turtlesim/msg/pose__type_support.cpp.o[0m
[2.839s] [ 24%] [32mBuilding CXX object CMakeFiles/turtlesim__rosidl_typesupport_c.dir/rosidl_typesupport_c/turtlesim/srv/kill__type_support.cpp.o[0m
[2.869s] [ 25%] [32mBuilding CXX object CMakeFiles/turtlesim__rosidl_typesupport_c.dir/rosidl_typesupport_c/turtlesim/srv/set_pen__type_support.cpp.o[0m
[2.891s] [ 26%] [32mBuilding CXX object CMakeFiles/turtlesim__rosidl_typesupport_c.dir/rosidl_typesupport_c/turtlesim/srv/spawn__type_support.cpp.o[0m
[2.912s] [ 27%] [32mBuilding CXX object CMakeFiles/turtlesim__rosidl_typesupport_cpp.dir/rosidl_typesupport_cpp/turtlesim/msg/color__type_support.cpp.o[0m
[2.914s] [ 28%] [32mBuilding CXX object CMakeFiles/turtlesim__rosidl_typesupport_c.dir/rosidl_typesupport_c/turtlesim/srv/teleport_absolute__type_support.cpp.o[0m
[2.936s] [ 29%] [32mBuilding CXX object CMakeFiles/turtlesim__rosidl_typesupport_c.dir/rosidl_typesupport_c/turtlesim/srv/teleport_relative__type_support.cpp.o[0m
[2.966s] [ 30%] [32m[1mLinking CXX shared library libturtlesim__rosidl_typesupport_c.so[0m
[2.988s] [ 31%] [32mBuilding C object CMakeFiles/turtlesim__rosidl_typesupport_introspection_c.dir/rosidl_typesupport_introspection_c/turtlesim/action/detail/rotate_absolute__type_support.c.o[0m
[2.997s] [ 31%] Built target turtlesim__rosidl_typesupport_c
[3.011s] [ 32%] [32mBuilding CXX object CMakeFiles/turtlesim__rosidl_typesupport_fastrtps_cpp.dir/rosidl_typesupport_fastrtps_cpp/turtlesim/msg/detail/dds_fastrtps/color__type_support.cpp.o[0m
[3.029s] [ 33%] [32mBuilding C object CMakeFiles/turtlesim__rosidl_typesupport_introspection_c.dir/rosidl_typesupport_introspection_c/turtlesim/msg/detail/color__type_support.c.o[0m
[3.062s] [ 34%] [32mBuilding CXX object CMakeFiles/turtlesim__rosidl_typesupport_fastrtps_c.dir/rosidl_typesupport_fastrtps_c/turtlesim/action/detail/rotate_absolute__type_support_c.cpp.o[0m
[3.064s] [ 35%] [32mBuilding C object CMakeFiles/turtlesim__rosidl_typesupport_introspection_c.dir/rosidl_typesupport_introspection_c/turtlesim/msg/detail/pose__type_support.c.o[0m
[3.096s] [ 36%] [32mBuilding C object CMakeFiles/turtlesim__rosidl_typesupport_introspection_c.dir/rosidl_typesupport_introspection_c/turtlesim/srv/detail/kill__type_support.c.o[0m
[3.126s] [ 37%] [32mBuilding C object CMakeFiles/turtlesim__rosidl_typesupport_introspection_c.dir/rosidl_typesupport_introspection_c/turtlesim/srv/detail/set_pen__type_support.c.o[0m
[3.153s] [ 38%] [32mBuilding CXX object CMakeFiles/turtlesim__rosidl_typesupport_cpp.dir/rosidl_typesupport_cpp/turtlesim/msg/pose__type_support.cpp.o[0m
[3.164s] [ 39%] [32mBuilding C object CMakeFiles/turtlesim__rosidl_typesupport_introspection_c.dir/rosidl_typesupport_introspection_c/turtlesim/srv/detail/spawn__type_support.c.o[0m
[3.198s] [ 40%] [32mBuilding C object CMakeFiles/turtlesim__rosidl_typesupport_introspection_c.dir/rosidl_typesupport_introspection_c/turtlesim/srv/detail/teleport_absolute__type_support.c.o[0m
[3.230s] [ 41%] [32mBuilding C object CMakeFiles/turtlesim__rosidl_typesupport_introspection_c.dir/rosidl_typesupport_introspection_c/turtlesim/srv/detail/teleport_relative__type_support.c.o[0m
[3.275s] [ 42%] [32m[1mLinking C shared library libturtlesim__rosidl_typesupport_introspection_c.so[0m
[3.277s] [ 43%] [32mBuilding CXX object CMakeFiles/turtlesim__rosidl_typesupport_introspection_cpp.dir/rosidl_typesupport_introspection_cpp/turtlesim/msg/detail/color__type_support.cpp.o[0m
[3.299s] [ 43%] Built target turtlesim__rosidl_typesupport_introspection_c
[3.305s] [ 44%] [32mBuilding CXX object CMakeFiles/turtlesim__rosidl_typesupport_introspection_cpp.dir/rosidl_typesupport_introspection_cpp/turtlesim/msg/detail/pose__type_support.cpp.o[0m
[3.339s] [ 45%] [32mBuilding CXX object CMakeFiles/turtlesim__rosidl_typesupport_fastrtps_cpp.dir/rosidl_typesupport_fastrtps_cpp/turtlesim/msg/detail/dds_fastrtps/pose__type_support.cpp.o[0m
[3.355s] [ 46%] [32mBuilding CXX object CMakeFiles/turtlesim__rosidl_typesupport_fastrtps_cpp.dir/rosidl_typesupport_fastrtps_cpp/turtlesim/srv/detail/dds_fastrtps/kill__type_support.cpp.o[0m
[3.378s] [ 47%] [32mBuilding CXX object CMakeFiles/turtlesim__rosidl_typesupport_cpp.dir/rosidl_typesupport_cpp/turtlesim/srv/kill__type_support.cpp.o[0m
[3.414s] [ 48%] [32mBuilding CXX object CMakeFiles/turtlesim__rosidl_typesupport_fastrtps_c.dir/rosidl_typesupport_fastrtps_c/turtlesim/msg/detail/color__type_support_c.cpp.o[0m
[3.567s] [ 49%] [32mBuilding CXX object CMakeFiles/turtlesim__rosidl_typesupport_cpp.dir/rosidl_typesupport_cpp/turtlesim/srv/set_pen__type_support.cpp.o[0m
[3.583s] [ 50%] [32mBuilding CXX object CMakeFiles/turtlesim__rosidl_typesupport_introspection_cpp.dir/rosidl_typesupport_introspection_cpp/turtlesim/srv/detail/kill__type_support.cpp.o[0m
[3.591s] [ 51%] [32mBuilding CXX object CMakeFiles/turtlesim__rosidl_typesupport_introspection_cpp.dir/rosidl_typesupport_introspection_cpp/turtlesim/srv/detail/set_pen__type_support.cpp.o[0m
[3.638s] [ 52%] [32mBuilding CXX object CMakeFiles/turtlesim__rosidl_typesupport_fastrtps_cpp.dir/rosidl_typesupport_fastrtps_cpp/turtlesim/srv/detail/dds_fastrtps/set_pen__type_support.cpp.o[0m
[3.651s] [ 53%] [32mBuilding CXX object CMakeFiles/turtlesim__rosidl_typesupport_cpp.dir/rosidl_typesupport_cpp/turtlesim/srv/spawn__type_support.cpp.o[0m
[3.677s] [ 54%] [32mBuilding CXX object CMakeFiles/turtlesim__rosidl_typesupport_fastrtps_c.dir/rosidl_typesupport_fastrtps_c/turtlesim/msg/detail/pose__type_support_c.cpp.o[0m
[3.749s] [ 55%] [32mBuilding CXX object CMakeFiles/turtlesim__rosidl_typesupport_fastrtps_c.dir/rosidl_typesupport_fastrtps_c/turtlesim/srv/detail/kill__type_support_c.cpp.o[0m
[3.830s] [ 56%] [32mBuilding CXX object CMakeFiles/turtlesim__rosidl_typesupport_cpp.dir/rosidl_typesupport_cpp/turtlesim/srv/teleport_absolute__type_support.cpp.o[0m
[3.847s] [ 57%] [32mBuilding CXX object CMakeFiles/turtlesim__rosidl_typesupport_introspection_cpp.dir/rosidl_typesupport_introspection_cpp/turtlesim/srv/detail/spawn__type_support.cpp.o[0m
[3.861s] [ 58%] [32mBuilding CXX object CMakeFiles/turtlesim__rosidl_typesupport_introspection_cpp.dir/rosidl_typesupport_introspection_cpp/turtlesim/srv/detail/teleport_absolute__type_support.cpp.o[0m
[3.904s] [ 59%] [32mBuilding CXX object CMakeFiles/turtlesim__rosidl_typesupport_fastrtps_c.dir/rosidl_typesupport_fastrtps_c/turtlesim/srv/detail/set_pen__type_support_c.cpp.o[0m
[3.935s] [ 60%] [32mBuilding CXX object CMakeFiles/turtlesim__rosidl_typesupport_fastrtps_cpp.dir/rosidl_typesupport_fastrtps_cpp/turtlesim/srv/detail/dds_fastrtps/spawn__type_support.cpp.o[0m
[4.001s] [ 61%] [32mBuilding CXX object CMakeFiles/turtlesim__rosidl_typesupport_fastrtps_c.dir/rosidl_typesupport_fastrtps_c/turtlesim/srv/detail/spawn__type_support_c.cpp.o[0m
[4.024s] [ 62%] [32mBuilding CXX object CMakeFiles/turtlesim__rosidl_typesupport_cpp.dir/rosidl_typesupport_cpp/turtlesim/srv/teleport_relative__type_support.cpp.o[0m
[4.097s] [ 63%] [32mBuilding CXX object CMakeFiles/turtlesim__rosidl_typesupport_introspection_cpp.dir/rosidl_typesupport_introspection_cpp/turtlesim/srv/detail/teleport_relative__type_support.cpp.o[0m
[4.130s] [ 64%] [32mBuilding CXX object CMakeFiles/turtlesim__rosidl_typesupport_fastrtps_cpp.dir/rosidl_typesupport_fastrtps_cpp/turtlesim/srv/detail/dds_fastrtps/teleport_absolute__type_support.cpp.o[0m
[4.136s] [ 65%] [32mBuilding CXX object CMakeFiles/turtlesim__rosidl_typesupport_fastrtps_cpp.dir/rosidl_typesupport_fastrtps_cpp/turtlesim/srv/detail/dds_fastrtps/teleport_relative__type_support.cpp.o[0m
[4.198s] [ 66%] [32m[1mLinking CXX shared library libturtlesim__rosidl_typesupport_cpp.so[0m
[4.221s] [ 67%] [32mBuilding CXX object CMakeFiles/turtlesim__rosidl_typesupport_fastrtps_c.dir/rosidl_typesupport_fastrtps_c/turtlesim/srv/detail/teleport_absolute__type_support_c.cpp.o[0m
[4.228s] [ 67%] Built target turtlesim__rosidl_typesupport_cpp
[4.234s] [ 68%] [32mBuilding CXX object CMakeFiles/turtlesim__rosidl_typesupport_fastrtps_c.dir/rosidl_typesupport_fastrtps_c/turtlesim/srv/detail/teleport_relative__type_support_c.cpp.o[0m
[4.268s] [ 69%] [34m[1mGenerating include/turtlesim/moc_turtle_frame.cpp[0m
[4.346s] [ 70%] [32m[1mLinking CXX shared library libturtlesim__rosidl_typesupport_introspection_cpp.so[0m
[4.353s] [ 71%] [32mBuilding CXX object CMakeFiles/turtlesim_node.dir/src/turtlesim.cpp.o[0m
[4.403s] [ 71%] Built target turtlesim__rosidl_typesupport_introspection_cpp
[4.408s] [ 72%] [32mBuilding CXX object CMakeFiles/turtlesim_node.dir/src/turtle.cpp.o[0m
[4.416s] [ 73%] [32mBuilding CXX object CMakeFiles/turtlesim_node.dir/src/turtle_frame.cpp.o[0m
[4.425s] [ 74%] [32m[1mLinking CXX shared library libturtlesim__rosidl_typesupport_fastrtps_cpp.so[0m
[4.482s] [ 74%] Built target turtlesim__rosidl_typesupport_fastrtps_cpp
[4.489s] [ 75%] [32mBuilding CXX object CMakeFiles/turtlesim_node.dir/include/turtlesim/moc_turtle_frame.cpp.o[0m
[4.493s] [ 76%] [32mBuilding CXX object CMakeFiles/turtle_teleop_key.dir/tutorials/teleop_turtle_key.cpp.o[0m
[4.498s] [ 77%] [32m[1mLinking CXX shared library libturtlesim__rosidl_typesupport_fastrtps_c.so[0m
[4.561s] [ 77%] Built target turtlesim__rosidl_typesupport_fastrtps_c
[4.582s] [ 78%] [32mBuilding CXX object CMakeFiles/draw_square.dir/tutorials/draw_square.cpp.o[0m
[16.146s] [ 79%] [32mBuilding CXX object CMakeFiles/mimic.dir/tutorials/mimic.cpp.o[0m
[19.441s] [ 80%] [32m[1mLinking CXX executable turtle_teleop_key[0m
[19.959s] [ 80%] Built target turtle_teleop_key
[19.998s] [ 80%] Built target turtlesim
[20.025s] [ 81%] [34m[1mGenerating Python code for ROS interfaces[0m
[22.432s] [ 81%] Built target turtlesim__py
[22.474s] [ 82%] [32mBuilding C object CMakeFiles/turtlesim__rosidl_generator_py.dir/rosidl_generator_py/turtlesim/action/_rotate_absolute_s.c.o[0m
[22.480s] [ 83%] [32mBuilding C object CMakeFiles/turtlesim__rosidl_generator_py.dir/rosidl_generator_py/turtlesim/msg/_color_s.c.o[0m
[22.706s] [ 84%] [32mBuilding C object CMakeFiles/turtlesim__rosidl_generator_py.dir/rosidl_generator_py/turtlesim/msg/_pose_s.c.o[0m
[22.738s] [ 85%] [32mBuilding C object CMakeFiles/turtlesim__rosidl_generator_py.dir/rosidl_generator_py/turtlesim/srv/_kill_s.c.o[0m
[22.843s] [ 86%] [32mBuilding C object CMakeFiles/turtlesim__rosidl_generator_py.dir/rosidl_generator_py/turtlesim/srv/_set_pen_s.c.o[0m
[22.894s] [ 87%] [32mBuilding C object CMakeFiles/turtlesim__rosidl_generator_py.dir/rosidl_generator_py/turtlesim/srv/_spawn_s.c.o[0m
[23.009s] [ 88%] [32mBuilding C object CMakeFiles/turtlesim__rosidl_generator_py.dir/rosidl_generator_py/turtlesim/srv/_teleport_absolute_s.c.o[0m
[23.027s] [ 89%] [32mBuilding C object CMakeFiles/turtlesim__rosidl_generator_py.dir/rosidl_generator_py/turtlesim/srv/_teleport_relative_s.c.o[0m
[23.234s] [ 90%] [32m[1mLinking C shared library rosidl_generator_py/turtlesim/libturtlesim__rosidl_generator_py.so[0m
[23.303s] [ 90%] Built target turtlesim__rosidl_generator_py
[23.330s] [ 91%] [32mBuilding C object CMakeFiles/turtlesim__rosidl_typesupport_fastrtps_c__pyext.dir/rosidl_generator_py/turtlesim/_turtlesim_s.ep.rosidl_typesupport_fastrtps_c.c.o[0m
[23.335s] [ 92%] [32mBuilding C object CMakeFiles/turtlesim__rosidl_typesupport_introspection_c__pyext.dir/rosidl_generator_py/turtlesim/_turtlesim_s.ep.rosidl_typesupport_introspection_c.c.o[0m
[23.584s] [ 93%] [32m[1mLinking C shared library rosidl_generator_py/turtlesim/turtlesim_s__rosidl_typesupport_fastrtps_c.cpython-310-aarch64-linux-gnu.so[0m
[23.618s] [ 93%] Built target turtlesim__rosidl_typesupport_fastrtps_c__pyext
[23.629s] [ 94%] [32m[1mLinking C shared library rosidl_generator_py/turtlesim/turtlesim_s__rosidl_typesupport_introspection_c.cpython-310-aarch64-linux-gnu.so[0m
[23.632s] [ 95%] [32mBuilding C object CMakeFiles/turtlesim__rosidl_typesupport_c__pyext.dir/rosidl_generator_py/turtlesim/_turtlesim_s.ep.rosidl_typesupport_c.c.o[0m
[23.671s] [ 95%] Built target turtlesim__rosidl_typesupport_introspection_c__pyext
[23.822s] [ 96%] [32m[1mLinking C shared library rosidl_generator_py/turtlesim/turtlesim_s__rosidl_typesupport_c.cpython-310-aarch64-linux-gnu.so[0m
[23.910s] [ 96%] Built target turtlesim__rosidl_typesupport_c__pyext
[24.409s] [ 97%] [32m[1mLinking CXX executable draw_square[0m
[24.935s] [ 97%] Built target draw_square
[28.578s] [100%] [32m[1mLinking CXX executable turtlesim_node[0m
[28.578s] [100%] [32m[1mLinking CXX executable mimic[0m
[28.986s] [100%] Built target mimic
[30.571s] [100%] Built target turtlesim_node
[30.590s] Invoked command in '/home/a/harurobo/build/turtlesim' returned '0': CMAKE_PREFIX_PATH=${CMAKE_PREFIX_PATH}:/home/a/ros2_ws/install/py_pubsub:/home/a/ros2_ws/install/launch_testing_examples:/home/a/ros2_ws/install/examples_rclpy_pointcloud_publisher:/home/a/ros2_ws/install/examples_rclpy_minimal_subscriber:/home/a/ros2_ws/install/examples_rclpy_minimal_service:/home/a/ros2_ws/install/examples_rclpy_minimal_publisher:/home/a/ros2_ws/install/examples_rclpy_minimal_client:/home/a/ros2_ws/install/examples_rclpy_minimal_action_server:/home/a/ros2_ws/install/examples_rclpy_minimal_action_client:/home/a/ros2_ws/install/examples_rclpy_guard_conditions:/home/a/ros2_ws/install/examples_rclpy_executors:/opt/ros/humble /usr/bin/cmake --build /home/a/harurobo/build/turtlesim -- -j6 -l6
[30.596s] Invoking command in '/home/a/harurobo/build/turtlesim': CMAKE_PREFIX_PATH=${CMAKE_PREFIX_PATH}:/home/a/ros2_ws/install/py_pubsub:/home/a/ros2_ws/install/launch_testing_examples:/home/a/ros2_ws/install/examples_rclpy_pointcloud_publisher:/home/a/ros2_ws/install/examples_rclpy_minimal_subscriber:/home/a/ros2_ws/install/examples_rclpy_minimal_service:/home/a/ros2_ws/install/examples_rclpy_minimal_publisher:/home/a/ros2_ws/install/examples_rclpy_minimal_client:/home/a/ros2_ws/install/examples_rclpy_minimal_action_server:/home/a/ros2_ws/install/examples_rclpy_minimal_action_client:/home/a/ros2_ws/install/examples_rclpy_guard_conditions:/home/a/ros2_ws/install/examples_rclpy_executors:/opt/ros/humble /usr/bin/cmake --install /home/a/harurobo/build/turtlesim
[30.601s] -- Install configuration: ""
[30.601s] -- Installing: /home/a/harurobo/install/turtlesim/share/ament_index/resource_index/rosidl_interfaces/turtlesim
[30.602s] -- Installing: /home/a/harurobo/install/turtlesim/include/turtlesim/turtlesim
[30.602s] -- Installing: /home/a/harurobo/install/turtlesim/include/turtlesim/turtlesim/msg
[30.602s] -- Installing: /home/a/harurobo/install/turtlesim/include/turtlesim/turtlesim/msg/detail
[30.602s] -- Installing: /home/a/harurobo/install/turtlesim/include/turtlesim/turtlesim/msg/detail/pose__type_support.h
[30.602s] -- Installing: /home/a/harurobo/install/turtlesim/include/turtlesim/turtlesim/msg/detail/color__functions.h
[30.602s] -- Installing: /home/a/harurobo/install/turtlesim/include/turtlesim/turtlesim/msg/detail/pose__functions.h
[30.602s] -- Installing: /home/a/harurobo/install/turtlesim/include/turtlesim/turtlesim/msg/detail/pose__functions.c
[30.602s] -- Installing: /home/a/harurobo/install/turtlesim/include/turtlesim/turtlesim/msg/detail/color__type_support.h
[30.602s] -- Installing: /home/a/harurobo/install/turtlesim/include/turtlesim/turtlesim/msg/detail/color__functions.c
[30.602s] -- Installing: /home/a/harurobo/install/turtlesim/include/turtlesim/turtlesim/msg/detail/color__struct.h
[30.602s] -- Installing: /home/a/harurobo/install/turtlesim/include/turtlesim/turtlesim/msg/detail/pose__struct.h
[30.603s] -- Installing: /home/a/harurobo/install/turtlesim/include/turtlesim/turtlesim/msg/color.h
[30.603s] -- Installing: /home/a/harurobo/install/turtlesim/include/turtlesim/turtlesim/msg/pose.h
[30.603s] -- Installing: /home/a/harurobo/install/turtlesim/include/turtlesim/turtlesim/msg/rosidl_generator_c__visibility_control.h
[30.603s] -- Installing: /home/a/harurobo/install/turtlesim/include/turtlesim/turtlesim/srv
[30.603s] -- Installing: /home/a/harurobo/install/turtlesim/include/turtlesim/turtlesim/srv/spawn.h
[30.603s] -- Installing: /home/a/harurobo/install/turtlesim/include/turtlesim/turtlesim/srv/teleport_absolute.h
[30.603s] -- Installing: /home/a/harurobo/install/turtlesim/include/turtlesim/turtlesim/srv/set_pen.h
[30.603s] -- Installing: /home/a/harurobo/install/turtlesim/include/turtlesim/turtlesim/srv/detail
[30.603s] -- Installing: /home/a/harurobo/install/turtlesim/include/turtlesim/turtlesim/srv/detail/kill__struct.h
[30.603s] -- Installing: /home/a/harurobo/install/turtlesim/include/turtlesim/turtlesim/srv/detail/teleport_relative__struct.h
[30.603s] -- Installing: /home/a/harurobo/install/turtlesim/include/turtlesim/turtlesim/srv/detail/teleport_absolute__type_support.h
[30.603s] -- Installing: /home/a/harurobo/install/turtlesim/include/turtlesim/turtlesim/srv/detail/spawn__struct.h
[30.603s] -- Installing: /home/a/harurobo/install/turtlesim/include/turtlesim/turtlesim/srv/detail/set_pen__functions.h
[30.603s] -- Installing: /home/a/harurobo/install/turtlesim/include/turtlesim/turtlesim/srv/detail/spawn__functions.h
[30.603s] -- Installing: /home/a/harurobo/install/turtlesim/include/turtlesim/turtlesim/srv/detail/kill__functions.c
[30.603s] -- Installing: /home/a/harurobo/install/turtlesim/include/turtlesim/turtlesim/srv/detail/teleport_relative__functions.h
[30.604s] -- Installing: /home/a/harurobo/install/turtlesim/include/turtlesim/turtlesim/srv/detail/teleport_relative__type_support.h
[30.604s] -- Installing: /home/a/harurobo/install/turtlesim/include/turtlesim/turtlesim/srv/detail/teleport_absolute__functions.h
[30.604s] -- Installing: /home/a/harurobo/install/turtlesim/include/turtlesim/turtlesim/srv/detail/kill__functions.h
[30.604s] -- Installing: /home/a/harurobo/install/turtlesim/include/turtlesim/turtlesim/srv/detail/set_pen__functions.c
[30.604s] -- Installing: /home/a/harurobo/install/turtlesim/include/turtlesim/turtlesim/srv/detail/set_pen__struct.h
[30.604s] -- Installing: /home/a/harurobo/install/turtlesim/include/turtlesim/turtlesim/srv/detail/spawn__type_support.h
[30.604s] -- Installing: /home/a/harurobo/install/turtlesim/include/turtlesim/turtlesim/srv/detail/teleport_absolute__struct.h
[30.604s] -- Installing: /home/a/harurobo/install/turtlesim/include/turtlesim/turtlesim/srv/detail/spawn__functions.c
[30.604s] -- Installing: /home/a/harurobo/install/turtlesim/include/turtlesim/turtlesim/srv/detail/set_pen__type_support.h
[30.604s] -- Installing: /home/a/harurobo/install/turtlesim/include/turtlesim/turtlesim/srv/detail/kill__type_support.h
[30.604s] -- Installing: /home/a/harurobo/install/turtlesim/include/turtlesim/turtlesim/srv/detail/teleport_absolute__functions.c
[30.605s] -- Installing: /home/a/harurobo/install/turtlesim/include/turtlesim/turtlesim/srv/detail/teleport_relative__functions.c
[30.605s] -- Installing: /home/a/harurobo/install/turtlesim/include/turtlesim/turtlesim/srv/kill.h
[30.605s] -- Installing: /home/a/harurobo/install/turtlesim/include/turtlesim/turtlesim/srv/teleport_relative.h
[30.605s] -- Installing: /home/a/harurobo/install/turtlesim/include/turtlesim/turtlesim/action
[30.605s] -- Installing: /home/a/harurobo/install/turtlesim/include/turtlesim/turtlesim/action/rotate_absolute.h
[30.605s] -- Installing: /home/a/harurobo/install/turtlesim/include/turtlesim/turtlesim/action/detail
[30.605s] -- Installing: /home/a/harurobo/install/turtlesim/include/turtlesim/turtlesim/action/detail/rotate_absolute__type_support.h
[30.605s] -- Installing: /home/a/harurobo/install/turtlesim/include/turtlesim/turtlesim/action/detail/rotate_absolute__functions.h
[30.605s] -- Installing: /home/a/harurobo/install/turtlesim/include/turtlesim/turtlesim/action/detail/rotate_absolute__struct.h
[30.605s] -- Installing: /home/a/harurobo/install/turtlesim/include/turtlesim/turtlesim/action/detail/rotate_absolute__functions.c
[30.605s] -- Installing: /home/a/harurobo/install/turtlesim/share/turtlesim/environment/library_path.sh
[30.605s] -- Installing: /home/a/harurobo/install/turtlesim/share/turtlesim/environment/library_path.dsv
[30.605s] -- Installing: /home/a/harurobo/install/turtlesim/lib/libturtlesim__rosidl_generator_c.so
[30.606s] -- Set runtime path of "/home/a/harurobo/install/turtlesim/lib/libturtlesim__rosidl_generator_c.so" to ""
[30.606s] -- Up-to-date: /home/a/harurobo/install/turtlesim/include/turtlesim/turtlesim
[30.606s] -- Up-to-date: /home/a/harurobo/install/turtlesim/include/turtlesim/turtlesim/msg
[30.606s] -- Up-to-date: /home/a/harurobo/install/turtlesim/include/turtlesim/turtlesim/msg/detail
[30.606s] -- Installing: /home/a/harurobo/install/turtlesim/include/turtlesim/turtlesim/msg/detail/color__rosidl_typesupport_fastrtps_c.h
[30.606s] -- Installing: /home/a/harurobo/install/turtlesim/include/turtlesim/turtlesim/msg/detail/pose__rosidl_typesupport_fastrtps_c.h
[30.606s] -- Installing: /home/a/harurobo/install/turtlesim/include/turtlesim/turtlesim/msg/rosidl_typesupport_fastrtps_c__visibility_control.h
[30.607s] -- Up-to-date: /home/a/harurobo/install/turtlesim/include/turtlesim/turtlesim/srv
[30.607s] -- Up-to-date: /home/a/harurobo/install/turtlesim/include/turtlesim/turtlesim/srv/detail
[30.607s] -- Installing: /home/a/harurobo/install/turtlesim/include/turtlesim/turtlesim/srv/detail/teleport_relative__rosidl_typesupport_fastrtps_c.h
[30.607s] -- Installing: /home/a/harurobo/install/turtlesim/include/turtlesim/turtlesim/srv/detail/teleport_absolute__rosidl_typesupport_fastrtps_c.h
[30.607s] -- Installing: /home/a/harurobo/install/turtlesim/include/turtlesim/turtlesim/srv/detail/kill__rosidl_typesupport_fastrtps_c.h
[30.607s] -- Installing: /home/a/harurobo/install/turtlesim/include/turtlesim/turtlesim/srv/detail/set_pen__rosidl_typesupport_fastrtps_c.h
[30.607s] -- Installing: /home/a/harurobo/install/turtlesim/include/turtlesim/turtlesim/srv/detail/spawn__rosidl_typesupport_fastrtps_c.h
[30.607s] -- Up-to-date: /home/a/harurobo/install/turtlesim/include/turtlesim/turtlesim/action
[30.607s] -- Up-to-date: /home/a/harurobo/install/turtlesim/include/turtlesim/turtlesim/action/detail
[30.607s] -- Installing: /home/a/harurobo/install/turtlesim/include/turtlesim/turtlesim/action/detail/rotate_absolute__rosidl_typesupport_fastrtps_c.h
[30.607s] -- Installing: /home/a/harurobo/install/turtlesim/lib/libturtlesim__rosidl_typesupport_fastrtps_c.so
[30.608s] -- Set runtime path of "/home/a/harurobo/install/turtlesim/lib/libturtlesim__rosidl_typesupport_fastrtps_c.so" to ""
[30.608s] -- Up-to-date: /home/a/harurobo/install/turtlesim/include/turtlesim/turtlesim
[30.608s] -- Up-to-date: /home/a/harurobo/install/turtlesim/include/turtlesim/turtlesim/msg
[30.608s] -- Installing: /home/a/harurobo/install/turtlesim/include/turtlesim/turtlesim/msg/pose.hpp
[30.608s] -- Up-to-date: /home/a/harurobo/install/turtlesim/include/turtlesim/turtlesim/msg/detail
[30.608s] -- Installing: /home/a/harurobo/install/turtlesim/include/turtlesim/turtlesim/msg/detail/color__struct.hpp
[30.608s] -- Installing: /home/a/harurobo/install/turtlesim/include/turtlesim/turtlesim/msg/detail/color__traits.hpp
[30.608s] -- Installing: /home/a/harurobo/install/turtlesim/include/turtlesim/turtlesim/msg/detail/pose__struct.hpp
[30.608s] -- Installing: /home/a/harurobo/install/turtlesim/include/turtlesim/turtlesim/msg/detail/pose__builder.hpp
[30.608s] -- Installing: /home/a/harurobo/install/turtlesim/include/turtlesim/turtlesim/msg/detail/color__builder.hpp
[30.609s] -- Installing: /home/a/harurobo/install/turtlesim/include/turtlesim/turtlesim/msg/detail/pose__traits.hpp
[30.609s] -- Installing: /home/a/harurobo/install/turtlesim/include/turtlesim/turtlesim/msg/color.hpp
[30.609s] -- Up-to-date: /home/a/harurobo/install/turtlesim/include/turtlesim/turtlesim/srv
[30.609s] -- Installing: /home/a/harurobo/install/turtlesim/include/turtlesim/turtlesim/srv/spawn.hpp
[30.609s] -- Installing: /home/a/harurobo/install/turtlesim/include/turtlesim/turtlesim/srv/kill.hpp
[30.610s] -- Installing: /home/a/harurobo/install/turtlesim/include/turtlesim/turtlesim/srv/set_pen.hpp
[30.610s] -- Up-to-date: /home/a/harurobo/install/turtlesim/include/turtlesim/turtlesim/srv/detail
[30.610s] -- Installing: /home/a/harurobo/install/turtlesim/include/turtlesim/turtlesim/srv/detail/teleport_relative__struct.hpp
[30.610s] -- Installing: /home/a/harurobo/install/turtlesim/include/turtlesim/turtlesim/srv/detail/kill__builder.hpp
[30.610s] -- Installing: /home/a/harurobo/install/turtlesim/include/turtlesim/turtlesim/srv/detail/set_pen__builder.hpp
[30.610s] -- Installing: /home/a/harurobo/install/turtlesim/include/turtlesim/turtlesim/srv/detail/teleport_absolute__struct.hpp
[30.610s] -- Installing: /home/a/harurobo/install/turtlesim/include/turtlesim/turtlesim/srv/detail/teleport_relative__builder.hpp
[30.610s] -- Installing: /home/a/harurobo/install/turtlesim/include/turtlesim/turtlesim/srv/detail/teleport_absolute__traits.hpp
[30.610s] -- Installing: /home/a/harurobo/install/turtlesim/include/turtlesim/turtlesim/srv/detail/kill__struct.hpp
[30.611s] -- Installing: /home/a/harurobo/install/turtlesim/include/turtlesim/turtlesim/srv/detail/set_pen__struct.hpp
[30.611s] -- Installing: /home/a/harurobo/install/turtlesim/include/turtlesim/turtlesim/srv/detail/spawn__builder.hpp
[30.611s] -- Installing: /home/a/harurobo/install/turtlesim/include/turtlesim/turtlesim/srv/detail/kill__traits.hpp
[30.611s] -- Installing: /home/a/harurobo/install/turtlesim/include/turtlesim/turtlesim/srv/detail/spawn__struct.hpp
[30.612s] -- Installing: /home/a/harurobo/install/turtlesim/include/turtlesim/turtlesim/srv/detail/spawn__traits.hpp
[30.612s] -- Installing: /home/a/harurobo/install/turtlesim/include/turtlesim/turtlesim/srv/detail/set_pen__traits.hpp
[30.612s] -- Installing: /home/a/harurobo/install/turtlesim/include/turtlesim/turtlesim/srv/detail/teleport_relative__traits.hpp
[30.612s] -- Installing: /home/a/harurobo/install/turtlesim/include/turtlesim/turtlesim/srv/detail/teleport_absolute__builder.hpp
[30.612s] -- Installing: /home/a/harurobo/install/turtlesim/include/turtlesim/turtlesim/srv/teleport_relative.hpp
[30.612s] -- Installing: /home/a/harurobo/install/turtlesim/include/turtlesim/turtlesim/srv/teleport_absolute.hpp
[30.612s] -- Up-to-date: /home/a/harurobo/install/turtlesim/include/turtlesim/turtlesim/action
[30.612s] -- Installing: /home/a/harurobo/install/turtlesim/include/turtlesim/turtlesim/action/rotate_absolute.hpp
[30.612s] -- Up-to-date: /home/a/harurobo/install/turtlesim/include/turtlesim/turtlesim/action/detail
[30.612s] -- Installing: /home/a/harurobo/install/turtlesim/include/turtlesim/turtlesim/action/detail/rotate_absolute__traits.hpp
[30.612s] -- Installing: /home/a/harurobo/install/turtlesim/include/turtlesim/turtlesim/action/detail/rotate_absolute__builder.hpp
[30.612s] -- Installing: /home/a/harurobo/install/turtlesim/include/turtlesim/turtlesim/action/detail/rotate_absolute__struct.hpp
[30.613s] -- Up-to-date: /home/a/harurobo/install/turtlesim/include/turtlesim/turtlesim
[30.613s] -- Up-to-date: /home/a/harurobo/install/turtlesim/include/turtlesim/turtlesim/msg
[30.613s] -- Installing: /home/a/harurobo/install/turtlesim/include/turtlesim/turtlesim/msg/rosidl_typesupport_fastrtps_cpp__visibility_control.h
[30.613s] -- Up-to-date: /home/a/harurobo/install/turtlesim/include/turtlesim/turtlesim/msg/detail
[30.613s] -- Installing: /home/a/harurobo/install/turtlesim/include/turtlesim/turtlesim/msg/detail/dds_fastrtps
[30.613s] -- Installing: /home/a/harurobo/install/turtlesim/include/turtlesim/turtlesim/msg/detail/pose__rosidl_typesupport_fastrtps_cpp.hpp
[30.613s] -- Installing: /home/a/harurobo/install/turtlesim/include/turtlesim/turtlesim/msg/detail/color__rosidl_typesupport_fastrtps_cpp.hpp
[30.613s] -- Up-to-date: /home/a/harurobo/install/turtlesim/include/turtlesim/turtlesim/srv
[30.613s] -- Up-to-date: /home/a/harurobo/install/turtlesim/include/turtlesim/turtlesim/srv/detail
[30.614s] -- Installing: /home/a/harurobo/install/turtlesim/include/turtlesim/turtlesim/srv/detail/dds_fastrtps
[30.614s] -- Installing: /home/a/harurobo/install/turtlesim/include/turtlesim/turtlesim/srv/detail/set_pen__rosidl_typesupport_fastrtps_cpp.hpp
[30.614s] -- Installing: /home/a/harurobo/install/turtlesim/include/turtlesim/turtlesim/srv/detail/teleport_relative__rosidl_typesupport_fastrtps_cpp.hpp
[30.614s] -- Installing: /home/a/harurobo/install/turtlesim/include/turtlesim/turtlesim/srv/detail/spawn__rosidl_typesupport_fastrtps_cpp.hpp
[30.614s] -- Installing: /home/a/harurobo/install/turtlesim/include/turtlesim/turtlesim/srv/detail/kill__rosidl_typesupport_fastrtps_cpp.hpp
[30.614s] -- Installing: /home/a/harurobo/install/turtlesim/include/turtlesim/turtlesim/srv/detail/teleport_absolute__rosidl_typesupport_fastrtps_cpp.hpp
[30.614s] -- Up-to-date: /home/a/harurobo/install/turtlesim/include/turtlesim/turtlesim/action
[30.615s] -- Up-to-date: /home/a/harurobo/install/turtlesim/include/turtlesim/turtlesim/action/detail
[30.615s] -- Installing: /home/a/harurobo/install/turtlesim/include/turtlesim/turtlesim/action/detail/rotate_absolute__rosidl_typesupport_fastrtps_cpp.hpp
[30.615s] -- Installing: /home/a/harurobo/install/turtlesim/include/turtlesim/turtlesim/action/detail/dds_fastrtps
[30.615s] -- Installing: /home/a/harurobo/install/turtlesim/lib/libturtlesim__rosidl_typesupport_fastrtps_cpp.so
[30.615s] -- Set runtime path of "/home/a/harurobo/install/turtlesim/lib/libturtlesim__rosidl_typesupport_fastrtps_cpp.so" to ""
[30.616s] -- Up-to-date: /home/a/harurobo/install/turtlesim/include/turtlesim/turtlesim
[30.616s] -- Up-to-date: /home/a/harurobo/install/turtlesim/include/turtlesim/turtlesim/msg
[30.616s] -- Installing: /home/a/harurobo/install/turtlesim/include/turtlesim/turtlesim/msg/rosidl_typesupport_introspection_c__visibility_control.h
[30.616s] -- Up-to-date: /home/a/harurobo/install/turtlesim/include/turtlesim/turtlesim/msg/detail
[30.616s] -- Installing: /home/a/harurobo/install/turtlesim/include/turtlesim/turtlesim/msg/detail/pose__rosidl_typesupport_introspection_c.h
[30.616s] -- Installing: /home/a/harurobo/install/turtlesim/include/turtlesim/turtlesim/msg/detail/pose__type_support.c
[30.616s] -- Installing: /home/a/harurobo/install/turtlesim/include/turtlesim/turtlesim/msg/detail/color__rosidl_typesupport_introspection_c.h
[30.616s] -- Installing: /home/a/harurobo/install/turtlesim/include/turtlesim/turtlesim/msg/detail/color__type_support.c
[30.616s] -- Up-to-date: /home/a/harurobo/install/turtlesim/include/turtlesim/turtlesim/srv
[30.616s] -- Up-to-date: /home/a/harurobo/install/turtlesim/include/turtlesim/turtlesim/srv/detail
[30.616s] -- Installing: /home/a/harurobo/install/turtlesim/include/turtlesim/turtlesim/srv/detail/kill__type_support.c
[30.616s] -- Installing: /home/a/harurobo/install/turtlesim/include/turtlesim/turtlesim/srv/detail/set_pen__type_support.c
[30.617s] -- Installing: /home/a/harurobo/install/turtlesim/include/turtlesim/turtlesim/srv/detail/spawn__type_support.c
[30.617s] -- Installing: /home/a/harurobo/install/turtlesim/include/turtlesim/turtlesim/srv/detail/teleport_relative__type_support.c
[30.617s] -- Installing: /home/a/harurobo/install/turtlesim/include/turtlesim/turtlesim/srv/detail/teleport_absolute__type_support.c
[30.617s] -- Installing: /home/a/harurobo/install/turtlesim/include/turtlesim/turtlesim/srv/detail/teleport_absolute__rosidl_typesupport_introspection_c.h
[30.618s] -- Installing: /home/a/harurobo/install/turtlesim/include/turtlesim/turtlesim/srv/detail/set_pen__rosidl_typesupport_introspection_c.h
[30.618s] -- Installing: /home/a/harurobo/install/turtlesim/include/turtlesim/turtlesim/srv/detail/spawn__rosidl_typesupport_introspection_c.h
[30.618s] -- Installing: /home/a/harurobo/install/turtlesim/include/turtlesim/turtlesim/srv/detail/kill__rosidl_typesupport_introspection_c.h
[30.618s] -- Installing: /home/a/harurobo/install/turtlesim/include/turtlesim/turtlesim/srv/detail/teleport_relative__rosidl_typesupport_introspection_c.h
[30.618s] -- Up-to-date: /home/a/harurobo/install/turtlesim/include/turtlesim/turtlesim/action
[30.618s] -- Up-to-date: /home/a/harurobo/install/turtlesim/include/turtlesim/turtlesim/action/detail
[30.618s] -- Installing: /home/a/harurobo/install/turtlesim/include/turtlesim/turtlesim/action/detail/rotate_absolute__rosidl_typesupport_introspection_c.h
[30.618s] -- Installing: /home/a/harurobo/install/turtlesim/include/turtlesim/turtlesim/action/detail/rotate_absolute__type_support.c
[30.619s] -- Installing: /home/a/harurobo/install/turtlesim/lib/libturtlesim__rosidl_typesupport_introspection_c.so
[30.619s] -- Set runtime path of "/home/a/harurobo/install/turtlesim/lib/libturtlesim__rosidl_typesupport_introspection_c.so" to ""
[30.619s] -- Installing: /home/a/harurobo/install/turtlesim/lib/libturtlesim__rosidl_typesupport_c.so
[30.619s] -- Set runtime path of "/home/a/harurobo/install/turtlesim/lib/libturtlesim__rosidl_typesupport_c.so" to ""
[30.620s] -- Up-to-date: /home/a/harurobo/install/turtlesim/include/turtlesim/turtlesim
[30.620s] -- Up-to-date: /home/a/harurobo/install/turtlesim/include/turtlesim/turtlesim/msg
[30.620s] -- Up-to-date: /home/a/harurobo/install/turtlesim/include/turtlesim/turtlesim/msg/detail
[30.620s] -- Installing: /home/a/harurobo/install/turtlesim/include/turtlesim/turtlesim/msg/detail/pose__type_support.cpp
[30.620s] -- Installing: /home/a/harurobo/install/turtlesim/include/turtlesim/turtlesim/msg/detail/color__type_support.cpp
[30.620s] -- Installing: /home/a/harurobo/install/turtlesim/include/turtlesim/turtlesim/msg/detail/pose__rosidl_typesupport_introspection_cpp.hpp
[30.620s] -- Installing: /home/a/harurobo/install/turtlesim/include/turtlesim/turtlesim/msg/detail/color__rosidl_typesupport_introspection_cpp.hpp
[30.620s] -- Up-to-date: /home/a/harurobo/install/turtlesim/include/turtlesim/turtlesim/srv
[30.620s] -- Up-to-date: /home/a/harurobo/install/turtlesim/include/turtlesim/turtlesim/srv/detail
[30.620s] -- Installing: /home/a/harurobo/install/turtlesim/include/turtlesim/turtlesim/srv/detail/kill__type_support.cpp
[30.620s] -- Installing: /home/a/harurobo/install/turtlesim/include/turtlesim/turtlesim/srv/detail/set_pen__rosidl_typesupport_introspection_cpp.hpp
[30.620s] -- Installing: /home/a/harurobo/install/turtlesim/include/turtlesim/turtlesim/srv/detail/teleport_absolute__type_support.cpp
[30.620s] -- Installing: /home/a/harurobo/install/turtlesim/include/turtlesim/turtlesim/srv/detail/teleport_relative__rosidl_typesupport_introspection_cpp.hpp
[30.620s] -- Installing: /home/a/harurobo/install/turtlesim/include/turtlesim/turtlesim/srv/detail/spawn__type_support.cpp
[30.621s] -- Installing: /home/a/harurobo/install/turtlesim/include/turtlesim/turtlesim/srv/detail/spawn__rosidl_typesupport_introspection_cpp.hpp
[30.621s] -- Installing: /home/a/harurobo/install/turtlesim/include/turtlesim/turtlesim/srv/detail/kill__rosidl_typesupport_introspection_cpp.hpp
[30.621s] -- Installing: /home/a/harurobo/install/turtlesim/include/turtlesim/turtlesim/srv/detail/set_pen__type_support.cpp
[30.621s] -- Installing: /home/a/harurobo/install/turtlesim/include/turtlesim/turtlesim/srv/detail/teleport_absolute__rosidl_typesupport_introspection_cpp.hpp
[30.621s] -- Installing: /home/a/harurobo/install/turtlesim/include/turtlesim/turtlesim/srv/detail/teleport_relative__type_support.cpp
[30.621s] -- Up-to-date: /home/a/harurobo/install/turtlesim/include/turtlesim/turtlesim/action
[30.621s] -- Up-to-date: /home/a/harurobo/install/turtlesim/include/turtlesim/turtlesim/action/detail
[30.621s] -- Installing: /home/a/harurobo/install/turtlesim/include/turtlesim/turtlesim/action/detail/rotate_absolute__type_support.cpp
[30.621s] -- Installing: /home/a/harurobo/install/turtlesim/include/turtlesim/turtlesim/action/detail/rotate_absolute__rosidl_typesupport_introspection_cpp.hpp
[30.621s] -- Installing: /home/a/harurobo/install/turtlesim/lib/libturtlesim__rosidl_typesupport_introspection_cpp.so
[30.621s] -- Set runtime path of "/home/a/harurobo/install/turtlesim/lib/libturtlesim__rosidl_typesupport_introspection_cpp.so" to ""
[30.622s] -- Installing: /home/a/harurobo/install/turtlesim/lib/libturtlesim__rosidl_typesupport_cpp.so
[30.622s] -- Set runtime path of "/home/a/harurobo/install/turtlesim/lib/libturtlesim__rosidl_typesupport_cpp.so" to ""
[30.622s] -- Installing: /home/a/harurobo/install/turtlesim/share/turtlesim/environment/pythonpath.sh
[30.622s] -- Installing: /home/a/harurobo/install/turtlesim/share/turtlesim/environment/pythonpath.dsv
[30.622s] -- Installing: /home/a/harurobo/install/turtlesim/local/lib/python3.10/dist-packages/turtlesim-1.4.2-py3.10.egg-info
[30.622s] -- Installing: /home/a/harurobo/install/turtlesim/local/lib/python3.10/dist-packages/turtlesim-1.4.2-py3.10.egg-info/PKG-INFO
[30.622s] -- Installing: /home/a/harurobo/install/turtlesim/local/lib/python3.10/dist-packages/turtlesim-1.4.2-py3.10.egg-info/top_level.txt
[30.622s] -- Installing: /home/a/harurobo/install/turtlesim/local/lib/python3.10/dist-packages/turtlesim-1.4.2-py3.10.egg-info/dependency_links.txt
[30.622s] -- Installing: /home/a/harurobo/install/turtlesim/local/lib/python3.10/dist-packages/turtlesim-1.4.2-py3.10.egg-info/SOURCES.txt
[30.623s] -- Installing: /home/a/harurobo/install/turtlesim/local/lib/python3.10/dist-packages/turtlesim
[30.623s] -- Installing: /home/a/harurobo/install/turtlesim/local/lib/python3.10/dist-packages/turtlesim/__init__.py
[30.623s] -- Installing: /home/a/harurobo/install/turtlesim/local/lib/python3.10/dist-packages/turtlesim/msg
[30.623s] -- Installing: /home/a/harurobo/install/turtlesim/local/lib/python3.10/dist-packages/turtlesim/msg/__init__.py
[30.623s] -- Installing: /home/a/harurobo/install/turtlesim/local/lib/python3.10/dist-packages/turtlesim/msg/_pose_s.c
[30.623s] -- Installing: /home/a/harurobo/install/turtlesim/local/lib/python3.10/dist-packages/turtlesim/msg/_color.py
[30.623s] -- Installing: /home/a/harurobo/install/turtlesim/local/lib/python3.10/dist-packages/turtlesim/msg/_pose.py
[30.623s] -- Installing: /home/a/harurobo/install/turtlesim/local/lib/python3.10/dist-packages/turtlesim/msg/_color_s.c
[30.623s] -- Installing: /home/a/harurobo/install/turtlesim/local/lib/python3.10/dist-packages/turtlesim/_turtlesim_s.ep.rosidl_typesupport_introspection_c.c
[30.623s] -- Installing: /home/a/harurobo/install/turtlesim/local/lib/python3.10/dist-packages/turtlesim/turtlesim_s__rosidl_typesupport_c.cpython-310-aarch64-linux-gnu.so
[30.623s] -- Installing: /home/a/harurobo/install/turtlesim/local/lib/python3.10/dist-packages/turtlesim/_turtlesim_s.ep.rosidl_typesupport_c.c
[30.624s] -- Installing: /home/a/harurobo/install/turtlesim/local/lib/python3.10/dist-packages/turtlesim/libturtlesim__rosidl_generator_py.so
[30.624s] -- Installing: /home/a/harurobo/install/turtlesim/local/lib/python3.10/dist-packages/turtlesim/srv
[30.624s] -- Installing: /home/a/harurobo/install/turtlesim/local/lib/python3.10/dist-packages/turtlesim/srv/__init__.py
[30.624s] -- Installing: /home/a/harurobo/install/turtlesim/local/lib/python3.10/dist-packages/turtlesim/srv/_teleport_relative_s.c
[30.624s] -- Installing: /home/a/harurobo/install/turtlesim/local/lib/python3.10/dist-packages/turtlesim/srv/_spawn.py
[30.624s] -- Installing: /home/a/harurobo/install/turtlesim/local/lib/python3.10/dist-packages/turtlesim/srv/_set_pen_s.c
[30.624s] -- Installing: /home/a/harurobo/install/turtlesim/local/lib/python3.10/dist-packages/turtlesim/srv/_teleport_absolute.py
[30.624s] -- Installing: /home/a/harurobo/install/turtlesim/local/lib/python3.10/dist-packages/turtlesim/srv/_spawn_s.c
[30.624s] -- Installing: /home/a/harurobo/install/turtlesim/local/lib/python3.10/dist-packages/turtlesim/srv/_teleport_relative.py
[30.624s] -- Installing: /home/a/harurobo/install/turtlesim/local/lib/python3.10/dist-packages/turtlesim/srv/_kill.py
[30.624s] -- Installing: /home/a/harurobo/install/turtlesim/local/lib/python3.10/dist-packages/turtlesim/srv/_teleport_absolute_s.c
[30.625s] -- Installing: /home/a/harurobo/install/turtlesim/local/lib/python3.10/dist-packages/turtlesim/srv/_kill_s.c
[30.625s] -- Installing: /home/a/harurobo/install/turtlesim/local/lib/python3.10/dist-packages/turtlesim/srv/_set_pen.py
[30.625s] -- Installing: /home/a/harurobo/install/turtlesim/local/lib/python3.10/dist-packages/turtlesim/turtlesim_s__rosidl_typesupport_fastrtps_c.cpython-310-aarch64-linux-gnu.so
[30.625s] -- Installing: /home/a/harurobo/install/turtlesim/local/lib/python3.10/dist-packages/turtlesim/action
[30.625s] -- Installing: /home/a/harurobo/install/turtlesim/local/lib/python3.10/dist-packages/turtlesim/action/__init__.py
[30.625s] -- Installing: /home/a/harurobo/install/turtlesim/local/lib/python3.10/dist-packages/turtlesim/action/_rotate_absolute.py
[30.625s] -- Installing: /home/a/harurobo/install/turtlesim/local/lib/python3.10/dist-packages/turtlesim/action/_rotate_absolute_s.c
[30.625s] -- Installing: /home/a/harurobo/install/turtlesim/local/lib/python3.10/dist-packages/turtlesim/turtlesim_s__rosidl_typesupport_introspection_c.cpython-310-aarch64-linux-gnu.so
[30.625s] -- Installing: /home/a/harurobo/install/turtlesim/local/lib/python3.10/dist-packages/turtlesim/_turtlesim_s.ep.rosidl_typesupport_fastrtps_c.c
[30.667s] Listing '/home/a/harurobo/install/turtlesim/local/lib/python3.10/dist-packages/turtlesim'...
[30.668s] Compiling '/home/a/harurobo/install/turtlesim/local/lib/python3.10/dist-packages/turtlesim/__init__.py'...
[30.668s] Listing '/home/a/harurobo/install/turtlesim/local/lib/python3.10/dist-packages/turtlesim/action'...
[30.668s] Compiling '/home/a/harurobo/install/turtlesim/local/lib/python3.10/dist-packages/turtlesim/action/__init__.py'...
[30.668s] Compiling '/home/a/harurobo/install/turtlesim/local/lib/python3.10/dist-packages/turtlesim/action/_rotate_absolute.py'...
[30.668s] Listing '/home/a/harurobo/install/turtlesim/local/lib/python3.10/dist-packages/turtlesim/msg'...
[30.668s] Compiling '/home/a/harurobo/install/turtlesim/local/lib/python3.10/dist-packages/turtlesim/msg/__init__.py'...
[30.668s] Compiling '/home/a/harurobo/install/turtlesim/local/lib/python3.10/dist-packages/turtlesim/msg/_color.py'...
[30.668s] Compiling '/home/a/harurobo/install/turtlesim/local/lib/python3.10/dist-packages/turtlesim/msg/_pose.py'...
[30.668s] Listing '/home/a/harurobo/install/turtlesim/local/lib/python3.10/dist-packages/turtlesim/srv'...
[30.668s] Compiling '/home/a/harurobo/install/turtlesim/local/lib/python3.10/dist-packages/turtlesim/srv/__init__.py'...
[30.668s] Compiling '/home/a/harurobo/install/turtlesim/local/lib/python3.10/dist-packages/turtlesim/srv/_kill.py'...
[30.668s] Compiling '/home/a/harurobo/install/turtlesim/local/lib/python3.10/dist-packages/turtlesim/srv/_set_pen.py'...
[30.668s] Compiling '/home/a/harurobo/install/turtlesim/local/lib/python3.10/dist-packages/turtlesim/srv/_spawn.py'...
[30.668s] Compiling '/home/a/harurobo/install/turtlesim/local/lib/python3.10/dist-packages/turtlesim/srv/_teleport_absolute.py'...
[30.668s] Compiling '/home/a/harurobo/install/turtlesim/local/lib/python3.10/dist-packages/turtlesim/srv/_teleport_relative.py'...
[30.672s] -- Installing: /home/a/harurobo/install/turtlesim/local/lib/python3.10/dist-packages/turtlesim/turtlesim_s__rosidl_typesupport_fastrtps_c.cpython-310-aarch64-linux-gnu.so
[30.672s] -- Set runtime path of "/home/a/harurobo/install/turtlesim/local/lib/python3.10/dist-packages/turtlesim/turtlesim_s__rosidl_typesupport_fastrtps_c.cpython-310-aarch64-linux-gnu.so" to ""
[30.672s] -- Installing: /home/a/harurobo/install/turtlesim/local/lib/python3.10/dist-packages/turtlesim/turtlesim_s__rosidl_typesupport_introspection_c.cpython-310-aarch64-linux-gnu.so
[30.672s] -- Set runtime path of "/home/a/harurobo/install/turtlesim/local/lib/python3.10/dist-packages/turtlesim/turtlesim_s__rosidl_typesupport_introspection_c.cpython-310-aarch64-linux-gnu.so" to ""
[30.673s] -- Installing: /home/a/harurobo/install/turtlesim/local/lib/python3.10/dist-packages/turtlesim/turtlesim_s__rosidl_typesupport_c.cpython-310-aarch64-linux-gnu.so
[30.673s] -- Set runtime path of "/home/a/harurobo/install/turtlesim/local/lib/python3.10/dist-packages/turtlesim/turtlesim_s__rosidl_typesupport_c.cpython-310-aarch64-linux-gnu.so" to ""
[30.673s] -- Installing: /home/a/harurobo/install/turtlesim/lib/libturtlesim__rosidl_generator_py.so
[30.673s] -- Set runtime path of "/home/a/harurobo/install/turtlesim/lib/libturtlesim__rosidl_generator_py.so" to ""
[30.673s] -- Installing: /home/a/harurobo/install/turtlesim/share/turtlesim/action/RotateAbsolute.idl
[30.673s] -- Installing: /home/a/harurobo/install/turtlesim/share/turtlesim/msg/Color.idl
[30.673s] -- Installing: /home/a/harurobo/install/turtlesim/share/turtlesim/msg/Pose.idl
[30.674s] -- Installing: /home/a/harurobo/install/turtlesim/share/turtlesim/srv/Kill.idl
[30.674s] -- Installing: /home/a/harurobo/install/turtlesim/share/turtlesim/srv/SetPen.idl
[30.674s] -- Installing: /home/a/harurobo/install/turtlesim/share/turtlesim/srv/Spawn.idl
[30.674s] -- Installing: /home/a/harurobo/install/turtlesim/share/turtlesim/srv/TeleportAbsolute.idl
[30.674s] -- Installing: /home/a/harurobo/install/turtlesim/share/turtlesim/srv/TeleportRelative.idl
[30.674s] -- Installing: /home/a/harurobo/install/turtlesim/share/turtlesim/action/RotateAbsolute.action
[30.674s] -- Installing: /home/a/harurobo/install/turtlesim/share/turtlesim/msg/Color.msg
[30.674s] -- Installing: /home/a/harurobo/install/turtlesim/share/turtlesim/msg/Pose.msg
[30.675s] -- Installing: /home/a/harurobo/install/turtlesim/share/turtlesim/srv/Kill.srv
[30.675s] -- Installing: /home/a/harurobo/install/turtlesim/share/turtlesim/srv/Kill_Request.msg
[30.675s] -- Installing: /home/a/harurobo/install/turtlesim/share/turtlesim/srv/Kill_Response.msg
[30.676s] -- Installing: /home/a/harurobo/install/turtlesim/share/turtlesim/srv/SetPen.srv
[30.676s] -- Installing: /home/a/harurobo/install/turtlesim/share/turtlesim/srv/SetPen_Request.msg
[30.676s] -- Installing: /home/a/harurobo/install/turtlesim/share/turtlesim/srv/SetPen_Response.msg
[30.676s] -- Installing: /home/a/harurobo/install/turtlesim/share/turtlesim/srv/Spawn.srv
[30.676s] -- Installing: /home/a/harurobo/install/turtlesim/share/turtlesim/srv/Spawn_Request.msg
[30.676s] -- Installing: /home/a/harurobo/install/turtlesim/share/turtlesim/srv/Spawn_Response.msg
[30.676s] -- Installing: /home/a/harurobo/install/turtlesim/share/turtlesim/srv/TeleportAbsolute.srv
[30.676s] -- Installing: /home/a/harurobo/install/turtlesim/share/turtlesim/srv/TeleportAbsolute_Request.msg
[30.676s] -- Installing: /home/a/harurobo/install/turtlesim/share/turtlesim/srv/TeleportAbsolute_Response.msg
[30.676s] -- Installing: /home/a/harurobo/install/turtlesim/share/turtlesim/srv/TeleportRelative.srv
[30.676s] -- Installing: /home/a/harurobo/install/turtlesim/share/turtlesim/srv/TeleportRelative_Request.msg
[30.676s] -- Installing: /home/a/harurobo/install/turtlesim/share/turtlesim/srv/TeleportRelative_Response.msg
[30.676s] -- Installing: /home/a/harurobo/install/turtlesim/lib/turtlesim/turtlesim_node
[30.682s] -- Set runtime path of "/home/a/harurobo/install/turtlesim/lib/turtlesim/turtlesim_node" to ""
[30.682s] -- Installing: /home/a/harurobo/install/turtlesim/lib/turtlesim/turtle_teleop_key
[30.683s] -- Set runtime path of "/home/a/harurobo/install/turtlesim/lib/turtlesim/turtle_teleop_key" to ""
[30.683s] -- Installing: /home/a/harurobo/install/turtlesim/lib/turtlesim/draw_square
[30.690s] -- Set runtime path of "/home/a/harurobo/install/turtlesim/lib/turtlesim/draw_square" to ""
[30.690s] -- Installing: /home/a/harurobo/install/turtlesim/lib/turtlesim/mimic
[30.695s] -- Set runtime path of "/home/a/harurobo/install/turtlesim/lib/turtlesim/mimic" to ""
[30.695s] -- Installing: /home/a/harurobo/install/turtlesim/share/turtlesim/images
[30.695s] -- Installing: /home/a/harurobo/install/turtlesim/share/turtlesim/images/galactic.png
[30.695s] -- Installing: /home/a/harurobo/install/turtlesim/share/turtlesim/images/eloquent.png
[30.695s] -- Installing: /home/a/harurobo/install/turtlesim/share/turtlesim/images/dashing.png
[30.695s] -- Installing: /home/a/harurobo/install/turtlesim/share/turtlesim/images/humble.png
[30.695s] -- Installing: /home/a/harurobo/install/turtlesim/share/turtlesim/images/ardent.png
[30.695s] -- Installing: /home/a/harurobo/install/turtlesim/share/turtlesim/images/rolling.png
[30.695s] -- Installing: /home/a/harurobo/install/turtlesim/share/turtlesim/images/crystal.png
[30.695s] -- Installing: /home/a/harurobo/install/turtlesim/share/turtlesim/images/foxy.png
[30.695s] -- Installing: /home/a/harurobo/install/turtlesim/share/turtlesim/images/bouncy.png
[30.695s] -- Installing: /home/a/harurobo/install/turtlesim/share/turtlesim/launch
[30.696s] -- Installing: /home/a/harurobo/install/turtlesim/share/turtlesim/launch/multisim.launch.py
[30.696s] -- Installing: /home/a/harurobo/install/turtlesim/share/ament_index/resource_index/package_run_dependencies/turtlesim
[30.696s] -- Installing: /home/a/harurobo/install/turtlesim/share/ament_index/resource_index/parent_prefix_path/turtlesim
[30.696s] -- Installing: /home/a/harurobo/install/turtlesim/share/turtlesim/environment/ament_prefix_path.sh
[30.696s] -- Installing: /home/a/harurobo/install/turtlesim/share/turtlesim/environment/ament_prefix_path.dsv
[30.696s] -- Installing: /home/a/harurobo/install/turtlesim/share/turtlesim/environment/path.sh
[30.696s] -- Installing: /home/a/harurobo/install/turtlesim/share/turtlesim/environment/path.dsv
[30.696s] -- Installing: /home/a/harurobo/install/turtlesim/share/turtlesim/local_setup.bash
[30.696s] -- Installing: /home/a/harurobo/install/turtlesim/share/turtlesim/local_setup.sh
[30.696s] -- Installing: /home/a/harurobo/install/turtlesim/share/turtlesim/local_setup.zsh
[30.697s] -- Installing: /home/a/harurobo/install/turtlesim/share/turtlesim/local_setup.dsv
[30.697s] -- Installing: /home/a/harurobo/install/turtlesim/share/turtlesim/package.dsv
[30.697s] -- Installing: /home/a/harurobo/install/turtlesim/share/ament_index/resource_index/packages/turtlesim
[30.697s] -- Installing: /home/a/harurobo/install/turtlesim/share/turtlesim/cmake/export_turtlesim__rosidl_generator_cExport.cmake
[30.697s] -- Installing: /home/a/harurobo/install/turtlesim/share/turtlesim/cmake/export_turtlesim__rosidl_generator_cExport-noconfig.cmake
[30.697s] -- Installing: /home/a/harurobo/install/turtlesim/share/turtlesim/cmake/export_turtlesim__rosidl_typesupport_fastrtps_cExport.cmake
[30.697s] -- Installing: /home/a/harurobo/install/turtlesim/share/turtlesim/cmake/export_turtlesim__rosidl_typesupport_fastrtps_cExport-noconfig.cmake
[30.697s] -- Installing: /home/a/harurobo/install/turtlesim/share/turtlesim/cmake/export_turtlesim__rosidl_generator_cppExport.cmake
[30.697s] -- Installing: /home/a/harurobo/install/turtlesim/share/turtlesim/cmake/export_turtlesim__rosidl_typesupport_fastrtps_cppExport.cmake
[30.698s] -- Installing: /home/a/harurobo/install/turtlesim/share/turtlesim/cmake/export_turtlesim__rosidl_typesupport_fastrtps_cppExport-noconfig.cmake
[30.698s] -- Installing: /home/a/harurobo/install/turtlesim/share/turtlesim/cmake/turtlesim__rosidl_typesupport_introspection_cExport.cmake
[30.698s] -- Installing: /home/a/harurobo/install/turtlesim/share/turtlesim/cmake/turtlesim__rosidl_typesupport_introspection_cExport-noconfig.cmake
[30.698s] -- Installing: /home/a/harurobo/install/turtlesim/share/turtlesim/cmake/turtlesim__rosidl_typesupport_cExport.cmake
[30.698s] -- Installing: /home/a/harurobo/install/turtlesim/share/turtlesim/cmake/turtlesim__rosidl_typesupport_cExport-noconfig.cmake
[30.698s] -- Installing: /home/a/harurobo/install/turtlesim/share/turtlesim/cmake/turtlesim__rosidl_typesupport_introspection_cppExport.cmake
[30.698s] -- Installing: /home/a/harurobo/install/turtlesim/share/turtlesim/cmake/turtlesim__rosidl_typesupport_introspection_cppExport-noconfig.cmake
[30.698s] -- Installing: /home/a/harurobo/install/turtlesim/share/turtlesim/cmake/turtlesim__rosidl_typesupport_cppExport.cmake
[30.698s] -- Installing: /home/a/harurobo/install/turtlesim/share/turtlesim/cmake/turtlesim__rosidl_typesupport_cppExport-noconfig.cmake
[30.698s] -- Installing: /home/a/harurobo/install/turtlesim/share/turtlesim/cmake/export_turtlesim__rosidl_generator_pyExport.cmake
[30.699s] -- Installing: /home/a/harurobo/install/turtlesim/share/turtlesim/cmake/export_turtlesim__rosidl_generator_pyExport-noconfig.cmake
[30.699s] -- Installing: /home/a/harurobo/install/turtlesim/share/turtlesim/cmake/rosidl_cmake-extras.cmake
[30.699s] -- Installing: /home/a/harurobo/install/turtlesim/share/turtlesim/cmake/ament_cmake_export_dependencies-extras.cmake
[30.699s] -- Installing: /home/a/harurobo/install/turtlesim/share/turtlesim/cmake/ament_cmake_export_include_directories-extras.cmake
[30.699s] -- Installing: /home/a/harurobo/install/turtlesim/share/turtlesim/cmake/ament_cmake_export_libraries-extras.cmake
[30.699s] -- Installing: /home/a/harurobo/install/turtlesim/share/turtlesim/cmake/ament_cmake_export_targets-extras.cmake
[30.699s] -- Installing: /home/a/harurobo/install/turtlesim/share/turtlesim/cmake/rosidl_cmake_export_typesupport_targets-extras.cmake
[30.699s] -- Installing: /home/a/harurobo/install/turtlesim/share/turtlesim/cmake/rosidl_cmake_export_typesupport_libraries-extras.cmake
[30.699s] -- Installing: /home/a/harurobo/install/turtlesim/share/turtlesim/cmake/turtlesimConfig.cmake
[30.699s] -- Installing: /home/a/harurobo/install/turtlesim/share/turtlesim/cmake/turtlesimConfig-version.cmake
[30.699s] -- Installing: /home/a/harurobo/install/turtlesim/share/turtlesim/package.xml
[30.703s] Invoked command in '/home/a/harurobo/build/turtlesim' returned '0': CMAKE_PREFIX_PATH=${CMAKE_PREFIX_PATH}:/home/a/ros2_ws/install/py_pubsub:/home/a/ros2_ws/install/launch_testing_examples:/home/a/ros2_ws/install/examples_rclpy_pointcloud_publisher:/home/a/ros2_ws/install/examples_rclpy_minimal_subscriber:/home/a/ros2_ws/install/examples_rclpy_minimal_service:/home/a/ros2_ws/install/examples_rclpy_minimal_publisher:/home/a/ros2_ws/install/examples_rclpy_minimal_client:/home/a/ros2_ws/install/examples_rclpy_minimal_action_server:/home/a/ros2_ws/install/examples_rclpy_minimal_action_client:/home/a/ros2_ws/install/examples_rclpy_guard_conditions:/home/a/ros2_ws/install/examples_rclpy_executors:/opt/ros/humble /usr/bin/cmake --install /home/a/harurobo/build/turtlesim
