[0.690s] Invoking command in '/home/a/harurobo/src/joy_sub': PYTHONPATH=/home/a/harurobo/build/joy_sub/prefix_override:/usr/lib/python3/dist-packages/colcon_core/task/python/colcon_distutils_commands:/home/a/harurobo/install/joy_sub/lib/python3.10/site-packages:${PYTHONPATH} /usr/bin/python3 -W ignore:setup.py install is deprecated -W ignore:easy_install command is deprecated setup.py egg_info --egg-base ../../build/joy_sub build --build-base /home/a/harurobo/build/joy_sub/build install --record /home/a/harurobo/build/joy_sub/install.log --single-version-externally-managed install_data
[0.846s] running egg_info
[0.847s] writing ../../build/joy_sub/joy_sub.egg-info/PKG-INFO
[0.847s] writing dependency_links to ../../build/joy_sub/joy_sub.egg-info/dependency_links.txt
[0.847s] writing entry points to ../../build/joy_sub/joy_sub.egg-info/entry_points.txt
[0.847s] writing requirements to ../../build/joy_sub/joy_sub.egg-info/requires.txt
[0.847s] writing top-level names to ../../build/joy_sub/joy_sub.egg-info/top_level.txt
[0.848s] reading manifest file '../../build/joy_sub/joy_sub.egg-info/SOURCES.txt'
[0.848s] writing manifest file '../../build/joy_sub/joy_sub.egg-info/SOURCES.txt'
[0.848s] running build
[0.848s] running build_py
[0.848s] copying joy_sub/joy_sub.py -> /home/a/harurobo/build/joy_sub/build/lib/joy_sub
[0.848s] running install
[0.849s] running install_lib
[0.849s] copying /home/a/harurobo/build/joy_sub/build/lib/joy_sub/joy_sub.py -> /home/a/harurobo/install/joy_sub/lib/python3.10/site-packages/joy_sub
[0.849s] byte-compiling /home/a/harurobo/install/joy_sub/lib/python3.10/site-packages/joy_sub/joy_sub.py to joy_sub.cpython-310.pyc
[0.849s] running install_data
[0.850s] running install_egg_info
[0.851s] removing '/home/a/harurobo/install/joy_sub/lib/python3.10/site-packages/joy_sub-0.0.0-py3.10.egg-info' (and everything under it)
[0.851s] Copying ../../build/joy_sub/joy_sub.egg-info to /home/a/harurobo/install/joy_sub/lib/python3.10/site-packages/joy_sub-0.0.0-py3.10.egg-info
[0.851s] running install_scripts
[0.863s] Installing joy_sub script to /home/a/harurobo/install/joy_sub/lib/joy_sub
[0.863s] writing list of installed files to '/home/a/harurobo/build/joy_sub/install.log'
[0.879s] Invoked command in '/home/a/harurobo/src/joy_sub' returned '0': PYTHONPATH=/home/a/harurobo/build/joy_sub/prefix_override:/usr/lib/python3/dist-packages/colcon_core/task/python/colcon_distutils_commands:/home/a/harurobo/install/joy_sub/lib/python3.10/site-packages:${PYTHONPATH} /usr/bin/python3 -W ignore:setup.py install is deprecated -W ignore:easy_install command is deprecated setup.py egg_info --egg-base ../../build/joy_sub build --build-base /home/a/harurobo/build/joy_sub/build install --record /home/a/harurobo/build/joy_sub/install.log --single-version-externally-managed install_data
