-- Found ament_cmake: 1.3.10 (/opt/ros/humble/share/ament_cmake/cmake)
-- Override CMake install command with custom implementation using symlinks instead of copying resources
-- Configuring done
-- Generating done
-- Build files have been written to: /home/a/harurobo/build/sdl2_vendor
-- Install configuration: ""
-- Execute custom install script
-- Symlinking: /home/a/harurobo/install/sdl2_vendor/share/sdl2_vendor/cmake/Modules/Findsdl2_custom.cmake
-- Symlinking: /home/a/harurobo/install/sdl2_vendor/share/ament_index/resource_index/package_run_dependencies/sdl2_vendor
-- Symlinking: /home/a/harurobo/install/sdl2_vendor/share/ament_index/resource_index/parent_prefix_path/sdl2_vendor
-- Symlinking: /home/a/harurobo/install/sdl2_vendor/share/sdl2_vendor/environment/ament_prefix_path.sh
-- Symlinking: /home/a/harurobo/install/sdl2_vendor/share/sdl2_vendor/environment/ament_prefix_path.dsv
-- Symlinking: /home/a/harurobo/install/sdl2_vendor/share/sdl2_vendor/environment/path.sh
-- Symlinking: /home/a/harurobo/install/sdl2_vendor/share/sdl2_vendor/environment/path.dsv
-- Symlinking: /home/a/harurobo/install/sdl2_vendor/share/sdl2_vendor/local_setup.bash
-- Symlinking: /home/a/harurobo/install/sdl2_vendor/share/sdl2_vendor/local_setup.sh
-- Symlinking: /home/a/harurobo/install/sdl2_vendor/share/sdl2_vendor/local_setup.zsh
-- Symlinking: /home/a/harurobo/install/sdl2_vendor/share/sdl2_vendor/local_setup.dsv
-- Symlinking: /home/a/harurobo/install/sdl2_vendor/share/sdl2_vendor/package.dsv
-- Symlinking: /home/a/harurobo/install/sdl2_vendor/share/ament_index/resource_index/packages/sdl2_vendor
-- Symlinking: /home/a/harurobo/install/sdl2_vendor/share/sdl2_vendor/cmake/sdl2_vendor-extras.cmake
-- Symlinking: /home/a/harurobo/install/sdl2_vendor/share/sdl2_vendor/cmake/sdl2_vendorConfig.cmake
-- Symlinking: /home/a/harurobo/install/sdl2_vendor/share/sdl2_vendor/cmake/sdl2_vendorConfig-version.cmake
-- Symlinking: /home/a/harurobo/install/sdl2_vendor/share/sdl2_vendor/package.xml
