[0.015s] Invoking command in '/home/a/harurobo/build/wiimote_msgs': CMAKE_PREFIX_PATH=${CMAKE_PREFIX_PATH}:/home/a/ros2_ws/install/py_pubsub:/home/a/ros2_ws/install/launch_testing_examples:/home/a/ros2_ws/install/examples_rclpy_pointcloud_publisher:/home/a/ros2_ws/install/examples_rclpy_minimal_subscriber:/home/a/ros2_ws/install/examples_rclpy_minimal_service:/home/a/ros2_ws/install/examples_rclpy_minimal_publisher:/home/a/ros2_ws/install/examples_rclpy_minimal_client:/home/a/ros2_ws/install/examples_rclpy_minimal_action_server:/home/a/ros2_ws/install/examples_rclpy_minimal_action_client:/home/a/ros2_ws/install/examples_rclpy_guard_conditions:/home/a/ros2_ws/install/examples_rclpy_executors:/opt/ros/humble /usr/bin/cmake --build /home/a/harurobo/build/wiimote_msgs -- -j6 -l6
[0.051s] [ 10%] Built target wiimote_msgs__rosidl_generator_c
[0.055s] [ 12%] Built target wiimote_msgs__cpp
[0.068s] [ 12%] Built target ament_cmake_python_copy_wiimote_msgs
[0.097s] [ 23%] Built target wiimote_msgs__rosidl_typesupport_fastrtps_cpp
[0.097s] [ 34%] Built target wiimote_msgs__rosidl_typesupport_fastrtps_c
[0.102s] [ 44%] Built target wiimote_msgs__rosidl_typesupport_cpp
[0.113s] [ 55%] Built target wiimote_msgs__rosidl_typesupport_introspection_c
[0.114s] [ 65%] Built target wiimote_msgs__rosidl_typesupport_c
[0.117s] [ 76%] Built target wiimote_msgs__rosidl_typesupport_introspection_cpp
[0.149s] [ 76%] Built target wiimote_msgs
[0.159s] [ 78%] Built target wiimote_msgs__py
[0.172s] [ 87%] Built target wiimote_msgs__rosidl_generator_py
[0.190s] [ 91%] Built target wiimote_msgs__rosidl_typesupport_c__pyext
[0.190s] [ 95%] Built target wiimote_msgs__rosidl_typesupport_fastrtps_c__pyext
[0.194s] [100%] Built target wiimote_msgs__rosidl_typesupport_introspection_c__pyext
[0.259s] running egg_info
[0.259s] writing wiimote_msgs.egg-info/PKG-INFO
[0.259s] writing dependency_links to wiimote_msgs.egg-info/dependency_links.txt
[0.259s] writing top-level names to wiimote_msgs.egg-info/top_level.txt
[0.261s] reading manifest file 'wiimote_msgs.egg-info/SOURCES.txt'
[0.261s] writing manifest file 'wiimote_msgs.egg-info/SOURCES.txt'
[0.274s] [100%] Built target ament_cmake_python_build_wiimote_msgs_egg
[0.280s] Invoked command in '/home/a/harurobo/build/wiimote_msgs' returned '0': CMAKE_PREFIX_PATH=${CMAKE_PREFIX_PATH}:/home/a/ros2_ws/install/py_pubsub:/home/a/ros2_ws/install/launch_testing_examples:/home/a/ros2_ws/install/examples_rclpy_pointcloud_publisher:/home/a/ros2_ws/install/examples_rclpy_minimal_subscriber:/home/a/ros2_ws/install/examples_rclpy_minimal_service:/home/a/ros2_ws/install/examples_rclpy_minimal_publisher:/home/a/ros2_ws/install/examples_rclpy_minimal_client:/home/a/ros2_ws/install/examples_rclpy_minimal_action_server:/home/a/ros2_ws/install/examples_rclpy_minimal_action_client:/home/a/ros2_ws/install/examples_rclpy_guard_conditions:/home/a/ros2_ws/install/examples_rclpy_executors:/opt/ros/humble /usr/bin/cmake --build /home/a/harurobo/build/wiimote_msgs -- -j6 -l6
[0.281s] Invoking command in '/home/a/harurobo/build/wiimote_msgs': CMAKE_PREFIX_PATH=${CMAKE_PREFIX_PATH}:/home/a/ros2_ws/install/py_pubsub:/home/a/ros2_ws/install/launch_testing_examples:/home/a/ros2_ws/install/examples_rclpy_pointcloud_publisher:/home/a/ros2_ws/install/examples_rclpy_minimal_subscriber:/home/a/ros2_ws/install/examples_rclpy_minimal_service:/home/a/ros2_ws/install/examples_rclpy_minimal_publisher:/home/a/ros2_ws/install/examples_rclpy_minimal_client:/home/a/ros2_ws/install/examples_rclpy_minimal_action_server:/home/a/ros2_ws/install/examples_rclpy_minimal_action_client:/home/a/ros2_ws/install/examples_rclpy_guard_conditions:/home/a/ros2_ws/install/examples_rclpy_executors:/opt/ros/humble /usr/bin/cmake --install /home/a/harurobo/build/wiimote_msgs
[0.284s] -- Install configuration: ""
[0.285s] -- Up-to-date: /home/a/harurobo/install/wiimote_msgs/share/ament_index/resource_index/rosidl_interfaces/wiimote_msgs
[0.285s] -- Up-to-date: /home/a/harurobo/install/wiimote_msgs/include/wiimote_msgs/wiimote_msgs
[0.285s] -- Up-to-date: /home/a/harurobo/install/wiimote_msgs/include/wiimote_msgs/wiimote_msgs/msg
[0.285s] -- Up-to-date: /home/a/harurobo/install/wiimote_msgs/include/wiimote_msgs/wiimote_msgs/msg/timed_switch.h
[0.286s] -- Up-to-date: /home/a/harurobo/install/wiimote_msgs/include/wiimote_msgs/wiimote_msgs/msg/state.h
[0.286s] -- Up-to-date: /home/a/harurobo/install/wiimote_msgs/include/wiimote_msgs/wiimote_msgs/msg/detail
[0.286s] -- Up-to-date: /home/a/harurobo/install/wiimote_msgs/include/wiimote_msgs/wiimote_msgs/msg/detail/timed_switch__functions.h
[0.286s] -- Up-to-date: /home/a/harurobo/install/wiimote_msgs/include/wiimote_msgs/wiimote_msgs/msg/detail/state__functions.c
[0.286s] -- Up-to-date: /home/a/harurobo/install/wiimote_msgs/include/wiimote_msgs/wiimote_msgs/msg/detail/timed_switch__type_support.h
[0.286s] -- Up-to-date: /home/a/harurobo/install/wiimote_msgs/include/wiimote_msgs/wiimote_msgs/msg/detail/state__struct.h
[0.286s] -- Up-to-date: /home/a/harurobo/install/wiimote_msgs/include/wiimote_msgs/wiimote_msgs/msg/detail/ir_source_info__struct.h
[0.286s] -- Up-to-date: /home/a/harurobo/install/wiimote_msgs/include/wiimote_msgs/wiimote_msgs/msg/detail/ir_source_info__functions.h
[0.286s] -- Up-to-date: /home/a/harurobo/install/wiimote_msgs/include/wiimote_msgs/wiimote_msgs/msg/detail/timed_switch__functions.c
[0.286s] -- Up-to-date: /home/a/harurobo/install/wiimote_msgs/include/wiimote_msgs/wiimote_msgs/msg/detail/timed_switch__struct.h
[0.286s] -- Up-to-date: /home/a/harurobo/install/wiimote_msgs/include/wiimote_msgs/wiimote_msgs/msg/detail/ir_source_info__type_support.h
[0.286s] -- Up-to-date: /home/a/harurobo/install/wiimote_msgs/include/wiimote_msgs/wiimote_msgs/msg/detail/ir_source_info__functions.c
[0.287s] -- Up-to-date: /home/a/harurobo/install/wiimote_msgs/include/wiimote_msgs/wiimote_msgs/msg/detail/state__type_support.h
[0.287s] -- Up-to-date: /home/a/harurobo/install/wiimote_msgs/include/wiimote_msgs/wiimote_msgs/msg/detail/state__functions.h
[0.287s] -- Up-to-date: /home/a/harurobo/install/wiimote_msgs/include/wiimote_msgs/wiimote_msgs/msg/ir_source_info.h
[0.287s] -- Up-to-date: /home/a/harurobo/install/wiimote_msgs/include/wiimote_msgs/wiimote_msgs/msg/rosidl_generator_c__visibility_control.h
[0.287s] -- Up-to-date: /home/a/harurobo/install/wiimote_msgs/share/wiimote_msgs/environment/library_path.sh
[0.287s] -- Up-to-date: /home/a/harurobo/install/wiimote_msgs/share/wiimote_msgs/environment/library_path.dsv
[0.287s] -- Up-to-date: /home/a/harurobo/install/wiimote_msgs/lib/libwiimote_msgs__rosidl_generator_c.so
[0.287s] -- Up-to-date: /home/a/harurobo/install/wiimote_msgs/include/wiimote_msgs/wiimote_msgs
[0.288s] -- Up-to-date: /home/a/harurobo/install/wiimote_msgs/include/wiimote_msgs/wiimote_msgs/msg
[0.288s] -- Up-to-date: /home/a/harurobo/install/wiimote_msgs/include/wiimote_msgs/wiimote_msgs/msg/detail
[0.288s] -- Up-to-date: /home/a/harurobo/install/wiimote_msgs/include/wiimote_msgs/wiimote_msgs/msg/detail/timed_switch__rosidl_typesupport_fastrtps_c.h
[0.288s] -- Up-to-date: /home/a/harurobo/install/wiimote_msgs/include/wiimote_msgs/wiimote_msgs/msg/detail/ir_source_info__rosidl_typesupport_fastrtps_c.h
[0.288s] -- Up-to-date: /home/a/harurobo/install/wiimote_msgs/include/wiimote_msgs/wiimote_msgs/msg/detail/state__rosidl_typesupport_fastrtps_c.h
[0.288s] -- Up-to-date: /home/a/harurobo/install/wiimote_msgs/include/wiimote_msgs/wiimote_msgs/msg/rosidl_typesupport_fastrtps_c__visibility_control.h
[0.288s] -- Up-to-date: /home/a/harurobo/install/wiimote_msgs/lib/libwiimote_msgs__rosidl_typesupport_fastrtps_c.so
[0.288s] -- Up-to-date: /home/a/harurobo/install/wiimote_msgs/include/wiimote_msgs/wiimote_msgs
[0.289s] -- Up-to-date: /home/a/harurobo/install/wiimote_msgs/include/wiimote_msgs/wiimote_msgs/msg
[0.289s] -- Up-to-date: /home/a/harurobo/install/wiimote_msgs/include/wiimote_msgs/wiimote_msgs/msg/state.hpp
[0.289s] -- Up-to-date: /home/a/harurobo/install/wiimote_msgs/include/wiimote_msgs/wiimote_msgs/msg/ir_source_info.hpp
[0.289s] -- Up-to-date: /home/a/harurobo/install/wiimote_msgs/include/wiimote_msgs/wiimote_msgs/msg/timed_switch.hpp
[0.289s] -- Up-to-date: /home/a/harurobo/install/wiimote_msgs/include/wiimote_msgs/wiimote_msgs/msg/detail
[0.289s] -- Up-to-date: /home/a/harurobo/install/wiimote_msgs/include/wiimote_msgs/wiimote_msgs/msg/detail/timed_switch__struct.hpp
[0.290s] -- Up-to-date: /home/a/harurobo/install/wiimote_msgs/include/wiimote_msgs/wiimote_msgs/msg/detail/timed_switch__traits.hpp
[0.290s] -- Up-to-date: /home/a/harurobo/install/wiimote_msgs/include/wiimote_msgs/wiimote_msgs/msg/detail/ir_source_info__traits.hpp
[0.290s] -- Up-to-date: /home/a/harurobo/install/wiimote_msgs/include/wiimote_msgs/wiimote_msgs/msg/detail/ir_source_info__struct.hpp
[0.290s] -- Up-to-date: /home/a/harurobo/install/wiimote_msgs/include/wiimote_msgs/wiimote_msgs/msg/detail/state__struct.hpp
[0.291s] -- Up-to-date: /home/a/harurobo/install/wiimote_msgs/include/wiimote_msgs/wiimote_msgs/msg/detail/timed_switch__builder.hpp
[0.291s] -- Up-to-date: /home/a/harurobo/install/wiimote_msgs/include/wiimote_msgs/wiimote_msgs/msg/detail/state__builder.hpp
[0.291s] -- Up-to-date: /home/a/harurobo/install/wiimote_msgs/include/wiimote_msgs/wiimote_msgs/msg/detail/state__traits.hpp
[0.291s] -- Up-to-date: /home/a/harurobo/install/wiimote_msgs/include/wiimote_msgs/wiimote_msgs/msg/detail/ir_source_info__builder.hpp
[0.291s] -- Up-to-date: /home/a/harurobo/install/wiimote_msgs/include/wiimote_msgs/wiimote_msgs
[0.291s] -- Up-to-date: /home/a/harurobo/install/wiimote_msgs/include/wiimote_msgs/wiimote_msgs/msg
[0.291s] -- Up-to-date: /home/a/harurobo/install/wiimote_msgs/include/wiimote_msgs/wiimote_msgs/msg/rosidl_typesupport_fastrtps_cpp__visibility_control.h
[0.291s] -- Up-to-date: /home/a/harurobo/install/wiimote_msgs/include/wiimote_msgs/wiimote_msgs/msg/detail
[0.291s] -- Up-to-date: /home/a/harurobo/install/wiimote_msgs/include/wiimote_msgs/wiimote_msgs/msg/detail/ir_source_info__rosidl_typesupport_fastrtps_cpp.hpp
[0.291s] -- Up-to-date: /home/a/harurobo/install/wiimote_msgs/include/wiimote_msgs/wiimote_msgs/msg/detail/dds_fastrtps
[0.291s] -- Up-to-date: /home/a/harurobo/install/wiimote_msgs/include/wiimote_msgs/wiimote_msgs/msg/detail/timed_switch__rosidl_typesupport_fastrtps_cpp.hpp
[0.291s] -- Up-to-date: /home/a/harurobo/install/wiimote_msgs/include/wiimote_msgs/wiimote_msgs/msg/detail/state__rosidl_typesupport_fastrtps_cpp.hpp
[0.292s] -- Up-to-date: /home/a/harurobo/install/wiimote_msgs/lib/libwiimote_msgs__rosidl_typesupport_fastrtps_cpp.so
[0.292s] -- Up-to-date: /home/a/harurobo/install/wiimote_msgs/include/wiimote_msgs/wiimote_msgs
[0.292s] -- Up-to-date: /home/a/harurobo/install/wiimote_msgs/include/wiimote_msgs/wiimote_msgs/msg
[0.292s] -- Up-to-date: /home/a/harurobo/install/wiimote_msgs/include/wiimote_msgs/wiimote_msgs/msg/rosidl_typesupport_introspection_c__visibility_control.h
[0.292s] -- Up-to-date: /home/a/harurobo/install/wiimote_msgs/include/wiimote_msgs/wiimote_msgs/msg/detail
[0.292s] -- Up-to-date: /home/a/harurobo/install/wiimote_msgs/include/wiimote_msgs/wiimote_msgs/msg/detail/state__rosidl_typesupport_introspection_c.h
[0.292s] -- Up-to-date: /home/a/harurobo/install/wiimote_msgs/include/wiimote_msgs/wiimote_msgs/msg/detail/timed_switch__type_support.c
[0.292s] -- Up-to-date: /home/a/harurobo/install/wiimote_msgs/include/wiimote_msgs/wiimote_msgs/msg/detail/ir_source_info__type_support.c
[0.292s] -- Up-to-date: /home/a/harurobo/install/wiimote_msgs/include/wiimote_msgs/wiimote_msgs/msg/detail/state__type_support.c
[0.292s] -- Up-to-date: /home/a/harurobo/install/wiimote_msgs/include/wiimote_msgs/wiimote_msgs/msg/detail/timed_switch__rosidl_typesupport_introspection_c.h
[0.292s] -- Up-to-date: /home/a/harurobo/install/wiimote_msgs/include/wiimote_msgs/wiimote_msgs/msg/detail/ir_source_info__rosidl_typesupport_introspection_c.h
[0.292s] -- Up-to-date: /home/a/harurobo/install/wiimote_msgs/lib/libwiimote_msgs__rosidl_typesupport_introspection_c.so
[0.292s] -- Up-to-date: /home/a/harurobo/install/wiimote_msgs/lib/libwiimote_msgs__rosidl_typesupport_c.so
[0.292s] -- Up-to-date: /home/a/harurobo/install/wiimote_msgs/include/wiimote_msgs/wiimote_msgs
[0.292s] -- Up-to-date: /home/a/harurobo/install/wiimote_msgs/include/wiimote_msgs/wiimote_msgs/msg
[0.292s] -- Up-to-date: /home/a/harurobo/install/wiimote_msgs/include/wiimote_msgs/wiimote_msgs/msg/detail
[0.292s] -- Up-to-date: /home/a/harurobo/install/wiimote_msgs/include/wiimote_msgs/wiimote_msgs/msg/detail/timed_switch__rosidl_typesupport_introspection_cpp.hpp
[0.292s] -- Up-to-date: /home/a/harurobo/install/wiimote_msgs/include/wiimote_msgs/wiimote_msgs/msg/detail/state__type_support.cpp
[0.292s] -- Up-to-date: /home/a/harurobo/install/wiimote_msgs/include/wiimote_msgs/wiimote_msgs/msg/detail/state__rosidl_typesupport_introspection_cpp.hpp
[0.292s] -- Up-to-date: /home/a/harurobo/install/wiimote_msgs/include/wiimote_msgs/wiimote_msgs/msg/detail/timed_switch__type_support.cpp
[0.293s] -- Up-to-date: /home/a/harurobo/install/wiimote_msgs/include/wiimote_msgs/wiimote_msgs/msg/detail/ir_source_info__type_support.cpp
[0.293s] -- Up-to-date: /home/a/harurobo/install/wiimote_msgs/include/wiimote_msgs/wiimote_msgs/msg/detail/ir_source_info__rosidl_typesupport_introspection_cpp.hpp
[0.293s] -- Up-to-date: /home/a/harurobo/install/wiimote_msgs/lib/libwiimote_msgs__rosidl_typesupport_introspection_cpp.so
[0.293s] -- Up-to-date: /home/a/harurobo/install/wiimote_msgs/lib/libwiimote_msgs__rosidl_typesupport_cpp.so
[0.293s] -- Up-to-date: /home/a/harurobo/install/wiimote_msgs/share/wiimote_msgs/environment/pythonpath.sh
[0.293s] -- Up-to-date: /home/a/harurobo/install/wiimote_msgs/share/wiimote_msgs/environment/pythonpath.dsv
[0.293s] -- Up-to-date: /home/a/harurobo/install/wiimote_msgs/local/lib/python3.10/dist-packages/wiimote_msgs-3.3.0-py3.10.egg-info
[0.293s] -- Installing: /home/a/harurobo/install/wiimote_msgs/local/lib/python3.10/dist-packages/wiimote_msgs-3.3.0-py3.10.egg-info/PKG-INFO
[0.293s] -- Installing: /home/a/harurobo/install/wiimote_msgs/local/lib/python3.10/dist-packages/wiimote_msgs-3.3.0-py3.10.egg-info/top_level.txt
[0.293s] -- Installing: /home/a/harurobo/install/wiimote_msgs/local/lib/python3.10/dist-packages/wiimote_msgs-3.3.0-py3.10.egg-info/dependency_links.txt
[0.293s] -- Installing: /home/a/harurobo/install/wiimote_msgs/local/lib/python3.10/dist-packages/wiimote_msgs-3.3.0-py3.10.egg-info/SOURCES.txt
[0.294s] -- Up-to-date: /home/a/harurobo/install/wiimote_msgs/local/lib/python3.10/dist-packages/wiimote_msgs
[0.294s] -- Up-to-date: /home/a/harurobo/install/wiimote_msgs/local/lib/python3.10/dist-packages/wiimote_msgs/__init__.py
[0.294s] -- Up-to-date: /home/a/harurobo/install/wiimote_msgs/local/lib/python3.10/dist-packages/wiimote_msgs/msg
[0.294s] -- Up-to-date: /home/a/harurobo/install/wiimote_msgs/local/lib/python3.10/dist-packages/wiimote_msgs/msg/_timed_switch_s.c
[0.294s] -- Up-to-date: /home/a/harurobo/install/wiimote_msgs/local/lib/python3.10/dist-packages/wiimote_msgs/msg/__init__.py
[0.294s] -- Up-to-date: /home/a/harurobo/install/wiimote_msgs/local/lib/python3.10/dist-packages/wiimote_msgs/msg/_state.py
[0.294s] -- Up-to-date: /home/a/harurobo/install/wiimote_msgs/local/lib/python3.10/dist-packages/wiimote_msgs/msg/_state_s.c
[0.294s] -- Up-to-date: /home/a/harurobo/install/wiimote_msgs/local/lib/python3.10/dist-packages/wiimote_msgs/msg/_ir_source_info_s.c
[0.294s] -- Up-to-date: /home/a/harurobo/install/wiimote_msgs/local/lib/python3.10/dist-packages/wiimote_msgs/msg/_ir_source_info.py
[0.294s] -- Up-to-date: /home/a/harurobo/install/wiimote_msgs/local/lib/python3.10/dist-packages/wiimote_msgs/msg/_timed_switch.py
[0.294s] -- Up-to-date: /home/a/harurobo/install/wiimote_msgs/local/lib/python3.10/dist-packages/wiimote_msgs/libwiimote_msgs__rosidl_generator_py.so
[0.294s] -- Up-to-date: /home/a/harurobo/install/wiimote_msgs/local/lib/python3.10/dist-packages/wiimote_msgs/wiimote_msgs_s__rosidl_typesupport_introspection_c.cpython-310-aarch64-linux-gnu.so
[0.294s] -- Up-to-date: /home/a/harurobo/install/wiimote_msgs/local/lib/python3.10/dist-packages/wiimote_msgs/_wiimote_msgs_s.ep.rosidl_typesupport_fastrtps_c.c
[0.294s] -- Up-to-date: /home/a/harurobo/install/wiimote_msgs/local/lib/python3.10/dist-packages/wiimote_msgs/_wiimote_msgs_s.ep.rosidl_typesupport_c.c
[0.294s] -- Up-to-date: /home/a/harurobo/install/wiimote_msgs/local/lib/python3.10/dist-packages/wiimote_msgs/wiimote_msgs_s__rosidl_typesupport_fastrtps_c.cpython-310-aarch64-linux-gnu.so
[0.295s] -- Up-to-date: /home/a/harurobo/install/wiimote_msgs/local/lib/python3.10/dist-packages/wiimote_msgs/wiimote_msgs_s__rosidl_typesupport_c.cpython-310-aarch64-linux-gnu.so
[0.295s] -- Up-to-date: /home/a/harurobo/install/wiimote_msgs/local/lib/python3.10/dist-packages/wiimote_msgs/_wiimote_msgs_s.ep.rosidl_typesupport_introspection_c.c
[0.328s] Listing '/home/a/harurobo/install/wiimote_msgs/local/lib/python3.10/dist-packages/wiimote_msgs'...
[0.328s] Listing '/home/a/harurobo/install/wiimote_msgs/local/lib/python3.10/dist-packages/wiimote_msgs/msg'...
[0.332s] -- Up-to-date: /home/a/harurobo/install/wiimote_msgs/local/lib/python3.10/dist-packages/wiimote_msgs/wiimote_msgs_s__rosidl_typesupport_fastrtps_c.cpython-310-aarch64-linux-gnu.so
[0.332s] -- Up-to-date: /home/a/harurobo/install/wiimote_msgs/local/lib/python3.10/dist-packages/wiimote_msgs/wiimote_msgs_s__rosidl_typesupport_introspection_c.cpython-310-aarch64-linux-gnu.so
[0.332s] -- Up-to-date: /home/a/harurobo/install/wiimote_msgs/local/lib/python3.10/dist-packages/wiimote_msgs/wiimote_msgs_s__rosidl_typesupport_c.cpython-310-aarch64-linux-gnu.so
[0.332s] -- Up-to-date: /home/a/harurobo/install/wiimote_msgs/lib/libwiimote_msgs__rosidl_generator_py.so
[0.332s] -- Up-to-date: /home/a/harurobo/install/wiimote_msgs/share/wiimote_msgs/msg/IrSourceInfo.idl
[0.332s] -- Up-to-date: /home/a/harurobo/install/wiimote_msgs/share/wiimote_msgs/msg/State.idl
[0.332s] -- Up-to-date: /home/a/harurobo/install/wiimote_msgs/share/wiimote_msgs/msg/TimedSwitch.idl
[0.333s] -- Up-to-date: /home/a/harurobo/install/wiimote_msgs/share/wiimote_msgs/msg/IrSourceInfo.msg
[0.333s] -- Up-to-date: /home/a/harurobo/install/wiimote_msgs/share/wiimote_msgs/msg/State.msg
[0.333s] -- Up-to-date: /home/a/harurobo/install/wiimote_msgs/share/wiimote_msgs/msg/TimedSwitch.msg
[0.333s] -- Up-to-date: /home/a/harurobo/install/wiimote_msgs/share/ament_index/resource_index/package_run_dependencies/wiimote_msgs
[0.333s] -- Up-to-date: /home/a/harurobo/install/wiimote_msgs/share/ament_index/resource_index/parent_prefix_path/wiimote_msgs
[0.333s] -- Up-to-date: /home/a/harurobo/install/wiimote_msgs/share/wiimote_msgs/environment/ament_prefix_path.sh
[0.333s] -- Up-to-date: /home/a/harurobo/install/wiimote_msgs/share/wiimote_msgs/environment/ament_prefix_path.dsv
[0.333s] -- Up-to-date: /home/a/harurobo/install/wiimote_msgs/share/wiimote_msgs/environment/path.sh
[0.333s] -- Up-to-date: /home/a/harurobo/install/wiimote_msgs/share/wiimote_msgs/environment/path.dsv
[0.333s] -- Up-to-date: /home/a/harurobo/install/wiimote_msgs/share/wiimote_msgs/local_setup.bash
[0.333s] -- Up-to-date: /home/a/harurobo/install/wiimote_msgs/share/wiimote_msgs/local_setup.sh
[0.333s] -- Up-to-date: /home/a/harurobo/install/wiimote_msgs/share/wiimote_msgs/local_setup.zsh
[0.333s] -- Up-to-date: /home/a/harurobo/install/wiimote_msgs/share/wiimote_msgs/local_setup.dsv
[0.333s] -- Installing: /home/a/harurobo/install/wiimote_msgs/share/wiimote_msgs/package.dsv
[0.334s] -- Up-to-date: /home/a/harurobo/install/wiimote_msgs/share/ament_index/resource_index/packages/wiimote_msgs
[0.334s] -- Up-to-date: /home/a/harurobo/install/wiimote_msgs/share/wiimote_msgs/cmake/export_wiimote_msgs__rosidl_generator_cExport.cmake
[0.334s] -- Up-to-date: /home/a/harurobo/install/wiimote_msgs/share/wiimote_msgs/cmake/export_wiimote_msgs__rosidl_generator_cExport-noconfig.cmake
[0.334s] -- Up-to-date: /home/a/harurobo/install/wiimote_msgs/share/wiimote_msgs/cmake/export_wiimote_msgs__rosidl_typesupport_fastrtps_cExport.cmake
[0.334s] -- Up-to-date: /home/a/harurobo/install/wiimote_msgs/share/wiimote_msgs/cmake/export_wiimote_msgs__rosidl_typesupport_fastrtps_cExport-noconfig.cmake
[0.334s] -- Up-to-date: /home/a/harurobo/install/wiimote_msgs/share/wiimote_msgs/cmake/export_wiimote_msgs__rosidl_generator_cppExport.cmake
[0.334s] -- Up-to-date: /home/a/harurobo/install/wiimote_msgs/share/wiimote_msgs/cmake/export_wiimote_msgs__rosidl_typesupport_fastrtps_cppExport.cmake
[0.334s] -- Up-to-date: /home/a/harurobo/install/wiimote_msgs/share/wiimote_msgs/cmake/export_wiimote_msgs__rosidl_typesupport_fastrtps_cppExport-noconfig.cmake
[0.334s] -- Up-to-date: /home/a/harurobo/install/wiimote_msgs/share/wiimote_msgs/cmake/wiimote_msgs__rosidl_typesupport_introspection_cExport.cmake
[0.334s] -- Up-to-date: /home/a/harurobo/install/wiimote_msgs/share/wiimote_msgs/cmake/wiimote_msgs__rosidl_typesupport_introspection_cExport-noconfig.cmake
[0.334s] -- Up-to-date: /home/a/harurobo/install/wiimote_msgs/share/wiimote_msgs/cmake/wiimote_msgs__rosidl_typesupport_cExport.cmake
[0.334s] -- Up-to-date: /home/a/harurobo/install/wiimote_msgs/share/wiimote_msgs/cmake/wiimote_msgs__rosidl_typesupport_cExport-noconfig.cmake
[0.334s] -- Up-to-date: /home/a/harurobo/install/wiimote_msgs/share/wiimote_msgs/cmake/wiimote_msgs__rosidl_typesupport_introspection_cppExport.cmake
[0.334s] -- Up-to-date: /home/a/harurobo/install/wiimote_msgs/share/wiimote_msgs/cmake/wiimote_msgs__rosidl_typesupport_introspection_cppExport-noconfig.cmake
[0.334s] -- Up-to-date: /home/a/harurobo/install/wiimote_msgs/share/wiimote_msgs/cmake/wiimote_msgs__rosidl_typesupport_cppExport.cmake
[0.334s] -- Up-to-date: /home/a/harurobo/install/wiimote_msgs/share/wiimote_msgs/cmake/wiimote_msgs__rosidl_typesupport_cppExport-noconfig.cmake
[0.334s] -- Up-to-date: /home/a/harurobo/install/wiimote_msgs/share/wiimote_msgs/cmake/export_wiimote_msgs__rosidl_generator_pyExport.cmake
[0.334s] -- Up-to-date: /home/a/harurobo/install/wiimote_msgs/share/wiimote_msgs/cmake/export_wiimote_msgs__rosidl_generator_pyExport-noconfig.cmake
[0.334s] -- Up-to-date: /home/a/harurobo/install/wiimote_msgs/share/wiimote_msgs/cmake/rosidl_cmake-extras.cmake
[0.334s] -- Up-to-date: /home/a/harurobo/install/wiimote_msgs/share/wiimote_msgs/cmake/ament_cmake_export_dependencies-extras.cmake
[0.334s] -- Up-to-date: /home/a/harurobo/install/wiimote_msgs/share/wiimote_msgs/cmake/ament_cmake_export_include_directories-extras.cmake
[0.334s] -- Up-to-date: /home/a/harurobo/install/wiimote_msgs/share/wiimote_msgs/cmake/ament_cmake_export_libraries-extras.cmake
[0.334s] -- Up-to-date: /home/a/harurobo/install/wiimote_msgs/share/wiimote_msgs/cmake/ament_cmake_export_targets-extras.cmake
[0.334s] -- Up-to-date: /home/a/harurobo/install/wiimote_msgs/share/wiimote_msgs/cmake/rosidl_cmake_export_typesupport_targets-extras.cmake
[0.334s] -- Up-to-date: /home/a/harurobo/install/wiimote_msgs/share/wiimote_msgs/cmake/rosidl_cmake_export_typesupport_libraries-extras.cmake
[0.334s] -- Up-to-date: /home/a/harurobo/install/wiimote_msgs/share/wiimote_msgs/cmake/wiimote_msgsConfig.cmake
[0.334s] -- Up-to-date: /home/a/harurobo/install/wiimote_msgs/share/wiimote_msgs/cmake/wiimote_msgsConfig-version.cmake
[0.334s] -- Up-to-date: /home/a/harurobo/install/wiimote_msgs/share/wiimote_msgs/package.xml
[0.335s] Invoked command in '/home/a/harurobo/build/wiimote_msgs' returned '0': CMAKE_PREFIX_PATH=${CMAKE_PREFIX_PATH}:/home/a/ros2_ws/install/py_pubsub:/home/a/ros2_ws/install/launch_testing_examples:/home/a/ros2_ws/install/examples_rclpy_pointcloud_publisher:/home/a/ros2_ws/install/examples_rclpy_minimal_subscriber:/home/a/ros2_ws/install/examples_rclpy_minimal_service:/home/a/ros2_ws/install/examples_rclpy_minimal_publisher:/home/a/ros2_ws/install/examples_rclpy_minimal_client:/home/a/ros2_ws/install/examples_rclpy_minimal_action_server:/home/a/ros2_ws/install/examples_rclpy_minimal_action_client:/home/a/ros2_ws/install/examples_rclpy_guard_conditions:/home/a/ros2_ws/install/examples_rclpy_executors:/opt/ros/humble /usr/bin/cmake --install /home/a/harurobo/build/wiimote_msgs
