[0.856s] Invoking command in '/home/a/harurobo/src/haru_odrive': PYTHONPATH=/home/a/harurobo/build/haru_odrive/prefix_override:/usr/lib/python3/dist-packages/colcon_core/task/python/colcon_distutils_commands:/home/a/harurobo/install/haru_odrive/lib/python3.10/site-packages:${PYTHONPATH} /usr/bin/python3 -W ignore:setup.py install is deprecated -W ignore:easy_install command is deprecated setup.py egg_info --egg-base ../../build/haru_odrive build --build-base /home/a/harurobo/build/haru_odrive/build install --record /home/a/harurobo/build/haru_odrive/install.log --single-version-externally-managed install_data
[1.052s] running egg_info
[1.053s] writing ../../build/haru_odrive/haru_odrive.egg-info/PKG-INFO
[1.053s] writing dependency_links to ../../build/haru_odrive/haru_odrive.egg-info/dependency_links.txt
[1.053s] writing entry points to ../../build/haru_odrive/haru_odrive.egg-info/entry_points.txt
[1.053s] writing requirements to ../../build/haru_odrive/haru_odrive.egg-info/requires.txt
[1.053s] writing top-level names to ../../build/haru_odrive/haru_odrive.egg-info/top_level.txt
[1.054s] reading manifest file '../../build/haru_odrive/haru_odrive.egg-info/SOURCES.txt'
[1.055s] adding license file 'LICENSE'
[1.055s] writing manifest file '../../build/haru_odrive/haru_odrive.egg-info/SOURCES.txt'
[1.055s] running build
[1.055s] running build_py
[1.056s] copying haru_odrive/od.py -> /home/a/harurobo/build/haru_odrive/build/lib/haru_odrive
[1.056s] running install
[1.057s] running install_lib
[1.058s] copying /home/a/harurobo/build/haru_odrive/build/lib/haru_odrive/od.py -> /home/a/harurobo/install/haru_odrive/lib/python3.10/site-packages/haru_odrive
[1.059s] byte-compiling /home/a/harurobo/install/haru_odrive/lib/python3.10/site-packages/haru_odrive/od.py to od.cpython-310.pyc
[1.060s] running install_data
[1.060s] running install_egg_info
[1.062s] removing '/home/a/harurobo/install/haru_odrive/lib/python3.10/site-packages/haru_odrive-0.0.0-py3.10.egg-info' (and everything under it)
[1.062s] Copying ../../build/haru_odrive/haru_odrive.egg-info to /home/a/harurobo/install/haru_odrive/lib/python3.10/site-packages/haru_odrive-0.0.0-py3.10.egg-info
[1.062s] running install_scripts
[1.078s] Installing od script to /home/a/harurobo/install/haru_odrive/lib/od_ros
[1.080s] writing list of installed files to '/home/a/harurobo/build/haru_odrive/install.log'
[1.101s] Invoked command in '/home/a/harurobo/src/haru_odrive' returned '0': PYTHONPATH=/home/a/harurobo/build/haru_odrive/prefix_override:/usr/lib/python3/dist-packages/colcon_core/task/python/colcon_distutils_commands:/home/a/harurobo/install/haru_odrive/lib/python3.10/site-packages:${PYTHONPATH} /usr/bin/python3 -W ignore:setup.py install is deprecated -W ignore:easy_install command is deprecated setup.py egg_info --egg-base ../../build/haru_odrive build --build-base /home/a/harurobo/build/haru_odrive/build install --record /home/a/harurobo/build/haru_odrive/install.log --single-version-externally-managed install_data
