[  2%] [34m[1mGenerating C code for ROS interfaces[0m
[  4%] [34m[1mGenerating C++ code for ROS interfaces[0m
[  4%] Built target ament_cmake_python_copy_wiimote_msgs
running egg_info
creating wiimote_msgs.egg-info
writing wiimote_msgs.egg-info/PKG-INFO
writing dependency_links to wiimote_msgs.egg-info/dependency_links.txt
writing top-level names to wiimote_msgs.egg-info/top_level.txt
writing manifest file 'wiimote_msgs.egg-info/SOURCES.txt'
reading manifest file 'wiimote_msgs.egg-info/SOURCES.txt'
writing manifest file 'wiimote_msgs.egg-info/SOURCES.txt'
[  4%] Built target ament_cmake_python_build_wiimote_msgs_egg
[  4%] Built target wiimote_msgs__cpp
[  6%] [34m[1mGenerating C++ type support for eProsima Fast-RTPS[0m
[  8%] [32mBuilding C object CMakeFiles/wiimote_msgs__rosidl_generator_c.dir/rosidl_generator_c/wiimote_msgs/msg/detail/ir_source_info__functions.c.o[0m
[ 10%] [34m[1mGenerating C++ type support dispatch for ROS interfaces[0m
[ 12%] [34m[1mGenerating C++ introspection for ROS interfaces[0m
[ 14%] [32mBuilding C object CMakeFiles/wiimote_msgs__rosidl_generator_c.dir/rosidl_generator_c/wiimote_msgs/msg/detail/state__functions.c.o[0m
[ 17%] [32mBuilding C object CMakeFiles/wiimote_msgs__rosidl_generator_c.dir/rosidl_generator_c/wiimote_msgs/msg/detail/timed_switch__functions.c.o[0m
[ 19%] [32m[1mLinking C shared library libwiimote_msgs__rosidl_generator_c.so[0m
[ 19%] Built target wiimote_msgs__rosidl_generator_c
[ 21%] [34m[1mGenerating C type support for eProsima Fast-RTPS[0m
[ 23%] [34m[1mGenerating C introspection for ROS interfaces[0m
[ 25%] [34m[1mGenerating C type support dispatch for ROS interfaces[0m
[ 27%] [32mBuilding CXX object CMakeFiles/wiimote_msgs__rosidl_typesupport_cpp.dir/rosidl_typesupport_cpp/wiimote_msgs/msg/ir_source_info__type_support.cpp.o[0m
[ 29%] [32mBuilding CXX object CMakeFiles/wiimote_msgs__rosidl_typesupport_introspection_cpp.dir/rosidl_typesupport_introspection_cpp/wiimote_msgs/msg/detail/ir_source_info__type_support.cpp.o[0m
[ 31%] [32mBuilding CXX object CMakeFiles/wiimote_msgs__rosidl_typesupport_cpp.dir/rosidl_typesupport_cpp/wiimote_msgs/msg/state__type_support.cpp.o[0m
[ 34%] [32mBuilding CXX object CMakeFiles/wiimote_msgs__rosidl_typesupport_fastrtps_cpp.dir/rosidl_typesupport_fastrtps_cpp/wiimote_msgs/msg/detail/dds_fastrtps/ir_source_info__type_support.cpp.o[0m
[ 36%] [32mBuilding C object CMakeFiles/wiimote_msgs__rosidl_typesupport_introspection_c.dir/rosidl_typesupport_introspection_c/wiimote_msgs/msg/detail/ir_source_info__type_support.c.o[0m
[ 38%] [32mBuilding CXX object CMakeFiles/wiimote_msgs__rosidl_typesupport_fastrtps_c.dir/rosidl_typesupport_fastrtps_c/wiimote_msgs/msg/detail/ir_source_info__type_support_c.cpp.o[0m
[ 40%] [32mBuilding C object CMakeFiles/wiimote_msgs__rosidl_typesupport_introspection_c.dir/rosidl_typesupport_introspection_c/wiimote_msgs/msg/detail/state__type_support.c.o[0m
[ 42%] [32mBuilding CXX object CMakeFiles/wiimote_msgs__rosidl_typesupport_c.dir/rosidl_typesupport_c/wiimote_msgs/msg/ir_source_info__type_support.cpp.o[0m
[ 44%] [32mBuilding CXX object CMakeFiles/wiimote_msgs__rosidl_typesupport_cpp.dir/rosidl_typesupport_cpp/wiimote_msgs/msg/timed_switch__type_support.cpp.o[0m
[ 46%] [32mBuilding CXX object CMakeFiles/wiimote_msgs__rosidl_typesupport_c.dir/rosidl_typesupport_c/wiimote_msgs/msg/state__type_support.cpp.o[0m
[ 48%] [32mBuilding C object CMakeFiles/wiimote_msgs__rosidl_typesupport_introspection_c.dir/rosidl_typesupport_introspection_c/wiimote_msgs/msg/detail/timed_switch__type_support.c.o[0m
[ 51%] [32mBuilding CXX object CMakeFiles/wiimote_msgs__rosidl_typesupport_c.dir/rosidl_typesupport_c/wiimote_msgs/msg/timed_switch__type_support.cpp.o[0m
[ 53%] [32m[1mLinking C shared library libwiimote_msgs__rosidl_typesupport_introspection_c.so[0m
[ 55%] [32mBuilding CXX object CMakeFiles/wiimote_msgs__rosidl_typesupport_fastrtps_cpp.dir/rosidl_typesupport_fastrtps_cpp/wiimote_msgs/msg/detail/dds_fastrtps/state__type_support.cpp.o[0m
[ 57%] [32mBuilding CXX object CMakeFiles/wiimote_msgs__rosidl_typesupport_introspection_cpp.dir/rosidl_typesupport_introspection_cpp/wiimote_msgs/msg/detail/state__type_support.cpp.o[0m
[ 59%] [32m[1mLinking CXX shared library libwiimote_msgs__rosidl_typesupport_c.so[0m
[ 59%] Built target wiimote_msgs__rosidl_typesupport_c
[ 61%] [32mBuilding CXX object CMakeFiles/wiimote_msgs__rosidl_typesupport_introspection_cpp.dir/rosidl_typesupport_introspection_cpp/wiimote_msgs/msg/detail/timed_switch__type_support.cpp.o[0m
[ 61%] Built target wiimote_msgs__rosidl_typesupport_introspection_c
[ 63%] [32mBuilding CXX object CMakeFiles/wiimote_msgs__rosidl_typesupport_fastrtps_c.dir/rosidl_typesupport_fastrtps_c/wiimote_msgs/msg/detail/state__type_support_c.cpp.o[0m
[ 65%] [32m[1mLinking CXX shared library libwiimote_msgs__rosidl_typesupport_cpp.so[0m
[ 68%] [32mBuilding CXX object CMakeFiles/wiimote_msgs__rosidl_typesupport_fastrtps_c.dir/rosidl_typesupport_fastrtps_c/wiimote_msgs/msg/detail/timed_switch__type_support_c.cpp.o[0m
[ 68%] Built target wiimote_msgs__rosidl_typesupport_cpp
[ 70%] [32mBuilding CXX object CMakeFiles/wiimote_msgs__rosidl_typesupport_fastrtps_cpp.dir/rosidl_typesupport_fastrtps_cpp/wiimote_msgs/msg/detail/dds_fastrtps/timed_switch__type_support.cpp.o[0m
[ 72%] [32m[1mLinking CXX shared library libwiimote_msgs__rosidl_typesupport_fastrtps_c.so[0m
[ 74%] [32m[1mLinking CXX shared library libwiimote_msgs__rosidl_typesupport_introspection_cpp.so[0m
[ 74%] Built target wiimote_msgs__rosidl_typesupport_fastrtps_c
[ 74%] Built target wiimote_msgs__rosidl_typesupport_introspection_cpp
[ 76%] [32m[1mLinking CXX shared library libwiimote_msgs__rosidl_typesupport_fastrtps_cpp.so[0m
[ 76%] Built target wiimote_msgs__rosidl_typesupport_fastrtps_cpp
[ 76%] Built target wiimote_msgs
[ 78%] [34m[1mGenerating Python code for ROS interfaces[0m
[ 78%] Built target wiimote_msgs__py
[ 80%] [32mBuilding C object CMakeFiles/wiimote_msgs__rosidl_generator_py.dir/rosidl_generator_py/wiimote_msgs/msg/_state_s.c.o[0m
[ 82%] [32mBuilding C object CMakeFiles/wiimote_msgs__rosidl_generator_py.dir/rosidl_generator_py/wiimote_msgs/msg/_ir_source_info_s.c.o[0m
[ 85%] [32mBuilding C object CMakeFiles/wiimote_msgs__rosidl_generator_py.dir/rosidl_generator_py/wiimote_msgs/msg/_timed_switch_s.c.o[0m
[ 87%] [32m[1mLinking C shared library rosidl_generator_py/wiimote_msgs/libwiimote_msgs__rosidl_generator_py.so[0m
[ 87%] Built target wiimote_msgs__rosidl_generator_py
[ 91%] [32mBuilding C object CMakeFiles/wiimote_msgs__rosidl_typesupport_introspection_c__pyext.dir/rosidl_generator_py/wiimote_msgs/_wiimote_msgs_s.ep.rosidl_typesupport_introspection_c.c.o[0m
[ 91%] [32mBuilding C object CMakeFiles/wiimote_msgs__rosidl_typesupport_c__pyext.dir/rosidl_generator_py/wiimote_msgs/_wiimote_msgs_s.ep.rosidl_typesupport_c.c.o[0m
[ 93%] [32mBuilding C object CMakeFiles/wiimote_msgs__rosidl_typesupport_fastrtps_c__pyext.dir/rosidl_generator_py/wiimote_msgs/_wiimote_msgs_s.ep.rosidl_typesupport_fastrtps_c.c.o[0m
[ 95%] [32m[1mLinking C shared library rosidl_generator_py/wiimote_msgs/wiimote_msgs_s__rosidl_typesupport_introspection_c.cpython-310-aarch64-linux-gnu.so[0m
[ 97%] [32m[1mLinking C shared library rosidl_generator_py/wiimote_msgs/wiimote_msgs_s__rosidl_typesupport_c.cpython-310-aarch64-linux-gnu.so[0m
[100%] [32m[1mLinking C shared library rosidl_generator_py/wiimote_msgs/wiimote_msgs_s__rosidl_typesupport_fastrtps_c.cpython-310-aarch64-linux-gnu.so[0m
[100%] Built target wiimote_msgs__rosidl_typesupport_c__pyext
[100%] Built target wiimote_msgs__rosidl_typesupport_introspection_c__pyext
[100%] Built target wiimote_msgs__rosidl_typesupport_fastrtps_c__pyext
