[0.088s] DEBUG:colcon:Command line arguments: ['/usr/bin/colcon', 'build']
[0.088s] DEBUG:colcon:Parsed command line arguments: Namespace(log_base=None, log_level=None, verb_name='build', build_base='build', install_base='install', merge_install=False, symlink_install=False, test_result_base=None, continue_on_error=False, executor='parallel', parallel_workers=6, event_handlers=None, ignore_user_meta=False, metas=['./colcon.meta'], base_paths=['.'], packages_ignore=None, packages_ignore_regex=None, paths=None, packages_up_to=None, packages_up_to_regex=None, packages_above=None, packages_above_and_dependencies=None, packages_above_depth=None, packages_select_by_dep=None, packages_skip_by_dep=None, packages_skip_up_to=None, packages_select_build_failed=False, packages_skip_build_finished=False, packages_select_test_failures=False, packages_skip_test_passed=False, packages_select=None, packages_skip=None, packages_select_regex=None, packages_skip_regex=None, packages_start=None, packages_end=None, allow_overriding=[], cmake_args=None, cmake_target=None, cmake_target_skip_unavailable=False, cmake_clean_cache=False, cmake_clean_first=False, cmake_force_configure=False, ament_cmake_args=None, catkin_cmake_args=None, catkin_skip_building_tests=False, mixin_files=None, mixin=None, verb_parser=<colcon_mixin.mixin.mixin_argument.MixinArgumentDecorator object at 0xffffa6788ee0>, verb_extension=<colcon_core.verb.build.BuildVerb object at 0xffffa6788850>, main=<bound method BuildVerb.main of <colcon_core.verb.build.BuildVerb object at 0xffffa6788850>>, mixin_verb=('build',))
[0.231s] Level 1:colcon.colcon_core.package_discovery:discover_packages(colcon_meta) check parameters
[0.231s] Level 1:colcon.colcon_core.package_discovery:discover_packages(recursive) check parameters
[0.231s] Level 1:colcon.colcon_core.package_discovery:discover_packages(ignore) check parameters
[0.231s] Level 1:colcon.colcon_core.package_discovery:discover_packages(path) check parameters
[0.231s] Level 1:colcon.colcon_core.package_discovery:discover_packages(colcon_meta) discover
[0.231s] Level 1:colcon.colcon_core.package_discovery:discover_packages(recursive) discover
[0.231s] INFO:colcon.colcon_core.package_discovery:Crawling recursively for packages in '/home/a/harurobo1'
[0.231s] Level 1:colcon.colcon_core.package_identification:_identify(.) by extensions ['ignore', 'ignore_ament_install']
[0.232s] Level 1:colcon.colcon_core.package_identification:_identify(.) by extension 'ignore'
[0.232s] Level 1:colcon.colcon_core.package_identification:_identify(.) by extension 'ignore_ament_install'
[0.232s] Level 1:colcon.colcon_core.package_identification:_identify(.) by extensions ['colcon_pkg']
[0.232s] Level 1:colcon.colcon_core.package_identification:_identify(.) by extension 'colcon_pkg'
[0.232s] Level 1:colcon.colcon_core.package_identification:_identify(.) by extensions ['colcon_meta']
[0.232s] Level 1:colcon.colcon_core.package_identification:_identify(.) by extension 'colcon_meta'
[0.232s] Level 1:colcon.colcon_core.package_identification:_identify(.) by extensions ['ros']
[0.232s] Level 1:colcon.colcon_core.package_identification:_identify(.) by extension 'ros'
[0.240s] Level 1:colcon.colcon_core.package_identification:_identify(.) by extensions ['cmake', 'python']
[0.241s] Level 1:colcon.colcon_core.package_identification:_identify(.) by extension 'cmake'
[0.241s] Level 1:colcon.colcon_core.package_identification:_identify(.) by extension 'python'
[0.241s] Level 1:colcon.colcon_core.package_identification:_identify(.) by extensions ['python_setup_py']
[0.241s] Level 1:colcon.colcon_core.package_identification:_identify(.) by extension 'python_setup_py'
[0.241s] Level 1:colcon.colcon_core.package_identification:_identify(build) by extensions ['ignore', 'ignore_ament_install']
[0.241s] Level 1:colcon.colcon_core.package_identification:_identify(build) by extension 'ignore'
[0.241s] Level 1:colcon.colcon_core.package_identification:_identify(build) ignored
[0.241s] Level 1:colcon.colcon_core.package_identification:_identify(install) by extensions ['ignore', 'ignore_ament_install']
[0.241s] Level 1:colcon.colcon_core.package_identification:_identify(install) by extension 'ignore'
[0.241s] Level 1:colcon.colcon_core.package_identification:_identify(install) ignored
[0.242s] Level 1:colcon.colcon_core.package_identification:_identify(log) by extensions ['ignore', 'ignore_ament_install']
[0.242s] Level 1:colcon.colcon_core.package_identification:_identify(log) by extension 'ignore'
[0.242s] Level 1:colcon.colcon_core.package_identification:_identify(log) ignored
[0.242s] Level 1:colcon.colcon_core.package_identification:_identify(src) by extensions ['ignore', 'ignore_ament_install']
[0.242s] Level 1:colcon.colcon_core.package_identification:_identify(src) by extension 'ignore'
[0.242s] Level 1:colcon.colcon_core.package_identification:_identify(src) by extension 'ignore_ament_install'
[0.242s] Level 1:colcon.colcon_core.package_identification:_identify(src) by extensions ['colcon_pkg']
[0.242s] Level 1:colcon.colcon_core.package_identification:_identify(src) by extension 'colcon_pkg'
[0.242s] Level 1:colcon.colcon_core.package_identification:_identify(src) by extensions ['colcon_meta']
[0.242s] Level 1:colcon.colcon_core.package_identification:_identify(src) by extension 'colcon_meta'
[0.242s] Level 1:colcon.colcon_core.package_identification:_identify(src) by extensions ['ros']
[0.242s] Level 1:colcon.colcon_core.package_identification:_identify(src) by extension 'ros'
[0.243s] Level 1:colcon.colcon_core.package_identification:_identify(src) by extensions ['cmake', 'python']
[0.243s] Level 1:colcon.colcon_core.package_identification:_identify(src) by extension 'cmake'
[0.243s] Level 1:colcon.colcon_core.package_identification:_identify(src) by extension 'python'
[0.243s] Level 1:colcon.colcon_core.package_identification:_identify(src) by extensions ['python_setup_py']
[0.243s] Level 1:colcon.colcon_core.package_identification:_identify(src) by extension 'python_setup_py'
[0.243s] Level 1:colcon.colcon_core.package_identification:_identify(src/haru_odrive) by extensions ['ignore', 'ignore_ament_install']
[0.243s] Level 1:colcon.colcon_core.package_identification:_identify(src/haru_odrive) by extension 'ignore'
[0.243s] Level 1:colcon.colcon_core.package_identification:_identify(src/haru_odrive) by extension 'ignore_ament_install'
[0.243s] Level 1:colcon.colcon_core.package_identification:_identify(src/haru_odrive) by extensions ['colcon_pkg']
[0.243s] Level 1:colcon.colcon_core.package_identification:_identify(src/haru_odrive) by extension 'colcon_pkg'
[0.243s] Level 1:colcon.colcon_core.package_identification:_identify(src/haru_odrive) by extensions ['colcon_meta']
[0.243s] Level 1:colcon.colcon_core.package_identification:_identify(src/haru_odrive) by extension 'colcon_meta'
[0.243s] Level 1:colcon.colcon_core.package_identification:_identify(src/haru_odrive) by extensions ['ros']
[0.243s] Level 1:colcon.colcon_core.package_identification:_identify(src/haru_odrive) by extension 'ros'
[0.245s] DEBUG:colcon.colcon_core.package_identification:Package 'src/haru_odrive' with type 'ros.ament_python' and name 'od_ros'
[0.245s] Level 1:colcon.colcon_core.package_identification:_identify(src/joy_translate) by extensions ['ignore', 'ignore_ament_install']
[0.245s] Level 1:colcon.colcon_core.package_identification:_identify(src/joy_translate) by extension 'ignore'
[0.246s] Level 1:colcon.colcon_core.package_identification:_identify(src/joy_translate) by extension 'ignore_ament_install'
[0.246s] Level 1:colcon.colcon_core.package_identification:_identify(src/joy_translate) by extensions ['colcon_pkg']
[0.246s] Level 1:colcon.colcon_core.package_identification:_identify(src/joy_translate) by extension 'colcon_pkg'
[0.246s] Level 1:colcon.colcon_core.package_identification:_identify(src/joy_translate) by extensions ['colcon_meta']
[0.246s] Level 1:colcon.colcon_core.package_identification:_identify(src/joy_translate) by extension 'colcon_meta'
[0.246s] Level 1:colcon.colcon_core.package_identification:_identify(src/joy_translate) by extensions ['ros']
[0.246s] Level 1:colcon.colcon_core.package_identification:_identify(src/joy_translate) by extension 'ros'
[0.246s] DEBUG:colcon.colcon_core.package_identification:Package 'src/joy_translate' with type 'ros.ament_python' and name 'joy_translate'
[0.246s] Level 1:colcon.colcon_core.package_discovery:discover_packages(recursive) using defaults
[0.247s] Level 1:colcon.colcon_core.package_discovery:discover_packages(ignore) discover
[0.247s] Level 1:colcon.colcon_core.package_discovery:discover_packages(ignore) using defaults
[0.247s] Level 1:colcon.colcon_core.package_discovery:discover_packages(path) discover
[0.247s] Level 1:colcon.colcon_core.package_discovery:discover_packages(path) using defaults
[0.272s] Level 1:colcon.colcon_core.package_discovery:discover_packages(prefix_path) check parameters
[0.272s] Level 1:colcon.colcon_core.package_discovery:discover_packages(prefix_path) discover
[0.277s] DEBUG:colcon.colcon_installed_package_information.package_discovery:Found 4 installed packages in /home/a/harurobo1/install
[0.277s] DEBUG:colcon.colcon_installed_package_information.package_discovery:Found 4 installed packages in /home/a/harurobo/install
[0.279s] DEBUG:colcon.colcon_installed_package_information.package_discovery:Found 25 installed packages in /home/a/ros2_ws/install
[0.281s] DEBUG:colcon.colcon_installed_package_information.package_discovery:Found 235 installed packages in /opt/ros/humble
[0.282s] Level 1:colcon.colcon_core.package_discovery:discover_packages(prefix_path) using defaults
[0.312s] Level 5:colcon.colcon_core.verb:set package 'joy_translate' build argument 'cmake_args' from command line to 'None'
[0.312s] Level 5:colcon.colcon_core.verb:set package 'joy_translate' build argument 'cmake_target' from command line to 'None'
[0.312s] Level 5:colcon.colcon_core.verb:set package 'joy_translate' build argument 'cmake_target_skip_unavailable' from command line to 'False'
[0.312s] Level 5:colcon.colcon_core.verb:set package 'joy_translate' build argument 'cmake_clean_cache' from command line to 'False'
[0.312s] Level 5:colcon.colcon_core.verb:set package 'joy_translate' build argument 'cmake_clean_first' from command line to 'False'
[0.312s] Level 5:colcon.colcon_core.verb:set package 'joy_translate' build argument 'cmake_force_configure' from command line to 'False'
[0.312s] Level 5:colcon.colcon_core.verb:set package 'joy_translate' build argument 'ament_cmake_args' from command line to 'None'
[0.312s] Level 5:colcon.colcon_core.verb:set package 'joy_translate' build argument 'catkin_cmake_args' from command line to 'None'
[0.312s] Level 5:colcon.colcon_core.verb:set package 'joy_translate' build argument 'catkin_skip_building_tests' from command line to 'False'
[0.312s] DEBUG:colcon.colcon_core.verb:Building package 'joy_translate' with the following arguments: {'ament_cmake_args': None, 'build_base': '/home/a/harurobo1/build/joy_translate', 'catkin_cmake_args': None, 'catkin_skip_building_tests': False, 'cmake_args': None, 'cmake_clean_cache': False, 'cmake_clean_first': False, 'cmake_force_configure': False, 'cmake_target': None, 'cmake_target_skip_unavailable': False, 'install_base': '/home/a/harurobo1/install/joy_translate', 'merge_install': False, 'path': '/home/a/harurobo1/src/joy_translate', 'symlink_install': False, 'test_result_base': None}
[0.313s] Level 5:colcon.colcon_core.verb:set package 'od_ros' build argument 'cmake_args' from command line to 'None'
[0.313s] Level 5:colcon.colcon_core.verb:set package 'od_ros' build argument 'cmake_target' from command line to 'None'
[0.313s] Level 5:colcon.colcon_core.verb:set package 'od_ros' build argument 'cmake_target_skip_unavailable' from command line to 'False'
[0.313s] Level 5:colcon.colcon_core.verb:set package 'od_ros' build argument 'cmake_clean_cache' from command line to 'False'
[0.313s] Level 5:colcon.colcon_core.verb:set package 'od_ros' build argument 'cmake_clean_first' from command line to 'False'
[0.313s] Level 5:colcon.colcon_core.verb:set package 'od_ros' build argument 'cmake_force_configure' from command line to 'False'
[0.313s] Level 5:colcon.colcon_core.verb:set package 'od_ros' build argument 'ament_cmake_args' from command line to 'None'
[0.313s] Level 5:colcon.colcon_core.verb:set package 'od_ros' build argument 'catkin_cmake_args' from command line to 'None'
[0.313s] Level 5:colcon.colcon_core.verb:set package 'od_ros' build argument 'catkin_skip_building_tests' from command line to 'False'
[0.313s] DEBUG:colcon.colcon_core.verb:Building package 'od_ros' with the following arguments: {'ament_cmake_args': None, 'build_base': '/home/a/harurobo1/build/od_ros', 'catkin_cmake_args': None, 'catkin_skip_building_tests': False, 'cmake_args': None, 'cmake_clean_cache': False, 'cmake_clean_first': False, 'cmake_force_configure': False, 'cmake_target': None, 'cmake_target_skip_unavailable': False, 'install_base': '/home/a/harurobo1/install/od_ros', 'merge_install': False, 'path': '/home/a/harurobo1/src/haru_odrive', 'symlink_install': False, 'test_result_base': None}
[0.313s] INFO:colcon.colcon_core.executor:Executing jobs using 'parallel' executor
[0.314s] DEBUG:colcon.colcon_parallel_executor.executor.parallel:run_until_complete
[0.315s] INFO:colcon.colcon_ros.task.ament_python.build:Building ROS package in '/home/a/harurobo1/src/joy_translate' with build type 'ament_python'
[0.315s] Level 1:colcon.colcon_core.shell:create_environment_hook('joy_translate', 'ament_prefix_path')
[0.316s] INFO:colcon.colcon_core.plugin_system:Skipping extension 'colcon_core.shell.bat': Not used on non-Windows systems
[0.317s] INFO:colcon.colcon_core.shell:Creating environment hook '/home/a/harurobo1/install/joy_translate/share/joy_translate/hook/ament_prefix_path.ps1'
[0.317s] INFO:colcon.colcon_core.shell:Creating environment descriptor '/home/a/harurobo1/install/joy_translate/share/joy_translate/hook/ament_prefix_path.dsv'
[0.318s] INFO:colcon.colcon_core.shell:Creating environment hook '/home/a/harurobo1/install/joy_translate/share/joy_translate/hook/ament_prefix_path.sh'
[0.319s] INFO:colcon.colcon_core.shell:Skip shell extension 'powershell' for command environment: Not usable outside of PowerShell
[0.319s] DEBUG:colcon.colcon_core.shell:Skip shell extension 'dsv' for command environment
[0.322s] INFO:colcon.colcon_ros.task.ament_python.build:Building ROS package in '/home/a/harurobo1/src/haru_odrive' with build type 'ament_python'
[0.323s] Level 1:colcon.colcon_core.shell:create_environment_hook('od_ros', 'ament_prefix_path')
[0.323s] INFO:colcon.colcon_core.shell:Creating environment hook '/home/a/harurobo1/install/od_ros/share/od_ros/hook/ament_prefix_path.ps1'
[0.324s] INFO:colcon.colcon_core.shell:Creating environment descriptor '/home/a/harurobo1/install/od_ros/share/od_ros/hook/ament_prefix_path.dsv'
[0.324s] INFO:colcon.colcon_core.shell:Creating environment hook '/home/a/harurobo1/install/od_ros/share/od_ros/hook/ament_prefix_path.sh'
[0.325s] INFO:colcon.colcon_core.shell:Skip shell extension 'powershell' for command environment: Not usable outside of PowerShell
[0.325s] DEBUG:colcon.colcon_core.shell:Skip shell extension 'dsv' for command environment
[0.643s] INFO:colcon.colcon_core.task.python.build:Building Python package in '/home/a/harurobo1/src/joy_translate'
[0.644s] INFO:colcon.colcon_core.shell:Skip shell extension 'powershell' for command environment: Not usable outside of PowerShell
[0.644s] DEBUG:colcon.colcon_core.shell:Skip shell extension 'dsv' for command environment
[0.863s] INFO:colcon.colcon_core.task.python.build:Building Python package in '/home/a/harurobo1/src/haru_odrive'
[0.864s] INFO:colcon.colcon_core.shell:Skip shell extension 'powershell' for command environment: Not usable outside of PowerShell
[0.864s] DEBUG:colcon.colcon_core.shell:Skip shell extension 'dsv' for command environment
[1.166s] DEBUG:colcon.colcon_core.event_handler.log_command:Invoking command in '/home/a/harurobo1/src/joy_translate': PYTHONPATH=/home/a/harurobo1/build/joy_translate/prefix_override:/usr/lib/python3/dist-packages/colcon_core/task/python/colcon_distutils_commands:/home/a/harurobo1/install/joy_translate/lib/python3.10/site-packages:${PYTHONPATH} /usr/bin/python3 -W ignore:setup.py install is deprecated -W ignore:easy_install command is deprecated setup.py egg_info --egg-base ../../build/joy_translate build --build-base /home/a/harurobo1/build/joy_translate/build install --record /home/a/harurobo1/build/joy_translate/install.log --single-version-externally-managed install_data
[1.178s] DEBUG:colcon.colcon_core.event_handler.log_command:Invoking command in '/home/a/harurobo1/src/haru_odrive': PYTHONPATH=/home/a/harurobo1/build/od_ros/prefix_override:/usr/lib/python3/dist-packages/colcon_core/task/python/colcon_distutils_commands:/home/a/harurobo1/install/od_ros/lib/python3.10/site-packages:${PYTHONPATH} /usr/bin/python3 -W ignore:setup.py install is deprecated -W ignore:easy_install command is deprecated setup.py egg_info --egg-base ../../build/od_ros build --build-base /home/a/harurobo1/build/od_ros/build install --record /home/a/harurobo1/build/od_ros/install.log --single-version-externally-managed install_data
[1.409s] DEBUG:colcon.colcon_core.event_handler.log_command:Invoked command in '/home/a/harurobo1/src/joy_translate' returned '0': PYTHONPATH=/home/a/harurobo1/build/joy_translate/prefix_override:/usr/lib/python3/dist-packages/colcon_core/task/python/colcon_distutils_commands:/home/a/harurobo1/install/joy_translate/lib/python3.10/site-packages:${PYTHONPATH} /usr/bin/python3 -W ignore:setup.py install is deprecated -W ignore:easy_install command is deprecated setup.py egg_info --egg-base ../../build/joy_translate build --build-base /home/a/harurobo1/build/joy_translate/build install --record /home/a/harurobo1/build/joy_translate/install.log --single-version-externally-managed install_data
[1.411s] Level 1:colcon.colcon_core.environment:checking '/home/a/harurobo1/install/joy_translate' for CMake module files
[1.411s] Level 1:colcon.colcon_core.environment:checking '/home/a/harurobo1/install/joy_translate' for CMake config files
[1.412s] Level 1:colcon.colcon_core.environment:checking '/home/a/harurobo1/install/joy_translate/lib'
[1.412s] Level 1:colcon.colcon_core.environment:checking '/home/a/harurobo1/install/joy_translate/bin'
[1.412s] Level 1:colcon.colcon_core.environment:checking '/home/a/harurobo1/install/joy_translate/lib/pkgconfig/joy_translate.pc'
[1.412s] Level 1:colcon.colcon_core.environment:checking '/home/a/harurobo1/install/joy_translate/lib/python3.10/site-packages'
[1.412s] Level 1:colcon.colcon_core.shell:create_environment_hook('joy_translate', 'pythonpath')
[1.412s] INFO:colcon.colcon_core.shell:Creating environment hook '/home/a/harurobo1/install/joy_translate/share/joy_translate/hook/pythonpath.ps1'
[1.413s] INFO:colcon.colcon_core.shell:Creating environment descriptor '/home/a/harurobo1/install/joy_translate/share/joy_translate/hook/pythonpath.dsv'
[1.413s] INFO:colcon.colcon_core.shell:Creating environment hook '/home/a/harurobo1/install/joy_translate/share/joy_translate/hook/pythonpath.sh'
[1.414s] Level 1:colcon.colcon_core.environment:checking '/home/a/harurobo1/install/joy_translate/bin'
[1.414s] Level 1:colcon.colcon_core.environment:create_environment_scripts_only(joy_translate)
[1.414s] INFO:colcon.colcon_core.shell:Creating package script '/home/a/harurobo1/install/joy_translate/share/joy_translate/package.ps1'
[1.414s] INFO:colcon.colcon_core.shell:Creating package descriptor '/home/a/harurobo1/install/joy_translate/share/joy_translate/package.dsv'
[1.415s] INFO:colcon.colcon_core.shell:Creating package script '/home/a/harurobo1/install/joy_translate/share/joy_translate/package.sh'
[1.415s] INFO:colcon.colcon_core.shell:Creating package script '/home/a/harurobo1/install/joy_translate/share/joy_translate/package.bash'
[1.416s] INFO:colcon.colcon_core.shell:Creating package script '/home/a/harurobo1/install/joy_translate/share/joy_translate/package.zsh'
[1.416s] Level 1:colcon.colcon_core.environment:create_file_with_runtime_dependencies(/home/a/harurobo1/install/joy_translate/share/colcon-core/packages/joy_translate)
[1.426s] Level 1:colcon.colcon_core.environment:checking '/home/a/harurobo1/install/od_ros' for CMake module files
[1.427s] DEBUG:colcon.colcon_core.event_handler.log_command:Invoked command in '/home/a/harurobo1/src/haru_odrive' returned '0': PYTHONPATH=/home/a/harurobo1/build/od_ros/prefix_override:/usr/lib/python3/dist-packages/colcon_core/task/python/colcon_distutils_commands:/home/a/harurobo1/install/od_ros/lib/python3.10/site-packages:${PYTHONPATH} /usr/bin/python3 -W ignore:setup.py install is deprecated -W ignore:easy_install command is deprecated setup.py egg_info --egg-base ../../build/od_ros build --build-base /home/a/harurobo1/build/od_ros/build install --record /home/a/harurobo1/build/od_ros/install.log --single-version-externally-managed install_data
[1.427s] Level 1:colcon.colcon_core.environment:checking '/home/a/harurobo1/install/od_ros' for CMake config files
[1.427s] Level 1:colcon.colcon_core.environment:checking '/home/a/harurobo1/install/od_ros/lib'
[1.427s] Level 1:colcon.colcon_core.environment:checking '/home/a/harurobo1/install/od_ros/bin'
[1.427s] Level 1:colcon.colcon_core.environment:checking '/home/a/harurobo1/install/od_ros/lib/pkgconfig/od_ros.pc'
[1.427s] Level 1:colcon.colcon_core.environment:checking '/home/a/harurobo1/install/od_ros/lib/python3.10/site-packages'
[1.428s] Level 1:colcon.colcon_core.shell:create_environment_hook('od_ros', 'pythonpath')
[1.428s] INFO:colcon.colcon_core.shell:Creating environment hook '/home/a/harurobo1/install/od_ros/share/od_ros/hook/pythonpath.ps1'
[1.428s] INFO:colcon.colcon_core.shell:Creating environment descriptor '/home/a/harurobo1/install/od_ros/share/od_ros/hook/pythonpath.dsv'
[1.428s] INFO:colcon.colcon_core.shell:Creating environment hook '/home/a/harurobo1/install/od_ros/share/od_ros/hook/pythonpath.sh'
[1.429s] Level 1:colcon.colcon_core.environment:checking '/home/a/harurobo1/install/od_ros/bin'
[1.429s] Level 1:colcon.colcon_core.environment:create_environment_scripts_only(od_ros)
[1.429s] INFO:colcon.colcon_core.shell:Creating package script '/home/a/harurobo1/install/od_ros/share/od_ros/package.ps1'
[1.430s] INFO:colcon.colcon_core.shell:Creating package descriptor '/home/a/harurobo1/install/od_ros/share/od_ros/package.dsv'
[1.430s] INFO:colcon.colcon_core.shell:Creating package script '/home/a/harurobo1/install/od_ros/share/od_ros/package.sh'
[1.430s] INFO:colcon.colcon_core.shell:Creating package script '/home/a/harurobo1/install/od_ros/share/od_ros/package.bash'
[1.430s] INFO:colcon.colcon_core.shell:Creating package script '/home/a/harurobo1/install/od_ros/share/od_ros/package.zsh'
[1.430s] Level 1:colcon.colcon_core.environment:create_file_with_runtime_dependencies(/home/a/harurobo1/install/od_ros/share/colcon-core/packages/od_ros)
[1.431s] DEBUG:colcon.colcon_parallel_executor.executor.parallel:closing loop
[1.431s] DEBUG:colcon.colcon_parallel_executor.executor.parallel:loop closed
[1.431s] DEBUG:colcon.colcon_parallel_executor.executor.parallel:run_until_complete finished with '0'
[1.431s] DEBUG:colcon.colcon_core.event_reactor:joining thread
[1.436s] INFO:colcon.colcon_core.plugin_system:Skipping extension 'colcon_notification.desktop_notification.terminal_notifier': Not used on non-Darwin systems
[1.436s] INFO:colcon.colcon_core.plugin_system:Skipping extension 'colcon_notification.desktop_notification.win32': Not used on non-Windows systems
[1.436s] INFO:colcon.colcon_notification.desktop_notification:Sending desktop notification using 'notify2'
[1.459s] DEBUG:colcon.colcon_core.event_reactor:joined thread
[1.460s] INFO:colcon.colcon_core.shell:Creating prefix script '/home/a/harurobo1/install/local_setup.ps1'
[1.461s] INFO:colcon.colcon_core.shell:Creating prefix util module '/home/a/harurobo1/install/_local_setup_util_ps1.py'
[1.472s] INFO:colcon.colcon_core.shell:Creating prefix chain script '/home/a/harurobo1/install/setup.ps1'
[1.474s] INFO:colcon.colcon_core.shell:Creating prefix script '/home/a/harurobo1/install/local_setup.sh'
[1.475s] INFO:colcon.colcon_core.shell:Creating prefix util module '/home/a/harurobo1/install/_local_setup_util_sh.py'
[1.475s] INFO:colcon.colcon_core.shell:Creating prefix chain script '/home/a/harurobo1/install/setup.sh'
[1.482s] INFO:colcon.colcon_core.shell:Creating prefix script '/home/a/harurobo1/install/local_setup.bash'
[1.483s] INFO:colcon.colcon_core.shell:Creating prefix chain script '/home/a/harurobo1/install/setup.bash'
[1.484s] INFO:colcon.colcon_core.shell:Creating prefix script '/home/a/harurobo1/install/local_setup.zsh'
[1.485s] INFO:colcon.colcon_core.shell:Creating prefix chain script '/home/a/harurobo1/install/setup.zsh'
