running egg_info
writing ../../build/haru_odrive/haru_odrive.egg-info/PKG-INFO
writing dependency_links to ../../build/haru_odrive/haru_odrive.egg-info/dependency_links.txt
writing entry points to ../../build/haru_odrive/haru_odrive.egg-info/entry_points.txt
writing requirements to ../../build/haru_odrive/haru_odrive.egg-info/requires.txt
writing top-level names to ../../build/haru_odrive/haru_odrive.egg-info/top_level.txt
reading manifest file '../../build/haru_odrive/haru_odrive.egg-info/SOURCES.txt'
adding license file 'LICENSE'
writing manifest file '../../build/haru_odrive/haru_odrive.egg-info/SOURCES.txt'
running build
running build_py
copying haru_odrive/od.py -> /home/a/harurobo/build/haru_odrive/build/lib/haru_odrive
running install
running install_lib
copying /home/a/harurobo/build/haru_odrive/build/lib/haru_odrive/od.py -> /home/a/harurobo/install/haru_odrive/lib/python3.10/site-packages/haru_odrive
byte-compiling /home/a/harurobo/install/haru_odrive/lib/python3.10/site-packages/haru_odrive/od.py to od.cpython-310.pyc
running install_data
running install_egg_info
removing '/home/a/harurobo/install/haru_odrive/lib/python3.10/site-packages/haru_odrive-0.0.0-py3.10.egg-info' (and everything under it)
Copying ../../build/haru_odrive/haru_odrive.egg-info to /home/a/harurobo/install/haru_odrive/lib/python3.10/site-packages/haru_odrive-0.0.0-py3.10.egg-info
running install_scripts
Installing od script to /home/a/harurobo/install/haru_odrive/lib/od_ros
writing list of installed files to '/home/a/harurobo/build/haru_odrive/install.log'
