[28.842s] Invoking command in '/home/a/harurobo/src/haru_odrive': PYTHONPATH=/home/a/harurobo/build/haru_odrive/prefix_override:/usr/lib/python3/dist-packages/colcon_core/task/python/colcon_distutils_commands:/home/a/harurobo/install/haru_odrive/lib/python3.10/site-packages:${PYTHONPATH} /usr/bin/python3 -W ignore:setup.py install is deprecated -W ignore:easy_install command is deprecated setup.py egg_info --egg-base ../../build/haru_odrive build --build-base /home/a/harurobo/build/haru_odrive/build install --record /home/a/harurobo/build/haru_odrive/install.log --single-version-externally-managed install_data
[29.059s] running egg_info
[29.060s] writing ../../build/haru_odrive/haru_odrive.egg-info/PKG-INFO
[29.061s] writing dependency_links to ../../build/haru_odrive/haru_odrive.egg-info/dependency_links.txt
[29.061s] writing entry points to ../../build/haru_odrive/haru_odrive.egg-info/entry_points.txt
[29.061s] writing requirements to ../../build/haru_odrive/haru_odrive.egg-info/requires.txt
[29.061s] writing top-level names to ../../build/haru_odrive/haru_odrive.egg-info/top_level.txt
[29.062s] reading manifest file '../../build/haru_odrive/haru_odrive.egg-info/SOURCES.txt'
[29.062s] adding license file 'LICENSE'
[29.063s] writing manifest file '../../build/haru_odrive/haru_odrive.egg-info/SOURCES.txt'
[29.063s] running build
[29.063s] running build_py
[29.064s] copying haru_odrive/od.py -> /home/a/harurobo/build/haru_odrive/build/lib/haru_odrive
[29.065s] running install
[29.065s] running install_lib
[29.068s] copying /home/a/harurobo/build/haru_odrive/build/lib/haru_odrive/od.py -> /home/a/harurobo/install/haru_odrive/lib/python3.10/site-packages/haru_odrive
[29.068s] byte-compiling /home/a/harurobo/install/haru_odrive/lib/python3.10/site-packages/haru_odrive/od.py to od.cpython-310.pyc
[29.071s] running install_data
[29.072s] running install_egg_info
[29.079s] removing '/home/a/harurobo/install/haru_odrive/lib/python3.10/site-packages/haru_odrive-0.0.0-py3.10.egg-info' (and everything under it)
[29.079s] Copying ../../build/haru_odrive/haru_odrive.egg-info to /home/a/harurobo/install/haru_odrive/lib/python3.10/site-packages/haru_odrive-0.0.0-py3.10.egg-info
[29.081s] running install_scripts
[29.119s] Installing od script to /home/a/harurobo/install/haru_odrive/lib/od_ros
[29.120s] writing list of installed files to '/home/a/harurobo/build/haru_odrive/install.log'
[29.220s] Invoked command in '/home/a/harurobo/src/haru_odrive' returned '0': PYTHONPATH=/home/a/harurobo/build/haru_odrive/prefix_override:/usr/lib/python3/dist-packages/colcon_core/task/python/colcon_distutils_commands:/home/a/harurobo/install/haru_odrive/lib/python3.10/site-packages:${PYTHONPATH} /usr/bin/python3 -W ignore:setup.py install is deprecated -W ignore:easy_install command is deprecated setup.py egg_info --egg-base ../../build/haru_odrive build --build-base /home/a/harurobo/build/haru_odrive/build install --record /home/a/harurobo/build/haru_odrive/install.log --single-version-externally-managed install_data
