[0.104s] DEBUG:colcon:Command line arguments: ['/usr/bin/colcon', 'build']
[0.104s] DEBUG:colcon:Parsed command line arguments: Namespace(log_base=None, log_level=None, verb_name='build', build_base='build', install_base='install', merge_install=False, symlink_install=False, test_result_base=None, continue_on_error=False, executor='parallel', parallel_workers=6, event_handlers=None, ignore_user_meta=False, metas=['./colcon.meta'], base_paths=['.'], packages_ignore=None, packages_ignore_regex=None, paths=None, packages_up_to=None, packages_up_to_regex=None, packages_above=None, packages_above_and_dependencies=None, packages_above_depth=None, packages_select_by_dep=None, packages_skip_by_dep=None, packages_skip_up_to=None, packages_select_build_failed=False, packages_skip_build_finished=False, packages_select_test_failures=False, packages_skip_test_passed=False, packages_select=None, packages_skip=None, packages_select_regex=None, packages_skip_regex=None, packages_start=None, packages_end=None, allow_overriding=[], cmake_args=None, cmake_target=None, cmake_target_skip_unavailable=False, cmake_clean_cache=False, cmake_clean_first=False, cmake_force_configure=False, ament_cmake_args=None, catkin_cmake_args=None, catkin_skip_building_tests=False, mixin_files=None, mixin=None, verb_parser=<colcon_mixin.mixin.mixin_argument.MixinArgumentDecorator object at 0xffffb7389180>, verb_extension=<colcon_core.verb.build.BuildVerb object at 0xffffb7388af0>, main=<bound method BuildVerb.main of <colcon_core.verb.build.BuildVerb object at 0xffffb7388af0>>, mixin_verb=('build',))
[0.254s] Level 1:colcon.colcon_core.package_discovery:discover_packages(colcon_meta) check parameters
[0.254s] Level 1:colcon.colcon_core.package_discovery:discover_packages(recursive) check parameters
[0.254s] Level 1:colcon.colcon_core.package_discovery:discover_packages(ignore) check parameters
[0.255s] Level 1:colcon.colcon_core.package_discovery:discover_packages(path) check parameters
[0.255s] Level 1:colcon.colcon_core.package_discovery:discover_packages(colcon_meta) discover
[0.255s] Level 1:colcon.colcon_core.package_discovery:discover_packages(recursive) discover
[0.255s] INFO:colcon.colcon_core.package_discovery:Crawling recursively for packages in '/home/a/harurobo1'
[0.255s] Level 1:colcon.colcon_core.package_identification:_identify(.) by extensions ['ignore', 'ignore_ament_install']
[0.255s] Level 1:colcon.colcon_core.package_identification:_identify(.) by extension 'ignore'
[0.255s] Level 1:colcon.colcon_core.package_identification:_identify(.) by extension 'ignore_ament_install'
[0.255s] Level 1:colcon.colcon_core.package_identification:_identify(.) by extensions ['colcon_pkg']
[0.255s] Level 1:colcon.colcon_core.package_identification:_identify(.) by extension 'colcon_pkg'
[0.256s] Level 1:colcon.colcon_core.package_identification:_identify(.) by extensions ['colcon_meta']
[0.256s] Level 1:colcon.colcon_core.package_identification:_identify(.) by extension 'colcon_meta'
[0.256s] Level 1:colcon.colcon_core.package_identification:_identify(.) by extensions ['ros']
[0.256s] Level 1:colcon.colcon_core.package_identification:_identify(.) by extension 'ros'
[0.267s] Level 1:colcon.colcon_core.package_identification:_identify(.) by extensions ['cmake', 'python']
[0.268s] Level 1:colcon.colcon_core.package_identification:_identify(.) by extension 'cmake'
[0.268s] Level 1:colcon.colcon_core.package_identification:_identify(.) by extension 'python'
[0.268s] Level 1:colcon.colcon_core.package_identification:_identify(.) by extensions ['python_setup_py']
[0.268s] Level 1:colcon.colcon_core.package_identification:_identify(.) by extension 'python_setup_py'
[0.268s] Level 1:colcon.colcon_core.package_identification:_identify(build) by extensions ['ignore', 'ignore_ament_install']
[0.268s] Level 1:colcon.colcon_core.package_identification:_identify(build) by extension 'ignore'
[0.268s] Level 1:colcon.colcon_core.package_identification:_identify(build) ignored
[0.268s] Level 1:colcon.colcon_core.package_identification:_identify(install) by extensions ['ignore', 'ignore_ament_install']
[0.268s] Level 1:colcon.colcon_core.package_identification:_identify(install) by extension 'ignore'
[0.269s] Level 1:colcon.colcon_core.package_identification:_identify(install) ignored
[0.269s] Level 1:colcon.colcon_core.package_identification:_identify(log) by extensions ['ignore', 'ignore_ament_install']
[0.269s] Level 1:colcon.colcon_core.package_identification:_identify(log) by extension 'ignore'
[0.269s] Level 1:colcon.colcon_core.package_identification:_identify(log) ignored
[0.269s] Level 1:colcon.colcon_core.package_identification:_identify(src) by extensions ['ignore', 'ignore_ament_install']
[0.269s] Level 1:colcon.colcon_core.package_identification:_identify(src) by extension 'ignore'
[0.269s] Level 1:colcon.colcon_core.package_identification:_identify(src) by extension 'ignore_ament_install'
[0.269s] Level 1:colcon.colcon_core.package_identification:_identify(src) by extensions ['colcon_pkg']
[0.269s] Level 1:colcon.colcon_core.package_identification:_identify(src) by extension 'colcon_pkg'
[0.270s] Level 1:colcon.colcon_core.package_identification:_identify(src) by extensions ['colcon_meta']
[0.270s] Level 1:colcon.colcon_core.package_identification:_identify(src) by extension 'colcon_meta'
[0.270s] Level 1:colcon.colcon_core.package_identification:_identify(src) by extensions ['ros']
[0.270s] Level 1:colcon.colcon_core.package_identification:_identify(src) by extension 'ros'
[0.270s] Level 1:colcon.colcon_core.package_identification:_identify(src) by extensions ['cmake', 'python']
[0.270s] Level 1:colcon.colcon_core.package_identification:_identify(src) by extension 'cmake'
[0.270s] Level 1:colcon.colcon_core.package_identification:_identify(src) by extension 'python'
[0.270s] Level 1:colcon.colcon_core.package_identification:_identify(src) by extensions ['python_setup_py']
[0.270s] Level 1:colcon.colcon_core.package_identification:_identify(src) by extension 'python_setup_py'
[0.270s] Level 1:colcon.colcon_core.package_identification:_identify(src/haru_odrive) by extensions ['ignore', 'ignore_ament_install']
[0.270s] Level 1:colcon.colcon_core.package_identification:_identify(src/haru_odrive) by extension 'ignore'
[0.271s] Level 1:colcon.colcon_core.package_identification:_identify(src/haru_odrive) by extension 'ignore_ament_install'
[0.271s] Level 1:colcon.colcon_core.package_identification:_identify(src/haru_odrive) by extensions ['colcon_pkg']
[0.271s] Level 1:colcon.colcon_core.package_identification:_identify(src/haru_odrive) by extension 'colcon_pkg'
[0.271s] Level 1:colcon.colcon_core.package_identification:_identify(src/haru_odrive) by extensions ['colcon_meta']
[0.271s] Level 1:colcon.colcon_core.package_identification:_identify(src/haru_odrive) by extension 'colcon_meta'
[0.271s] Level 1:colcon.colcon_core.package_identification:_identify(src/haru_odrive) by extensions ['ros']
[0.271s] Level 1:colcon.colcon_core.package_identification:_identify(src/haru_odrive) by extension 'ros'
[0.273s] DEBUG:colcon.colcon_core.package_identification:Package 'src/haru_odrive' with type 'ros.ament_python' and name 'haru_odrive'
[0.273s] Level 1:colcon.colcon_core.package_identification:_identify(src/joy_translate) by extensions ['ignore', 'ignore_ament_install']
[0.273s] Level 1:colcon.colcon_core.package_identification:_identify(src/joy_translate) by extension 'ignore'
[0.274s] Level 1:colcon.colcon_core.package_identification:_identify(src/joy_translate) by extension 'ignore_ament_install'
[0.274s] Level 1:colcon.colcon_core.package_identification:_identify(src/joy_translate) by extensions ['colcon_pkg']
[0.274s] Level 1:colcon.colcon_core.package_identification:_identify(src/joy_translate) by extension 'colcon_pkg'
[0.274s] Level 1:colcon.colcon_core.package_identification:_identify(src/joy_translate) by extensions ['colcon_meta']
[0.274s] Level 1:colcon.colcon_core.package_identification:_identify(src/joy_translate) by extension 'colcon_meta'
[0.274s] Level 1:colcon.colcon_core.package_identification:_identify(src/joy_translate) by extensions ['ros']
[0.274s] Level 1:colcon.colcon_core.package_identification:_identify(src/joy_translate) by extension 'ros'
[0.274s] DEBUG:colcon.colcon_core.package_identification:Package 'src/joy_translate' with type 'ros.ament_python' and name 'joy_translate'
[0.275s] Level 1:colcon.colcon_core.package_discovery:discover_packages(recursive) using defaults
[0.275s] Level 1:colcon.colcon_core.package_discovery:discover_packages(ignore) discover
[0.275s] Level 1:colcon.colcon_core.package_discovery:discover_packages(ignore) using defaults
[0.275s] Level 1:colcon.colcon_core.package_discovery:discover_packages(path) discover
[0.275s] Level 1:colcon.colcon_core.package_discovery:discover_packages(path) using defaults
[0.303s] Level 1:colcon.colcon_core.package_discovery:discover_packages(prefix_path) check parameters
[0.303s] Level 1:colcon.colcon_core.package_discovery:discover_packages(prefix_path) discover
[0.305s] DEBUG:colcon.colcon_installed_package_information.package_discovery:Found 5 installed packages in /home/a/harurobo1/install
[0.306s] DEBUG:colcon.colcon_installed_package_information.package_discovery:Found 4 installed packages in /home/a/harurobo/install
[0.307s] DEBUG:colcon.colcon_installed_package_information.package_discovery:Found 25 installed packages in /home/a/ros2_ws/install
[0.308s] DEBUG:colcon.colcon_installed_package_information.package_discovery:Found 235 installed packages in /opt/ros/humble
[0.309s] Level 1:colcon.colcon_core.package_discovery:discover_packages(prefix_path) using defaults
[0.344s] Level 5:colcon.colcon_core.verb:set package 'haru_odrive' build argument 'cmake_args' from command line to 'None'
[0.344s] Level 5:colcon.colcon_core.verb:set package 'haru_odrive' build argument 'cmake_target' from command line to 'None'
[0.344s] Level 5:colcon.colcon_core.verb:set package 'haru_odrive' build argument 'cmake_target_skip_unavailable' from command line to 'False'
[0.344s] Level 5:colcon.colcon_core.verb:set package 'haru_odrive' build argument 'cmake_clean_cache' from command line to 'False'
[0.344s] Level 5:colcon.colcon_core.verb:set package 'haru_odrive' build argument 'cmake_clean_first' from command line to 'False'
[0.345s] Level 5:colcon.colcon_core.verb:set package 'haru_odrive' build argument 'cmake_force_configure' from command line to 'False'
[0.345s] Level 5:colcon.colcon_core.verb:set package 'haru_odrive' build argument 'ament_cmake_args' from command line to 'None'
[0.345s] Level 5:colcon.colcon_core.verb:set package 'haru_odrive' build argument 'catkin_cmake_args' from command line to 'None'
[0.345s] Level 5:colcon.colcon_core.verb:set package 'haru_odrive' build argument 'catkin_skip_building_tests' from command line to 'False'
[0.345s] DEBUG:colcon.colcon_core.verb:Building package 'haru_odrive' with the following arguments: {'ament_cmake_args': None, 'build_base': '/home/a/harurobo1/build/haru_odrive', 'catkin_cmake_args': None, 'catkin_skip_building_tests': False, 'cmake_args': None, 'cmake_clean_cache': False, 'cmake_clean_first': False, 'cmake_force_configure': False, 'cmake_target': None, 'cmake_target_skip_unavailable': False, 'install_base': '/home/a/harurobo1/install/haru_odrive', 'merge_install': False, 'path': '/home/a/harurobo1/src/haru_odrive', 'symlink_install': False, 'test_result_base': None}
[0.345s] Level 5:colcon.colcon_core.verb:set package 'joy_translate' build argument 'cmake_args' from command line to 'None'
[0.345s] Level 5:colcon.colcon_core.verb:set package 'joy_translate' build argument 'cmake_target' from command line to 'None'
[0.345s] Level 5:colcon.colcon_core.verb:set package 'joy_translate' build argument 'cmake_target_skip_unavailable' from command line to 'False'
[0.345s] Level 5:colcon.colcon_core.verb:set package 'joy_translate' build argument 'cmake_clean_cache' from command line to 'False'
[0.346s] Level 5:colcon.colcon_core.verb:set package 'joy_translate' build argument 'cmake_clean_first' from command line to 'False'
[0.346s] Level 5:colcon.colcon_core.verb:set package 'joy_translate' build argument 'cmake_force_configure' from command line to 'False'
[0.346s] Level 5:colcon.colcon_core.verb:set package 'joy_translate' build argument 'ament_cmake_args' from command line to 'None'
[0.346s] Level 5:colcon.colcon_core.verb:set package 'joy_translate' build argument 'catkin_cmake_args' from command line to 'None'
[0.346s] Level 5:colcon.colcon_core.verb:set package 'joy_translate' build argument 'catkin_skip_building_tests' from command line to 'False'
[0.346s] DEBUG:colcon.colcon_core.verb:Building package 'joy_translate' with the following arguments: {'ament_cmake_args': None, 'build_base': '/home/a/harurobo1/build/joy_translate', 'catkin_cmake_args': None, 'catkin_skip_building_tests': False, 'cmake_args': None, 'cmake_clean_cache': False, 'cmake_clean_first': False, 'cmake_force_configure': False, 'cmake_target': None, 'cmake_target_skip_unavailable': False, 'install_base': '/home/a/harurobo1/install/joy_translate', 'merge_install': False, 'path': '/home/a/harurobo1/src/joy_translate', 'symlink_install': False, 'test_result_base': None}
[0.346s] INFO:colcon.colcon_core.executor:Executing jobs using 'parallel' executor
[0.347s] DEBUG:colcon.colcon_parallel_executor.executor.parallel:run_until_complete
[0.348s] INFO:colcon.colcon_ros.task.ament_python.build:Building ROS package in '/home/a/harurobo1/src/haru_odrive' with build type 'ament_python'
[0.348s] Level 1:colcon.colcon_core.shell:create_environment_hook('haru_odrive', 'ament_prefix_path')
[0.350s] INFO:colcon.colcon_core.plugin_system:Skipping extension 'colcon_core.shell.bat': Not used on non-Windows systems
[0.350s] INFO:colcon.colcon_core.shell:Creating environment hook '/home/a/harurobo1/install/haru_odrive/share/haru_odrive/hook/ament_prefix_path.ps1'
[0.351s] INFO:colcon.colcon_core.shell:Creating environment descriptor '/home/a/harurobo1/install/haru_odrive/share/haru_odrive/hook/ament_prefix_path.dsv'
[0.351s] INFO:colcon.colcon_core.shell:Creating environment hook '/home/a/harurobo1/install/haru_odrive/share/haru_odrive/hook/ament_prefix_path.sh'
[0.352s] INFO:colcon.colcon_core.shell:Skip shell extension 'powershell' for command environment: Not usable outside of PowerShell
[0.352s] DEBUG:colcon.colcon_core.shell:Skip shell extension 'dsv' for command environment
[0.356s] INFO:colcon.colcon_ros.task.ament_python.build:Building ROS package in '/home/a/harurobo1/src/joy_translate' with build type 'ament_python'
[0.357s] Level 1:colcon.colcon_core.shell:create_environment_hook('joy_translate', 'ament_prefix_path')
[0.357s] INFO:colcon.colcon_core.shell:Creating environment hook '/home/a/harurobo1/install/joy_translate/share/joy_translate/hook/ament_prefix_path.ps1'
[0.357s] INFO:colcon.colcon_core.shell:Creating environment descriptor '/home/a/harurobo1/install/joy_translate/share/joy_translate/hook/ament_prefix_path.dsv'
[0.358s] INFO:colcon.colcon_core.shell:Creating environment hook '/home/a/harurobo1/install/joy_translate/share/joy_translate/hook/ament_prefix_path.sh'
[0.358s] INFO:colcon.colcon_core.shell:Skip shell extension 'powershell' for command environment: Not usable outside of PowerShell
[0.359s] DEBUG:colcon.colcon_core.shell:Skip shell extension 'dsv' for command environment
[0.642s] INFO:colcon.colcon_core.task.python.build:Building Python package in '/home/a/harurobo1/src/haru_odrive'
[0.642s] INFO:colcon.colcon_core.shell:Skip shell extension 'powershell' for command environment: Not usable outside of PowerShell
[0.642s] DEBUG:colcon.colcon_core.shell:Skip shell extension 'dsv' for command environment
[0.908s] INFO:colcon.colcon_core.task.python.build:Building Python package in '/home/a/harurobo1/src/joy_translate'
[0.908s] INFO:colcon.colcon_core.shell:Skip shell extension 'powershell' for command environment: Not usable outside of PowerShell
[0.908s] DEBUG:colcon.colcon_core.shell:Skip shell extension 'dsv' for command environment
[1.274s] DEBUG:colcon.colcon_core.event_handler.log_command:Invoking command in '/home/a/harurobo1/src/haru_odrive': PYTHONPATH=/home/a/harurobo1/build/haru_odrive/prefix_override:/usr/lib/python3/dist-packages/colcon_core/task/python/colcon_distutils_commands:/home/a/harurobo1/install/haru_odrive/lib/python3.10/site-packages:${PYTHONPATH} /usr/bin/python3 -W ignore:setup.py install is deprecated -W ignore:easy_install command is deprecated setup.py egg_info --egg-base ../../build/haru_odrive build --build-base /home/a/harurobo1/build/haru_odrive/build install --record /home/a/harurobo1/build/haru_odrive/install.log --single-version-externally-managed install_data
[1.275s] DEBUG:colcon.colcon_core.event_handler.log_command:Invoking command in '/home/a/harurobo1/src/joy_translate': PYTHONPATH=/home/a/harurobo1/build/joy_translate/prefix_override:/usr/lib/python3/dist-packages/colcon_core/task/python/colcon_distutils_commands:/home/a/harurobo1/install/joy_translate/lib/python3.10/site-packages:${PYTHONPATH} /usr/bin/python3 -W ignore:setup.py install is deprecated -W ignore:easy_install command is deprecated setup.py egg_info --egg-base ../../build/joy_translate build --build-base /home/a/harurobo1/build/joy_translate/build install --record /home/a/harurobo1/build/joy_translate/install.log --single-version-externally-managed install_data
[1.520s] DEBUG:colcon.colcon_core.event_handler.log_command:Invoked command in '/home/a/harurobo1/src/haru_odrive' returned '0': PYTHONPATH=/home/a/harurobo1/build/haru_odrive/prefix_override:/usr/lib/python3/dist-packages/colcon_core/task/python/colcon_distutils_commands:/home/a/harurobo1/install/haru_odrive/lib/python3.10/site-packages:${PYTHONPATH} /usr/bin/python3 -W ignore:setup.py install is deprecated -W ignore:easy_install command is deprecated setup.py egg_info --egg-base ../../build/haru_odrive build --build-base /home/a/harurobo1/build/haru_odrive/build install --record /home/a/harurobo1/build/haru_odrive/install.log --single-version-externally-managed install_data
[1.522s] Level 1:colcon.colcon_core.environment:checking '/home/a/harurobo1/install/haru_odrive' for CMake module files
[1.523s] Level 1:colcon.colcon_core.environment:checking '/home/a/harurobo1/install/haru_odrive' for CMake config files
[1.523s] Level 1:colcon.colcon_core.environment:checking '/home/a/harurobo1/install/haru_odrive/lib'
[1.524s] Level 1:colcon.colcon_core.environment:checking '/home/a/harurobo1/install/haru_odrive/bin'
[1.524s] Level 1:colcon.colcon_core.environment:checking '/home/a/harurobo1/install/haru_odrive/lib/pkgconfig/haru_odrive.pc'
[1.524s] Level 1:colcon.colcon_core.environment:checking '/home/a/harurobo1/install/haru_odrive/lib/python3.10/site-packages'
[1.524s] Level 1:colcon.colcon_core.shell:create_environment_hook('haru_odrive', 'pythonpath')
[1.524s] INFO:colcon.colcon_core.shell:Creating environment hook '/home/a/harurobo1/install/haru_odrive/share/haru_odrive/hook/pythonpath.ps1'
[1.524s] INFO:colcon.colcon_core.shell:Creating environment descriptor '/home/a/harurobo1/install/haru_odrive/share/haru_odrive/hook/pythonpath.dsv'
[1.525s] INFO:colcon.colcon_core.shell:Creating environment hook '/home/a/harurobo1/install/haru_odrive/share/haru_odrive/hook/pythonpath.sh'
[1.525s] Level 1:colcon.colcon_core.environment:checking '/home/a/harurobo1/install/haru_odrive/bin'
[1.525s] Level 1:colcon.colcon_core.environment:create_environment_scripts_only(haru_odrive)
[1.525s] INFO:colcon.colcon_core.shell:Creating package script '/home/a/harurobo1/install/haru_odrive/share/haru_odrive/package.ps1'
[1.526s] INFO:colcon.colcon_core.shell:Creating package descriptor '/home/a/harurobo1/install/haru_odrive/share/haru_odrive/package.dsv'
[1.526s] INFO:colcon.colcon_core.shell:Creating package script '/home/a/harurobo1/install/haru_odrive/share/haru_odrive/package.sh'
[1.527s] INFO:colcon.colcon_core.shell:Creating package script '/home/a/harurobo1/install/haru_odrive/share/haru_odrive/package.bash'
[1.527s] INFO:colcon.colcon_core.shell:Creating package script '/home/a/harurobo1/install/haru_odrive/share/haru_odrive/package.zsh'
[1.528s] Level 1:colcon.colcon_core.environment:create_file_with_runtime_dependencies(/home/a/harurobo1/install/haru_odrive/share/colcon-core/packages/haru_odrive)
[1.560s] Level 1:colcon.colcon_core.environment:checking '/home/a/harurobo1/install/joy_translate' for CMake module files
[1.561s] Level 1:colcon.colcon_core.environment:checking '/home/a/harurobo1/install/joy_translate' for CMake config files
[1.561s] Level 1:colcon.colcon_core.environment:checking '/home/a/harurobo1/install/joy_translate/lib'
[1.561s] Level 1:colcon.colcon_core.environment:checking '/home/a/harurobo1/install/joy_translate/bin'
[1.561s] Level 1:colcon.colcon_core.environment:checking '/home/a/harurobo1/install/joy_translate/lib/pkgconfig/joy_translate.pc'
[1.562s] Level 1:colcon.colcon_core.environment:checking '/home/a/harurobo1/install/joy_translate/lib/python3.10/site-packages'
[1.562s] Level 1:colcon.colcon_core.shell:create_environment_hook('joy_translate', 'pythonpath')
[1.562s] INFO:colcon.colcon_core.shell:Creating environment hook '/home/a/harurobo1/install/joy_translate/share/joy_translate/hook/pythonpath.ps1'
[1.568s] DEBUG:colcon.colcon_core.event_handler.log_command:Invoked command in '/home/a/harurobo1/src/joy_translate' returned '0': PYTHONPATH=/home/a/harurobo1/build/joy_translate/prefix_override:/usr/lib/python3/dist-packages/colcon_core/task/python/colcon_distutils_commands:/home/a/harurobo1/install/joy_translate/lib/python3.10/site-packages:${PYTHONPATH} /usr/bin/python3 -W ignore:setup.py install is deprecated -W ignore:easy_install command is deprecated setup.py egg_info --egg-base ../../build/joy_translate build --build-base /home/a/harurobo1/build/joy_translate/build install --record /home/a/harurobo1/build/joy_translate/install.log --single-version-externally-managed install_data
[1.569s] INFO:colcon.colcon_core.shell:Creating environment descriptor '/home/a/harurobo1/install/joy_translate/share/joy_translate/hook/pythonpath.dsv'
[1.569s] INFO:colcon.colcon_core.shell:Creating environment hook '/home/a/harurobo1/install/joy_translate/share/joy_translate/hook/pythonpath.sh'
[1.570s] Level 1:colcon.colcon_core.environment:checking '/home/a/harurobo1/install/joy_translate/bin'
[1.570s] Level 1:colcon.colcon_core.environment:create_environment_scripts_only(joy_translate)
[1.571s] INFO:colcon.colcon_core.shell:Creating package script '/home/a/harurobo1/install/joy_translate/share/joy_translate/package.ps1'
[1.571s] INFO:colcon.colcon_core.shell:Creating package descriptor '/home/a/harurobo1/install/joy_translate/share/joy_translate/package.dsv'
[1.571s] INFO:colcon.colcon_core.shell:Creating package script '/home/a/harurobo1/install/joy_translate/share/joy_translate/package.sh'
[1.572s] INFO:colcon.colcon_core.shell:Creating package script '/home/a/harurobo1/install/joy_translate/share/joy_translate/package.bash'
[1.572s] INFO:colcon.colcon_core.shell:Creating package script '/home/a/harurobo1/install/joy_translate/share/joy_translate/package.zsh'
[1.572s] Level 1:colcon.colcon_core.environment:create_file_with_runtime_dependencies(/home/a/harurobo1/install/joy_translate/share/colcon-core/packages/joy_translate)
[1.572s] DEBUG:colcon.colcon_parallel_executor.executor.parallel:closing loop
[1.573s] DEBUG:colcon.colcon_parallel_executor.executor.parallel:loop closed
[1.573s] DEBUG:colcon.colcon_parallel_executor.executor.parallel:run_until_complete finished with '0'
[1.573s] DEBUG:colcon.colcon_core.event_reactor:joining thread
[1.579s] INFO:colcon.colcon_core.plugin_system:Skipping extension 'colcon_notification.desktop_notification.terminal_notifier': Not used on non-Darwin systems
[1.579s] INFO:colcon.colcon_core.plugin_system:Skipping extension 'colcon_notification.desktop_notification.win32': Not used on non-Windows systems
[1.579s] INFO:colcon.colcon_notification.desktop_notification:Sending desktop notification using 'notify2'
[1.607s] DEBUG:colcon.colcon_core.event_reactor:joined thread
[1.608s] INFO:colcon.colcon_core.shell:Creating prefix script '/home/a/harurobo1/install/local_setup.ps1'
[1.609s] INFO:colcon.colcon_core.shell:Creating prefix util module '/home/a/harurobo1/install/_local_setup_util_ps1.py'
[1.610s] INFO:colcon.colcon_core.shell:Creating prefix chain script '/home/a/harurobo1/install/setup.ps1'
[1.615s] INFO:colcon.colcon_core.shell:Creating prefix script '/home/a/harurobo1/install/local_setup.sh'
[1.616s] INFO:colcon.colcon_core.shell:Creating prefix util module '/home/a/harurobo1/install/_local_setup_util_sh.py'
[1.617s] INFO:colcon.colcon_core.shell:Creating prefix chain script '/home/a/harurobo1/install/setup.sh'
[1.619s] INFO:colcon.colcon_core.shell:Creating prefix script '/home/a/harurobo1/install/local_setup.bash'
[1.619s] INFO:colcon.colcon_core.shell:Creating prefix chain script '/home/a/harurobo1/install/setup.bash'
[1.621s] INFO:colcon.colcon_core.shell:Creating prefix script '/home/a/harurobo1/install/local_setup.zsh'
[1.622s] INFO:colcon.colcon_core.shell:Creating prefix chain script '/home/a/harurobo1/install/setup.zsh'
