[0.803s] Invoking command in '/home/a/harurobo/src/joy_translate': PYTHONPATH=/home/a/harurobo/build/joy_translate/prefix_override:/usr/lib/python3/dist-packages/colcon_core/task/python/colcon_distutils_commands:/home/a/harurobo/install/joy_translate/lib/python3.10/site-packages:${PYTHONPATH} /usr/bin/python3 -W ignore:setup.py install is deprecated -W ignore:easy_install command is deprecated setup.py egg_info --egg-base ../../build/joy_translate build --build-base /home/a/harurobo/build/joy_translate/build install --record /home/a/harurobo/build/joy_translate/install.log --single-version-externally-managed install_data
[0.989s] running egg_info
[0.989s] writing ../../build/joy_translate/joy_translate.egg-info/PKG-INFO
[0.990s] writing dependency_links to ../../build/joy_translate/joy_translate.egg-info/dependency_links.txt
[0.990s] writing entry points to ../../build/joy_translate/joy_translate.egg-info/entry_points.txt
[0.990s] writing requirements to ../../build/joy_translate/joy_translate.egg-info/requires.txt
[0.990s] writing top-level names to ../../build/joy_translate/joy_translate.egg-info/top_level.txt
[0.991s] reading manifest file '../../build/joy_translate/joy_translate.egg-info/SOURCES.txt'
[0.991s] adding license file 'LICENSE'
[0.992s] writing manifest file '../../build/joy_translate/joy_translate.egg-info/SOURCES.txt'
[0.992s] running build
[0.992s] running build_py
[0.992s] running install
[0.992s] running install_lib
[0.993s] running install_data
[0.993s] running install_egg_info
[0.994s] removing '/home/a/harurobo/install/joy_translate/lib/python3.10/site-packages/joy_translate-0.0.0-py3.10.egg-info' (and everything under it)
[0.995s] Copying ../../build/joy_translate/joy_translate.egg-info to /home/a/harurobo/install/joy_translate/lib/python3.10/site-packages/joy_translate-0.0.0-py3.10.egg-info
[0.995s] running install_scripts
[1.012s] Installing joy_translate_node script to /home/a/harurobo/install/joy_translate/lib/joy_translate
[1.012s] writing list of installed files to '/home/a/harurobo/build/joy_translate/install.log'
[1.035s] Invoked command in '/home/a/harurobo/src/joy_translate' returned '0': PYTHONPATH=/home/a/harurobo/build/joy_translate/prefix_override:/usr/lib/python3/dist-packages/colcon_core/task/python/colcon_distutils_commands:/home/a/harurobo/install/joy_translate/lib/python3.10/site-packages:${PYTHONPATH} /usr/bin/python3 -W ignore:setup.py install is deprecated -W ignore:easy_install command is deprecated setup.py egg_info --egg-base ../../build/joy_translate build --build-base /home/a/harurobo/build/joy_translate/build install --record /home/a/harurobo/build/joy_translate/install.log --single-version-externally-managed install_data
