[0.013s] Invoking command in '/home/a/harurobo/build/wiimote_msgs': CMAKE_PREFIX_PATH=${CMAKE_PREFIX_PATH}:/home/a/ros2_ws/install/py_pubsub:/home/a/ros2_ws/install/launch_testing_examples:/home/a/ros2_ws/install/examples_rclpy_pointcloud_publisher:/home/a/ros2_ws/install/examples_rclpy_minimal_subscriber:/home/a/ros2_ws/install/examples_rclpy_minimal_service:/home/a/ros2_ws/install/examples_rclpy_minimal_publisher:/home/a/ros2_ws/install/examples_rclpy_minimal_client:/home/a/ros2_ws/install/examples_rclpy_minimal_action_server:/home/a/ros2_ws/install/examples_rclpy_minimal_action_client:/home/a/ros2_ws/install/examples_rclpy_guard_conditions:/home/a/ros2_ws/install/examples_rclpy_executors:/opt/ros/humble /usr/bin/cmake /home/a/harurobo/src/joystick_drivers/wiimote_msgs -DCMAKE_INSTALL_PREFIX=/home/a/harurobo/install/wiimote_msgs
[0.077s] -- The C compiler identification is GNU 11.4.0
[0.143s] -- The CXX compiler identification is GNU 11.4.0
[0.147s] -- Detecting C compiler ABI info
[0.178s] -- Detecting C compiler ABI info - done
[0.182s] -- Check for working C compiler: /usr/bin/cc - skipped
[0.182s] -- Detecting C compile features
[0.183s] -- Detecting C compile features - done
[0.185s] -- Detecting CXX compiler ABI info
[0.222s] -- Detecting CXX compiler ABI info - done
[0.225s] -- Check for working CXX compiler: /usr/bin/c++ - skipped
[0.226s] -- Detecting CXX compile features
[0.226s] -- Detecting CXX compile features - done
[0.232s] -- Found ament_cmake: 1.3.10 (/opt/ros/humble/share/ament_cmake/cmake)
[0.325s] -- Found Python3: /usr/bin/python3 (found version "3.10.12") found components: Interpreter 
[0.395s] -- Found ament_cmake_auto: 1.3.10 (/opt/ros/humble/share/ament_cmake_auto/cmake)
[0.462s] -- Found rosidl_generator_c: 3.1.5 (/opt/ros/humble/share/rosidl_generator_c/cmake)
[0.467s] -- Found rosidl_adapter: 3.1.5 (/opt/ros/humble/share/rosidl_adapter/cmake)
[0.473s] -- Found rosidl_generator_cpp: 3.1.5 (/opt/ros/humble/share/rosidl_generator_cpp/cmake)
[0.480s] -- Using all available rosidl_typesupport_c: rosidl_typesupport_fastrtps_c;rosidl_typesupport_introspection_c
[0.496s] -- Using all available rosidl_typesupport_cpp: rosidl_typesupport_fastrtps_cpp;rosidl_typesupport_introspection_cpp
[0.539s] -- Found ament_lint_auto: 0.12.11 (/opt/ros/humble/share/ament_lint_auto/cmake)
[0.758s] -- Found ament_cmake_ros: 0.10.0 (/opt/ros/humble/share/ament_cmake_ros/cmake)
[1.034s] -- Using all available rosidl_typesupport_c: rosidl_typesupport_fastrtps_c;rosidl_typesupport_introspection_c
[1.227s] -- Using all available rosidl_typesupport_cpp: rosidl_typesupport_fastrtps_cpp;rosidl_typesupport_introspection_cpp
[1.255s] -- Found PythonInterp: /usr/bin/python3 (found suitable version "3.10.12", minimum required is "3.6") 
[1.258s] -- Found python_cmake_module: 0.10.0 (/opt/ros/humble/share/python_cmake_module/cmake)
[1.284s] -- Found PythonLibs: /usr/lib/aarch64-linux-gnu/libpython3.10.so (found suitable version "3.10.12", minimum required is "3.5") 
[1.284s] -- Using PYTHON_EXECUTABLE: /usr/bin/python3
[1.284s] -- Using PYTHON_INCLUDE_DIRS: /usr/include/python3.10
[1.284s] -- Using PYTHON_LIBRARIES: /usr/lib/aarch64-linux-gnu/libpython3.10.so
[1.307s] -- Found PythonExtra: .so  
[1.365s] -- Added test 'copyright' to check source files copyright and LICENSE
[1.367s] -- Added test 'lint_cmake' to check CMake code style
[1.367s] -- Added test 'xmllint' to check XML markup files
[1.391s] -- Configuring done
[1.455s] -- Generating done
[1.482s] -- Build files have been written to: /home/a/harurobo/build/wiimote_msgs
[1.502s] Invoked command in '/home/a/harurobo/build/wiimote_msgs' returned '0': CMAKE_PREFIX_PATH=${CMAKE_PREFIX_PATH}:/home/a/ros2_ws/install/py_pubsub:/home/a/ros2_ws/install/launch_testing_examples:/home/a/ros2_ws/install/examples_rclpy_pointcloud_publisher:/home/a/ros2_ws/install/examples_rclpy_minimal_subscriber:/home/a/ros2_ws/install/examples_rclpy_minimal_service:/home/a/ros2_ws/install/examples_rclpy_minimal_publisher:/home/a/ros2_ws/install/examples_rclpy_minimal_client:/home/a/ros2_ws/install/examples_rclpy_minimal_action_server:/home/a/ros2_ws/install/examples_rclpy_minimal_action_client:/home/a/ros2_ws/install/examples_rclpy_guard_conditions:/home/a/ros2_ws/install/examples_rclpy_executors:/opt/ros/humble /usr/bin/cmake /home/a/harurobo/src/joystick_drivers/wiimote_msgs -DCMAKE_INSTALL_PREFIX=/home/a/harurobo/install/wiimote_msgs
[1.521s] Invoking command in '/home/a/harurobo/build/wiimote_msgs': CMAKE_PREFIX_PATH=${CMAKE_PREFIX_PATH}:/home/a/ros2_ws/install/py_pubsub:/home/a/ros2_ws/install/launch_testing_examples:/home/a/ros2_ws/install/examples_rclpy_pointcloud_publisher:/home/a/ros2_ws/install/examples_rclpy_minimal_subscriber:/home/a/ros2_ws/install/examples_rclpy_minimal_service:/home/a/ros2_ws/install/examples_rclpy_minimal_publisher:/home/a/ros2_ws/install/examples_rclpy_minimal_client:/home/a/ros2_ws/install/examples_rclpy_minimal_action_server:/home/a/ros2_ws/install/examples_rclpy_minimal_action_client:/home/a/ros2_ws/install/examples_rclpy_guard_conditions:/home/a/ros2_ws/install/examples_rclpy_executors:/opt/ros/humble /usr/bin/cmake --build /home/a/harurobo/build/wiimote_msgs -- -j6 -l6
[1.681s] [  2%] [34m[1mGenerating C code for ROS interfaces[0m
[1.716s] [  4%] [34m[1mGenerating C++ code for ROS interfaces[0m
[1.730s] [  4%] Built target ament_cmake_python_copy_wiimote_msgs
[2.318s] running egg_info
[2.318s] creating wiimote_msgs.egg-info
[2.318s] writing wiimote_msgs.egg-info/PKG-INFO
[2.318s] writing dependency_links to wiimote_msgs.egg-info/dependency_links.txt
[2.318s] writing top-level names to wiimote_msgs.egg-info/top_level.txt
[2.318s] writing manifest file 'wiimote_msgs.egg-info/SOURCES.txt'
[2.325s] reading manifest file 'wiimote_msgs.egg-info/SOURCES.txt'
[2.325s] writing manifest file 'wiimote_msgs.egg-info/SOURCES.txt'
[2.383s] [  4%] Built target ament_cmake_python_build_wiimote_msgs_egg
[2.849s] [  4%] Built target wiimote_msgs__cpp
[2.903s] [  6%] [34m[1mGenerating C++ type support dispatch for ROS interfaces[0m
[2.919s] [  8%] [34m[1mGenerating C++ type support for eProsima Fast-RTPS[0m
[2.933s] [ 10%] [34m[1mGenerating C++ introspection for ROS interfaces[0m
[3.573s] [ 12%] [32mBuilding C object CMakeFiles/wiimote_msgs__rosidl_generator_c.dir/rosidl_generator_c/wiimote_msgs/msg/detail/ir_source_info__functions.c.o[0m
[3.599s] [ 14%] [32mBuilding C object CMakeFiles/wiimote_msgs__rosidl_generator_c.dir/rosidl_generator_c/wiimote_msgs/msg/detail/state__functions.c.o[0m
[3.647s] [ 17%] [32mBuilding C object CMakeFiles/wiimote_msgs__rosidl_generator_c.dir/rosidl_generator_c/wiimote_msgs/msg/detail/timed_switch__functions.c.o[0m
[3.810s] [ 19%] [32m[1mLinking C shared library libwiimote_msgs__rosidl_generator_c.so[0m
[4.011s] [ 19%] Built target wiimote_msgs__rosidl_generator_c
[4.069s] [ 21%] [34m[1mGenerating C type support for eProsima Fast-RTPS[0m
[4.094s] [ 23%] [34m[1mGenerating C introspection for ROS interfaces[0m
[4.105s] [ 25%] [34m[1mGenerating C type support dispatch for ROS interfaces[0m
[4.654s] [ 27%] [32mBuilding CXX object CMakeFiles/wiimote_msgs__rosidl_typesupport_cpp.dir/rosidl_typesupport_cpp/wiimote_msgs/msg/ir_source_info__type_support.cpp.o[0m
[4.913s] [ 29%] [32mBuilding CXX object CMakeFiles/wiimote_msgs__rosidl_typesupport_introspection_cpp.dir/rosidl_typesupport_introspection_cpp/wiimote_msgs/msg/detail/ir_source_info__type_support.cpp.o[0m
[4.997s] [ 31%] [32mBuilding CXX object CMakeFiles/wiimote_msgs__rosidl_typesupport_fastrtps_cpp.dir/rosidl_typesupport_fastrtps_cpp/wiimote_msgs/msg/detail/dds_fastrtps/ir_source_info__type_support.cpp.o[0m
[5.286s] [ 34%] [32mBuilding CXX object CMakeFiles/wiimote_msgs__rosidl_typesupport_cpp.dir/rosidl_typesupport_cpp/wiimote_msgs/msg/state__type_support.cpp.o[0m
[5.769s] [ 36%] [32mBuilding CXX object CMakeFiles/wiimote_msgs__rosidl_typesupport_c.dir/rosidl_typesupport_c/wiimote_msgs/msg/ir_source_info__type_support.cpp.o[0m
[5.839s] [ 38%] [32mBuilding CXX object CMakeFiles/wiimote_msgs__rosidl_typesupport_fastrtps_cpp.dir/rosidl_typesupport_fastrtps_cpp/wiimote_msgs/msg/detail/dds_fastrtps/state__type_support.cpp.o[0m
[5.851s] [ 40%] [32mBuilding CXX object CMakeFiles/wiimote_msgs__rosidl_typesupport_fastrtps_c.dir/rosidl_typesupport_fastrtps_c/wiimote_msgs/msg/detail/ir_source_info__type_support_c.cpp.o[0m
[5.861s] [ 42%] [32mBuilding CXX object CMakeFiles/wiimote_msgs__rosidl_typesupport_introspection_cpp.dir/rosidl_typesupport_introspection_cpp/wiimote_msgs/msg/detail/state__type_support.cpp.o[0m
[5.868s] [ 44%] [32mBuilding CXX object CMakeFiles/wiimote_msgs__rosidl_typesupport_c.dir/rosidl_typesupport_c/wiimote_msgs/msg/state__type_support.cpp.o[0m
[5.882s] [ 46%] [32mBuilding CXX object CMakeFiles/wiimote_msgs__rosidl_typesupport_cpp.dir/rosidl_typesupport_cpp/wiimote_msgs/msg/timed_switch__type_support.cpp.o[0m
[5.982s] [ 48%] [32mBuilding CXX object CMakeFiles/wiimote_msgs__rosidl_typesupport_c.dir/rosidl_typesupport_c/wiimote_msgs/msg/timed_switch__type_support.cpp.o[0m
[6.005s] [ 51%] [32mBuilding C object CMakeFiles/wiimote_msgs__rosidl_typesupport_introspection_c.dir/rosidl_typesupport_introspection_c/wiimote_msgs/msg/detail/ir_source_info__type_support.c.o[0m
[6.105s] [ 53%] [32m[1mLinking CXX shared library libwiimote_msgs__rosidl_typesupport_c.so[0m
[6.124s] [ 55%] [32mBuilding C object CMakeFiles/wiimote_msgs__rosidl_typesupport_introspection_c.dir/rosidl_typesupport_introspection_c/wiimote_msgs/msg/detail/state__type_support.c.o[0m
[6.258s] [ 55%] Built target wiimote_msgs__rosidl_typesupport_c
[6.286s] [ 57%] [32mBuilding C object CMakeFiles/wiimote_msgs__rosidl_typesupport_introspection_c.dir/rosidl_typesupport_introspection_c/wiimote_msgs/msg/detail/timed_switch__type_support.c.o[0m
[6.294s] [ 59%] [32mBuilding CXX object CMakeFiles/wiimote_msgs__rosidl_typesupport_fastrtps_c.dir/rosidl_typesupport_fastrtps_c/wiimote_msgs/msg/detail/state__type_support_c.cpp.o[0m
[6.418s] [ 61%] [32m[1mLinking C shared library libwiimote_msgs__rosidl_typesupport_introspection_c.so[0m
[6.424s] [ 63%] [32m[1mLinking CXX shared library libwiimote_msgs__rosidl_typesupport_cpp.so[0m
[6.484s] [ 65%] [32mBuilding CXX object CMakeFiles/wiimote_msgs__rosidl_typesupport_fastrtps_c.dir/rosidl_typesupport_fastrtps_c/wiimote_msgs/msg/detail/timed_switch__type_support_c.cpp.o[0m
[6.522s] [ 65%] Built target wiimote_msgs__rosidl_typesupport_introspection_c
[6.566s] [ 65%] Built target wiimote_msgs__rosidl_typesupport_cpp
[6.582s] [ 68%] [32mBuilding CXX object CMakeFiles/wiimote_msgs__rosidl_typesupport_fastrtps_cpp.dir/rosidl_typesupport_fastrtps_cpp/wiimote_msgs/msg/detail/dds_fastrtps/timed_switch__type_support.cpp.o[0m
[6.589s] [ 70%] [32mBuilding CXX object CMakeFiles/wiimote_msgs__rosidl_typesupport_introspection_cpp.dir/rosidl_typesupport_introspection_cpp/wiimote_msgs/msg/detail/timed_switch__type_support.cpp.o[0m
[7.205s] [ 72%] [32m[1mLinking CXX shared library libwiimote_msgs__rosidl_typesupport_fastrtps_c.so[0m
[7.291s] [ 74%] [32m[1mLinking CXX shared library libwiimote_msgs__rosidl_typesupport_introspection_cpp.so[0m
[7.382s] [ 76%] [32m[1mLinking CXX shared library libwiimote_msgs__rosidl_typesupport_fastrtps_cpp.so[0m
[7.411s] [ 76%] Built target wiimote_msgs__rosidl_typesupport_fastrtps_c
[7.430s] [ 76%] Built target wiimote_msgs__rosidl_typesupport_introspection_cpp
[7.524s] [ 76%] Built target wiimote_msgs__rosidl_typesupport_fastrtps_cpp
[7.603s] [ 76%] Built target wiimote_msgs
[7.668s] [ 78%] [34m[1mGenerating Python code for ROS interfaces[0m
[9.483s] [ 78%] Built target wiimote_msgs__py
[9.572s] [ 80%] [32mBuilding C object CMakeFiles/wiimote_msgs__rosidl_generator_py.dir/rosidl_generator_py/wiimote_msgs/msg/_state_s.c.o[0m
[9.573s] [ 82%] [32mBuilding C object CMakeFiles/wiimote_msgs__rosidl_generator_py.dir/rosidl_generator_py/wiimote_msgs/msg/_ir_source_info_s.c.o[0m
[9.596s] [ 85%] [32mBuilding C object CMakeFiles/wiimote_msgs__rosidl_generator_py.dir/rosidl_generator_py/wiimote_msgs/msg/_timed_switch_s.c.o[0m
[9.825s] [ 87%] [32m[1mLinking C shared library rosidl_generator_py/wiimote_msgs/libwiimote_msgs__rosidl_generator_py.so[0m
[9.866s] [ 87%] Built target wiimote_msgs__rosidl_generator_py
[9.912s] [ 89%] [32mBuilding C object CMakeFiles/wiimote_msgs__rosidl_typesupport_fastrtps_c__pyext.dir/rosidl_generator_py/wiimote_msgs/_wiimote_msgs_s.ep.rosidl_typesupport_fastrtps_c.c.o[0m
[9.934s] [ 91%] [32mBuilding C object CMakeFiles/wiimote_msgs__rosidl_typesupport_c__pyext.dir/rosidl_generator_py/wiimote_msgs/_wiimote_msgs_s.ep.rosidl_typesupport_c.c.o[0m
[9.937s] [ 93%] [32mBuilding C object CMakeFiles/wiimote_msgs__rosidl_typesupport_introspection_c__pyext.dir/rosidl_generator_py/wiimote_msgs/_wiimote_msgs_s.ep.rosidl_typesupport_introspection_c.c.o[0m
[10.005s] [ 95%] [32m[1mLinking C shared library rosidl_generator_py/wiimote_msgs/wiimote_msgs_s__rosidl_typesupport_fastrtps_c.cpython-310-aarch64-linux-gnu.so[0m
[10.042s] [ 97%] [32m[1mLinking C shared library rosidl_generator_py/wiimote_msgs/wiimote_msgs_s__rosidl_typesupport_introspection_c.cpython-310-aarch64-linux-gnu.so[0m
[10.062s] [100%] [32m[1mLinking C shared library rosidl_generator_py/wiimote_msgs/wiimote_msgs_s__rosidl_typesupport_c.cpython-310-aarch64-linux-gnu.so[0m
[10.088s] [100%] Built target wiimote_msgs__rosidl_typesupport_fastrtps_c__pyext
[10.094s] [100%] Built target wiimote_msgs__rosidl_typesupport_c__pyext
[10.100s] [100%] Built target wiimote_msgs__rosidl_typesupport_introspection_c__pyext
[10.121s] Invoked command in '/home/a/harurobo/build/wiimote_msgs' returned '0': CMAKE_PREFIX_PATH=${CMAKE_PREFIX_PATH}:/home/a/ros2_ws/install/py_pubsub:/home/a/ros2_ws/install/launch_testing_examples:/home/a/ros2_ws/install/examples_rclpy_pointcloud_publisher:/home/a/ros2_ws/install/examples_rclpy_minimal_subscriber:/home/a/ros2_ws/install/examples_rclpy_minimal_service:/home/a/ros2_ws/install/examples_rclpy_minimal_publisher:/home/a/ros2_ws/install/examples_rclpy_minimal_client:/home/a/ros2_ws/install/examples_rclpy_minimal_action_server:/home/a/ros2_ws/install/examples_rclpy_minimal_action_client:/home/a/ros2_ws/install/examples_rclpy_guard_conditions:/home/a/ros2_ws/install/examples_rclpy_executors:/opt/ros/humble /usr/bin/cmake --build /home/a/harurobo/build/wiimote_msgs -- -j6 -l6
[10.123s] Invoking command in '/home/a/harurobo/build/wiimote_msgs': CMAKE_PREFIX_PATH=${CMAKE_PREFIX_PATH}:/home/a/ros2_ws/install/py_pubsub:/home/a/ros2_ws/install/launch_testing_examples:/home/a/ros2_ws/install/examples_rclpy_pointcloud_publisher:/home/a/ros2_ws/install/examples_rclpy_minimal_subscriber:/home/a/ros2_ws/install/examples_rclpy_minimal_service:/home/a/ros2_ws/install/examples_rclpy_minimal_publisher:/home/a/ros2_ws/install/examples_rclpy_minimal_client:/home/a/ros2_ws/install/examples_rclpy_minimal_action_server:/home/a/ros2_ws/install/examples_rclpy_minimal_action_client:/home/a/ros2_ws/install/examples_rclpy_guard_conditions:/home/a/ros2_ws/install/examples_rclpy_executors:/opt/ros/humble /usr/bin/cmake --install /home/a/harurobo/build/wiimote_msgs
[10.139s] -- Install configuration: ""
[10.140s] -- Installing: /home/a/harurobo/install/wiimote_msgs/share/ament_index/resource_index/rosidl_interfaces/wiimote_msgs
[10.140s] -- Installing: /home/a/harurobo/install/wiimote_msgs/include/wiimote_msgs/wiimote_msgs
[10.140s] -- Installing: /home/a/harurobo/install/wiimote_msgs/include/wiimote_msgs/wiimote_msgs/msg
[10.141s] -- Installing: /home/a/harurobo/install/wiimote_msgs/include/wiimote_msgs/wiimote_msgs/msg/timed_switch.h
[10.141s] -- Installing: /home/a/harurobo/install/wiimote_msgs/include/wiimote_msgs/wiimote_msgs/msg/state.h
[10.141s] -- Installing: /home/a/harurobo/install/wiimote_msgs/include/wiimote_msgs/wiimote_msgs/msg/detail
[10.141s] -- Installing: /home/a/harurobo/install/wiimote_msgs/include/wiimote_msgs/wiimote_msgs/msg/detail/timed_switch__functions.h
[10.141s] -- Installing: /home/a/harurobo/install/wiimote_msgs/include/wiimote_msgs/wiimote_msgs/msg/detail/state__functions.c
[10.141s] -- Installing: /home/a/harurobo/install/wiimote_msgs/include/wiimote_msgs/wiimote_msgs/msg/detail/timed_switch__type_support.h
[10.141s] -- Installing: /home/a/harurobo/install/wiimote_msgs/include/wiimote_msgs/wiimote_msgs/msg/detail/state__struct.h
[10.142s] -- Installing: /home/a/harurobo/install/wiimote_msgs/include/wiimote_msgs/wiimote_msgs/msg/detail/ir_source_info__struct.h
[10.142s] -- Installing: /home/a/harurobo/install/wiimote_msgs/include/wiimote_msgs/wiimote_msgs/msg/detail/ir_source_info__functions.h
[10.142s] -- Installing: /home/a/harurobo/install/wiimote_msgs/include/wiimote_msgs/wiimote_msgs/msg/detail/timed_switch__functions.c
[10.142s] -- Installing: /home/a/harurobo/install/wiimote_msgs/include/wiimote_msgs/wiimote_msgs/msg/detail/timed_switch__struct.h
[10.143s] -- Installing: /home/a/harurobo/install/wiimote_msgs/include/wiimote_msgs/wiimote_msgs/msg/detail/ir_source_info__type_support.h
[10.143s] -- Installing: /home/a/harurobo/install/wiimote_msgs/include/wiimote_msgs/wiimote_msgs/msg/detail/ir_source_info__functions.c
[10.143s] -- Installing: /home/a/harurobo/install/wiimote_msgs/include/wiimote_msgs/wiimote_msgs/msg/detail/state__type_support.h
[10.143s] -- Installing: /home/a/harurobo/install/wiimote_msgs/include/wiimote_msgs/wiimote_msgs/msg/detail/state__functions.h
[10.143s] -- Installing: /home/a/harurobo/install/wiimote_msgs/include/wiimote_msgs/wiimote_msgs/msg/ir_source_info.h
[10.143s] -- Installing: /home/a/harurobo/install/wiimote_msgs/include/wiimote_msgs/wiimote_msgs/msg/rosidl_generator_c__visibility_control.h
[10.144s] -- Installing: /home/a/harurobo/install/wiimote_msgs/share/wiimote_msgs/environment/library_path.sh
[10.144s] -- Installing: /home/a/harurobo/install/wiimote_msgs/share/wiimote_msgs/environment/library_path.dsv
[10.144s] -- Installing: /home/a/harurobo/install/wiimote_msgs/lib/libwiimote_msgs__rosidl_generator_c.so
[10.145s] -- Set runtime path of "/home/a/harurobo/install/wiimote_msgs/lib/libwiimote_msgs__rosidl_generator_c.so" to ""
[10.145s] -- Up-to-date: /home/a/harurobo/install/wiimote_msgs/include/wiimote_msgs/wiimote_msgs
[10.145s] -- Up-to-date: /home/a/harurobo/install/wiimote_msgs/include/wiimote_msgs/wiimote_msgs/msg
[10.145s] -- Up-to-date: /home/a/harurobo/install/wiimote_msgs/include/wiimote_msgs/wiimote_msgs/msg/detail
[10.145s] -- Installing: /home/a/harurobo/install/wiimote_msgs/include/wiimote_msgs/wiimote_msgs/msg/detail/timed_switch__rosidl_typesupport_fastrtps_c.h
[10.145s] -- Installing: /home/a/harurobo/install/wiimote_msgs/include/wiimote_msgs/wiimote_msgs/msg/detail/ir_source_info__rosidl_typesupport_fastrtps_c.h
[10.145s] -- Installing: /home/a/harurobo/install/wiimote_msgs/include/wiimote_msgs/wiimote_msgs/msg/detail/state__rosidl_typesupport_fastrtps_c.h
[10.145s] -- Installing: /home/a/harurobo/install/wiimote_msgs/include/wiimote_msgs/wiimote_msgs/msg/rosidl_typesupport_fastrtps_c__visibility_control.h
[10.145s] -- Installing: /home/a/harurobo/install/wiimote_msgs/lib/libwiimote_msgs__rosidl_typesupport_fastrtps_c.so
[10.146s] -- Set runtime path of "/home/a/harurobo/install/wiimote_msgs/lib/libwiimote_msgs__rosidl_typesupport_fastrtps_c.so" to ""
[10.146s] -- Up-to-date: /home/a/harurobo/install/wiimote_msgs/include/wiimote_msgs/wiimote_msgs
[10.146s] -- Up-to-date: /home/a/harurobo/install/wiimote_msgs/include/wiimote_msgs/wiimote_msgs/msg
[10.146s] -- Installing: /home/a/harurobo/install/wiimote_msgs/include/wiimote_msgs/wiimote_msgs/msg/state.hpp
[10.146s] -- Installing: /home/a/harurobo/install/wiimote_msgs/include/wiimote_msgs/wiimote_msgs/msg/ir_source_info.hpp
[10.146s] -- Installing: /home/a/harurobo/install/wiimote_msgs/include/wiimote_msgs/wiimote_msgs/msg/timed_switch.hpp
[10.146s] -- Up-to-date: /home/a/harurobo/install/wiimote_msgs/include/wiimote_msgs/wiimote_msgs/msg/detail
[10.146s] -- Installing: /home/a/harurobo/install/wiimote_msgs/include/wiimote_msgs/wiimote_msgs/msg/detail/timed_switch__struct.hpp
[10.146s] -- Installing: /home/a/harurobo/install/wiimote_msgs/include/wiimote_msgs/wiimote_msgs/msg/detail/timed_switch__traits.hpp
[10.146s] -- Installing: /home/a/harurobo/install/wiimote_msgs/include/wiimote_msgs/wiimote_msgs/msg/detail/ir_source_info__traits.hpp
[10.146s] -- Installing: /home/a/harurobo/install/wiimote_msgs/include/wiimote_msgs/wiimote_msgs/msg/detail/ir_source_info__struct.hpp
[10.146s] -- Installing: /home/a/harurobo/install/wiimote_msgs/include/wiimote_msgs/wiimote_msgs/msg/detail/state__struct.hpp
[10.146s] -- Installing: /home/a/harurobo/install/wiimote_msgs/include/wiimote_msgs/wiimote_msgs/msg/detail/timed_switch__builder.hpp
[10.146s] -- Installing: /home/a/harurobo/install/wiimote_msgs/include/wiimote_msgs/wiimote_msgs/msg/detail/state__builder.hpp
[10.146s] -- Installing: /home/a/harurobo/install/wiimote_msgs/include/wiimote_msgs/wiimote_msgs/msg/detail/state__traits.hpp
[10.147s] -- Installing: /home/a/harurobo/install/wiimote_msgs/include/wiimote_msgs/wiimote_msgs/msg/detail/ir_source_info__builder.hpp
[10.147s] -- Up-to-date: /home/a/harurobo/install/wiimote_msgs/include/wiimote_msgs/wiimote_msgs
[10.147s] -- Up-to-date: /home/a/harurobo/install/wiimote_msgs/include/wiimote_msgs/wiimote_msgs/msg
[10.147s] -- Installing: /home/a/harurobo/install/wiimote_msgs/include/wiimote_msgs/wiimote_msgs/msg/rosidl_typesupport_fastrtps_cpp__visibility_control.h
[10.147s] -- Up-to-date: /home/a/harurobo/install/wiimote_msgs/include/wiimote_msgs/wiimote_msgs/msg/detail
[10.147s] -- Installing: /home/a/harurobo/install/wiimote_msgs/include/wiimote_msgs/wiimote_msgs/msg/detail/ir_source_info__rosidl_typesupport_fastrtps_cpp.hpp
[10.147s] -- Installing: /home/a/harurobo/install/wiimote_msgs/include/wiimote_msgs/wiimote_msgs/msg/detail/dds_fastrtps
[10.147s] -- Installing: /home/a/harurobo/install/wiimote_msgs/include/wiimote_msgs/wiimote_msgs/msg/detail/timed_switch__rosidl_typesupport_fastrtps_cpp.hpp
[10.147s] -- Installing: /home/a/harurobo/install/wiimote_msgs/include/wiimote_msgs/wiimote_msgs/msg/detail/state__rosidl_typesupport_fastrtps_cpp.hpp
[10.147s] -- Installing: /home/a/harurobo/install/wiimote_msgs/lib/libwiimote_msgs__rosidl_typesupport_fastrtps_cpp.so
[10.147s] -- Set runtime path of "/home/a/harurobo/install/wiimote_msgs/lib/libwiimote_msgs__rosidl_typesupport_fastrtps_cpp.so" to ""
[10.147s] -- Up-to-date: /home/a/harurobo/install/wiimote_msgs/include/wiimote_msgs/wiimote_msgs
[10.147s] -- Up-to-date: /home/a/harurobo/install/wiimote_msgs/include/wiimote_msgs/wiimote_msgs/msg
[10.148s] -- Installing: /home/a/harurobo/install/wiimote_msgs/include/wiimote_msgs/wiimote_msgs/msg/rosidl_typesupport_introspection_c__visibility_control.h
[10.148s] -- Up-to-date: /home/a/harurobo/install/wiimote_msgs/include/wiimote_msgs/wiimote_msgs/msg/detail
[10.148s] -- Installing: /home/a/harurobo/install/wiimote_msgs/include/wiimote_msgs/wiimote_msgs/msg/detail/state__rosidl_typesupport_introspection_c.h
[10.148s] -- Installing: /home/a/harurobo/install/wiimote_msgs/include/wiimote_msgs/wiimote_msgs/msg/detail/timed_switch__type_support.c
[10.148s] -- Installing: /home/a/harurobo/install/wiimote_msgs/include/wiimote_msgs/wiimote_msgs/msg/detail/ir_source_info__type_support.c
[10.148s] -- Installing: /home/a/harurobo/install/wiimote_msgs/include/wiimote_msgs/wiimote_msgs/msg/detail/state__type_support.c
[10.148s] -- Installing: /home/a/harurobo/install/wiimote_msgs/include/wiimote_msgs/wiimote_msgs/msg/detail/timed_switch__rosidl_typesupport_introspection_c.h
[10.148s] -- Installing: /home/a/harurobo/install/wiimote_msgs/include/wiimote_msgs/wiimote_msgs/msg/detail/ir_source_info__rosidl_typesupport_introspection_c.h
[10.148s] -- Installing: /home/a/harurobo/install/wiimote_msgs/lib/libwiimote_msgs__rosidl_typesupport_introspection_c.so
[10.148s] -- Set runtime path of "/home/a/harurobo/install/wiimote_msgs/lib/libwiimote_msgs__rosidl_typesupport_introspection_c.so" to ""
[10.148s] -- Installing: /home/a/harurobo/install/wiimote_msgs/lib/libwiimote_msgs__rosidl_typesupport_c.so
[10.148s] -- Set runtime path of "/home/a/harurobo/install/wiimote_msgs/lib/libwiimote_msgs__rosidl_typesupport_c.so" to ""
[10.149s] -- Up-to-date: /home/a/harurobo/install/wiimote_msgs/include/wiimote_msgs/wiimote_msgs
[10.149s] -- Up-to-date: /home/a/harurobo/install/wiimote_msgs/include/wiimote_msgs/wiimote_msgs/msg
[10.149s] -- Up-to-date: /home/a/harurobo/install/wiimote_msgs/include/wiimote_msgs/wiimote_msgs/msg/detail
[10.149s] -- Installing: /home/a/harurobo/install/wiimote_msgs/include/wiimote_msgs/wiimote_msgs/msg/detail/timed_switch__rosidl_typesupport_introspection_cpp.hpp
[10.149s] -- Installing: /home/a/harurobo/install/wiimote_msgs/include/wiimote_msgs/wiimote_msgs/msg/detail/state__type_support.cpp
[10.149s] -- Installing: /home/a/harurobo/install/wiimote_msgs/include/wiimote_msgs/wiimote_msgs/msg/detail/state__rosidl_typesupport_introspection_cpp.hpp
[10.149s] -- Installing: /home/a/harurobo/install/wiimote_msgs/include/wiimote_msgs/wiimote_msgs/msg/detail/timed_switch__type_support.cpp
[10.149s] -- Installing: /home/a/harurobo/install/wiimote_msgs/include/wiimote_msgs/wiimote_msgs/msg/detail/ir_source_info__type_support.cpp
[10.149s] -- Installing: /home/a/harurobo/install/wiimote_msgs/include/wiimote_msgs/wiimote_msgs/msg/detail/ir_source_info__rosidl_typesupport_introspection_cpp.hpp
[10.149s] -- Installing: /home/a/harurobo/install/wiimote_msgs/lib/libwiimote_msgs__rosidl_typesupport_introspection_cpp.so
[10.149s] -- Set runtime path of "/home/a/harurobo/install/wiimote_msgs/lib/libwiimote_msgs__rosidl_typesupport_introspection_cpp.so" to ""
[10.149s] -- Installing: /home/a/harurobo/install/wiimote_msgs/lib/libwiimote_msgs__rosidl_typesupport_cpp.so
[10.149s] -- Set runtime path of "/home/a/harurobo/install/wiimote_msgs/lib/libwiimote_msgs__rosidl_typesupport_cpp.so" to ""
[10.149s] -- Installing: /home/a/harurobo/install/wiimote_msgs/share/wiimote_msgs/environment/pythonpath.sh
[10.149s] -- Installing: /home/a/harurobo/install/wiimote_msgs/share/wiimote_msgs/environment/pythonpath.dsv
[10.149s] -- Installing: /home/a/harurobo/install/wiimote_msgs/local/lib/python3.10/dist-packages/wiimote_msgs-3.3.0-py3.10.egg-info
[10.149s] -- Installing: /home/a/harurobo/install/wiimote_msgs/local/lib/python3.10/dist-packages/wiimote_msgs-3.3.0-py3.10.egg-info/PKG-INFO
[10.149s] -- Installing: /home/a/harurobo/install/wiimote_msgs/local/lib/python3.10/dist-packages/wiimote_msgs-3.3.0-py3.10.egg-info/top_level.txt
[10.149s] -- Installing: /home/a/harurobo/install/wiimote_msgs/local/lib/python3.10/dist-packages/wiimote_msgs-3.3.0-py3.10.egg-info/dependency_links.txt
[10.149s] -- Installing: /home/a/harurobo/install/wiimote_msgs/local/lib/python3.10/dist-packages/wiimote_msgs-3.3.0-py3.10.egg-info/SOURCES.txt
[10.150s] -- Installing: /home/a/harurobo/install/wiimote_msgs/local/lib/python3.10/dist-packages/wiimote_msgs
[10.150s] -- Installing: /home/a/harurobo/install/wiimote_msgs/local/lib/python3.10/dist-packages/wiimote_msgs/__init__.py
[10.150s] -- Installing: /home/a/harurobo/install/wiimote_msgs/local/lib/python3.10/dist-packages/wiimote_msgs/msg
[10.150s] -- Installing: /home/a/harurobo/install/wiimote_msgs/local/lib/python3.10/dist-packages/wiimote_msgs/msg/_timed_switch_s.c
[10.150s] -- Installing: /home/a/harurobo/install/wiimote_msgs/local/lib/python3.10/dist-packages/wiimote_msgs/msg/__init__.py
[10.150s] -- Installing: /home/a/harurobo/install/wiimote_msgs/local/lib/python3.10/dist-packages/wiimote_msgs/msg/_state.py
[10.150s] -- Installing: /home/a/harurobo/install/wiimote_msgs/local/lib/python3.10/dist-packages/wiimote_msgs/msg/_state_s.c
[10.150s] -- Installing: /home/a/harurobo/install/wiimote_msgs/local/lib/python3.10/dist-packages/wiimote_msgs/msg/_ir_source_info_s.c
[10.150s] -- Installing: /home/a/harurobo/install/wiimote_msgs/local/lib/python3.10/dist-packages/wiimote_msgs/msg/_ir_source_info.py
[10.150s] -- Installing: /home/a/harurobo/install/wiimote_msgs/local/lib/python3.10/dist-packages/wiimote_msgs/msg/_timed_switch.py
[10.150s] -- Installing: /home/a/harurobo/install/wiimote_msgs/local/lib/python3.10/dist-packages/wiimote_msgs/libwiimote_msgs__rosidl_generator_py.so
[10.150s] -- Installing: /home/a/harurobo/install/wiimote_msgs/local/lib/python3.10/dist-packages/wiimote_msgs/wiimote_msgs_s__rosidl_typesupport_introspection_c.cpython-310-aarch64-linux-gnu.so
[10.150s] -- Installing: /home/a/harurobo/install/wiimote_msgs/local/lib/python3.10/dist-packages/wiimote_msgs/_wiimote_msgs_s.ep.rosidl_typesupport_fastrtps_c.c
[10.150s] -- Installing: /home/a/harurobo/install/wiimote_msgs/local/lib/python3.10/dist-packages/wiimote_msgs/_wiimote_msgs_s.ep.rosidl_typesupport_c.c
[10.150s] -- Installing: /home/a/harurobo/install/wiimote_msgs/local/lib/python3.10/dist-packages/wiimote_msgs/wiimote_msgs_s__rosidl_typesupport_fastrtps_c.cpython-310-aarch64-linux-gnu.so
[10.150s] -- Installing: /home/a/harurobo/install/wiimote_msgs/local/lib/python3.10/dist-packages/wiimote_msgs/wiimote_msgs_s__rosidl_typesupport_c.cpython-310-aarch64-linux-gnu.so
[10.150s] -- Installing: /home/a/harurobo/install/wiimote_msgs/local/lib/python3.10/dist-packages/wiimote_msgs/_wiimote_msgs_s.ep.rosidl_typesupport_introspection_c.c
[10.212s] Listing '/home/a/harurobo/install/wiimote_msgs/local/lib/python3.10/dist-packages/wiimote_msgs'...
[10.212s] Compiling '/home/a/harurobo/install/wiimote_msgs/local/lib/python3.10/dist-packages/wiimote_msgs/__init__.py'...
[10.212s] Listing '/home/a/harurobo/install/wiimote_msgs/local/lib/python3.10/dist-packages/wiimote_msgs/msg'...
[10.212s] Compiling '/home/a/harurobo/install/wiimote_msgs/local/lib/python3.10/dist-packages/wiimote_msgs/msg/__init__.py'...
[10.212s] Compiling '/home/a/harurobo/install/wiimote_msgs/local/lib/python3.10/dist-packages/wiimote_msgs/msg/_ir_source_info.py'...
[10.212s] Compiling '/home/a/harurobo/install/wiimote_msgs/local/lib/python3.10/dist-packages/wiimote_msgs/msg/_state.py'...
[10.213s] Compiling '/home/a/harurobo/install/wiimote_msgs/local/lib/python3.10/dist-packages/wiimote_msgs/msg/_timed_switch.py'...
[10.219s] -- Installing: /home/a/harurobo/install/wiimote_msgs/local/lib/python3.10/dist-packages/wiimote_msgs/wiimote_msgs_s__rosidl_typesupport_fastrtps_c.cpython-310-aarch64-linux-gnu.so
[10.219s] -- Set runtime path of "/home/a/harurobo/install/wiimote_msgs/local/lib/python3.10/dist-packages/wiimote_msgs/wiimote_msgs_s__rosidl_typesupport_fastrtps_c.cpython-310-aarch64-linux-gnu.so" to ""
[10.219s] -- Installing: /home/a/harurobo/install/wiimote_msgs/local/lib/python3.10/dist-packages/wiimote_msgs/wiimote_msgs_s__rosidl_typesupport_introspection_c.cpython-310-aarch64-linux-gnu.so
[10.219s] -- Set runtime path of "/home/a/harurobo/install/wiimote_msgs/local/lib/python3.10/dist-packages/wiimote_msgs/wiimote_msgs_s__rosidl_typesupport_introspection_c.cpython-310-aarch64-linux-gnu.so" to ""
[10.219s] -- Installing: /home/a/harurobo/install/wiimote_msgs/local/lib/python3.10/dist-packages/wiimote_msgs/wiimote_msgs_s__rosidl_typesupport_c.cpython-310-aarch64-linux-gnu.so
[10.220s] -- Set runtime path of "/home/a/harurobo/install/wiimote_msgs/local/lib/python3.10/dist-packages/wiimote_msgs/wiimote_msgs_s__rosidl_typesupport_c.cpython-310-aarch64-linux-gnu.so" to ""
[10.220s] -- Installing: /home/a/harurobo/install/wiimote_msgs/lib/libwiimote_msgs__rosidl_generator_py.so
[10.220s] -- Set runtime path of "/home/a/harurobo/install/wiimote_msgs/lib/libwiimote_msgs__rosidl_generator_py.so" to ""
[10.220s] -- Installing: /home/a/harurobo/install/wiimote_msgs/share/wiimote_msgs/msg/IrSourceInfo.idl
[10.220s] -- Installing: /home/a/harurobo/install/wiimote_msgs/share/wiimote_msgs/msg/State.idl
[10.220s] -- Installing: /home/a/harurobo/install/wiimote_msgs/share/wiimote_msgs/msg/TimedSwitch.idl
[10.220s] -- Installing: /home/a/harurobo/install/wiimote_msgs/share/wiimote_msgs/msg/IrSourceInfo.msg
[10.221s] -- Installing: /home/a/harurobo/install/wiimote_msgs/share/wiimote_msgs/msg/State.msg
[10.221s] -- Installing: /home/a/harurobo/install/wiimote_msgs/share/wiimote_msgs/msg/TimedSwitch.msg
[10.221s] -- Installing: /home/a/harurobo/install/wiimote_msgs/share/ament_index/resource_index/package_run_dependencies/wiimote_msgs
[10.221s] -- Installing: /home/a/harurobo/install/wiimote_msgs/share/ament_index/resource_index/parent_prefix_path/wiimote_msgs
[10.221s] -- Installing: /home/a/harurobo/install/wiimote_msgs/share/wiimote_msgs/environment/ament_prefix_path.sh
[10.221s] -- Installing: /home/a/harurobo/install/wiimote_msgs/share/wiimote_msgs/environment/ament_prefix_path.dsv
[10.221s] -- Installing: /home/a/harurobo/install/wiimote_msgs/share/wiimote_msgs/environment/path.sh
[10.221s] -- Installing: /home/a/harurobo/install/wiimote_msgs/share/wiimote_msgs/environment/path.dsv
[10.221s] -- Installing: /home/a/harurobo/install/wiimote_msgs/share/wiimote_msgs/local_setup.bash
[10.221s] -- Installing: /home/a/harurobo/install/wiimote_msgs/share/wiimote_msgs/local_setup.sh
[10.221s] -- Installing: /home/a/harurobo/install/wiimote_msgs/share/wiimote_msgs/local_setup.zsh
[10.221s] -- Installing: /home/a/harurobo/install/wiimote_msgs/share/wiimote_msgs/local_setup.dsv
[10.221s] -- Installing: /home/a/harurobo/install/wiimote_msgs/share/wiimote_msgs/package.dsv
[10.222s] -- Installing: /home/a/harurobo/install/wiimote_msgs/share/ament_index/resource_index/packages/wiimote_msgs
[10.222s] -- Installing: /home/a/harurobo/install/wiimote_msgs/share/wiimote_msgs/cmake/export_wiimote_msgs__rosidl_generator_cExport.cmake
[10.222s] -- Installing: /home/a/harurobo/install/wiimote_msgs/share/wiimote_msgs/cmake/export_wiimote_msgs__rosidl_generator_cExport-noconfig.cmake
[10.222s] -- Installing: /home/a/harurobo/install/wiimote_msgs/share/wiimote_msgs/cmake/export_wiimote_msgs__rosidl_typesupport_fastrtps_cExport.cmake
[10.222s] -- Installing: /home/a/harurobo/install/wiimote_msgs/share/wiimote_msgs/cmake/export_wiimote_msgs__rosidl_typesupport_fastrtps_cExport-noconfig.cmake
[10.222s] -- Installing: /home/a/harurobo/install/wiimote_msgs/share/wiimote_msgs/cmake/export_wiimote_msgs__rosidl_generator_cppExport.cmake
[10.222s] -- Installing: /home/a/harurobo/install/wiimote_msgs/share/wiimote_msgs/cmake/export_wiimote_msgs__rosidl_typesupport_fastrtps_cppExport.cmake
[10.222s] -- Installing: /home/a/harurobo/install/wiimote_msgs/share/wiimote_msgs/cmake/export_wiimote_msgs__rosidl_typesupport_fastrtps_cppExport-noconfig.cmake
[10.222s] -- Installing: /home/a/harurobo/install/wiimote_msgs/share/wiimote_msgs/cmake/wiimote_msgs__rosidl_typesupport_introspection_cExport.cmake
[10.222s] -- Installing: /home/a/harurobo/install/wiimote_msgs/share/wiimote_msgs/cmake/wiimote_msgs__rosidl_typesupport_introspection_cExport-noconfig.cmake
[10.222s] -- Installing: /home/a/harurobo/install/wiimote_msgs/share/wiimote_msgs/cmake/wiimote_msgs__rosidl_typesupport_cExport.cmake
[10.222s] -- Installing: /home/a/harurobo/install/wiimote_msgs/share/wiimote_msgs/cmake/wiimote_msgs__rosidl_typesupport_cExport-noconfig.cmake
[10.223s] -- Installing: /home/a/harurobo/install/wiimote_msgs/share/wiimote_msgs/cmake/wiimote_msgs__rosidl_typesupport_introspection_cppExport.cmake
[10.223s] -- Installing: /home/a/harurobo/install/wiimote_msgs/share/wiimote_msgs/cmake/wiimote_msgs__rosidl_typesupport_introspection_cppExport-noconfig.cmake
[10.223s] -- Installing: /home/a/harurobo/install/wiimote_msgs/share/wiimote_msgs/cmake/wiimote_msgs__rosidl_typesupport_cppExport.cmake
[10.223s] -- Installing: /home/a/harurobo/install/wiimote_msgs/share/wiimote_msgs/cmake/wiimote_msgs__rosidl_typesupport_cppExport-noconfig.cmake
[10.223s] -- Installing: /home/a/harurobo/install/wiimote_msgs/share/wiimote_msgs/cmake/export_wiimote_msgs__rosidl_generator_pyExport.cmake
[10.223s] -- Installing: /home/a/harurobo/install/wiimote_msgs/share/wiimote_msgs/cmake/export_wiimote_msgs__rosidl_generator_pyExport-noconfig.cmake
[10.223s] -- Installing: /home/a/harurobo/install/wiimote_msgs/share/wiimote_msgs/cmake/rosidl_cmake-extras.cmake
[10.223s] -- Installing: /home/a/harurobo/install/wiimote_msgs/share/wiimote_msgs/cmake/ament_cmake_export_dependencies-extras.cmake
[10.223s] -- Installing: /home/a/harurobo/install/wiimote_msgs/share/wiimote_msgs/cmake/ament_cmake_export_include_directories-extras.cmake
[10.223s] -- Installing: /home/a/harurobo/install/wiimote_msgs/share/wiimote_msgs/cmake/ament_cmake_export_libraries-extras.cmake
[10.223s] -- Installing: /home/a/harurobo/install/wiimote_msgs/share/wiimote_msgs/cmake/ament_cmake_export_targets-extras.cmake
[10.223s] -- Installing: /home/a/harurobo/install/wiimote_msgs/share/wiimote_msgs/cmake/rosidl_cmake_export_typesupport_targets-extras.cmake
[10.223s] -- Installing: /home/a/harurobo/install/wiimote_msgs/share/wiimote_msgs/cmake/rosidl_cmake_export_typesupport_libraries-extras.cmake
[10.223s] -- Installing: /home/a/harurobo/install/wiimote_msgs/share/wiimote_msgs/cmake/wiimote_msgsConfig.cmake
[10.223s] -- Installing: /home/a/harurobo/install/wiimote_msgs/share/wiimote_msgs/cmake/wiimote_msgsConfig-version.cmake
[10.223s] -- Installing: /home/a/harurobo/install/wiimote_msgs/share/wiimote_msgs/package.xml
[10.224s] Invoked command in '/home/a/harurobo/build/wiimote_msgs' returned '0': CMAKE_PREFIX_PATH=${CMAKE_PREFIX_PATH}:/home/a/ros2_ws/install/py_pubsub:/home/a/ros2_ws/install/launch_testing_examples:/home/a/ros2_ws/install/examples_rclpy_pointcloud_publisher:/home/a/ros2_ws/install/examples_rclpy_minimal_subscriber:/home/a/ros2_ws/install/examples_rclpy_minimal_service:/home/a/ros2_ws/install/examples_rclpy_minimal_publisher:/home/a/ros2_ws/install/examples_rclpy_minimal_client:/home/a/ros2_ws/install/examples_rclpy_minimal_action_server:/home/a/ros2_ws/install/examples_rclpy_minimal_action_client:/home/a/ros2_ws/install/examples_rclpy_guard_conditions:/home/a/ros2_ws/install/examples_rclpy_executors:/opt/ros/humble /usr/bin/cmake --install /home/a/harurobo/build/wiimote_msgs
