running egg_info
writing ../../build/od_ros/od_ros.egg-info/PKG-INFO
writing dependency_links to ../../build/od_ros/od_ros.egg-info/dependency_links.txt
writing entry points to ../../build/od_ros/od_ros.egg-info/entry_points.txt
writing requirements to ../../build/od_ros/od_ros.egg-info/requires.txt
writing top-level names to ../../build/od_ros/od_ros.egg-info/top_level.txt
reading manifest file '../../build/od_ros/od_ros.egg-info/SOURCES.txt'
adding license file 'LICENSE'
writing manifest file '../../build/od_ros/od_ros.egg-info/SOURCES.txt'
running build
running build_py
running install
running install_lib
running install_data
running install_egg_info
removing '/home/a/harurobo1/install/od_ros/lib/python3.10/site-packages/od_ros-0.0.0-py3.10.egg-info' (and everything under it)
Copying ../../build/od_ros/od_ros.egg-info to /home/a/harurobo1/install/od_ros/lib/python3.10/site-packages/od_ros-0.0.0-py3.10.egg-info
running install_scripts
Installing od script to /home/a/harurobo1/install/od_ros/lib/od_ros
writing list of installed files to '/home/a/harurobo1/build/od_ros/install.log'
