[0.026s] Invoking command in '/home/a/harurobo/build/sdl2_vendor': CMAKE_PREFIX_PATH=${CMAKE_PREFIX_PATH}:/home/a/harurobo/install/joy_sub:/home/a/ros2_ws/install/py_pubsub:/home/a/ros2_ws/install/launch_testing_examples:/home/a/ros2_ws/install/examples_rclpy_pointcloud_publisher:/home/a/ros2_ws/install/examples_rclpy_minimal_subscriber:/home/a/ros2_ws/install/examples_rclpy_minimal_service:/home/a/ros2_ws/install/examples_rclpy_minimal_publisher:/home/a/ros2_ws/install/examples_rclpy_minimal_client:/home/a/ros2_ws/install/examples_rclpy_minimal_action_server:/home/a/ros2_ws/install/examples_rclpy_minimal_action_client:/home/a/ros2_ws/install/examples_rclpy_guard_conditions:/home/a/ros2_ws/install/examples_rclpy_executors:/opt/ros/humble /usr/bin/cmake --build /home/a/harurobo/build/sdl2_vendor -- -j6 -l6
[0.539s] Invoked command in '/home/a/harurobo/build/sdl2_vendor' returned '0': CMAKE_PREFIX_PATH=${CMAKE_PREFIX_PATH}:/home/a/harurobo/install/joy_sub:/home/a/ros2_ws/install/py_pubsub:/home/a/ros2_ws/install/launch_testing_examples:/home/a/ros2_ws/install/examples_rclpy_pointcloud_publisher:/home/a/ros2_ws/install/examples_rclpy_minimal_subscriber:/home/a/ros2_ws/install/examples_rclpy_minimal_service:/home/a/ros2_ws/install/examples_rclpy_minimal_publisher:/home/a/ros2_ws/install/examples_rclpy_minimal_client:/home/a/ros2_ws/install/examples_rclpy_minimal_action_server:/home/a/ros2_ws/install/examples_rclpy_minimal_action_client:/home/a/ros2_ws/install/examples_rclpy_guard_conditions:/home/a/ros2_ws/install/examples_rclpy_executors:/opt/ros/humble /usr/bin/cmake --build /home/a/harurobo/build/sdl2_vendor -- -j6 -l6
[0.546s] Invoking command in '/home/a/harurobo/build/sdl2_vendor': CMAKE_PREFIX_PATH=${CMAKE_PREFIX_PATH}:/home/a/harurobo/install/joy_sub:/home/a/ros2_ws/install/py_pubsub:/home/a/ros2_ws/install/launch_testing_examples:/home/a/ros2_ws/install/examples_rclpy_pointcloud_publisher:/home/a/ros2_ws/install/examples_rclpy_minimal_subscriber:/home/a/ros2_ws/install/examples_rclpy_minimal_service:/home/a/ros2_ws/install/examples_rclpy_minimal_publisher:/home/a/ros2_ws/install/examples_rclpy_minimal_client:/home/a/ros2_ws/install/examples_rclpy_minimal_action_server:/home/a/ros2_ws/install/examples_rclpy_minimal_action_client:/home/a/ros2_ws/install/examples_rclpy_guard_conditions:/home/a/ros2_ws/install/examples_rclpy_executors:/opt/ros/humble /usr/bin/cmake --install /home/a/harurobo/build/sdl2_vendor
[0.550s] -- Install configuration: ""
[0.550s] -- Up-to-date: /home/a/harurobo/install/sdl2_vendor/share/sdl2_vendor/cmake
[0.550s] -- Up-to-date: /home/a/harurobo/install/sdl2_vendor/share/sdl2_vendor/cmake/Modules
[0.550s] -- Up-to-date: /home/a/harurobo/install/sdl2_vendor/share/sdl2_vendor/cmake/Modules/Findsdl2_custom.cmake
[0.550s] -- Up-to-date: /home/a/harurobo/install/sdl2_vendor/share/ament_index/resource_index/package_run_dependencies/sdl2_vendor
[0.550s] -- Up-to-date: /home/a/harurobo/install/sdl2_vendor/share/ament_index/resource_index/parent_prefix_path/sdl2_vendor
[0.551s] -- Up-to-date: /home/a/harurobo/install/sdl2_vendor/share/sdl2_vendor/environment/ament_prefix_path.sh
[0.551s] -- Up-to-date: /home/a/harurobo/install/sdl2_vendor/share/sdl2_vendor/environment/ament_prefix_path.dsv
[0.551s] -- Up-to-date: /home/a/harurobo/install/sdl2_vendor/share/sdl2_vendor/environment/path.sh
[0.551s] -- Up-to-date: /home/a/harurobo/install/sdl2_vendor/share/sdl2_vendor/environment/path.dsv
[0.551s] -- Up-to-date: /home/a/harurobo/install/sdl2_vendor/share/sdl2_vendor/local_setup.bash
[0.551s] -- Up-to-date: /home/a/harurobo/install/sdl2_vendor/share/sdl2_vendor/local_setup.sh
[0.551s] -- Up-to-date: /home/a/harurobo/install/sdl2_vendor/share/sdl2_vendor/local_setup.zsh
[0.551s] -- Up-to-date: /home/a/harurobo/install/sdl2_vendor/share/sdl2_vendor/local_setup.dsv
[0.551s] -- Installing: /home/a/harurobo/install/sdl2_vendor/share/sdl2_vendor/package.dsv
[0.551s] -- Up-to-date: /home/a/harurobo/install/sdl2_vendor/share/ament_index/resource_index/packages/sdl2_vendor
[0.551s] -- Up-to-date: /home/a/harurobo/install/sdl2_vendor/share/sdl2_vendor/cmake/sdl2_vendor-extras.cmake
[0.551s] -- Up-to-date: /home/a/harurobo/install/sdl2_vendor/share/sdl2_vendor/cmake/sdl2_vendorConfig.cmake
[0.552s] -- Up-to-date: /home/a/harurobo/install/sdl2_vendor/share/sdl2_vendor/cmake/sdl2_vendorConfig-version.cmake
[0.552s] -- Up-to-date: /home/a/harurobo/install/sdl2_vendor/share/sdl2_vendor/package.xml
[0.560s] Invoked command in '/home/a/harurobo/build/sdl2_vendor' returned '0': CMAKE_PREFIX_PATH=${CMAKE_PREFIX_PATH}:/home/a/harurobo/install/joy_sub:/home/a/ros2_ws/install/py_pubsub:/home/a/ros2_ws/install/launch_testing_examples:/home/a/ros2_ws/install/examples_rclpy_pointcloud_publisher:/home/a/ros2_ws/install/examples_rclpy_minimal_subscriber:/home/a/ros2_ws/install/examples_rclpy_minimal_service:/home/a/ros2_ws/install/examples_rclpy_minimal_publisher:/home/a/ros2_ws/install/examples_rclpy_minimal_client:/home/a/ros2_ws/install/examples_rclpy_minimal_action_server:/home/a/ros2_ws/install/examples_rclpy_minimal_action_client:/home/a/ros2_ws/install/examples_rclpy_guard_conditions:/home/a/ros2_ws/install/examples_rclpy_executors:/opt/ros/humble /usr/bin/cmake --install /home/a/harurobo/build/sdl2_vendor
