[0.033s] Invoking command in '/home/a/harurobo/build/joy_sub': CMAKE_PREFIX_PATH=${CMAKE_PREFIX_PATH}:/home/a/ros2_ws/install/py_pubsub:/home/a/ros2_ws/install/launch_testing_examples:/home/a/ros2_ws/install/examples_rclpy_pointcloud_publisher:/home/a/ros2_ws/install/examples_rclpy_minimal_subscriber:/home/a/ros2_ws/install/examples_rclpy_minimal_service:/home/a/ros2_ws/install/examples_rclpy_minimal_publisher:/home/a/ros2_ws/install/examples_rclpy_minimal_client:/home/a/ros2_ws/install/examples_rclpy_minimal_action_server:/home/a/ros2_ws/install/examples_rclpy_minimal_action_client:/home/a/ros2_ws/install/examples_rclpy_guard_conditions:/home/a/ros2_ws/install/examples_rclpy_executors:/opt/ros/humble /usr/bin/cmake --build /home/a/harurobo/build/joy_sub -- -j6 -l6
[0.088s] Invoked command in '/home/a/harurobo/build/joy_sub' returned '0': CMAKE_PREFIX_PATH=${CMAKE_PREFIX_PATH}:/home/a/ros2_ws/install/py_pubsub:/home/a/ros2_ws/install/launch_testing_examples:/home/a/ros2_ws/install/examples_rclpy_pointcloud_publisher:/home/a/ros2_ws/install/examples_rclpy_minimal_subscriber:/home/a/ros2_ws/install/examples_rclpy_minimal_service:/home/a/ros2_ws/install/examples_rclpy_minimal_publisher:/home/a/ros2_ws/install/examples_rclpy_minimal_client:/home/a/ros2_ws/install/examples_rclpy_minimal_action_server:/home/a/ros2_ws/install/examples_rclpy_minimal_action_client:/home/a/ros2_ws/install/examples_rclpy_guard_conditions:/home/a/ros2_ws/install/examples_rclpy_executors:/opt/ros/humble /usr/bin/cmake --build /home/a/harurobo/build/joy_sub -- -j6 -l6
[0.098s] Invoking command in '/home/a/harurobo/build/joy_sub': CMAKE_PREFIX_PATH=${CMAKE_PREFIX_PATH}:/home/a/ros2_ws/install/py_pubsub:/home/a/ros2_ws/install/launch_testing_examples:/home/a/ros2_ws/install/examples_rclpy_pointcloud_publisher:/home/a/ros2_ws/install/examples_rclpy_minimal_subscriber:/home/a/ros2_ws/install/examples_rclpy_minimal_service:/home/a/ros2_ws/install/examples_rclpy_minimal_publisher:/home/a/ros2_ws/install/examples_rclpy_minimal_client:/home/a/ros2_ws/install/examples_rclpy_minimal_action_server:/home/a/ros2_ws/install/examples_rclpy_minimal_action_client:/home/a/ros2_ws/install/examples_rclpy_guard_conditions:/home/a/ros2_ws/install/examples_rclpy_executors:/opt/ros/humble /usr/bin/cmake --install /home/a/harurobo/build/joy_sub
[0.110s] -- Install configuration: ""
[0.110s] -- Up-to-date: /home/a/harurobo/install/joy_sub/share/ament_index/resource_index/package_run_dependencies/joy_sub
[0.110s] -- Up-to-date: /home/a/harurobo/install/joy_sub/share/ament_index/resource_index/parent_prefix_path/joy_sub
[0.110s] -- Up-to-date: /home/a/harurobo/install/joy_sub/share/joy_sub/environment/ament_prefix_path.sh
[0.110s] -- Up-to-date: /home/a/harurobo/install/joy_sub/share/joy_sub/environment/ament_prefix_path.dsv
[0.110s] -- Up-to-date: /home/a/harurobo/install/joy_sub/share/joy_sub/environment/path.sh
[0.111s] -- Up-to-date: /home/a/harurobo/install/joy_sub/share/joy_sub/environment/path.dsv
[0.111s] -- Up-to-date: /home/a/harurobo/install/joy_sub/share/joy_sub/local_setup.bash
[0.111s] -- Up-to-date: /home/a/harurobo/install/joy_sub/share/joy_sub/local_setup.sh
[0.111s] -- Up-to-date: /home/a/harurobo/install/joy_sub/share/joy_sub/local_setup.zsh
[0.111s] -- Up-to-date: /home/a/harurobo/install/joy_sub/share/joy_sub/local_setup.dsv
[0.111s] -- Up-to-date: /home/a/harurobo/install/joy_sub/share/joy_sub/package.dsv
[0.111s] -- Up-to-date: /home/a/harurobo/install/joy_sub/share/ament_index/resource_index/packages/joy_sub
[0.111s] -- Up-to-date: /home/a/harurobo/install/joy_sub/share/joy_sub/cmake/joy_subConfig.cmake
[0.111s] -- Up-to-date: /home/a/harurobo/install/joy_sub/share/joy_sub/cmake/joy_subConfig-version.cmake
[0.111s] -- Up-to-date: /home/a/harurobo/install/joy_sub/share/joy_sub/package.xml
[0.114s] Invoked command in '/home/a/harurobo/build/joy_sub' returned '0': CMAKE_PREFIX_PATH=${CMAKE_PREFIX_PATH}:/home/a/ros2_ws/install/py_pubsub:/home/a/ros2_ws/install/launch_testing_examples:/home/a/ros2_ws/install/examples_rclpy_pointcloud_publisher:/home/a/ros2_ws/install/examples_rclpy_minimal_subscriber:/home/a/ros2_ws/install/examples_rclpy_minimal_service:/home/a/ros2_ws/install/examples_rclpy_minimal_publisher:/home/a/ros2_ws/install/examples_rclpy_minimal_client:/home/a/ros2_ws/install/examples_rclpy_minimal_action_server:/home/a/ros2_ws/install/examples_rclpy_minimal_action_client:/home/a/ros2_ws/install/examples_rclpy_guard_conditions:/home/a/ros2_ws/install/examples_rclpy_executors:/opt/ros/humble /usr/bin/cmake --install /home/a/harurobo/build/joy_sub
