running egg_info
writing ../../build/haru_launch/haru_launch.egg-info/PKG-INFO
writing dependency_links to ../../build/haru_launch/haru_launch.egg-info/dependency_links.txt
writing entry points to ../../build/haru_launch/haru_launch.egg-info/entry_points.txt
writing requirements to ../../build/haru_launch/haru_launch.egg-info/requires.txt
writing top-level names to ../../build/haru_launch/haru_launch.egg-info/top_level.txt
reading manifest file '../../build/haru_launch/haru_launch.egg-info/SOURCES.txt'
writing manifest file '../../build/haru_launch/haru_launch.egg-info/SOURCES.txt'
running build
running build_py
copying haru_launch/haru_launch.py -> /home/a/harurobo/build/haru_launch/build/lib/haru_launch
running install
running install_lib
copying /home/a/harurobo/build/haru_launch/build/lib/haru_launch/haru_launch.py -> /home/a/harurobo/install/haru_launch/lib/python3.10/site-packages/haru_launch
byte-compiling /home/a/harurobo/install/haru_launch/lib/python3.10/site-packages/haru_launch/haru_launch.py to haru_launch.cpython-310.pyc
running install_data
copying haru_launch/haru_launch.py -> /home/a/harurobo/install/haru_launch/share/haru_launch
running install_egg_info
removing '/home/a/harurobo/install/haru_launch/lib/python3.10/site-packages/haru_launch-0.0.0-py3.10.egg-info' (and everything under it)
Copying ../../build/haru_launch/haru_launch.egg-info to /home/a/harurobo/install/haru_launch/lib/python3.10/site-packages/haru_launch-0.0.0-py3.10.egg-info
running install_scripts
writing list of installed files to '/home/a/harurobo/build/haru_launch/install.log'
