[0.700s] Invoking command in '/home/a/harurobo/src/joy_translate': PYTHONPATH=/home/a/harurobo/build/joy_translate/prefix_override:/usr/lib/python3/dist-packages/colcon_core/task/python/colcon_distutils_commands:/home/a/harurobo/install/joy_translate/lib/python3.10/site-packages:${PYTHONPATH} /usr/bin/python3 -W ignore:setup.py install is deprecated -W ignore:easy_install command is deprecated setup.py egg_info --egg-base ../../build/joy_translate build --build-base /home/a/harurobo/build/joy_translate/build install --record /home/a/harurobo/build/joy_translate/install.log --single-version-externally-managed install_data
[0.851s] running egg_info
[0.852s] writing ../../build/joy_translate/joy_translate.egg-info/PKG-INFO
[0.852s] writing dependency_links to ../../build/joy_translate/joy_translate.egg-info/dependency_links.txt
[0.852s] writing entry points to ../../build/joy_translate/joy_translate.egg-info/entry_points.txt
[0.852s] writing requirements to ../../build/joy_translate/joy_translate.egg-info/requires.txt
[0.852s] writing top-level names to ../../build/joy_translate/joy_translate.egg-info/top_level.txt
[0.853s] reading manifest file '../../build/joy_translate/joy_translate.egg-info/SOURCES.txt'
[0.853s] adding license file 'LICENSE'
[0.854s] writing manifest file '../../build/joy_translate/joy_translate.egg-info/SOURCES.txt'
[0.854s] running build
[0.854s] running build_py
[0.854s] copying joy_translate/__init__.py -> /home/a/harurobo/build/joy_translate/build/lib/joy_translate
[0.854s] running install
[0.854s] running install_lib
[0.855s] copying /home/a/harurobo/build/joy_translate/build/lib/joy_translate/__init__.py -> /home/a/harurobo/install/joy_translate/lib/python3.10/site-packages/joy_translate
[0.855s] byte-compiling /home/a/harurobo/install/joy_translate/lib/python3.10/site-packages/joy_translate/__init__.py to __init__.cpython-310.pyc
[0.855s] running install_data
[0.855s] copying resource/joy_translate -> /home/a/harurobo/install/joy_translate/share/ament_index/resource_index/packages
[0.855s] copying package.xml -> /home/a/harurobo/install/joy_translate/share/joy_translate
[0.855s] running install_egg_info
[0.856s] removing '/home/a/harurobo/install/joy_translate/lib/python3.10/site-packages/joy_translate-0.0.0-py3.10.egg-info' (and everything under it)
[0.856s] Copying ../../build/joy_translate/joy_translate.egg-info to /home/a/harurobo/install/joy_translate/lib/python3.10/site-packages/joy_translate-0.0.0-py3.10.egg-info
[0.857s] running install_scripts
[0.868s] writing list of installed files to '/home/a/harurobo/build/joy_translate/install.log'
[0.882s] Invoked command in '/home/a/harurobo/src/joy_translate' returned '0': PYTHONPATH=/home/a/harurobo/build/joy_translate/prefix_override:/usr/lib/python3/dist-packages/colcon_core/task/python/colcon_distutils_commands:/home/a/harurobo/install/joy_translate/lib/python3.10/site-packages:${PYTHONPATH} /usr/bin/python3 -W ignore:setup.py install is deprecated -W ignore:easy_install command is deprecated setup.py egg_info --egg-base ../../build/joy_translate build --build-base /home/a/harurobo/build/joy_translate/build install --record /home/a/harurobo/build/joy_translate/install.log --single-version-externally-managed install_data
