-- The C compiler identification is GNU 11.4.0
-- The CXX compiler identification is GNU 11.4.0
-- Detecting C compiler ABI info
-- Detecting C compiler ABI info - done
-- Check for working C compiler: /usr/bin/cc - skipped
-- Detecting C compile features
-- Detecting C compile features - done
-- Detecting CXX compiler ABI info
-- Detecting CXX compiler ABI info - done
-- Check for working CXX compiler: /usr/bin/c++ - skipped
-- Detecting CXX compile features
-- Detecting CXX compile features - done
-- Found bluetooth library.
-- Found bluetooth header.
-- Found cwiid library.
-- Found cwiid header.
-- Found ament_cmake: 1.3.10 (/opt/ros/humble/share/ament_cmake/cmake)
-- Found Python3: /usr/bin/python3 (found version "3.10.12") found components: Interpreter 
-- Found geometry_msgs: 4.2.4 (/opt/ros/humble/share/geometry_msgs/cmake)
-- Found rosidl_generator_c: 3.1.5 (/opt/ros/humble/share/rosidl_generator_c/cmake)
-- Found rosidl_adapter: 3.1.5 (/opt/ros/humble/share/rosidl_adapter/cmake)
-- Found rosidl_generator_cpp: 3.1.5 (/opt/ros/humble/share/rosidl_generator_cpp/cmake)
-- Using all available rosidl_typesupport_c: rosidl_typesupport_fastrtps_c;rosidl_typesupport_introspection_c
-- Using all available rosidl_typesupport_cpp: rosidl_typesupport_fastrtps_cpp;rosidl_typesupport_introspection_cpp
-- Found rclcpp: 16.0.10 (/opt/ros/humble/share/rclcpp/cmake)
-- Found rmw_implementation_cmake: 6.1.2 (/opt/ros/humble/share/rmw_implementation_cmake/cmake)
-- Found rmw_fastrtps_cpp: 6.2.7 (/opt/ros/humble/share/rmw_fastrtps_cpp/cmake)
-- Found OpenSSL: /usr/lib/aarch64-linux-gnu/libcrypto.so (found version "3.0.2")  
-- Found FastRTPS: /opt/ros/humble/include  
-- Using RMW implementation 'rmw_fastrtps_cpp' as default
-- Looking for pthread.h
-- Looking for pthread.h - found
-- Performing Test CMAKE_HAVE_LIBC_PTHREAD
-- Performing Test CMAKE_HAVE_LIBC_PTHREAD - Success
-- Found Threads: TRUE  
-- Found rclcpp_components: 16.0.10 (/opt/ros/humble/share/rclcpp_components/cmake)
-- Found rclcpp_lifecycle: 16.0.10 (/opt/ros/humble/share/rclcpp_lifecycle/cmake)
-- Found sensor_msgs: 4.2.4 (/opt/ros/humble/share/sensor_msgs/cmake)
-- Found std_srvs: 4.2.4 (/opt/ros/humble/share/std_srvs/cmake)
-- Found wiimote_msgs: 3.3.0 (/home/a/harurobo/install/wiimote_msgs/share/wiimote_msgs/cmake)
-- Found ament_lint_auto: 0.12.11 (/opt/ros/humble/share/ament_lint_auto/cmake)
-- Added test 'copyright' to check source files copyright and LICENSE
-- Added test 'cppcheck' to perform static code analysis on C / C++ code
-- Configured cppcheck include dirs: $<BUILD_INTERFACE:/home/a/harurobo/src/joystick_drivers/wiimote/include>
-- Configured cppcheck exclude dirs and/or files: 
-- Added test 'cpplint' to check C / C++ code against the Google style
-- Configured cpplint exclude dirs and/or files: 
-- Added test 'flake8' to check Python code syntax and style conventions
-- Added test 'lint_cmake' to check CMake code style
-- Added test 'pep257' to check Python code against some of the docstring style conventions in PEP 257
-- Added test 'uncrustify' to check C / C++ code style
-- Configured uncrustify additional arguments: 
-- Added test 'xmllint' to check XML markup files
-- Configuring done
-- Generating done
-- Build files have been written to: /home/a/harurobo/build/wiimote
[ 11%] [32mBuilding CXX object CMakeFiles/wiimote_lib.dir/src/wiimote_controller.cpp.o[0m
[ 22%] [32mBuilding CXX object CMakeFiles/wiimote_lib.dir/src/stat_vector_3d.cpp.o[0m
[ 33%] [32mBuilding CXX object CMakeFiles/wiimote_node.dir/rclcpp_components/node_main_wiimote_node.cpp.o[0m
[ 44%] [32mBuilding CXX object CMakeFiles/teleop_wiimote.dir/src/teleop_wiimote.cpp.o[0m
[ 55%] [32mBuilding CXX object CMakeFiles/teleop_wiimote_node.dir/rclcpp_components/node_main_teleop_wiimote_node.cpp.o[0m
[ 66%] [32m[1mLinking CXX executable teleop_wiimote_node[0m
[ 77%] [32m[1mLinking CXX executable wiimote_node[0m
[ 77%] Built target teleop_wiimote_node
[ 77%] Built target wiimote_node
[ 88%] [32m[1mLinking CXX shared library libwiimote_lib.so[0m
[ 88%] Built target wiimote_lib
[100%] [32m[1mLinking CXX shared library libteleop_wiimote.so[0m
[100%] Built target teleop_wiimote
-- Install configuration: ""
-- Installing: /home/a/harurobo/install/wiimote/lib/wiimote/wiimote_node
-- Set runtime path of "/home/a/harurobo/install/wiimote/lib/wiimote/wiimote_node" to ""
-- Installing: /home/a/harurobo/install/wiimote/lib/wiimote/teleop_wiimote_node
-- Set runtime path of "/home/a/harurobo/install/wiimote/lib/wiimote/teleop_wiimote_node" to ""
-- Installing: /home/a/harurobo/install/wiimote/lib/libwiimote_lib.so
-- Set runtime path of "/home/a/harurobo/install/wiimote/lib/libwiimote_lib.so" to ""
-- Installing: /home/a/harurobo/install/wiimote/lib/libteleop_wiimote.so
-- Set runtime path of "/home/a/harurobo/install/wiimote/lib/libteleop_wiimote.so" to ""
-- Installing: /home/a/harurobo/install/wiimote/include/wiimote
-- Installing: /home/a/harurobo/install/wiimote/include/wiimote/wiimote
-- Installing: /home/a/harurobo/install/wiimote/include/wiimote/wiimote/stat_vector_3d.hpp
-- Installing: /home/a/harurobo/install/wiimote/include/wiimote/wiimote/teleop_wiimote.hpp
-- Installing: /home/a/harurobo/install/wiimote/include/wiimote/wiimote/wiimote_controller.hpp
-- Installing: /home/a/harurobo/install/wiimote/share/wiimote/launch
-- Installing: /home/a/harurobo/install/wiimote/share/wiimote/launch/feedback_test.launch.py
-- Installing: /home/a/harurobo/install/wiimote/share/wiimote/launch/wiimote_lifecycle.launch.py
-- Installing: /home/a/harurobo/install/wiimote/share/wiimote/launch/turtlesim.launch.py
-- Installing: /home/a/harurobo/install/wiimote/share/wiimote/config
-- Installing: /home/a/harurobo/install/wiimote/share/wiimote/config/wiimote_params.yaml
-- Installing: /home/a/harurobo/install/wiimote/share/wiimote/config/teleop_wiimote_params.yaml
-- Up-to-date: /home/a/harurobo/install/wiimote/lib/wiimote/wiimote_node
-- Installing: /home/a/harurobo/install/wiimote/lib/wiimote/feedback_tester.py
-- Installing: /home/a/harurobo/install/wiimote/share/ament_index/resource_index/package_run_dependencies/wiimote
-- Installing: /home/a/harurobo/install/wiimote/share/ament_index/resource_index/parent_prefix_path/wiimote
-- Installing: /home/a/harurobo/install/wiimote/share/wiimote/environment/ament_prefix_path.sh
-- Installing: /home/a/harurobo/install/wiimote/share/wiimote/environment/ament_prefix_path.dsv
-- Installing: /home/a/harurobo/install/wiimote/share/wiimote/environment/path.sh
-- Installing: /home/a/harurobo/install/wiimote/share/wiimote/environment/path.dsv
-- Installing: /home/a/harurobo/install/wiimote/share/wiimote/local_setup.bash
-- Installing: /home/a/harurobo/install/wiimote/share/wiimote/local_setup.sh
-- Installing: /home/a/harurobo/install/wiimote/share/wiimote/local_setup.zsh
-- Installing: /home/a/harurobo/install/wiimote/share/wiimote/local_setup.dsv
-- Installing: /home/a/harurobo/install/wiimote/share/wiimote/package.dsv
-- Installing: /home/a/harurobo/install/wiimote/share/ament_index/resource_index/packages/wiimote
-- Installing: /home/a/harurobo/install/wiimote/share/ament_index/resource_index/rclcpp_components/wiimote
-- Installing: /home/a/harurobo/install/wiimote/share/wiimote/cmake/export_wiimoteExport.cmake
-- Installing: /home/a/harurobo/install/wiimote/share/wiimote/cmake/export_wiimoteExport-noconfig.cmake
-- Installing: /home/a/harurobo/install/wiimote/share/wiimote/cmake/wiimote-extras.cmake
-- Installing: /home/a/harurobo/install/wiimote/share/wiimote/cmake/ament_cmake_export_targets-extras.cmake
-- Installing: /home/a/harurobo/install/wiimote/share/wiimote/cmake/ament_cmake_export_dependencies-extras.cmake
-- Installing: /home/a/harurobo/install/wiimote/share/wiimote/cmake/wiimoteConfig.cmake
-- Installing: /home/a/harurobo/install/wiimote/share/wiimote/cmake/wiimoteConfig-version.cmake
-- Installing: /home/a/harurobo/install/wiimote/share/wiimote/package.xml
