[0.758s] Invoking command in '/home/a/harurobo/build/joy_sub': PYTHONPATH=/home/a/harurobo/build/joy_sub/prefix_override:/usr/lib/python3/dist-packages/colcon_core/task/python/colcon_distutils_commands:/home/a/harurobo/install/joy_sub/lib/python3.10/site-packages:${PYTHONPATH} /usr/bin/python3 -W ignore:setup.py install is deprecated -W ignore:easy_install command is deprecated setup.py develop --editable --build-directory /home/a/harurobo/build/joy_sub/build --no-deps symlink_data
[1.091s] running develop
[1.292s] running egg_info
[1.292s] creating joy_sub.egg-info
[1.292s] writing joy_sub.egg-info/PKG-INFO
[1.292s] writing dependency_links to joy_sub.egg-info/dependency_links.txt
[1.292s] writing entry points to joy_sub.egg-info/entry_points.txt
[1.292s] writing requirements to joy_sub.egg-info/requires.txt
[1.292s] writing top-level names to joy_sub.egg-info/top_level.txt
[1.292s] writing manifest file 'joy_sub.egg-info/SOURCES.txt'
[1.295s] reading manifest file 'joy_sub.egg-info/SOURCES.txt'
[1.295s] writing manifest file 'joy_sub.egg-info/SOURCES.txt'
[1.295s] running build_ext
[1.295s] Creating /home/a/harurobo/install/joy_sub/lib/python3.10/site-packages/joy-sub.egg-link (link to .)
[1.297s] Installing joy_sub script to /home/a/harurobo/install/joy_sub/lib/joy_sub
[1.298s] 
[1.299s] Installed /home/a/harurobo/build/joy_sub
[1.299s] running symlink_data
[1.299s] error: [Errno 17] File exists: '/home/a/harurobo/build/joy_sub/resource/joy_sub' -> '/home/a/harurobo/install/joy_sub/share/ament_index/resource_index/packages/joy_sub'
[1.299s] symbolically linking /home/a/harurobo/build/joy_sub/resource/joy_sub -> /home/a/harurobo/install/joy_sub/share/ament_index/resource_index/packages
[1.341s] Invoked command in '/home/a/harurobo/build/joy_sub' returned '1': PYTHONPATH=/home/a/harurobo/build/joy_sub/prefix_override:/usr/lib/python3/dist-packages/colcon_core/task/python/colcon_distutils_commands:/home/a/harurobo/install/joy_sub/lib/python3.10/site-packages:${PYTHONPATH} /usr/bin/python3 -W ignore:setup.py install is deprecated -W ignore:easy_install command is deprecated setup.py develop --editable --build-directory /home/a/harurobo/build/joy_sub/build --no-deps symlink_data
