-- Found ament_cmake: 1.3.10 (/opt/ros/humble/share/ament_cmake/cmake)
-- Found diagnostic_msgs: 4.2.4 (/opt/ros/humble/share/diagnostic_msgs/cmake)
-- Found rosidl_generator_c: 3.1.5 (/opt/ros/humble/share/rosidl_generator_c/cmake)
-- Found rosidl_adapter: 3.1.5 (/opt/ros/humble/share/rosidl_adapter/cmake)
-- Found rosidl_generator_cpp: 3.1.5 (/opt/ros/humble/share/rosidl_generator_cpp/cmake)
-- Using all available rosidl_typesupport_c: rosidl_typesupport_fastrtps_c;rosidl_typesupport_introspection_c
-- Using all available rosidl_typesupport_cpp: rosidl_typesupport_fastrtps_cpp;rosidl_typesupport_introspection_cpp
-- Configuring incomplete, errors occurred!
See also "/home/a/harurobo/build/joy_linux/CMakeFiles/CMakeOutput.log".
[31mCMake Error at CMakeLists.txt:15 (find_package):
  By not providing "Finddiagnostic_updater.cmake" in CMAKE_MODULE_PATH this
  project has asked CMake to find a package configuration file provided by
  "diagnostic_updater", but CMake did not find one.

  Could not find a package configuration file provided by
  "diagnostic_updater" with any of the following names:

    diagnostic_updaterConfig.cmake
    diagnostic_updater-config.cmake

  Add the installation prefix of "diagnostic_updater" to CMAKE_PREFIX_PATH or
  set "diagnostic_updater_DIR" to a directory containing one of the above
  files.  If "diagnostic_updater" provides a separate development package or
  SDK, be sure it has been installed.

[0m
