[0.799s] Invoking command in '/home/a/harurobo/src/haru_odrive': PYTHONPATH=/home/a/harurobo/build/haru_odrive/prefix_override:/usr/lib/python3/dist-packages/colcon_core/task/python/colcon_distutils_commands:/home/a/harurobo/install/haru_odrive/lib/python3.10/site-packages:${PYTHONPATH} /usr/bin/python3 -W ignore:setup.py install is deprecated -W ignore:easy_install command is deprecated setup.py egg_info --egg-base ../../build/haru_odrive build --build-base /home/a/harurobo/build/haru_odrive/build install --record /home/a/harurobo/build/haru_odrive/install.log --single-version-externally-managed install_data
[0.997s] running egg_info
[0.998s] writing ../../build/haru_odrive/haru_odrive.egg-info/PKG-INFO
[0.998s] writing dependency_links to ../../build/haru_odrive/haru_odrive.egg-info/dependency_links.txt
[0.998s] writing entry points to ../../build/haru_odrive/haru_odrive.egg-info/entry_points.txt
[0.998s] writing requirements to ../../build/haru_odrive/haru_odrive.egg-info/requires.txt
[0.998s] writing top-level names to ../../build/haru_odrive/haru_odrive.egg-info/top_level.txt
[0.999s] reading manifest file '../../build/haru_odrive/haru_odrive.egg-info/SOURCES.txt'
[1.000s] adding license file 'LICENSE'
[1.000s] writing manifest file '../../build/haru_odrive/haru_odrive.egg-info/SOURCES.txt'
[1.000s] running build
[1.000s] running build_py
[1.000s] running install
[1.001s] running install_lib
[1.001s] running install_data
[1.002s] running install_egg_info
[1.003s] removing '/home/a/harurobo/install/haru_odrive/lib/python3.10/site-packages/haru_odrive-0.0.0-py3.10.egg-info' (and everything under it)
[1.003s] Copying ../../build/haru_odrive/haru_odrive.egg-info to /home/a/harurobo/install/haru_odrive/lib/python3.10/site-packages/haru_odrive-0.0.0-py3.10.egg-info
[1.004s] running install_scripts
[1.020s] Installing od script to /home/a/harurobo/install/haru_odrive/lib/od_ros
[1.021s] writing list of installed files to '/home/a/harurobo/build/haru_odrive/install.log'
[1.051s] Invoked command in '/home/a/harurobo/src/haru_odrive' returned '0': PYTHONPATH=/home/a/harurobo/build/haru_odrive/prefix_override:/usr/lib/python3/dist-packages/colcon_core/task/python/colcon_distutils_commands:/home/a/harurobo/install/haru_odrive/lib/python3.10/site-packages:${PYTHONPATH} /usr/bin/python3 -W ignore:setup.py install is deprecated -W ignore:easy_install command is deprecated setup.py egg_info --egg-base ../../build/haru_odrive build --build-base /home/a/harurobo/build/haru_odrive/build install --record /home/a/harurobo/build/haru_odrive/install.log --single-version-externally-managed install_data
