[0.085s] DEBUG:colcon:Command line arguments: ['/usr/bin/colcon', 'build', '--packages-select', 'rogilinkFlex-ros2']
[0.085s] DEBUG:colcon:Parsed command line arguments: Namespace(log_base=None, log_level=None, verb_name='build', build_base='build', install_base='install', merge_install=False, symlink_install=False, test_result_base=None, continue_on_error=False, executor='parallel', parallel_workers=6, event_handlers=None, ignore_user_meta=False, metas=['./colcon.meta'], base_paths=['.'], packages_ignore=None, packages_ignore_regex=None, paths=None, packages_up_to=None, packages_up_to_regex=None, packages_above=None, packages_above_and_dependencies=None, packages_above_depth=None, packages_select_by_dep=None, packages_skip_by_dep=None, packages_skip_up_to=None, packages_select_build_failed=False, packages_skip_build_finished=False, packages_select_test_failures=False, packages_skip_test_passed=False, packages_select=['rogilinkFlex-ros2'], packages_skip=None, packages_select_regex=None, packages_skip_regex=None, packages_start=None, packages_end=None, allow_overriding=[], cmake_args=None, cmake_target=None, cmake_target_skip_unavailable=False, cmake_clean_cache=False, cmake_clean_first=False, cmake_force_configure=False, ament_cmake_args=None, catkin_cmake_args=None, catkin_skip_building_tests=False, mixin_files=None, mixin=None, verb_parser=<colcon_mixin.mixin.mixin_argument.MixinArgumentDecorator object at 0xffff8ec04ee0>, verb_extension=<colcon_core.verb.build.BuildVerb object at 0xffff8ec04850>, main=<bound method BuildVerb.main of <colcon_core.verb.build.BuildVerb object at 0xffff8ec04850>>, mixin_verb=('build',))
[0.209s] Level 1:colcon.colcon_core.package_discovery:discover_packages(colcon_meta) check parameters
[0.210s] Level 1:colcon.colcon_core.package_discovery:discover_packages(recursive) check parameters
[0.210s] Level 1:colcon.colcon_core.package_discovery:discover_packages(ignore) check parameters
[0.210s] Level 1:colcon.colcon_core.package_discovery:discover_packages(path) check parameters
[0.210s] Level 1:colcon.colcon_core.package_discovery:discover_packages(colcon_meta) discover
[0.210s] Level 1:colcon.colcon_core.package_discovery:discover_packages(recursive) discover
[0.210s] INFO:colcon.colcon_core.package_discovery:Crawling recursively for packages in '/home/a/harurobo'
[0.210s] Level 1:colcon.colcon_core.package_identification:_identify(.) by extensions ['ignore', 'ignore_ament_install']
[0.210s] Level 1:colcon.colcon_core.package_identification:_identify(.) by extension 'ignore'
[0.210s] Level 1:colcon.colcon_core.package_identification:_identify(.) by extension 'ignore_ament_install'
[0.210s] Level 1:colcon.colcon_core.package_identification:_identify(.) by extensions ['colcon_pkg']
[0.210s] Level 1:colcon.colcon_core.package_identification:_identify(.) by extension 'colcon_pkg'
[0.210s] Level 1:colcon.colcon_core.package_identification:_identify(.) by extensions ['colcon_meta']
[0.210s] Level 1:colcon.colcon_core.package_identification:_identify(.) by extension 'colcon_meta'
[0.210s] Level 1:colcon.colcon_core.package_identification:_identify(.) by extensions ['ros']
[0.210s] Level 1:colcon.colcon_core.package_identification:_identify(.) by extension 'ros'
[0.218s] Level 1:colcon.colcon_core.package_identification:_identify(.) by extensions ['cmake', 'python']
[0.218s] Level 1:colcon.colcon_core.package_identification:_identify(.) by extension 'cmake'
[0.218s] Level 1:colcon.colcon_core.package_identification:_identify(.) by extension 'python'
[0.218s] Level 1:colcon.colcon_core.package_identification:_identify(.) by extensions ['python_setup_py']
[0.218s] Level 1:colcon.colcon_core.package_identification:_identify(.) by extension 'python_setup_py'
[0.218s] Level 1:colcon.colcon_core.package_identification:_identify(build) by extensions ['ignore', 'ignore_ament_install']
[0.218s] Level 1:colcon.colcon_core.package_identification:_identify(build) by extension 'ignore'
[0.218s] Level 1:colcon.colcon_core.package_identification:_identify(build) ignored
[0.219s] Level 1:colcon.colcon_core.package_identification:_identify(install) by extensions ['ignore', 'ignore_ament_install']
[0.219s] Level 1:colcon.colcon_core.package_identification:_identify(install) by extension 'ignore'
[0.219s] Level 1:colcon.colcon_core.package_identification:_identify(install) ignored
[0.219s] Level 1:colcon.colcon_core.package_identification:_identify(log) by extensions ['ignore', 'ignore_ament_install']
[0.219s] Level 1:colcon.colcon_core.package_identification:_identify(log) by extension 'ignore'
[0.219s] Level 1:colcon.colcon_core.package_identification:_identify(log) ignored
[0.219s] Level 1:colcon.colcon_core.package_identification:_identify(src) by extensions ['ignore', 'ignore_ament_install']
[0.219s] Level 1:colcon.colcon_core.package_identification:_identify(src) by extension 'ignore'
[0.219s] Level 1:colcon.colcon_core.package_identification:_identify(src) by extension 'ignore_ament_install'
[0.219s] Level 1:colcon.colcon_core.package_identification:_identify(src) by extensions ['colcon_pkg']
[0.219s] Level 1:colcon.colcon_core.package_identification:_identify(src) by extension 'colcon_pkg'
[0.219s] Level 1:colcon.colcon_core.package_identification:_identify(src) by extensions ['colcon_meta']
[0.219s] Level 1:colcon.colcon_core.package_identification:_identify(src) by extension 'colcon_meta'
[0.219s] Level 1:colcon.colcon_core.package_identification:_identify(src) by extensions ['ros']
[0.219s] Level 1:colcon.colcon_core.package_identification:_identify(src) by extension 'ros'
[0.219s] Level 1:colcon.colcon_core.package_identification:_identify(src) by extensions ['cmake', 'python']
[0.219s] Level 1:colcon.colcon_core.package_identification:_identify(src) by extension 'cmake'
[0.219s] Level 1:colcon.colcon_core.package_identification:_identify(src) by extension 'python'
[0.219s] Level 1:colcon.colcon_core.package_identification:_identify(src) by extensions ['python_setup_py']
[0.219s] Level 1:colcon.colcon_core.package_identification:_identify(src) by extension 'python_setup_py'
[0.219s] Level 1:colcon.colcon_core.package_identification:_identify(src/haru_launch) by extensions ['ignore', 'ignore_ament_install']
[0.219s] Level 1:colcon.colcon_core.package_identification:_identify(src/haru_launch) by extension 'ignore'
[0.219s] Level 1:colcon.colcon_core.package_identification:_identify(src/haru_launch) by extension 'ignore_ament_install'
[0.219s] Level 1:colcon.colcon_core.package_identification:_identify(src/haru_launch) by extensions ['colcon_pkg']
[0.219s] Level 1:colcon.colcon_core.package_identification:_identify(src/haru_launch) by extension 'colcon_pkg'
[0.219s] Level 1:colcon.colcon_core.package_identification:_identify(src/haru_launch) by extensions ['colcon_meta']
[0.219s] Level 1:colcon.colcon_core.package_identification:_identify(src/haru_launch) by extension 'colcon_meta'
[0.219s] Level 1:colcon.colcon_core.package_identification:_identify(src/haru_launch) by extensions ['ros']
[0.219s] Level 1:colcon.colcon_core.package_identification:_identify(src/haru_launch) by extension 'ros'
[0.221s] DEBUG:colcon.colcon_core.package_identification:Package 'src/haru_launch' with type 'ros.ament_python' and name 'haru_launch'
[0.221s] Level 1:colcon.colcon_core.package_identification:_identify(src/haru_odrive) by extensions ['ignore', 'ignore_ament_install']
[0.221s] Level 1:colcon.colcon_core.package_identification:_identify(src/haru_odrive) by extension 'ignore'
[0.221s] Level 1:colcon.colcon_core.package_identification:_identify(src/haru_odrive) by extension 'ignore_ament_install'
[0.221s] Level 1:colcon.colcon_core.package_identification:_identify(src/haru_odrive) by extensions ['colcon_pkg']
[0.221s] Level 1:colcon.colcon_core.package_identification:_identify(src/haru_odrive) by extension 'colcon_pkg'
[0.221s] Level 1:colcon.colcon_core.package_identification:_identify(src/haru_odrive) by extensions ['colcon_meta']
[0.221s] Level 1:colcon.colcon_core.package_identification:_identify(src/haru_odrive) by extension 'colcon_meta'
[0.222s] Level 1:colcon.colcon_core.package_identification:_identify(src/haru_odrive) by extensions ['ros']
[0.222s] Level 1:colcon.colcon_core.package_identification:_identify(src/haru_odrive) by extension 'ros'
[0.222s] DEBUG:colcon.colcon_core.package_identification:Package 'src/haru_odrive' with type 'ros.ament_python' and name 'haru_odrive'
[0.222s] Level 1:colcon.colcon_core.package_identification:_identify(src/joy_translate) by extensions ['ignore', 'ignore_ament_install']
[0.222s] Level 1:colcon.colcon_core.package_identification:_identify(src/joy_translate) by extension 'ignore'
[0.222s] Level 1:colcon.colcon_core.package_identification:_identify(src/joy_translate) by extension 'ignore_ament_install'
[0.222s] Level 1:colcon.colcon_core.package_identification:_identify(src/joy_translate) by extensions ['colcon_pkg']
[0.222s] Level 1:colcon.colcon_core.package_identification:_identify(src/joy_translate) by extension 'colcon_pkg'
[0.222s] Level 1:colcon.colcon_core.package_identification:_identify(src/joy_translate) by extensions ['colcon_meta']
[0.222s] Level 1:colcon.colcon_core.package_identification:_identify(src/joy_translate) by extension 'colcon_meta'
[0.222s] Level 1:colcon.colcon_core.package_identification:_identify(src/joy_translate) by extensions ['ros']
[0.222s] Level 1:colcon.colcon_core.package_identification:_identify(src/joy_translate) by extension 'ros'
[0.223s] DEBUG:colcon.colcon_core.package_identification:Package 'src/joy_translate' with type 'ros.ament_python' and name 'joy_translate'
[0.223s] Level 1:colcon.colcon_core.package_identification:_identify(src/rogilinkFlex-ros2) by extensions ['ignore', 'ignore_ament_install']
[0.223s] Level 1:colcon.colcon_core.package_identification:_identify(src/rogilinkFlex-ros2) by extension 'ignore'
[0.223s] Level 1:colcon.colcon_core.package_identification:_identify(src/rogilinkFlex-ros2) by extension 'ignore_ament_install'
[0.223s] Level 1:colcon.colcon_core.package_identification:_identify(src/rogilinkFlex-ros2) by extensions ['colcon_pkg']
[0.223s] Level 1:colcon.colcon_core.package_identification:_identify(src/rogilinkFlex-ros2) by extension 'colcon_pkg'
[0.223s] Level 1:colcon.colcon_core.package_identification:_identify(src/rogilinkFlex-ros2) by extensions ['colcon_meta']
[0.223s] Level 1:colcon.colcon_core.package_identification:_identify(src/rogilinkFlex-ros2) by extension 'colcon_meta'
[0.223s] Level 1:colcon.colcon_core.package_identification:_identify(src/rogilinkFlex-ros2) by extensions ['ros']
[0.223s] Level 1:colcon.colcon_core.package_identification:_identify(src/rogilinkFlex-ros2) by extension 'ros'
[0.223s] Level 1:colcon.colcon_core.package_identification:_identify(src/rogilinkFlex-ros2) by extensions ['cmake', 'python']
[0.223s] Level 1:colcon.colcon_core.package_identification:_identify(src/rogilinkFlex-ros2) by extension 'cmake'
[0.223s] Level 1:colcon.colcon_core.package_identification:_identify(src/rogilinkFlex-ros2) by extension 'python'
[0.223s] Level 1:colcon.colcon_core.package_identification:_identify(src/rogilinkFlex-ros2) by extensions ['python_setup_py']
[0.223s] Level 1:colcon.colcon_core.package_identification:_identify(src/rogilinkFlex-ros2) by extension 'python_setup_py'
[0.223s] Level 1:colcon.colcon_core.package_identification:_identify(src/rogilinkFlex-ros2/rogilink_flex) by extensions ['ignore', 'ignore_ament_install']
[0.223s] Level 1:colcon.colcon_core.package_identification:_identify(src/rogilinkFlex-ros2/rogilink_flex) by extension 'ignore'
[0.223s] Level 1:colcon.colcon_core.package_identification:_identify(src/rogilinkFlex-ros2/rogilink_flex) by extension 'ignore_ament_install'
[0.223s] Level 1:colcon.colcon_core.package_identification:_identify(src/rogilinkFlex-ros2/rogilink_flex) by extensions ['colcon_pkg']
[0.223s] Level 1:colcon.colcon_core.package_identification:_identify(src/rogilinkFlex-ros2/rogilink_flex) by extension 'colcon_pkg'
[0.223s] Level 1:colcon.colcon_core.package_identification:_identify(src/rogilinkFlex-ros2/rogilink_flex) by extensions ['colcon_meta']
[0.223s] Level 1:colcon.colcon_core.package_identification:_identify(src/rogilinkFlex-ros2/rogilink_flex) by extension 'colcon_meta'
[0.223s] Level 1:colcon.colcon_core.package_identification:_identify(src/rogilinkFlex-ros2/rogilink_flex) by extensions ['ros']
[0.223s] Level 1:colcon.colcon_core.package_identification:_identify(src/rogilinkFlex-ros2/rogilink_flex) by extension 'ros'
[0.224s] DEBUG:colcon.colcon_core.package_identification:Package 'src/rogilinkFlex-ros2/rogilink_flex' with type 'ros.ament_cmake' and name 'rogilink_flex'
[0.224s] Level 1:colcon.colcon_core.package_identification:_identify(src/rogilinkFlex-ros2/rogilink_flex_example_py) by extensions ['ignore', 'ignore_ament_install']
[0.224s] Level 1:colcon.colcon_core.package_identification:_identify(src/rogilinkFlex-ros2/rogilink_flex_example_py) by extension 'ignore'
[0.224s] Level 1:colcon.colcon_core.package_identification:_identify(src/rogilinkFlex-ros2/rogilink_flex_example_py) by extension 'ignore_ament_install'
[0.224s] Level 1:colcon.colcon_core.package_identification:_identify(src/rogilinkFlex-ros2/rogilink_flex_example_py) by extensions ['colcon_pkg']
[0.224s] Level 1:colcon.colcon_core.package_identification:_identify(src/rogilinkFlex-ros2/rogilink_flex_example_py) by extension 'colcon_pkg'
[0.224s] Level 1:colcon.colcon_core.package_identification:_identify(src/rogilinkFlex-ros2/rogilink_flex_example_py) by extensions ['colcon_meta']
[0.224s] Level 1:colcon.colcon_core.package_identification:_identify(src/rogilinkFlex-ros2/rogilink_flex_example_py) by extension 'colcon_meta'
[0.224s] Level 1:colcon.colcon_core.package_identification:_identify(src/rogilinkFlex-ros2/rogilink_flex_example_py) by extensions ['ros']
[0.224s] Level 1:colcon.colcon_core.package_identification:_identify(src/rogilinkFlex-ros2/rogilink_flex_example_py) by extension 'ros'
[0.225s] DEBUG:colcon.colcon_core.package_identification:Package 'src/rogilinkFlex-ros2/rogilink_flex_example_py' with type 'ros.ament_python' and name 'rogilink_flex_example_py'
[0.225s] Level 1:colcon.colcon_core.package_identification:_identify(src/rogilinkFlex-ros2/rogilink_flex_gui) by extensions ['ignore', 'ignore_ament_install']
[0.225s] Level 1:colcon.colcon_core.package_identification:_identify(src/rogilinkFlex-ros2/rogilink_flex_gui) by extension 'ignore'
[0.225s] Level 1:colcon.colcon_core.package_identification:_identify(src/rogilinkFlex-ros2/rogilink_flex_gui) by extension 'ignore_ament_install'
[0.225s] Level 1:colcon.colcon_core.package_identification:_identify(src/rogilinkFlex-ros2/rogilink_flex_gui) by extensions ['colcon_pkg']
[0.225s] Level 1:colcon.colcon_core.package_identification:_identify(src/rogilinkFlex-ros2/rogilink_flex_gui) by extension 'colcon_pkg'
[0.225s] Level 1:colcon.colcon_core.package_identification:_identify(src/rogilinkFlex-ros2/rogilink_flex_gui) by extensions ['colcon_meta']
[0.225s] Level 1:colcon.colcon_core.package_identification:_identify(src/rogilinkFlex-ros2/rogilink_flex_gui) by extension 'colcon_meta'
[0.225s] Level 1:colcon.colcon_core.package_identification:_identify(src/rogilinkFlex-ros2/rogilink_flex_gui) by extensions ['ros']
[0.225s] Level 1:colcon.colcon_core.package_identification:_identify(src/rogilinkFlex-ros2/rogilink_flex_gui) by extension 'ros'
[0.226s] DEBUG:colcon.colcon_core.package_identification:Package 'src/rogilinkFlex-ros2/rogilink_flex_gui' with type 'ros.ament_python' and name 'rogilink_flex_gui'
[0.226s] Level 1:colcon.colcon_core.package_identification:_identify(src/rogilinkFlex-ros2/rogilink_flex_interfaces) by extensions ['ignore', 'ignore_ament_install']
[0.226s] Level 1:colcon.colcon_core.package_identification:_identify(src/rogilinkFlex-ros2/rogilink_flex_interfaces) by extension 'ignore'
[0.226s] Level 1:colcon.colcon_core.package_identification:_identify(src/rogilinkFlex-ros2/rogilink_flex_interfaces) by extension 'ignore_ament_install'
[0.226s] Level 1:colcon.colcon_core.package_identification:_identify(src/rogilinkFlex-ros2/rogilink_flex_interfaces) by extensions ['colcon_pkg']
[0.226s] Level 1:colcon.colcon_core.package_identification:_identify(src/rogilinkFlex-ros2/rogilink_flex_interfaces) by extension 'colcon_pkg'
[0.226s] Level 1:colcon.colcon_core.package_identification:_identify(src/rogilinkFlex-ros2/rogilink_flex_interfaces) by extensions ['colcon_meta']
[0.226s] Level 1:colcon.colcon_core.package_identification:_identify(src/rogilinkFlex-ros2/rogilink_flex_interfaces) by extension 'colcon_meta'
[0.226s] Level 1:colcon.colcon_core.package_identification:_identify(src/rogilinkFlex-ros2/rogilink_flex_interfaces) by extensions ['ros']
[0.226s] Level 1:colcon.colcon_core.package_identification:_identify(src/rogilinkFlex-ros2/rogilink_flex_interfaces) by extension 'ros'
[0.226s] DEBUG:colcon.colcon_core.package_identification:Package 'src/rogilinkFlex-ros2/rogilink_flex_interfaces' with type 'ros.ament_cmake' and name 'rogilink_flex_interfaces'
[0.226s] Level 1:colcon.colcon_core.package_identification:_identify(src/rogilinkFlex-ros2/rogilink_flex_lib) by extensions ['ignore', 'ignore_ament_install']
[0.226s] Level 1:colcon.colcon_core.package_identification:_identify(src/rogilinkFlex-ros2/rogilink_flex_lib) by extension 'ignore'
[0.226s] Level 1:colcon.colcon_core.package_identification:_identify(src/rogilinkFlex-ros2/rogilink_flex_lib) by extension 'ignore_ament_install'
[0.226s] Level 1:colcon.colcon_core.package_identification:_identify(src/rogilinkFlex-ros2/rogilink_flex_lib) by extensions ['colcon_pkg']
[0.226s] Level 1:colcon.colcon_core.package_identification:_identify(src/rogilinkFlex-ros2/rogilink_flex_lib) by extension 'colcon_pkg'
[0.226s] Level 1:colcon.colcon_core.package_identification:_identify(src/rogilinkFlex-ros2/rogilink_flex_lib) by extensions ['colcon_meta']
[0.226s] Level 1:colcon.colcon_core.package_identification:_identify(src/rogilinkFlex-ros2/rogilink_flex_lib) by extension 'colcon_meta'
[0.226s] Level 1:colcon.colcon_core.package_identification:_identify(src/rogilinkFlex-ros2/rogilink_flex_lib) by extensions ['ros']
[0.227s] Level 1:colcon.colcon_core.package_identification:_identify(src/rogilinkFlex-ros2/rogilink_flex_lib) by extension 'ros'
[0.227s] DEBUG:colcon.colcon_core.package_identification:Package 'src/rogilinkFlex-ros2/rogilink_flex_lib' with type 'ros.ament_cmake' and name 'rogilink_flex_lib'
[0.227s] Level 1:colcon.colcon_core.package_discovery:discover_packages(recursive) using defaults
[0.227s] Level 1:colcon.colcon_core.package_discovery:discover_packages(ignore) discover
[0.227s] Level 1:colcon.colcon_core.package_discovery:discover_packages(ignore) using defaults
[0.227s] Level 1:colcon.colcon_core.package_discovery:discover_packages(path) discover
[0.227s] Level 1:colcon.colcon_core.package_discovery:discover_packages(path) using defaults
[0.227s] WARNING:colcon.colcon_core.package_selection:ignoring unknown package 'rogilinkFlex-ros2' in --packages-select
[0.254s] INFO:colcon.colcon_core.package_selection:Skipping not selected package 'haru_odrive' in 'src/haru_odrive'
[0.254s] INFO:colcon.colcon_core.package_selection:Skipping not selected package 'joy_translate' in 'src/joy_translate'
[0.254s] INFO:colcon.colcon_core.package_selection:Skipping not selected package 'rogilink_flex_gui' in 'src/rogilinkFlex-ros2/rogilink_flex_gui'
[0.254s] INFO:colcon.colcon_core.package_selection:Skipping not selected package 'rogilink_flex_interfaces' in 'src/rogilinkFlex-ros2/rogilink_flex_interfaces'
[0.254s] INFO:colcon.colcon_core.package_selection:Skipping not selected package 'haru_launch' in 'src/haru_launch'
[0.254s] INFO:colcon.colcon_core.package_selection:Skipping not selected package 'rogilink_flex' in 'src/rogilinkFlex-ros2/rogilink_flex'
[0.255s] INFO:colcon.colcon_core.package_selection:Skipping not selected package 'rogilink_flex_lib' in 'src/rogilinkFlex-ros2/rogilink_flex_lib'
[0.255s] INFO:colcon.colcon_core.package_selection:Skipping not selected package 'rogilink_flex_example_py' in 'src/rogilinkFlex-ros2/rogilink_flex_example_py'
[0.255s] Level 1:colcon.colcon_core.package_discovery:discover_packages(prefix_path) check parameters
[0.255s] Level 1:colcon.colcon_core.package_discovery:discover_packages(prefix_path) discover
[0.256s] DEBUG:colcon.colcon_installed_package_information.package_discovery:Found 3 installed packages in /home/a/harurobo/install
[0.261s] DEBUG:colcon.colcon_installed_package_information.package_discovery:Found 25 installed packages in /home/a/ros2_ws/install
[0.262s] DEBUG:colcon.colcon_installed_package_information.package_discovery:Found 3 installed packages in /home/a/install
[0.263s] DEBUG:colcon.colcon_installed_package_information.package_discovery:Found 236 installed packages in /opt/ros/humble
[0.264s] Level 1:colcon.colcon_core.package_discovery:discover_packages(prefix_path) using defaults
[0.291s] INFO:colcon.colcon_core.executor:Executing jobs using 'parallel' executor
[0.292s] DEBUG:colcon.colcon_parallel_executor.executor.parallel:run_until_complete
[0.292s] DEBUG:colcon.colcon_parallel_executor.executor.parallel:closing loop
[0.292s] DEBUG:colcon.colcon_parallel_executor.executor.parallel:loop closed
[0.292s] DEBUG:colcon.colcon_parallel_executor.executor.parallel:run_until_complete finished with '0'
[0.292s] DEBUG:colcon.colcon_core.event_reactor:joining thread
[0.296s] INFO:colcon.colcon_core.plugin_system:Skipping extension 'colcon_notification.desktop_notification.terminal_notifier': Not used on non-Darwin systems
[0.296s] INFO:colcon.colcon_core.plugin_system:Skipping extension 'colcon_notification.desktop_notification.win32': Not used on non-Windows systems
[0.296s] INFO:colcon.colcon_notification.desktop_notification:Sending desktop notification using 'notify2'
[0.305s] DEBUG:colcon.colcon_core.event_reactor:joined thread
[0.306s] INFO:colcon.colcon_core.plugin_system:Skipping extension 'colcon_core.shell.bat': Not used on non-Windows systems
[0.306s] INFO:colcon.colcon_core.shell:Creating prefix script '/home/a/harurobo/install/local_setup.ps1'
[0.307s] INFO:colcon.colcon_core.shell:Creating prefix util module '/home/a/harurobo/install/_local_setup_util_ps1.py'
[0.308s] INFO:colcon.colcon_core.shell:Creating prefix chain script '/home/a/harurobo/install/setup.ps1'
[0.310s] INFO:colcon.colcon_core.shell:Creating prefix script '/home/a/harurobo/install/local_setup.sh'
[0.310s] INFO:colcon.colcon_core.shell:Creating prefix util module '/home/a/harurobo/install/_local_setup_util_sh.py'
[0.310s] INFO:colcon.colcon_core.shell:Creating prefix chain script '/home/a/harurobo/install/setup.sh'
[0.312s] INFO:colcon.colcon_core.shell:Creating prefix script '/home/a/harurobo/install/local_setup.bash'
[0.312s] INFO:colcon.colcon_core.shell:Creating prefix chain script '/home/a/harurobo/install/setup.bash'
[0.313s] INFO:colcon.colcon_core.shell:Creating prefix script '/home/a/harurobo/install/local_setup.zsh'
[0.314s] INFO:colcon.colcon_core.shell:Creating prefix chain script '/home/a/harurobo/install/setup.zsh'
