[0.017s] Invoking command in '/home/a/harurobo/build/joy_linux': CMAKE_PREFIX_PATH=${CMAKE_PREFIX_PATH}:/home/a/harurobo/install/spacenav:/home/a/harurobo/install/sdl2_vendor:/home/a/ros2_ws/install/py_pubsub:/home/a/ros2_ws/install/launch_testing_examples:/home/a/ros2_ws/install/examples_rclpy_pointcloud_publisher:/home/a/ros2_ws/install/examples_rclpy_minimal_subscriber:/home/a/ros2_ws/install/examples_rclpy_minimal_service:/home/a/ros2_ws/install/examples_rclpy_minimal_publisher:/home/a/ros2_ws/install/examples_rclpy_minimal_client:/home/a/ros2_ws/install/examples_rclpy_minimal_action_server:/home/a/ros2_ws/install/examples_rclpy_minimal_action_client:/home/a/ros2_ws/install/examples_rclpy_guard_conditions:/home/a/ros2_ws/install/examples_rclpy_executors:/opt/ros/humble /usr/bin/cmake /home/a/harurobo/src/joystick_drivers/joy_linux -DCMAKE_INSTALL_PREFIX=/home/a/harurobo/install/joy_linux
[0.293s] -- The C compiler identification is GNU 11.4.0
[0.293s] -- The CXX compiler identification is GNU 11.4.0
[0.293s] -- Detecting C compiler ABI info
[0.293s] -- Detecting C compiler ABI info - done
[0.293s] -- Check for working C compiler: /usr/bin/cc - skipped
[0.293s] -- Detecting C compile features
[0.293s] -- Detecting C compile features - done
[0.293s] -- Detecting CXX compiler ABI info
[0.293s] -- Detecting CXX compiler ABI info - done
[0.294s] -- Check for working CXX compiler: /usr/bin/c++ - skipped
[0.294s] -- Detecting CXX compile features
[0.294s] -- Detecting CXX compile features - done
[0.297s] -- Found ament_cmake: 1.3.10 (/opt/ros/humble/share/ament_cmake/cmake)
[0.459s] -- Found Python3: /usr/bin/python3 (found version "3.10.12") found components: Interpreter 
[0.571s] -- Found diagnostic_msgs: 4.2.4 (/opt/ros/humble/share/diagnostic_msgs/cmake)
[0.636s] -- Found rosidl_generator_c: 3.1.5 (/opt/ros/humble/share/rosidl_generator_c/cmake)
[0.650s] -- Found rosidl_adapter: 3.1.5 (/opt/ros/humble/share/rosidl_adapter/cmake)
[0.653s] -- Found rosidl_generator_cpp: 3.1.5 (/opt/ros/humble/share/rosidl_generator_cpp/cmake)
[0.675s] -- Using all available rosidl_typesupport_c: rosidl_typesupport_fastrtps_c;rosidl_typesupport_introspection_c
[0.686s] -- Using all available rosidl_typesupport_cpp: rosidl_typesupport_fastrtps_cpp;rosidl_typesupport_introspection_cpp
[0.733s] [31mCMake Error at CMakeLists.txt:15 (find_package):
[0.733s]   By not providing "Finddiagnostic_updater.cmake" in CMAKE_MODULE_PATH this
[0.733s]   project has asked CMake to find a package configuration file provided by
[0.733s]   "diagnostic_updater", but CMake did not find one.
[0.734s] 
[0.734s]   Could not find a package configuration file provided by
[0.734s]   "diagnostic_updater" with any of the following names:
[0.734s] 
[0.734s]     diagnostic_updaterConfig.cmake
[0.734s]     diagnostic_updater-config.cmake
[0.734s] 
[0.734s]   Add the installation prefix of "diagnostic_updater" to CMAKE_PREFIX_PATH or
[0.734s]   set "diagnostic_updater_DIR" to a directory containing one of the above
[0.734s]   files.  If "diagnostic_updater" provides a separate development package or
[0.734s]   SDK, be sure it has been installed.
[0.734s] 
[0.734s] [0m
[0.734s] -- Configuring incomplete, errors occurred!
[0.734s] See also "/home/a/harurobo/build/joy_linux/CMakeFiles/CMakeOutput.log".
[0.739s] Invoked command in '/home/a/harurobo/build/joy_linux' returned '1': CMAKE_PREFIX_PATH=${CMAKE_PREFIX_PATH}:/home/a/harurobo/install/spacenav:/home/a/harurobo/install/sdl2_vendor:/home/a/ros2_ws/install/py_pubsub:/home/a/ros2_ws/install/launch_testing_examples:/home/a/ros2_ws/install/examples_rclpy_pointcloud_publisher:/home/a/ros2_ws/install/examples_rclpy_minimal_subscriber:/home/a/ros2_ws/install/examples_rclpy_minimal_service:/home/a/ros2_ws/install/examples_rclpy_minimal_publisher:/home/a/ros2_ws/install/examples_rclpy_minimal_client:/home/a/ros2_ws/install/examples_rclpy_minimal_action_server:/home/a/ros2_ws/install/examples_rclpy_minimal_action_client:/home/a/ros2_ws/install/examples_rclpy_guard_conditions:/home/a/ros2_ws/install/examples_rclpy_executors:/opt/ros/humble /usr/bin/cmake /home/a/harurobo/src/joystick_drivers/joy_linux -DCMAKE_INSTALL_PREFIX=/home/a/harurobo/install/joy_linux
