[0.780s] Invoking command in '/home/a/harurobo/src/haru_odrive': PYTHONPATH=/home/a/harurobo/build/haru_odrive/prefix_override:/usr/lib/python3/dist-packages/colcon_core/task/python/colcon_distutils_commands:/home/a/harurobo/install/haru_odrive/lib/python3.10/site-packages:${PYTHONPATH} /usr/bin/python3 -W ignore:setup.py install is deprecated -W ignore:easy_install command is deprecated setup.py egg_info --egg-base ../../build/haru_odrive build --build-base /home/a/harurobo/build/haru_odrive/build install --record /home/a/harurobo/build/haru_odrive/install.log --single-version-externally-managed install_data
[0.989s] running egg_info
[0.989s] writing ../../build/haru_odrive/haru_odrive.egg-info/PKG-INFO
[0.990s] writing dependency_links to ../../build/haru_odrive/haru_odrive.egg-info/dependency_links.txt
[0.990s] writing entry points to ../../build/haru_odrive/haru_odrive.egg-info/entry_points.txt
[0.990s] writing requirements to ../../build/haru_odrive/haru_odrive.egg-info/requires.txt
[0.990s] writing top-level names to ../../build/haru_odrive/haru_odrive.egg-info/top_level.txt
[0.992s] reading manifest file '../../build/haru_odrive/haru_odrive.egg-info/SOURCES.txt'
[0.992s] adding license file 'LICENSE'
[0.992s] writing manifest file '../../build/haru_odrive/haru_odrive.egg-info/SOURCES.txt'
[0.993s] running build
[0.993s] running build_py
[0.993s] running install
[0.993s] running install_lib
[0.994s] running install_data
[0.995s] running install_egg_info
[0.996s] removing '/home/a/harurobo/install/haru_odrive/lib/python3.10/site-packages/haru_odrive-0.0.0-py3.10.egg-info' (and everything under it)
[0.996s] Copying ../../build/haru_odrive/haru_odrive.egg-info to /home/a/harurobo/install/haru_odrive/lib/python3.10/site-packages/haru_odrive-0.0.0-py3.10.egg-info
[0.997s] running install_scripts
[1.013s] Installing od script to /home/a/harurobo/install/haru_odrive/lib/od_ros
[1.015s] writing list of installed files to '/home/a/harurobo/build/haru_odrive/install.log'
[1.047s] Invoked command in '/home/a/harurobo/src/haru_odrive' returned '0': PYTHONPATH=/home/a/harurobo/build/haru_odrive/prefix_override:/usr/lib/python3/dist-packages/colcon_core/task/python/colcon_distutils_commands:/home/a/harurobo/install/haru_odrive/lib/python3.10/site-packages:${PYTHONPATH} /usr/bin/python3 -W ignore:setup.py install is deprecated -W ignore:easy_install command is deprecated setup.py egg_info --egg-base ../../build/haru_odrive build --build-base /home/a/harurobo/build/haru_odrive/build install --record /home/a/harurobo/build/haru_odrive/install.log --single-version-externally-managed install_data
