[0.366s] Invoking command in '/home/a/harurobo/src/joy_translate': PYTHONPATH=/home/a/harurobo/build/joy_translate/prefix_override:/usr/lib/python3/dist-packages/colcon_core/task/python/colcon_distutils_commands:/home/a/harurobo/install/joy_translate/lib/python3.10/site-packages:${PYTHONPATH} /usr/bin/python3 -W ignore:setup.py install is deprecated -W ignore:easy_install command is deprecated setup.py egg_info --egg-base ../../build/joy_translate build --build-base /home/a/harurobo/build/joy_translate/build install --record /home/a/harurobo/build/joy_translate/install.log --single-version-externally-managed install_data
[0.499s] running egg_info
[0.499s] writing ../../build/joy_translate/joy_translate.egg-info/PKG-INFO
[0.500s] writing dependency_links to ../../build/joy_translate/joy_translate.egg-info/dependency_links.txt
[0.500s] writing entry points to ../../build/joy_translate/joy_translate.egg-info/entry_points.txt
[0.500s] writing requirements to ../../build/joy_translate/joy_translate.egg-info/requires.txt
[0.500s] writing top-level names to ../../build/joy_translate/joy_translate.egg-info/top_level.txt
[0.501s] reading manifest file '../../build/joy_translate/joy_translate.egg-info/SOURCES.txt'
[0.501s] adding license file 'LICENSE'
[0.501s] writing manifest file '../../build/joy_translate/joy_translate.egg-info/SOURCES.txt'
[0.501s] running build
[0.501s] running build_py
[0.501s] running install
[0.501s] running install_lib
[0.502s] byte-compiling /home/a/harurobo/install/joy_translate/lib/python3.10/site-packages/joy_translate/joy_translate_node.py to joy_translate_node.cpython-310.pyc
[0.502s] running install_data
[0.502s] Sorry: IndentationError: unexpected indent (joy_translate_node.py, line 18)
[0.502s] running install_egg_info
[0.503s] removing '/home/a/harurobo/install/joy_translate/lib/python3.10/site-packages/joy_translate-0.0.0-py3.10.egg-info' (and everything under it)
[0.503s] Copying ../../build/joy_translate/joy_translate.egg-info to /home/a/harurobo/install/joy_translate/lib/python3.10/site-packages/joy_translate-0.0.0-py3.10.egg-info
[0.504s] running install_scripts
[0.515s] Installing joy_translate_node script to /home/a/harurobo/install/joy_translate/lib/joy_translate
[0.515s] writing list of installed files to '/home/a/harurobo/build/joy_translate/install.log'
[0.532s] Invoked command in '/home/a/harurobo/src/joy_translate' returned '0': PYTHONPATH=/home/a/harurobo/build/joy_translate/prefix_override:/usr/lib/python3/dist-packages/colcon_core/task/python/colcon_distutils_commands:/home/a/harurobo/install/joy_translate/lib/python3.10/site-packages:${PYTHONPATH} /usr/bin/python3 -W ignore:setup.py install is deprecated -W ignore:easy_install command is deprecated setup.py egg_info --egg-base ../../build/joy_translate build --build-base /home/a/harurobo/build/joy_translate/build install --record /home/a/harurobo/build/joy_translate/install.log --single-version-externally-managed install_data
